ARM GAS  C:\Users\SONG_J~1\AppData\Local\Temp\ccqpikRy.s 			page 1


   1              		.cpu cortex-m0
   2              		.eabi_attribute 20, 1
   3              		.eabi_attribute 21, 1
   4              		.eabi_attribute 23, 3
   5              		.eabi_attribute 24, 1
   6              		.eabi_attribute 25, 1
   7              		.eabi_attribute 26, 1
   8              		.eabi_attribute 30, 6
   9              		.eabi_attribute 34, 0
  10              		.eabi_attribute 18, 4
  11              		.file	"app_mailbox.c"
  12              		.section	.text.app_mailbox_create,"ax",%progbits
  13              		.align	1
  14              		.global	app_mailbox_create
  15              		.syntax unified
  16              		.code	16
  17              		.thumb_func
  18              		.fpu softvfp
  20              	app_mailbox_create:
  21              		@ args = 0, pretend = 0, frame = 8
  22              		@ frame_needed = 1, uses_anonymous_args = 0
  23 0000 80B5     		push	{r7, lr}
  24 0002 82B0     		sub	sp, sp, #8
  25 0004 00AF     		add	r7, sp, #0
  26 0006 7860     		str	r0, [r7, #4]
  27 0008 7B68     		ldr	r3, [r7, #4]
  28 000a 5B68     		ldr	r3, [r3, #4]
  29 000c 0022     		movs	r2, #0
  30 000e 1A70     		strb	r2, [r3]
  31 0010 7B68     		ldr	r3, [r7, #4]
  32 0012 5B68     		ldr	r3, [r3, #4]
  33 0014 0022     		movs	r2, #0
  34 0016 5A70     		strb	r2, [r3, #1]
  35 0018 7B68     		ldr	r3, [r7, #4]
  36 001a 5B68     		ldr	r3, [r3, #4]
  37 001c 0022     		movs	r2, #0
  38 001e 9A70     		strb	r2, [r3, #2]
  39 0020 7B68     		ldr	r3, [r7, #4]
  40 0022 5B68     		ldr	r3, [r3, #4]
  41 0024 0022     		movs	r2, #0
  42 0026 DA70     		strb	r2, [r3, #3]
  43 0028 0023     		movs	r3, #0
  44 002a 1800     		movs	r0, r3
  45 002c BD46     		mov	sp, r7
  46 002e 02B0     		add	sp, sp, #8
  47              		@ sp needed
  48 0030 80BD     		pop	{r7, pc}
  50              		.section	.text.dequeue,"ax",%progbits
  51              		.align	1
  52              		.syntax unified
  53              		.code	16
  54              		.thumb_func
  55              		.fpu softvfp
  57              	dequeue:
  58              		@ args = 0, pretend = 0, frame = 16
  59              		@ frame_needed = 1, uses_anonymous_args = 0
  60 0000 80B5     		push	{r7, lr}
ARM GAS  C:\Users\SONG_J~1\AppData\Local\Temp\ccqpikRy.s 			page 2


  61 0002 84B0     		sub	sp, sp, #16
  62 0004 00AF     		add	r7, sp, #0
  63 0006 7860     		str	r0, [r7, #4]
  64 0008 0A00     		movs	r2, r1
  65 000a FB1C     		adds	r3, r7, #3
  66 000c 1A70     		strb	r2, [r3]
  67 000e 7B68     		ldr	r3, [r7, #4]
  68 0010 1A78     		ldrb	r2, [r3]
  69 0012 0F21     		movs	r1, #15
  70 0014 7B18     		adds	r3, r7, r1
  71 0016 0132     		adds	r2, r2, #1
  72 0018 1A70     		strb	r2, [r3]
  73 001a 7B68     		ldr	r3, [r7, #4]
  74 001c 9B78     		ldrb	r3, [r3, #2]
  75 001e 013B     		subs	r3, r3, #1
  76 0020 DAB2     		uxtb	r2, r3
  77 0022 7B68     		ldr	r3, [r7, #4]
  78 0024 9A70     		strb	r2, [r3, #2]
  79 0026 7A18     		adds	r2, r7, r1
  80 0028 FB1C     		adds	r3, r7, #3
  81 002a 1278     		ldrb	r2, [r2]
  82 002c 1B78     		ldrb	r3, [r3]
  83 002e 9A42     		cmp	r2, r3
  84 0030 03D0     		beq	.L4
  85 0032 0F23     		movs	r3, #15
  86 0034 FB18     		adds	r3, r7, r3
  87 0036 1A78     		ldrb	r2, [r3]
  88 0038 00E0     		b	.L5
  89              	.L4:
  90 003a 0022     		movs	r2, #0
  91              	.L5:
  92 003c 7B68     		ldr	r3, [r7, #4]
  93 003e 1A70     		strb	r2, [r3]
  94 0040 C046     		nop
  95 0042 BD46     		mov	sp, r7
  96 0044 04B0     		add	sp, sp, #16
  97              		@ sp needed
  98 0046 80BD     		pop	{r7, pc}
 100              		.section	.text.enqueue,"ax",%progbits
 101              		.align	1
 102              		.syntax unified
 103              		.code	16
 104              		.thumb_func
 105              		.fpu softvfp
 107              	enqueue:
 108              		@ args = 0, pretend = 0, frame = 16
 109              		@ frame_needed = 1, uses_anonymous_args = 0
 110 0000 80B5     		push	{r7, lr}
 111 0002 84B0     		sub	sp, sp, #16
 112 0004 00AF     		add	r7, sp, #0
 113 0006 7860     		str	r0, [r7, #4]
 114 0008 0A00     		movs	r2, r1
 115 000a FB1C     		adds	r3, r7, #3
 116 000c 1A70     		strb	r2, [r3]
 117 000e 7B68     		ldr	r3, [r7, #4]
 118 0010 5A78     		ldrb	r2, [r3, #1]
 119 0012 0F21     		movs	r1, #15
ARM GAS  C:\Users\SONG_J~1\AppData\Local\Temp\ccqpikRy.s 			page 3


 120 0014 7B18     		adds	r3, r7, r1
 121 0016 0132     		adds	r2, r2, #1
 122 0018 1A70     		strb	r2, [r3]
 123 001a 7B68     		ldr	r3, [r7, #4]
 124 001c 9B78     		ldrb	r3, [r3, #2]
 125 001e 0133     		adds	r3, r3, #1
 126 0020 DAB2     		uxtb	r2, r3
 127 0022 7B68     		ldr	r3, [r7, #4]
 128 0024 9A70     		strb	r2, [r3, #2]
 129 0026 7A18     		adds	r2, r7, r1
 130 0028 FB1C     		adds	r3, r7, #3
 131 002a 1278     		ldrb	r2, [r2]
 132 002c 1B78     		ldrb	r3, [r3]
 133 002e 9A42     		cmp	r2, r3
 134 0030 03D0     		beq	.L7
 135 0032 0F23     		movs	r3, #15
 136 0034 FB18     		adds	r3, r7, r3
 137 0036 1A78     		ldrb	r2, [r3]
 138 0038 00E0     		b	.L8
 139              	.L7:
 140 003a 0022     		movs	r2, #0
 141              	.L8:
 142 003c 7B68     		ldr	r3, [r7, #4]
 143 003e 5A70     		strb	r2, [r3, #1]
 144 0040 C046     		nop
 145 0042 BD46     		mov	sp, r7
 146 0044 04B0     		add	sp, sp, #16
 147              		@ sp needed
 148 0046 80BD     		pop	{r7, pc}
 150              		.section	.text.app_mailbox_put,"ax",%progbits
 151              		.align	1
 152              		.global	app_mailbox_put
 153              		.syntax unified
 154              		.code	16
 155              		.thumb_func
 156              		.fpu softvfp
 158              	app_mailbox_put:
 159              		@ args = 0, pretend = 0, frame = 8
 160              		@ frame_needed = 1, uses_anonymous_args = 0
 161 0000 80B5     		push	{r7, lr}
 162 0002 82B0     		sub	sp, sp, #8
 163 0004 00AF     		add	r7, sp, #0
 164 0006 7860     		str	r0, [r7, #4]
 165 0008 3960     		str	r1, [r7]
 166 000a 7B68     		ldr	r3, [r7, #4]
 167 000c 1A89     		ldrh	r2, [r3, #8]
 168 000e 3968     		ldr	r1, [r7]
 169 0010 7B68     		ldr	r3, [r7, #4]
 170 0012 1800     		movs	r0, r3
 171 0014 FFF7FEFF 		bl	app_mailbox_sized_put
 172 0018 0300     		movs	r3, r0
 173 001a 1800     		movs	r0, r3
 174 001c BD46     		mov	sp, r7
 175 001e 02B0     		add	sp, sp, #8
 176              		@ sp needed
 177 0020 80BD     		pop	{r7, pc}
 179              		.section	.text.app_mailbox_sized_put,"ax",%progbits
ARM GAS  C:\Users\SONG_J~1\AppData\Local\Temp\ccqpikRy.s 			page 4


 180              		.align	1
 181              		.global	app_mailbox_sized_put
 182              		.syntax unified
 183              		.code	16
 184              		.thumb_func
 185              		.fpu softvfp
 187              	app_mailbox_sized_put:
 188              		@ args = 0, pretend = 0, frame = 40
 189              		@ frame_needed = 1, uses_anonymous_args = 0
 190 0000 90B5     		push	{r4, r7, lr}
 191 0002 8BB0     		sub	sp, sp, #44
 192 0004 00AF     		add	r7, sp, #0
 193 0006 F860     		str	r0, [r7, #12]
 194 0008 B960     		str	r1, [r7, #8]
 195 000a BB1D     		adds	r3, r7, #6
 196 000c 1A80     		strh	r2, [r3]
 197 000e 0323     		movs	r3, #3
 198 0010 7B62     		str	r3, [r7, #36]
 199 0012 FB68     		ldr	r3, [r7, #12]
 200 0014 1B68     		ldr	r3, [r3]
 201 0016 FB61     		str	r3, [r7, #28]
 202 0018 2323     		movs	r3, #35
 203 001a FB18     		adds	r3, r7, r3
 204 001c 0122     		movs	r2, #1
 205 001e 1A70     		strb	r2, [r3]
 206 0020 1B24     		movs	r4, #27
 207 0022 3B19     		adds	r3, r7, r4
 208 0024 FA68     		ldr	r2, [r7, #12]
 209 0026 927A     		ldrb	r2, [r2, #10]
 210 0028 1A70     		strb	r2, [r3]
 211 002a 1823     		movs	r3, #24
 212 002c FB18     		adds	r3, r7, r3
 213 002e FA68     		ldr	r2, [r7, #12]
 214 0030 1289     		ldrh	r2, [r2, #8]
 215 0032 1A80     		strh	r2, [r3]
 216 0034 FB68     		ldr	r3, [r7, #12]
 217 0036 5B68     		ldr	r3, [r3, #4]
 218 0038 7B61     		str	r3, [r7, #20]
 219 003a FFF7FEFF 		bl	critical_region_enter
 220 003e 7B69     		ldr	r3, [r7, #20]
 221 0040 9B78     		ldrb	r3, [r3, #2]
 222 0042 3A19     		adds	r2, r7, r4
 223 0044 1278     		ldrb	r2, [r2]
 224 0046 9A42     		cmp	r2, r3
 225 0048 13D1     		bne	.L12
 226 004a 7B69     		ldr	r3, [r7, #20]
 227 004c DB78     		ldrb	r3, [r3, #3]
 228 004e 002B     		cmp	r3, #0
 229 0050 04D1     		bne	.L13
 230 0052 2323     		movs	r3, #35
 231 0054 FB18     		adds	r3, r7, r3
 232 0056 0022     		movs	r2, #0
 233 0058 1A70     		strb	r2, [r3]
 234 005a 07E0     		b	.L14
 235              	.L13:
 236 005c 1B23     		movs	r3, #27
 237 005e FB18     		adds	r3, r7, r3
ARM GAS  C:\Users\SONG_J~1\AppData\Local\Temp\ccqpikRy.s 			page 5


 238 0060 1A78     		ldrb	r2, [r3]
 239 0062 7B69     		ldr	r3, [r7, #20]
 240 0064 1100     		movs	r1, r2
 241 0066 1800     		movs	r0, r3
 242 0068 FFF7FEFF 		bl	dequeue
 243              	.L14:
 244 006c 0423     		movs	r3, #4
 245 006e 7B62     		str	r3, [r7, #36]
 246 0070 01E0     		b	.L15
 247              	.L12:
 248 0072 0023     		movs	r3, #0
 249 0074 7B62     		str	r3, [r7, #36]
 250              	.L15:
 251 0076 2323     		movs	r3, #35
 252 0078 FB18     		adds	r3, r7, r3
 253 007a 1B78     		ldrb	r3, [r3]
 254 007c 002B     		cmp	r3, #0
 255 007e 20D0     		beq	.L16
 256 0080 7B69     		ldr	r3, [r7, #20]
 257 0082 5B78     		ldrb	r3, [r3, #1]
 258 0084 1A00     		movs	r2, r3
 259 0086 1823     		movs	r3, #24
 260 0088 FB18     		adds	r3, r7, r3
 261 008a 1B88     		ldrh	r3, [r3]
 262 008c 0433     		adds	r3, r3, #4
 263 008e 5A43     		muls	r2, r3
 264 0090 FB69     		ldr	r3, [r7, #28]
 265 0092 D318     		adds	r3, r2, r3
 266 0094 FB61     		str	r3, [r7, #28]
 267 0096 1B23     		movs	r3, #27
 268 0098 FB18     		adds	r3, r7, r3
 269 009a 1A78     		ldrb	r2, [r3]
 270 009c 7B69     		ldr	r3, [r7, #20]
 271 009e 1100     		movs	r1, r2
 272 00a0 1800     		movs	r0, r3
 273 00a2 FFF7FEFF 		bl	enqueue
 274 00a6 BB1D     		adds	r3, r7, #6
 275 00a8 1A88     		ldrh	r2, [r3]
 276 00aa FB69     		ldr	r3, [r7, #28]
 277 00ac 1A60     		str	r2, [r3]
 278 00ae FB69     		ldr	r3, [r7, #28]
 279 00b0 0433     		adds	r3, r3, #4
 280 00b2 FB61     		str	r3, [r7, #28]
 281 00b4 BB1D     		adds	r3, r7, #6
 282 00b6 1A88     		ldrh	r2, [r3]
 283 00b8 B968     		ldr	r1, [r7, #8]
 284 00ba FB69     		ldr	r3, [r7, #28]
 285 00bc 1800     		movs	r0, r3
 286 00be FFF7FEFF 		bl	memcpy
 287              	.L16:
 288 00c2 FFF7FEFF 		bl	critical_region_exit
 289 00c6 7B6A     		ldr	r3, [r7, #36]
 290 00c8 1800     		movs	r0, r3
 291 00ca BD46     		mov	sp, r7
 292 00cc 0BB0     		add	sp, sp, #44
 293              		@ sp needed
 294 00ce 90BD     		pop	{r4, r7, pc}
ARM GAS  C:\Users\SONG_J~1\AppData\Local\Temp\ccqpikRy.s 			page 6


 296              		.section	.text.app_mailbox_get,"ax",%progbits
 297              		.align	1
 298              		.global	app_mailbox_get
 299              		.syntax unified
 300              		.code	16
 301              		.thumb_func
 302              		.fpu softvfp
 304              	app_mailbox_get:
 305              		@ args = 0, pretend = 0, frame = 16
 306              		@ frame_needed = 1, uses_anonymous_args = 0
 307 0000 80B5     		push	{r7, lr}
 308 0002 84B0     		sub	sp, sp, #16
 309 0004 00AF     		add	r7, sp, #0
 310 0006 7860     		str	r0, [r7, #4]
 311 0008 3960     		str	r1, [r7]
 312 000a 0E23     		movs	r3, #14
 313 000c FA18     		adds	r2, r7, r3
 314 000e 3968     		ldr	r1, [r7]
 315 0010 7B68     		ldr	r3, [r7, #4]
 316 0012 1800     		movs	r0, r3
 317 0014 FFF7FEFF 		bl	app_mailbox_sized_get
 318 0018 0300     		movs	r3, r0
 319 001a 1800     		movs	r0, r3
 320 001c BD46     		mov	sp, r7
 321 001e 04B0     		add	sp, sp, #16
 322              		@ sp needed
 323 0020 80BD     		pop	{r7, pc}
 325              		.section	.text.app_mailbox_sized_get,"ax",%progbits
 326              		.align	1
 327              		.global	app_mailbox_sized_get
 328              		.syntax unified
 329              		.code	16
 330              		.thumb_func
 331              		.fpu softvfp
 333              	app_mailbox_sized_get:
 334              		@ args = 0, pretend = 0, frame = 40
 335              		@ frame_needed = 1, uses_anonymous_args = 0
 336 0000 80B5     		push	{r7, lr}
 337 0002 8AB0     		sub	sp, sp, #40
 338 0004 00AF     		add	r7, sp, #0
 339 0006 F860     		str	r0, [r7, #12]
 340 0008 B960     		str	r1, [r7, #8]
 341 000a 7A60     		str	r2, [r7, #4]
 342 000c FB68     		ldr	r3, [r7, #12]
 343 000e 1B68     		ldr	r3, [r3]
 344 0010 7B62     		str	r3, [r7, #36]
 345 0012 0023     		movs	r3, #0
 346 0014 3B62     		str	r3, [r7, #32]
 347 0016 1E23     		movs	r3, #30
 348 0018 FB18     		adds	r3, r7, r3
 349 001a FA68     		ldr	r2, [r7, #12]
 350 001c 1289     		ldrh	r2, [r2, #8]
 351 001e 1A80     		strh	r2, [r3]
 352 0020 1D23     		movs	r3, #29
 353 0022 FB18     		adds	r3, r7, r3
 354 0024 FA68     		ldr	r2, [r7, #12]
 355 0026 927A     		ldrb	r2, [r2, #10]
ARM GAS  C:\Users\SONG_J~1\AppData\Local\Temp\ccqpikRy.s 			page 7


 356 0028 1A70     		strb	r2, [r3]
 357 002a FB68     		ldr	r3, [r7, #12]
 358 002c 5B68     		ldr	r3, [r3, #4]
 359 002e BB61     		str	r3, [r7, #24]
 360 0030 FFF7FEFF 		bl	critical_region_enter
 361 0034 BB69     		ldr	r3, [r7, #24]
 362 0036 9B78     		ldrb	r3, [r3, #2]
 363 0038 002B     		cmp	r3, #0
 364 003a 02D1     		bne	.L21
 365 003c 0423     		movs	r3, #4
 366 003e 3B62     		str	r3, [r7, #32]
 367 0040 12E0     		b	.L22
 368              	.L21:
 369 0042 BB69     		ldr	r3, [r7, #24]
 370 0044 1B78     		ldrb	r3, [r3]
 371 0046 1A00     		movs	r2, r3
 372 0048 1E23     		movs	r3, #30
 373 004a FB18     		adds	r3, r7, r3
 374 004c 1B88     		ldrh	r3, [r3]
 375 004e 0433     		adds	r3, r3, #4
 376 0050 5A43     		muls	r2, r3
 377 0052 7B6A     		ldr	r3, [r7, #36]
 378 0054 D318     		adds	r3, r2, r3
 379 0056 7B62     		str	r3, [r7, #36]
 380 0058 1D23     		movs	r3, #29
 381 005a FB18     		adds	r3, r7, r3
 382 005c 1A78     		ldrb	r2, [r3]
 383 005e BB69     		ldr	r3, [r7, #24]
 384 0060 1100     		movs	r1, r2
 385 0062 1800     		movs	r0, r3
 386 0064 FFF7FEFF 		bl	dequeue
 387              	.L22:
 388 0068 3B6A     		ldr	r3, [r7, #32]
 389 006a 002B     		cmp	r3, #0
 390 006c 12D1     		bne	.L23
 391 006e 7B6A     		ldr	r3, [r7, #36]
 392 0070 1A68     		ldr	r2, [r3]
 393 0072 1621     		movs	r1, #22
 394 0074 7B18     		adds	r3, r7, r1
 395 0076 1A80     		strh	r2, [r3]
 396 0078 7B68     		ldr	r3, [r7, #4]
 397 007a 7A18     		adds	r2, r7, r1
 398 007c 1288     		ldrh	r2, [r2]
 399 007e 1A80     		strh	r2, [r3]
 400 0080 7B6A     		ldr	r3, [r7, #36]
 401 0082 0433     		adds	r3, r3, #4
 402 0084 7B62     		str	r3, [r7, #36]
 403 0086 7B18     		adds	r3, r7, r1
 404 0088 1A88     		ldrh	r2, [r3]
 405 008a 796A     		ldr	r1, [r7, #36]
 406 008c BB68     		ldr	r3, [r7, #8]
 407 008e 1800     		movs	r0, r3
 408 0090 FFF7FEFF 		bl	memcpy
 409              	.L23:
 410 0094 FFF7FEFF 		bl	critical_region_exit
 411 0098 3B6A     		ldr	r3, [r7, #32]
 412 009a 1800     		movs	r0, r3
ARM GAS  C:\Users\SONG_J~1\AppData\Local\Temp\ccqpikRy.s 			page 8


 413 009c BD46     		mov	sp, r7
 414 009e 0AB0     		add	sp, sp, #40
 415              		@ sp needed
 416 00a0 80BD     		pop	{r7, pc}
 418              		.section	.text.app_mailbox_length_get,"ax",%progbits
 419              		.align	1
 420              		.global	app_mailbox_length_get
 421              		.syntax unified
 422              		.code	16
 423              		.thumb_func
 424              		.fpu softvfp
 426              	app_mailbox_length_get:
 427              		@ args = 0, pretend = 0, frame = 8
 428              		@ frame_needed = 1, uses_anonymous_args = 0
 429 0000 80B5     		push	{r7, lr}
 430 0002 82B0     		sub	sp, sp, #8
 431 0004 00AF     		add	r7, sp, #0
 432 0006 7860     		str	r0, [r7, #4]
 433 0008 7B68     		ldr	r3, [r7, #4]
 434 000a 5B68     		ldr	r3, [r3, #4]
 435 000c 9B78     		ldrb	r3, [r3, #2]
 436 000e 1800     		movs	r0, r3
 437 0010 BD46     		mov	sp, r7
 438 0012 02B0     		add	sp, sp, #8
 439              		@ sp needed
 440 0014 80BD     		pop	{r7, pc}
 442              		.section	.text.app_mailbox_mode_set,"ax",%progbits
 443              		.align	1
 444              		.global	app_mailbox_mode_set
 445              		.syntax unified
 446              		.code	16
 447              		.thumb_func
 448              		.fpu softvfp
 450              	app_mailbox_mode_set:
 451              		@ args = 0, pretend = 0, frame = 8
 452              		@ frame_needed = 1, uses_anonymous_args = 0
 453 0000 80B5     		push	{r7, lr}
 454 0002 82B0     		sub	sp, sp, #8
 455 0004 00AF     		add	r7, sp, #0
 456 0006 7860     		str	r0, [r7, #4]
 457 0008 0A00     		movs	r2, r1
 458 000a FB1C     		adds	r3, r7, #3
 459 000c 1A70     		strb	r2, [r3]
 460 000e 7B68     		ldr	r3, [r7, #4]
 461 0010 5B68     		ldr	r3, [r3, #4]
 462 0012 FA1C     		adds	r2, r7, #3
 463 0014 1278     		ldrb	r2, [r2]
 464 0016 DA70     		strb	r2, [r3, #3]
 465 0018 C046     		nop
 466 001a BD46     		mov	sp, r7
 467 001c 02B0     		add	sp, sp, #8
 468              		@ sp needed
 469 001e 80BD     		pop	{r7, pc}
 471              		.ident	"GCC: (GNU Tools for Arm Embedded Processors 7-2017-q4-major) 7.2.1 20170904 (release) [ARM
ARM GAS  C:\Users\SONG_J~1\AppData\Local\Temp\ccqpikRy.s 			page 9


DEFINED SYMBOLS
                            *ABS*:00000000 app_mailbox.c
C:\Users\SONG_J~1\AppData\Local\Temp\ccqpikRy.s:13     .text.app_mailbox_create:00000000 $t
C:\Users\SONG_J~1\AppData\Local\Temp\ccqpikRy.s:20     .text.app_mailbox_create:00000000 app_mailbox_create
C:\Users\SONG_J~1\AppData\Local\Temp\ccqpikRy.s:51     .text.dequeue:00000000 $t
C:\Users\SONG_J~1\AppData\Local\Temp\ccqpikRy.s:57     .text.dequeue:00000000 dequeue
C:\Users\SONG_J~1\AppData\Local\Temp\ccqpikRy.s:101    .text.enqueue:00000000 $t
C:\Users\SONG_J~1\AppData\Local\Temp\ccqpikRy.s:107    .text.enqueue:00000000 enqueue
C:\Users\SONG_J~1\AppData\Local\Temp\ccqpikRy.s:151    .text.app_mailbox_put:00000000 $t
C:\Users\SONG_J~1\AppData\Local\Temp\ccqpikRy.s:158    .text.app_mailbox_put:00000000 app_mailbox_put
C:\Users\SONG_J~1\AppData\Local\Temp\ccqpikRy.s:187    .text.app_mailbox_sized_put:00000000 app_mailbox_sized_put
C:\Users\SONG_J~1\AppData\Local\Temp\ccqpikRy.s:180    .text.app_mailbox_sized_put:00000000 $t
C:\Users\SONG_J~1\AppData\Local\Temp\ccqpikRy.s:297    .text.app_mailbox_get:00000000 $t
C:\Users\SONG_J~1\AppData\Local\Temp\ccqpikRy.s:304    .text.app_mailbox_get:00000000 app_mailbox_get
C:\Users\SONG_J~1\AppData\Local\Temp\ccqpikRy.s:333    .text.app_mailbox_sized_get:00000000 app_mailbox_sized_get
C:\Users\SONG_J~1\AppData\Local\Temp\ccqpikRy.s:326    .text.app_mailbox_sized_get:00000000 $t
C:\Users\SONG_J~1\AppData\Local\Temp\ccqpikRy.s:419    .text.app_mailbox_length_get:00000000 $t
C:\Users\SONG_J~1\AppData\Local\Temp\ccqpikRy.s:426    .text.app_mailbox_length_get:00000000 app_mailbox_length_get
C:\Users\SONG_J~1\AppData\Local\Temp\ccqpikRy.s:443    .text.app_mailbox_mode_set:00000000 $t
C:\Users\SONG_J~1\AppData\Local\Temp\ccqpikRy.s:450    .text.app_mailbox_mode_set:00000000 app_mailbox_mode_set

UNDEFINED SYMBOLS
critical_region_enter
memcpy
critical_region_exit
