ARM GAS  C:\Users\SONG_J~1\AppData\Local\Temp\ccXx5Hvj.s 			page 1


   1              		.cpu cortex-m0
   2              		.eabi_attribute 20, 1
   3              		.eabi_attribute 21, 1
   4              		.eabi_attribute 23, 3
   5              		.eabi_attribute 24, 1
   6              		.eabi_attribute 25, 1
   7              		.eabi_attribute 26, 1
   8              		.eabi_attribute 30, 6
   9              		.eabi_attribute 34, 0
  10              		.eabi_attribute 18, 4
  11              		.file	"app_util_platform.c"
  12              		.section	.bss.m_in_critical_region,"aw",%nobits
  13              		.align	2
  16              	m_in_critical_region:
  17 0000 00000000 		.space	4
  18              		.section	.text.critical_region_enter,"ax",%progbits
  19              		.align	1
  20              		.global	critical_region_enter
  21              		.syntax unified
  22              		.code	16
  23              		.thumb_func
  24              		.fpu softvfp
  26              	critical_region_enter:
  27              		@ args = 0, pretend = 0, frame = 0
  28              		@ frame_needed = 1, uses_anonymous_args = 0
  29 0000 80B5     		push	{r7, lr}
  30 0002 00AF     		add	r7, sp, #0
  31              		.syntax divided
  32              	@ 330 "../components/toolchain/gcc/core_cmFunc.h" 1
  33 0004 72B6     		cpsid i
  34              	@ 0 "" 2
  35              		.thumb
  36              		.syntax unified
  37 0006 044B     		ldr	r3, .L2
  38 0008 1B68     		ldr	r3, [r3]
  39 000a 5A1C     		adds	r2, r3, #1
  40 000c 024B     		ldr	r3, .L2
  41 000e 1A60     		str	r2, [r3]
  42 0010 C046     		nop
  43 0012 BD46     		mov	sp, r7
  44              		@ sp needed
  45 0014 80BD     		pop	{r7, pc}
  46              	.L3:
  47 0016 C046     		.align	2
  48              	.L2:
  49 0018 00000000 		.word	m_in_critical_region
  51              		.section	.text.critical_region_exit,"ax",%progbits
  52              		.align	1
  53              		.global	critical_region_exit
  54              		.syntax unified
  55              		.code	16
  56              		.thumb_func
  57              		.fpu softvfp
  59              	critical_region_exit:
  60              		@ args = 0, pretend = 0, frame = 0
  61              		@ frame_needed = 1, uses_anonymous_args = 0
  62 0000 80B5     		push	{r7, lr}
ARM GAS  C:\Users\SONG_J~1\AppData\Local\Temp\ccXx5Hvj.s 			page 2


  63 0002 00AF     		add	r7, sp, #0
  64 0004 064B     		ldr	r3, .L7
  65 0006 1B68     		ldr	r3, [r3]
  66 0008 5A1E     		subs	r2, r3, #1
  67 000a 054B     		ldr	r3, .L7
  68 000c 1A60     		str	r2, [r3]
  69 000e 044B     		ldr	r3, .L7
  70 0010 1B68     		ldr	r3, [r3]
  71 0012 002B     		cmp	r3, #0
  72 0014 00D1     		bne	.L6
  73              		.syntax divided
  74              	@ 319 "../components/toolchain/gcc/core_cmFunc.h" 1
  75 0016 62B6     		cpsie i
  76              	@ 0 "" 2
  77              		.thumb
  78              		.syntax unified
  79              	.L6:
  80 0018 C046     		nop
  81 001a BD46     		mov	sp, r7
  82              		@ sp needed
  83 001c 80BD     		pop	{r7, pc}
  84              	.L8:
  85 001e C046     		.align	2
  86              	.L7:
  87 0020 00000000 		.word	m_in_critical_region
  89              		.ident	"GCC: (GNU Tools for Arm Embedded Processors 7-2017-q4-major) 7.2.1 20170904 (release) [ARM
ARM GAS  C:\Users\SONG_J~1\AppData\Local\Temp\ccXx5Hvj.s 			page 3


DEFINED SYMBOLS
                            *ABS*:00000000 app_util_platform.c
C:\Users\SONG_J~1\AppData\Local\Temp\ccXx5Hvj.s:13     .bss.m_in_critical_region:00000000 $d
C:\Users\SONG_J~1\AppData\Local\Temp\ccXx5Hvj.s:16     .bss.m_in_critical_region:00000000 m_in_critical_region
C:\Users\SONG_J~1\AppData\Local\Temp\ccXx5Hvj.s:19     .text.critical_region_enter:00000000 $t
C:\Users\SONG_J~1\AppData\Local\Temp\ccXx5Hvj.s:26     .text.critical_region_enter:00000000 critical_region_enter
C:\Users\SONG_J~1\AppData\Local\Temp\ccXx5Hvj.s:49     .text.critical_region_enter:00000018 $d
C:\Users\SONG_J~1\AppData\Local\Temp\ccXx5Hvj.s:52     .text.critical_region_exit:00000000 $t
C:\Users\SONG_J~1\AppData\Local\Temp\ccXx5Hvj.s:59     .text.critical_region_exit:00000000 critical_region_exit
C:\Users\SONG_J~1\AppData\Local\Temp\ccXx5Hvj.s:87     .text.critical_region_exit:00000020 $d

NO UNDEFINED SYMBOLS
