ARM GAS  C:\Users\SONG_J~1\AppData\Local\Temp\ccU6UYzn.s 			page 1


   1              		.cpu cortex-m0
   2              		.eabi_attribute 20, 1
   3              		.eabi_attribute 21, 1
   4              		.eabi_attribute 23, 3
   5              		.eabi_attribute 24, 1
   6              		.eabi_attribute 25, 1
   7              		.eabi_attribute 26, 1
   8              		.eabi_attribute 30, 6
   9              		.eabi_attribute 34, 0
  10              		.eabi_attribute 18, 4
  11              		.file	"app_uart.c"
  12              		.section	.bss.tx_buffer,"aw",%nobits
  13              		.align	2
  16              	tx_buffer:
  17 0000 00       		.space	1
  18              		.section	.bss.rx_buffer,"aw",%nobits
  19              		.align	2
  22              	rx_buffer:
  23 0000 00       		.space	1
  24              		.section	.bss.rx_done,"aw",%nobits
  27              	rx_done:
  28 0000 00       		.space	1
  29              		.section	.bss.m_event_handler,"aw",%nobits
  30              		.align	2
  33              	m_event_handler:
  34 0000 00000000 		.space	4
  35              		.section	.text.uart_event_handler,"ax",%progbits
  36              		.align	1
  37              		.global	uart_event_handler
  38              		.syntax unified
  39              		.code	16
  40              		.thumb_func
  41              		.fpu softvfp
  43              	uart_event_handler:
  44              		@ args = 0, pretend = 0, frame = 32
  45              		@ frame_needed = 1, uses_anonymous_args = 0
  46 0000 90B5     		push	{r4, r7, lr}
  47 0002 89B0     		sub	sp, sp, #36
  48 0004 00AF     		add	r7, sp, #0
  49 0006 7860     		str	r0, [r7, #4]
  50 0008 3960     		str	r1, [r7]
  51 000a 7B68     		ldr	r3, [r7, #4]
  52 000c 1B78     		ldrb	r3, [r3]
  53 000e 012B     		cmp	r3, #1
  54 0010 16D1     		bne	.L2
  55 0012 1824     		movs	r4, #24
  56 0014 3B19     		adds	r3, r7, r4
  57 0016 0422     		movs	r2, #4
  58 0018 1A70     		strb	r2, [r3]
  59 001a 7B68     		ldr	r3, [r7, #4]
  60 001c 5B68     		ldr	r3, [r3, #4]
  61 001e 1A78     		ldrb	r2, [r3]
  62 0020 3B19     		adds	r3, r7, r4
  63 0022 1A71     		strb	r2, [r3, #4]
  64 0024 1A4B     		ldr	r3, .L6
  65 0026 0121     		movs	r1, #1
  66 0028 1800     		movs	r0, r3
ARM GAS  C:\Users\SONG_J~1\AppData\Local\Temp\ccU6UYzn.s 			page 2


  67 002a FFF7FEFF 		bl	nrf_drv_uart_rx
  68 002e 194B     		ldr	r3, .L6+4
  69 0030 0122     		movs	r2, #1
  70 0032 1A70     		strb	r2, [r3]
  71 0034 184B     		ldr	r3, .L6+8
  72 0036 1B68     		ldr	r3, [r3]
  73 0038 3A19     		adds	r2, r7, r4
  74 003a 1000     		movs	r0, r2
  75 003c 9847     		blx	r3
  76 003e 23E0     		b	.L5
  77              	.L2:
  78 0040 7B68     		ldr	r3, [r7, #4]
  79 0042 1B78     		ldrb	r3, [r3]
  80 0044 022B     		cmp	r3, #2
  81 0046 12D1     		bne	.L4
  82 0048 1024     		movs	r4, #16
  83 004a 3B19     		adds	r3, r7, r4
  84 004c 0222     		movs	r2, #2
  85 004e 1A70     		strb	r2, [r3]
  86 0050 7B68     		ldr	r3, [r7, #4]
  87 0052 DA68     		ldr	r2, [r3, #12]
  88 0054 3B19     		adds	r3, r7, r4
  89 0056 5A60     		str	r2, [r3, #4]
  90 0058 0D4B     		ldr	r3, .L6
  91 005a 0121     		movs	r1, #1
  92 005c 1800     		movs	r0, r3
  93 005e FFF7FEFF 		bl	nrf_drv_uart_rx
  94 0062 0D4B     		ldr	r3, .L6+8
  95 0064 1B68     		ldr	r3, [r3]
  96 0066 3A19     		adds	r2, r7, r4
  97 0068 1000     		movs	r0, r2
  98 006a 9847     		blx	r3
  99 006c 0CE0     		b	.L5
 100              	.L4:
 101 006e 7B68     		ldr	r3, [r7, #4]
 102 0070 1B78     		ldrb	r3, [r3]
 103 0072 002B     		cmp	r3, #0
 104 0074 08D1     		bne	.L5
 105 0076 0821     		movs	r1, #8
 106 0078 7B18     		adds	r3, r7, r1
 107 007a 0322     		movs	r2, #3
 108 007c 1A70     		strb	r2, [r3]
 109 007e 064B     		ldr	r3, .L6+8
 110 0080 1B68     		ldr	r3, [r3]
 111 0082 7A18     		adds	r2, r7, r1
 112 0084 1000     		movs	r0, r2
 113 0086 9847     		blx	r3
 114              	.L5:
 115 0088 C046     		nop
 116 008a BD46     		mov	sp, r7
 117 008c 09B0     		add	sp, sp, #36
 118              		@ sp needed
 119 008e 90BD     		pop	{r4, r7, pc}
 120              	.L7:
 121              		.align	2
 122              	.L6:
 123 0090 00000000 		.word	rx_buffer
ARM GAS  C:\Users\SONG_J~1\AppData\Local\Temp\ccU6UYzn.s 			page 3


 124 0094 00000000 		.word	rx_done
 125 0098 00000000 		.word	m_event_handler
 127              		.section	.rodata
 128              		.align	2
 129              	.LC0:
 130 0000 00000000 		.word	0
 131 0004 00000000 		.word	0
 132 0008 00000000 		.word	0
 133 000c 00000000 		.word	0
 134 0010 00000000 		.word	0
 135 0014 00       		.byte	0
 136 0015 00       		.byte	0
 137 0016 0000     		.space	2
 138 0018 00509D00 		.word	10309632
 139 001c 03       		.byte	3
 140 001d 000000   		.space	3
 141              		.section	.text.app_uart_init,"ax",%progbits
 142              		.align	1
 143              		.global	app_uart_init
 144              		.syntax unified
 145              		.code	16
 146              		.thumb_func
 147              		.fpu softvfp
 149              	app_uart_init:
 150              		@ args = 0, pretend = 0, frame = 56
 151              		@ frame_needed = 1, uses_anonymous_args = 0
 152 0000 B0B5     		push	{r4, r5, r7, lr}
 153 0002 8EB0     		sub	sp, sp, #56
 154 0004 00AF     		add	r7, sp, #0
 155 0006 F860     		str	r0, [r7, #12]
 156 0008 B960     		str	r1, [r7, #8]
 157 000a 7A60     		str	r2, [r7, #4]
 158 000c 1A00     		movs	r2, r3
 159 000e FB1C     		adds	r3, r7, #3
 160 0010 1A70     		strb	r2, [r3]
 161 0012 1421     		movs	r1, #20
 162 0014 7B18     		adds	r3, r7, r1
 163 0016 2D4A     		ldr	r2, .L15
 164 0018 31CA     		ldmia	r2!, {r0, r4, r5}
 165 001a 31C3     		stmia	r3!, {r0, r4, r5}
 166 001c 31CA     		ldmia	r2!, {r0, r4, r5}
 167 001e 31C3     		stmia	r3!, {r0, r4, r5}
 168 0020 11CA     		ldmia	r2!, {r0, r4}
 169 0022 11C3     		stmia	r3!, {r0, r4}
 170 0024 FB68     		ldr	r3, [r7, #12]
 171 0026 9A68     		ldr	r2, [r3, #8]
 172 0028 7B18     		adds	r3, r7, r1
 173 002a 9A61     		str	r2, [r3, #24]
 174 002c FB68     		ldr	r3, [r7, #12]
 175 002e 1B79     		ldrb	r3, [r3, #4]
 176 0030 5A1E     		subs	r2, r3, #1
 177 0032 9341     		sbcs	r3, r3, r2
 178 0034 DBB2     		uxtb	r3, r3
 179 0036 1A00     		movs	r2, r3
 180 0038 7B18     		adds	r3, r7, r1
 181 003a 1A75     		strb	r2, [r3, #20]
 182 003c 7B18     		adds	r3, r7, r1
ARM GAS  C:\Users\SONG_J~1\AppData\Local\Temp\ccU6UYzn.s 			page 4


 183 003e FA1C     		adds	r2, r7, #3
 184 0040 1278     		ldrb	r2, [r2]
 185 0042 1A77     		strb	r2, [r3, #28]
 186 0044 FB68     		ldr	r3, [r7, #12]
 187 0046 5B79     		ldrb	r3, [r3, #5]
 188 0048 002B     		cmp	r3, #0
 189 004a 01D0     		beq	.L9
 190 004c 0E22     		movs	r2, #14
 191 004e 00E0     		b	.L10
 192              	.L9:
 193 0050 0022     		movs	r2, #0
 194              	.L10:
 195 0052 1421     		movs	r1, #20
 196 0054 7B18     		adds	r3, r7, r1
 197 0056 5A75     		strb	r2, [r3, #21]
 198 0058 FB68     		ldr	r3, [r7, #12]
 199 005a DB78     		ldrb	r3, [r3, #3]
 200 005c 1A00     		movs	r2, r3
 201 005e 7B18     		adds	r3, r7, r1
 202 0060 9A60     		str	r2, [r3, #8]
 203 0062 FB68     		ldr	r3, [r7, #12]
 204 0064 9B78     		ldrb	r3, [r3, #2]
 205 0066 1A00     		movs	r2, r3
 206 0068 7B18     		adds	r3, r7, r1
 207 006a DA60     		str	r2, [r3, #12]
 208 006c FB68     		ldr	r3, [r7, #12]
 209 006e 1B78     		ldrb	r3, [r3]
 210 0070 1A00     		movs	r2, r3
 211 0072 7B18     		adds	r3, r7, r1
 212 0074 5A60     		str	r2, [r3, #4]
 213 0076 FB68     		ldr	r3, [r7, #12]
 214 0078 5B78     		ldrb	r3, [r3, #1]
 215 007a 1A00     		movs	r2, r3
 216 007c 7B18     		adds	r3, r7, r1
 217 007e 1A60     		str	r2, [r3]
 218 0080 134B     		ldr	r3, .L15+4
 219 0082 7A68     		ldr	r2, [r7, #4]
 220 0084 1A60     		str	r2, [r3]
 221 0086 134B     		ldr	r3, .L15+8
 222 0088 0022     		movs	r2, #0
 223 008a 1A70     		strb	r2, [r3]
 224 008c FB68     		ldr	r3, [r7, #12]
 225 008e 1B79     		ldrb	r3, [r3, #4]
 226 0090 022B     		cmp	r3, #2
 227 0092 01D1     		bne	.L11
 228 0094 0623     		movs	r3, #6
 229 0096 15E0     		b	.L14
 230              	.L11:
 231 0098 0F4A     		ldr	r2, .L15+12
 232 009a 1423     		movs	r3, #20
 233 009c FB18     		adds	r3, r7, r3
 234 009e 1100     		movs	r1, r2
 235 00a0 1800     		movs	r0, r3
 236 00a2 FFF7FEFF 		bl	nrf_drv_uart_init
 237 00a6 0300     		movs	r3, r0
 238 00a8 7B63     		str	r3, [r7, #52]
 239 00aa 7B6B     		ldr	r3, [r7, #52]
ARM GAS  C:\Users\SONG_J~1\AppData\Local\Temp\ccU6UYzn.s 			page 5


 240 00ac 002B     		cmp	r3, #0
 241 00ae 01D0     		beq	.L13
 242 00b0 7B6B     		ldr	r3, [r7, #52]
 243 00b2 07E0     		b	.L14
 244              	.L13:
 245 00b4 FFF7FEFF 		bl	nrf_drv_uart_rx_enable
 246 00b8 084B     		ldr	r3, .L15+16
 247 00ba 0121     		movs	r1, #1
 248 00bc 1800     		movs	r0, r3
 249 00be FFF7FEFF 		bl	nrf_drv_uart_rx
 250 00c2 0300     		movs	r3, r0
 251              	.L14:
 252 00c4 1800     		movs	r0, r3
 253 00c6 BD46     		mov	sp, r7
 254 00c8 0EB0     		add	sp, sp, #56
 255              		@ sp needed
 256 00ca B0BD     		pop	{r4, r5, r7, pc}
 257              	.L16:
 258              		.align	2
 259              	.L15:
 260 00cc 00000000 		.word	.LC0
 261 00d0 00000000 		.word	m_event_handler
 262 00d4 00000000 		.word	rx_done
 263 00d8 00000000 		.word	uart_event_handler
 264 00dc 00000000 		.word	rx_buffer
 266              		.section	.text.app_uart_get,"ax",%progbits
 267              		.align	1
 268              		.global	app_uart_get
 269              		.syntax unified
 270              		.code	16
 271              		.thumb_func
 272              		.fpu softvfp
 274              	app_uart_get:
 275              		@ args = 0, pretend = 0, frame = 16
 276              		@ frame_needed = 1, uses_anonymous_args = 0
 277 0000 80B5     		push	{r7, lr}
 278 0002 84B0     		sub	sp, sp, #16
 279 0004 00AF     		add	r7, sp, #0
 280 0006 7860     		str	r0, [r7, #4]
 281 0008 0023     		movs	r3, #0
 282 000a FB60     		str	r3, [r7, #12]
 283 000c 084B     		ldr	r3, .L21
 284 000e 1B78     		ldrb	r3, [r3]
 285 0010 DBB2     		uxtb	r3, r3
 286 0012 002B     		cmp	r3, #0
 287 0014 04D0     		beq	.L18
 288 0016 074B     		ldr	r3, .L21+4
 289 0018 1A78     		ldrb	r2, [r3]
 290 001a 7B68     		ldr	r3, [r7, #4]
 291 001c 1A70     		strb	r2, [r3]
 292 001e 01E0     		b	.L19
 293              	.L18:
 294 0020 0523     		movs	r3, #5
 295 0022 FB60     		str	r3, [r7, #12]
 296              	.L19:
 297 0024 FB68     		ldr	r3, [r7, #12]
 298 0026 1800     		movs	r0, r3
ARM GAS  C:\Users\SONG_J~1\AppData\Local\Temp\ccU6UYzn.s 			page 6


 299 0028 BD46     		mov	sp, r7
 300 002a 04B0     		add	sp, sp, #16
 301              		@ sp needed
 302 002c 80BD     		pop	{r7, pc}
 303              	.L22:
 304 002e C046     		.align	2
 305              	.L21:
 306 0030 00000000 		.word	rx_done
 307 0034 00000000 		.word	rx_buffer
 309              		.section	.text.app_uart_put,"ax",%progbits
 310              		.align	1
 311              		.global	app_uart_put
 312              		.syntax unified
 313              		.code	16
 314              		.thumb_func
 315              		.fpu softvfp
 317              	app_uart_put:
 318              		@ args = 0, pretend = 0, frame = 16
 319              		@ frame_needed = 1, uses_anonymous_args = 0
 320 0000 80B5     		push	{r7, lr}
 321 0002 84B0     		sub	sp, sp, #16
 322 0004 00AF     		add	r7, sp, #0
 323 0006 0200     		movs	r2, r0
 324 0008 FB1D     		adds	r3, r7, #7
 325 000a 1A70     		strb	r2, [r3]
 326 000c 0C4B     		ldr	r3, .L27
 327 000e FA1D     		adds	r2, r7, #7
 328 0010 1278     		ldrb	r2, [r2]
 329 0012 1A70     		strb	r2, [r3]
 330 0014 0A4B     		ldr	r3, .L27
 331 0016 0121     		movs	r1, #1
 332 0018 1800     		movs	r0, r3
 333 001a FFF7FEFF 		bl	nrf_drv_uart_tx
 334 001e 0300     		movs	r3, r0
 335 0020 FB60     		str	r3, [r7, #12]
 336 0022 FB68     		ldr	r3, [r7, #12]
 337 0024 112B     		cmp	r3, #17
 338 0026 01D1     		bne	.L24
 339 0028 0423     		movs	r3, #4
 340 002a 05E0     		b	.L25
 341              	.L24:
 342 002c FB68     		ldr	r3, [r7, #12]
 343 002e 002B     		cmp	r3, #0
 344 0030 01D0     		beq	.L26
 345 0032 0323     		movs	r3, #3
 346 0034 00E0     		b	.L25
 347              	.L26:
 348 0036 0023     		movs	r3, #0
 349              	.L25:
 350 0038 1800     		movs	r0, r3
 351 003a BD46     		mov	sp, r7
 352 003c 04B0     		add	sp, sp, #16
 353              		@ sp needed
 354 003e 80BD     		pop	{r7, pc}
 355              	.L28:
 356              		.align	2
 357              	.L27:
ARM GAS  C:\Users\SONG_J~1\AppData\Local\Temp\ccU6UYzn.s 			page 7


 358 0040 00000000 		.word	tx_buffer
 360              		.section	.text.app_uart_buf_put,"ax",%progbits
 361              		.align	1
 362              		.global	app_uart_buf_put
 363              		.syntax unified
 364              		.code	16
 365              		.thumb_func
 366              		.fpu softvfp
 368              	app_uart_buf_put:
 369              		@ args = 0, pretend = 0, frame = 16
 370              		@ frame_needed = 1, uses_anonymous_args = 0
 371 0000 80B5     		push	{r7, lr}
 372 0002 84B0     		sub	sp, sp, #16
 373 0004 00AF     		add	r7, sp, #0
 374 0006 7860     		str	r0, [r7, #4]
 375 0008 3960     		str	r1, [r7]
 376 000a 3B68     		ldr	r3, [r7]
 377 000c DAB2     		uxtb	r2, r3
 378 000e 7B68     		ldr	r3, [r7, #4]
 379 0010 1100     		movs	r1, r2
 380 0012 1800     		movs	r0, r3
 381 0014 FFF7FEFF 		bl	nrf_drv_uart_tx
 382 0018 0300     		movs	r3, r0
 383 001a FB60     		str	r3, [r7, #12]
 384 001c FB68     		ldr	r3, [r7, #12]
 385 001e 112B     		cmp	r3, #17
 386 0020 01D1     		bne	.L30
 387 0022 0423     		movs	r3, #4
 388 0024 05E0     		b	.L31
 389              	.L30:
 390 0026 FB68     		ldr	r3, [r7, #12]
 391 0028 002B     		cmp	r3, #0
 392 002a 01D0     		beq	.L32
 393 002c 0323     		movs	r3, #3
 394 002e 00E0     		b	.L31
 395              	.L32:
 396 0030 0023     		movs	r3, #0
 397              	.L31:
 398 0032 1800     		movs	r0, r3
 399 0034 BD46     		mov	sp, r7
 400 0036 04B0     		add	sp, sp, #16
 401              		@ sp needed
 402 0038 80BD     		pop	{r7, pc}
 404              		.section	.text.app_uart_flush,"ax",%progbits
 405              		.align	1
 406              		.global	app_uart_flush
 407              		.syntax unified
 408              		.code	16
 409              		.thumb_func
 410              		.fpu softvfp
 412              	app_uart_flush:
 413              		@ args = 0, pretend = 0, frame = 0
 414              		@ frame_needed = 1, uses_anonymous_args = 0
 415 0000 80B5     		push	{r7, lr}
 416 0002 00AF     		add	r7, sp, #0
 417 0004 0023     		movs	r3, #0
 418 0006 1800     		movs	r0, r3
ARM GAS  C:\Users\SONG_J~1\AppData\Local\Temp\ccU6UYzn.s 			page 8


 419 0008 BD46     		mov	sp, r7
 420              		@ sp needed
 421 000a 80BD     		pop	{r7, pc}
 423              		.section	.text.app_uart_close,"ax",%progbits
 424              		.align	1
 425              		.global	app_uart_close
 426              		.syntax unified
 427              		.code	16
 428              		.thumb_func
 429              		.fpu softvfp
 431              	app_uart_close:
 432              		@ args = 0, pretend = 0, frame = 0
 433              		@ frame_needed = 1, uses_anonymous_args = 0
 434 0000 80B5     		push	{r7, lr}
 435 0002 00AF     		add	r7, sp, #0
 436 0004 FFF7FEFF 		bl	nrf_drv_uart_uninit
 437 0008 0023     		movs	r3, #0
 438 000a 1800     		movs	r0, r3
 439 000c BD46     		mov	sp, r7
 440              		@ sp needed
 441 000e 80BD     		pop	{r7, pc}
 443              		.ident	"GCC: (GNU Tools for Arm Embedded Processors 7-2017-q4-major) 7.2.1 20170904 (release) [ARM
ARM GAS  C:\Users\SONG_J~1\AppData\Local\Temp\ccU6UYzn.s 			page 9


DEFINED SYMBOLS
                            *ABS*:00000000 app_uart.c
C:\Users\SONG_J~1\AppData\Local\Temp\ccU6UYzn.s:13     .bss.tx_buffer:00000000 $d
C:\Users\SONG_J~1\AppData\Local\Temp\ccU6UYzn.s:16     .bss.tx_buffer:00000000 tx_buffer
C:\Users\SONG_J~1\AppData\Local\Temp\ccU6UYzn.s:19     .bss.rx_buffer:00000000 $d
C:\Users\SONG_J~1\AppData\Local\Temp\ccU6UYzn.s:22     .bss.rx_buffer:00000000 rx_buffer
C:\Users\SONG_J~1\AppData\Local\Temp\ccU6UYzn.s:27     .bss.rx_done:00000000 rx_done
C:\Users\SONG_J~1\AppData\Local\Temp\ccU6UYzn.s:28     .bss.rx_done:00000000 $d
C:\Users\SONG_J~1\AppData\Local\Temp\ccU6UYzn.s:30     .bss.m_event_handler:00000000 $d
C:\Users\SONG_J~1\AppData\Local\Temp\ccU6UYzn.s:33     .bss.m_event_handler:00000000 m_event_handler
C:\Users\SONG_J~1\AppData\Local\Temp\ccU6UYzn.s:36     .text.uart_event_handler:00000000 $t
C:\Users\SONG_J~1\AppData\Local\Temp\ccU6UYzn.s:43     .text.uart_event_handler:00000000 uart_event_handler
C:\Users\SONG_J~1\AppData\Local\Temp\ccU6UYzn.s:123    .text.uart_event_handler:00000090 $d
C:\Users\SONG_J~1\AppData\Local\Temp\ccU6UYzn.s:128    .rodata:00000000 $d
C:\Users\SONG_J~1\AppData\Local\Temp\ccU6UYzn.s:142    .text.app_uart_init:00000000 $t
C:\Users\SONG_J~1\AppData\Local\Temp\ccU6UYzn.s:149    .text.app_uart_init:00000000 app_uart_init
C:\Users\SONG_J~1\AppData\Local\Temp\ccU6UYzn.s:260    .text.app_uart_init:000000cc $d
C:\Users\SONG_J~1\AppData\Local\Temp\ccU6UYzn.s:267    .text.app_uart_get:00000000 $t
C:\Users\SONG_J~1\AppData\Local\Temp\ccU6UYzn.s:274    .text.app_uart_get:00000000 app_uart_get
C:\Users\SONG_J~1\AppData\Local\Temp\ccU6UYzn.s:306    .text.app_uart_get:00000030 $d
C:\Users\SONG_J~1\AppData\Local\Temp\ccU6UYzn.s:310    .text.app_uart_put:00000000 $t
C:\Users\SONG_J~1\AppData\Local\Temp\ccU6UYzn.s:317    .text.app_uart_put:00000000 app_uart_put
C:\Users\SONG_J~1\AppData\Local\Temp\ccU6UYzn.s:358    .text.app_uart_put:00000040 $d
C:\Users\SONG_J~1\AppData\Local\Temp\ccU6UYzn.s:361    .text.app_uart_buf_put:00000000 $t
C:\Users\SONG_J~1\AppData\Local\Temp\ccU6UYzn.s:368    .text.app_uart_buf_put:00000000 app_uart_buf_put
C:\Users\SONG_J~1\AppData\Local\Temp\ccU6UYzn.s:405    .text.app_uart_flush:00000000 $t
C:\Users\SONG_J~1\AppData\Local\Temp\ccU6UYzn.s:412    .text.app_uart_flush:00000000 app_uart_flush
C:\Users\SONG_J~1\AppData\Local\Temp\ccU6UYzn.s:424    .text.app_uart_close:00000000 $t
C:\Users\SONG_J~1\AppData\Local\Temp\ccU6UYzn.s:431    .text.app_uart_close:00000000 app_uart_close

UNDEFINED SYMBOLS
nrf_drv_uart_rx
nrf_drv_uart_init
nrf_drv_uart_rx_enable
nrf_drv_uart_tx
nrf_drv_uart_uninit
