ARM GAS  C:\Users\SONG_J~1\AppData\Local\Temp\cc8lnAWd.s 			page 1


   1              		.cpu cortex-m0
   2              		.eabi_attribute 20, 1
   3              		.eabi_attribute 21, 1
   4              		.eabi_attribute 23, 3
   5              		.eabi_attribute 24, 1
   6              		.eabi_attribute 25, 1
   7              		.eabi_attribute 26, 1
   8              		.eabi_attribute 30, 6
   9              		.eabi_attribute 34, 0
  10              		.eabi_attribute 18, 4
  11              		.file	"app_error.c"
  12              		.section	.text.NVIC_SystemReset,"ax",%progbits
  13              		.align	1
  14              		.syntax unified
  15              		.code	16
  16              		.thumb_func
  17              		.fpu softvfp
  19              	NVIC_SystemReset:
  20              		@ args = 0, pretend = 0, frame = 0
  21              		@ frame_needed = 1, uses_anonymous_args = 0
  22 0000 80B5     		push	{r7, lr}
  23 0002 00AF     		add	r7, sp, #0
  24              		.syntax divided
  25              	@ 445 "../components/toolchain/gcc/core_cmInstr.h" 1
  26 0004 BFF34F8F 		dsb
  27              	@ 0 "" 2
  28              		.thumb
  29              		.syntax unified
  30 0008 024B     		ldr	r3, .L3
  31 000a 034A     		ldr	r2, .L3+4
  32 000c DA60     		str	r2, [r3, #12]
  33              		.syntax divided
  34              	@ 445 "../components/toolchain/gcc/core_cmInstr.h" 1
  35 000e BFF34F8F 		dsb
  36              	@ 0 "" 2
  37              		.thumb
  38              		.syntax unified
  39              	.L2:
  40 0012 FEE7     		b	.L2
  41              	.L4:
  42              		.align	2
  43              	.L3:
  44 0014 00ED00E0 		.word	-536810240
  45 0018 0400FA05 		.word	100270084
  47              		.section	.text.app_error_handler,"ax",%progbits
  48              		.align	1
  49              		.weak	app_error_handler
  50              		.syntax unified
  51              		.code	16
  52              		.thumb_func
  53              		.fpu softvfp
  55              	app_error_handler:
  56              		@ args = 0, pretend = 0, frame = 16
  57              		@ frame_needed = 1, uses_anonymous_args = 0
  58 0000 80B5     		push	{r7, lr}
  59 0002 84B0     		sub	sp, sp, #16
  60 0004 00AF     		add	r7, sp, #0
ARM GAS  C:\Users\SONG_J~1\AppData\Local\Temp\cc8lnAWd.s 			page 2


  61 0006 F860     		str	r0, [r7, #12]
  62 0008 B960     		str	r1, [r7, #8]
  63 000a 7A60     		str	r2, [r7, #4]
  64 000c FFF7FEFF 		bl	NVIC_SystemReset
  65 0010 C046     		nop
  66 0012 BD46     		mov	sp, r7
  67 0014 04B0     		add	sp, sp, #16
  68              		@ sp needed
  69 0016 80BD     		pop	{r7, pc}
  71              		.ident	"GCC: (GNU Tools for Arm Embedded Processors 7-2017-q4-major) 7.2.1 20170904 (release) [ARM
ARM GAS  C:\Users\SONG_J~1\AppData\Local\Temp\cc8lnAWd.s 			page 3


DEFINED SYMBOLS
                            *ABS*:00000000 app_error.c
C:\Users\SONG_J~1\AppData\Local\Temp\cc8lnAWd.s:13     .text.NVIC_SystemReset:00000000 $t
C:\Users\SONG_J~1\AppData\Local\Temp\cc8lnAWd.s:19     .text.NVIC_SystemReset:00000000 NVIC_SystemReset
C:\Users\SONG_J~1\AppData\Local\Temp\cc8lnAWd.s:44     .text.NVIC_SystemReset:00000014 $d
C:\Users\SONG_J~1\AppData\Local\Temp\cc8lnAWd.s:48     .text.app_error_handler:00000000 $t
C:\Users\SONG_J~1\AppData\Local\Temp\cc8lnAWd.s:55     .text.app_error_handler:00000000 app_error_handler

NO UNDEFINED SYMBOLS
