ARM GAS  C:\Users\SONG_J~1\AppData\Local\Temp\cc7RQg4B.s 			page 1


   1              		.cpu cortex-m0
   2              		.eabi_attribute 20, 1
   3              		.eabi_attribute 21, 1
   4              		.eabi_attribute 23, 3
   5              		.eabi_attribute 24, 1
   6              		.eabi_attribute 25, 1
   7              		.eabi_attribute 26, 1
   8              		.eabi_attribute 30, 6
   9              		.eabi_attribute 34, 0
  10              		.eabi_attribute 18, 4
  11              		.file	"atiny_log.c"
  12              		.section	.data.g_atiny_log_level,"aw",%progbits
  15              	g_atiny_log_level:
  16 0000 01       		.byte	1
  17              		.section	.rodata
  18              		.align	2
  19              	.LC0:
  20 0000 44454255 		.ascii	"DEBUG\000"
  20      4700
  21 0006 0000     		.align	2
  22              	.LC1:
  23 0008 494E464F 		.ascii	"INFO\000"
  23      00
  24 000d 000000   		.align	2
  25              	.LC2:
  26 0010 5741524E 		.ascii	"WARNING\000"
  26      494E4700 
  27              		.align	2
  28              	.LC3:
  29 0018 45525200 		.ascii	"ERR\000"
  30              		.align	2
  31              	.LC4:
  32 001c 46415441 		.ascii	"FATAL\000"
  32      4C00
  33              		.section	.data.g_log_names,"aw",%progbits
  34              		.align	2
  37              	g_log_names:
  38 0000 00000000 		.word	.LC0
  39 0004 08000000 		.word	.LC1
  40 0008 10000000 		.word	.LC2
  41 000c 18000000 		.word	.LC3
  42 0010 1C000000 		.word	.LC4
  43              		.section	.text.atiny_set_log_level,"ax",%progbits
  44              		.align	1
  45              		.global	atiny_set_log_level
  46              		.syntax unified
  47              		.code	16
  48              		.thumb_func
  49              		.fpu softvfp
  51              	atiny_set_log_level:
  52              		@ args = 0, pretend = 0, frame = 8
  53              		@ frame_needed = 1, uses_anonymous_args = 0
  54 0000 80B5     		push	{r7, lr}
  55 0002 82B0     		sub	sp, sp, #8
  56 0004 00AF     		add	r7, sp, #0
  57 0006 0200     		movs	r2, r0
  58 0008 FB1D     		adds	r3, r7, #7
ARM GAS  C:\Users\SONG_J~1\AppData\Local\Temp\cc7RQg4B.s 			page 2


  59 000a 1A70     		strb	r2, [r3]
  60 000c 034B     		ldr	r3, .L2
  61 000e FA1D     		adds	r2, r7, #7
  62 0010 1278     		ldrb	r2, [r2]
  63 0012 1A70     		strb	r2, [r3]
  64 0014 C046     		nop
  65 0016 BD46     		mov	sp, r7
  66 0018 02B0     		add	sp, sp, #8
  67              		@ sp needed
  68 001a 80BD     		pop	{r7, pc}
  69              	.L3:
  70              		.align	2
  71              	.L2:
  72 001c 00000000 		.word	g_atiny_log_level
  74              		.section	.text.atiny_get_log_level,"ax",%progbits
  75              		.align	1
  76              		.global	atiny_get_log_level
  77              		.syntax unified
  78              		.code	16
  79              		.thumb_func
  80              		.fpu softvfp
  82              	atiny_get_log_level:
  83              		@ args = 0, pretend = 0, frame = 0
  84              		@ frame_needed = 1, uses_anonymous_args = 0
  85 0000 80B5     		push	{r7, lr}
  86 0002 00AF     		add	r7, sp, #0
  87 0004 024B     		ldr	r3, .L6
  88 0006 1B78     		ldrb	r3, [r3]
  89 0008 1800     		movs	r0, r3
  90 000a BD46     		mov	sp, r7
  91              		@ sp needed
  92 000c 80BD     		pop	{r7, pc}
  93              	.L7:
  94 000e C046     		.align	2
  95              	.L6:
  96 0010 00000000 		.word	g_atiny_log_level
  98              		.section	.rodata
  99 0022 0000     		.align	2
 100              	.LC7:
 101 0024 554E4B4F 		.ascii	"UNKOWN\000"
 101      574E00
 102              		.section	.text.atiny_get_log_level_name,"ax",%progbits
 103              		.align	1
 104              		.global	atiny_get_log_level_name
 105              		.syntax unified
 106              		.code	16
 107              		.thumb_func
 108              		.fpu softvfp
 110              	atiny_get_log_level_name:
 111              		@ args = 0, pretend = 0, frame = 8
 112              		@ frame_needed = 1, uses_anonymous_args = 0
 113 0000 80B5     		push	{r7, lr}
 114 0002 82B0     		sub	sp, sp, #8
 115 0004 00AF     		add	r7, sp, #0
 116 0006 0200     		movs	r2, r0
 117 0008 FB1D     		adds	r3, r7, #7
 118 000a 1A70     		strb	r2, [r3]
ARM GAS  C:\Users\SONG_J~1\AppData\Local\Temp\cc7RQg4B.s 			page 3


 119 000c FB1D     		adds	r3, r7, #7
 120 000e 1B78     		ldrb	r3, [r3]
 121 0010 042B     		cmp	r3, #4
 122 0012 01D9     		bls	.L9
 123 0014 054B     		ldr	r3, .L11
 124 0016 04E0     		b	.L10
 125              	.L9:
 126 0018 FB1D     		adds	r3, r7, #7
 127 001a 1A78     		ldrb	r2, [r3]
 128 001c 044B     		ldr	r3, .L11+4
 129 001e 9200     		lsls	r2, r2, #2
 130 0020 D358     		ldr	r3, [r2, r3]
 131              	.L10:
 132 0022 1800     		movs	r0, r3
 133 0024 BD46     		mov	sp, r7
 134 0026 02B0     		add	sp, sp, #8
 135              		@ sp needed
 136 0028 80BD     		pop	{r7, pc}
 137              	.L12:
 138 002a C046     		.align	2
 139              	.L11:
 140 002c 24000000 		.word	.LC7
 141 0030 00000000 		.word	g_log_names
 143              		.ident	"GCC: (GNU Tools for Arm Embedded Processors 7-2017-q4-major) 7.2.1 20170904 (release) [ARM
ARM GAS  C:\Users\SONG_J~1\AppData\Local\Temp\cc7RQg4B.s 			page 4


DEFINED SYMBOLS
                            *ABS*:00000000 atiny_log.c
C:\Users\SONG_J~1\AppData\Local\Temp\cc7RQg4B.s:15     .data.g_atiny_log_level:00000000 g_atiny_log_level
C:\Users\SONG_J~1\AppData\Local\Temp\cc7RQg4B.s:18     .rodata:00000000 $d
C:\Users\SONG_J~1\AppData\Local\Temp\cc7RQg4B.s:34     .data.g_log_names:00000000 $d
C:\Users\SONG_J~1\AppData\Local\Temp\cc7RQg4B.s:37     .data.g_log_names:00000000 g_log_names
C:\Users\SONG_J~1\AppData\Local\Temp\cc7RQg4B.s:44     .text.atiny_set_log_level:00000000 $t
C:\Users\SONG_J~1\AppData\Local\Temp\cc7RQg4B.s:51     .text.atiny_set_log_level:00000000 atiny_set_log_level
C:\Users\SONG_J~1\AppData\Local\Temp\cc7RQg4B.s:72     .text.atiny_set_log_level:0000001c $d
C:\Users\SONG_J~1\AppData\Local\Temp\cc7RQg4B.s:75     .text.atiny_get_log_level:00000000 $t
C:\Users\SONG_J~1\AppData\Local\Temp\cc7RQg4B.s:82     .text.atiny_get_log_level:00000000 atiny_get_log_level
C:\Users\SONG_J~1\AppData\Local\Temp\cc7RQg4B.s:96     .text.atiny_get_log_level:00000010 $d
C:\Users\SONG_J~1\AppData\Local\Temp\cc7RQg4B.s:103    .text.atiny_get_log_level_name:00000000 $t
C:\Users\SONG_J~1\AppData\Local\Temp\cc7RQg4B.s:110    .text.atiny_get_log_level_name:00000000 atiny_get_log_level_name
C:\Users\SONG_J~1\AppData\Local\Temp\cc7RQg4B.s:140    .text.atiny_get_log_level_name:0000002c $d

NO UNDEFINED SYMBOLS
