ARM GAS  C:\Users\SONG_J~1\AppData\Local\Temp\cc8kbmt2.s 			page 1


   1              		.cpu cortex-m0
   2              		.eabi_attribute 20, 1
   3              		.eabi_attribute 21, 1
   4              		.eabi_attribute 23, 3
   5              		.eabi_attribute 24, 1
   6              		.eabi_attribute 25, 1
   7              		.eabi_attribute 26, 1
   8              		.eabi_attribute 30, 6
   9              		.eabi_attribute 34, 0
  10              		.eabi_attribute 18, 4
  11              		.file	"atiny_socket.c"
  12              		.section	.rodata
  13              		.align	2
  14              	.LC1:
  15 0000 5B534F43 		.ascii	"[SOCKET][%s:%d] malloc failed for socket context\015"
  15      4B45545D 
  15      5B25733A 
  15      25645D20 
  15      6D616C6C 
  16 0031 0A00     		.ascii	"\012\000"
  17 0033 00       		.align	2
  18              	.LC3:
  19 0034 5B534F43 		.ascii	"[SOCKET][%s:%d] unkown host(%s) or port(%s)\015\012"
  19      4B45545D 
  19      5B25733A 
  19      25645D20 
  19      756E6B6F 
  20 0061 00       		.ascii	"\000"
  21              		.section	.text.atiny_net_connect,"ax",%progbits
  22              		.align	1
  23              		.global	atiny_net_connect
  24              		.syntax unified
  25              		.code	16
  26              		.thumb_func
  27              		.fpu softvfp
  29              	atiny_net_connect:
  30              		@ args = 0, pretend = 0, frame = 24
  31              		@ frame_needed = 1, uses_anonymous_args = 0
  32 0000 80B5     		push	{r7, lr}
  33 0002 88B0     		sub	sp, sp, #32
  34 0004 02AF     		add	r7, sp, #8
  35 0006 F860     		str	r0, [r7, #12]
  36 0008 B960     		str	r1, [r7, #8]
  37 000a 7A60     		str	r2, [r7, #4]
  38 000c 0023     		movs	r3, #0
  39 000e 7B61     		str	r3, [r7, #20]
  40 0010 0420     		movs	r0, #4
  41 0012 FFF7FEFF 		bl	atiny_malloc
  42 0016 0300     		movs	r3, r0
  43 0018 7B61     		str	r3, [r7, #20]
  44 001a 7B69     		ldr	r3, [r7, #20]
  45 001c 002B     		cmp	r3, #0
  46 001e 07D1     		bne	.L2
  47 0020 1449     		ldr	r1, .L5
  48 0022 154B     		ldr	r3, .L5+4
  49 0024 A922     		movs	r2, #169
  50 0026 1800     		movs	r0, r3
ARM GAS  C:\Users\SONG_J~1\AppData\Local\Temp\cc8kbmt2.s 			page 2


  51 0028 FFF7FEFF 		bl	atiny_printf
  52 002c 0023     		movs	r3, #0
  53 002e 1CE0     		b	.L3
  54              	.L2:
  55 0030 7A68     		ldr	r2, [r7, #4]
  56 0032 B968     		ldr	r1, [r7, #8]
  57 0034 FB68     		ldr	r3, [r7, #12]
  58 0036 1800     		movs	r0, r3
  59 0038 FFF7FEFF 		bl	u2n_if_connect
  60 003c 0200     		movs	r2, r0
  61 003e 7B69     		ldr	r3, [r7, #20]
  62 0040 1A60     		str	r2, [r3]
  63 0042 7B69     		ldr	r3, [r7, #20]
  64 0044 1B68     		ldr	r3, [r3]
  65 0046 002B     		cmp	r3, #0
  66 0048 0EDA     		bge	.L4
  67 004a FA68     		ldr	r2, [r7, #12]
  68 004c 0949     		ldr	r1, .L5
  69 004e 0B48     		ldr	r0, .L5+8
  70 0050 BB68     		ldr	r3, [r7, #8]
  71 0052 0093     		str	r3, [sp]
  72 0054 1300     		movs	r3, r2
  73 0056 B022     		movs	r2, #176
  74 0058 FFF7FEFF 		bl	atiny_printf
  75 005c 7B69     		ldr	r3, [r7, #20]
  76 005e 1800     		movs	r0, r3
  77 0060 FFF7FEFF 		bl	atiny_free
  78 0064 0023     		movs	r3, #0
  79 0066 7B61     		str	r3, [r7, #20]
  80              	.L4:
  81 0068 7B69     		ldr	r3, [r7, #20]
  82              	.L3:
  83 006a 1800     		movs	r0, r3
  84 006c BD46     		mov	sp, r7
  85 006e 06B0     		add	sp, sp, #24
  86              		@ sp needed
  87 0070 80BD     		pop	{r7, pc}
  88              	.L6:
  89 0072 C046     		.align	2
  90              	.L5:
  91 0074 00000000 		.word	__FUNCTION__.6691
  92 0078 00000000 		.word	.LC1
  93 007c 34000000 		.word	.LC3
  95              		.section	.text.atiny_net_recv,"ax",%progbits
  96              		.align	1
  97              		.global	atiny_net_recv
  98              		.syntax unified
  99              		.code	16
 100              		.thumb_func
 101              		.fpu softvfp
 103              	atiny_net_recv:
 104              		@ args = 0, pretend = 0, frame = 24
 105              		@ frame_needed = 1, uses_anonymous_args = 0
 106 0000 80B5     		push	{r7, lr}
 107 0002 86B0     		sub	sp, sp, #24
 108 0004 00AF     		add	r7, sp, #0
 109 0006 F860     		str	r0, [r7, #12]
ARM GAS  C:\Users\SONG_J~1\AppData\Local\Temp\cc8kbmt2.s 			page 3


 110 0008 B960     		str	r1, [r7, #8]
 111 000a 7A60     		str	r2, [r7, #4]
 112 000c 0123     		movs	r3, #1
 113 000e 5B42     		rsbs	r3, r3, #0
 114 0010 7B61     		str	r3, [r7, #20]
 115 0012 FB68     		ldr	r3, [r7, #12]
 116 0014 1B68     		ldr	r3, [r3]
 117 0016 3B61     		str	r3, [r7, #16]
 118 0018 7A68     		ldr	r2, [r7, #4]
 119 001a B968     		ldr	r1, [r7, #8]
 120 001c 3B69     		ldr	r3, [r7, #16]
 121 001e 1800     		movs	r0, r3
 122 0020 FFF7FEFF 		bl	u2n_if_recv
 123 0024 0300     		movs	r3, r0
 124 0026 7B61     		str	r3, [r7, #20]
 125 0028 7B69     		ldr	r3, [r7, #20]
 126 002a 1800     		movs	r0, r3
 127 002c BD46     		mov	sp, r7
 128 002e 06B0     		add	sp, sp, #24
 129              		@ sp needed
 130 0030 80BD     		pop	{r7, pc}
 132              		.section	.text.atiny_net_recv_timeout,"ax",%progbits
 133              		.align	1
 134              		.global	atiny_net_recv_timeout
 135              		.syntax unified
 136              		.code	16
 137              		.thumb_func
 138              		.fpu softvfp
 140              	atiny_net_recv_timeout:
 141              		@ args = 0, pretend = 0, frame = 24
 142              		@ frame_needed = 1, uses_anonymous_args = 0
 143 0000 80B5     		push	{r7, lr}
 144 0002 86B0     		sub	sp, sp, #24
 145 0004 00AF     		add	r7, sp, #0
 146 0006 F860     		str	r0, [r7, #12]
 147 0008 B960     		str	r1, [r7, #8]
 148 000a 7A60     		str	r2, [r7, #4]
 149 000c 3B60     		str	r3, [r7]
 150 000e 0123     		movs	r3, #1
 151 0010 5B42     		rsbs	r3, r3, #0
 152 0012 7B61     		str	r3, [r7, #20]
 153 0014 FB68     		ldr	r3, [r7, #12]
 154 0016 1B68     		ldr	r3, [r3]
 155 0018 3B61     		str	r3, [r7, #16]
 156 001a 3B68     		ldr	r3, [r7]
 157 001c 7A68     		ldr	r2, [r7, #4]
 158 001e B968     		ldr	r1, [r7, #8]
 159 0020 3869     		ldr	r0, [r7, #16]
 160 0022 FFF7FEFF 		bl	u2n_if_recv_timeout
 161 0026 0300     		movs	r3, r0
 162 0028 7B61     		str	r3, [r7, #20]
 163 002a 7B69     		ldr	r3, [r7, #20]
 164 002c 1800     		movs	r0, r3
 165 002e BD46     		mov	sp, r7
 166 0030 06B0     		add	sp, sp, #24
 167              		@ sp needed
 168 0032 80BD     		pop	{r7, pc}
ARM GAS  C:\Users\SONG_J~1\AppData\Local\Temp\cc8kbmt2.s 			page 4


 170              		.section	.rodata
 171 0062 0000     		.align	2
 172              	.LC6:
 173 0064 5B534F43 		.ascii	"[SOCKET][%s:%d] ilegal socket(%d)\015\012\000"
 173      4B45545D 
 173      5B25733A 
 173      25645D20 
 173      696C6567 
 174              		.section	.text.atiny_net_send,"ax",%progbits
 175              		.align	1
 176              		.global	atiny_net_send
 177              		.syntax unified
 178              		.code	16
 179              		.thumb_func
 180              		.fpu softvfp
 182              	atiny_net_send:
 183              		@ args = 0, pretend = 0, frame = 24
 184              		@ frame_needed = 1, uses_anonymous_args = 0
 185 0000 90B5     		push	{r4, r7, lr}
 186 0002 87B0     		sub	sp, sp, #28
 187 0004 00AF     		add	r7, sp, #0
 188 0006 F860     		str	r0, [r7, #12]
 189 0008 B960     		str	r1, [r7, #8]
 190 000a 7A60     		str	r2, [r7, #4]
 191 000c 0123     		movs	r3, #1
 192 000e 5B42     		rsbs	r3, r3, #0
 193 0010 7B61     		str	r3, [r7, #20]
 194 0012 FB68     		ldr	r3, [r7, #12]
 195 0014 1B68     		ldr	r3, [r3]
 196 0016 3B61     		str	r3, [r7, #16]
 197 0018 3B69     		ldr	r3, [r7, #16]
 198 001a 002B     		cmp	r3, #0
 199 001c 0BDA     		bge	.L12
 200 001e 3C69     		ldr	r4, [r7, #16]
 201 0020 1223     		movs	r3, #18
 202 0022 FF33     		adds	r3, r3, #255
 203 0024 1A00     		movs	r2, r3
 204 0026 0A49     		ldr	r1, .L14
 205 0028 0A48     		ldr	r0, .L14+4
 206 002a 2300     		movs	r3, r4
 207 002c FFF7FEFF 		bl	atiny_printf
 208 0030 0123     		movs	r3, #1
 209 0032 5B42     		rsbs	r3, r3, #0
 210 0034 08E0     		b	.L13
 211              	.L12:
 212 0036 7A68     		ldr	r2, [r7, #4]
 213 0038 B968     		ldr	r1, [r7, #8]
 214 003a 3B69     		ldr	r3, [r7, #16]
 215 003c 1800     		movs	r0, r3
 216 003e FFF7FEFF 		bl	u2n_if_send
 217 0042 0300     		movs	r3, r0
 218 0044 7B61     		str	r3, [r7, #20]
 219 0046 7B69     		ldr	r3, [r7, #20]
 220              	.L13:
 221 0048 1800     		movs	r0, r3
 222 004a BD46     		mov	sp, r7
 223 004c 07B0     		add	sp, sp, #28
ARM GAS  C:\Users\SONG_J~1\AppData\Local\Temp\cc8kbmt2.s 			page 5


 224              		@ sp needed
 225 004e 90BD     		pop	{r4, r7, pc}
 226              	.L15:
 227              		.align	2
 228              	.L14:
 229 0050 00000000 		.word	__FUNCTION__.6714
 230 0054 64000000 		.word	.LC6
 232              		.section	.text.atiny_net_close,"ax",%progbits
 233              		.align	1
 234              		.global	atiny_net_close
 235              		.syntax unified
 236              		.code	16
 237              		.thumb_func
 238              		.fpu softvfp
 240              	atiny_net_close:
 241              		@ args = 0, pretend = 0, frame = 16
 242              		@ frame_needed = 1, uses_anonymous_args = 0
 243 0000 80B5     		push	{r7, lr}
 244 0002 84B0     		sub	sp, sp, #16
 245 0004 00AF     		add	r7, sp, #0
 246 0006 7860     		str	r0, [r7, #4]
 247 0008 7B68     		ldr	r3, [r7, #4]
 248 000a 1B68     		ldr	r3, [r3]
 249 000c FB60     		str	r3, [r7, #12]
 250 000e FB68     		ldr	r3, [r7, #12]
 251 0010 002B     		cmp	r3, #0
 252 0012 03DB     		blt	.L17
 253 0014 FB68     		ldr	r3, [r7, #12]
 254 0016 1800     		movs	r0, r3
 255 0018 FFF7FEFF 		bl	u2n_if_close
 256              	.L17:
 257 001c 7B68     		ldr	r3, [r7, #4]
 258 001e 1800     		movs	r0, r3
 259 0020 FFF7FEFF 		bl	atiny_free
 260 0024 C046     		nop
 261 0026 BD46     		mov	sp, r7
 262 0028 04B0     		add	sp, sp, #16
 263              		@ sp needed
 264 002a 80BD     		pop	{r7, pc}
 266              		.section	.rodata.__FUNCTION__.6691,"a",%progbits
 267              		.align	2
 270              	__FUNCTION__.6691:
 271 0000 6174696E 		.ascii	"atiny_net_connect\000"
 271      795F6E65 
 271      745F636F 
 271      6E6E6563 
 271      7400
 272              		.section	.rodata.__FUNCTION__.6714,"a",%progbits
 273              		.align	2
 276              	__FUNCTION__.6714:
 277 0000 6174696E 		.ascii	"atiny_net_send\000"
 277      795F6E65 
 277      745F7365 
 277      6E6400
 278              		.ident	"GCC: (GNU Tools for Arm Embedded Processors 7-2017-q4-major) 7.2.1 20170904 (release) [ARM
ARM GAS  C:\Users\SONG_J~1\AppData\Local\Temp\cc8kbmt2.s 			page 6


DEFINED SYMBOLS
                            *ABS*:00000000 atiny_socket.c
C:\Users\SONG_J~1\AppData\Local\Temp\cc8kbmt2.s:13     .rodata:00000000 $d
C:\Users\SONG_J~1\AppData\Local\Temp\cc8kbmt2.s:22     .text.atiny_net_connect:00000000 $t
C:\Users\SONG_J~1\AppData\Local\Temp\cc8kbmt2.s:29     .text.atiny_net_connect:00000000 atiny_net_connect
C:\Users\SONG_J~1\AppData\Local\Temp\cc8kbmt2.s:91     .text.atiny_net_connect:00000074 $d
C:\Users\SONG_J~1\AppData\Local\Temp\cc8kbmt2.s:270    .rodata.__FUNCTION__.6691:00000000 __FUNCTION__.6691
C:\Users\SONG_J~1\AppData\Local\Temp\cc8kbmt2.s:96     .text.atiny_net_recv:00000000 $t
C:\Users\SONG_J~1\AppData\Local\Temp\cc8kbmt2.s:103    .text.atiny_net_recv:00000000 atiny_net_recv
C:\Users\SONG_J~1\AppData\Local\Temp\cc8kbmt2.s:133    .text.atiny_net_recv_timeout:00000000 $t
C:\Users\SONG_J~1\AppData\Local\Temp\cc8kbmt2.s:140    .text.atiny_net_recv_timeout:00000000 atiny_net_recv_timeout
C:\Users\SONG_J~1\AppData\Local\Temp\cc8kbmt2.s:175    .text.atiny_net_send:00000000 $t
C:\Users\SONG_J~1\AppData\Local\Temp\cc8kbmt2.s:182    .text.atiny_net_send:00000000 atiny_net_send
C:\Users\SONG_J~1\AppData\Local\Temp\cc8kbmt2.s:229    .text.atiny_net_send:00000050 $d
C:\Users\SONG_J~1\AppData\Local\Temp\cc8kbmt2.s:276    .rodata.__FUNCTION__.6714:00000000 __FUNCTION__.6714
C:\Users\SONG_J~1\AppData\Local\Temp\cc8kbmt2.s:233    .text.atiny_net_close:00000000 $t
C:\Users\SONG_J~1\AppData\Local\Temp\cc8kbmt2.s:240    .text.atiny_net_close:00000000 atiny_net_close
C:\Users\SONG_J~1\AppData\Local\Temp\cc8kbmt2.s:267    .rodata.__FUNCTION__.6691:00000000 $d
C:\Users\SONG_J~1\AppData\Local\Temp\cc8kbmt2.s:273    .rodata.__FUNCTION__.6714:00000000 $d

UNDEFINED SYMBOLS
atiny_malloc
atiny_printf
u2n_if_connect
atiny_free
u2n_if_recv
u2n_if_recv_timeout
u2n_if_send
u2n_if_close
