ARM GAS  C:\Users\SONG_J~1\AppData\Local\Temp\ccyOj1Xh.s 			page 1


   1              		.cpu cortex-m0
   2              		.eabi_attribute 20, 1
   3              		.eabi_attribute 21, 1
   4              		.eabi_attribute 23, 3
   5              		.eabi_attribute 24, 1
   6              		.eabi_attribute 25, 1
   7              		.eabi_attribute 26, 1
   8              		.eabi_attribute 30, 6
   9              		.eabi_attribute 34, 0
  10              		.eabi_attribute 18, 4
  11              		.file	"atiny_adapter.c"
  12              		.section	.text.osKernelGetTickCount,"ax",%progbits
  13              		.align	1
  14              		.syntax unified
  15              		.code	16
  16              		.thumb_func
  17              		.fpu softvfp
  19              	osKernelGetTickCount:
  20              		@ args = 0, pretend = 0, frame = 8
  21              		@ frame_needed = 1, uses_anonymous_args = 0
  22 0000 90B5     		push	{r4, r7, lr}
  23 0002 83B0     		sub	sp, sp, #12
  24 0004 00AF     		add	r7, sp, #0
  25 0006 0023     		movs	r3, #0
  26 0008 0024     		movs	r4, #0
  27 000a 3B60     		str	r3, [r7]
  28 000c 7C60     		str	r4, [r7, #4]
  29 000e 064B     		ldr	r3, .L3
  30 0010 5C68     		ldr	r4, [r3, #4]
  31 0012 1B68     		ldr	r3, [r3]
  32 0014 3B60     		str	r3, [r7]
  33 0016 7C60     		str	r4, [r7, #4]
  34 0018 3B68     		ldr	r3, [r7]
  35 001a 7C68     		ldr	r4, [r7, #4]
  36 001c 1800     		movs	r0, r3
  37 001e 2100     		movs	r1, r4
  38 0020 BD46     		mov	sp, r7
  39 0022 03B0     		add	sp, sp, #12
  40              		@ sp needed
  41 0024 90BD     		pop	{r4, r7, pc}
  42              	.L4:
  43 0026 C046     		.align	2
  44              	.L3:
  45 0028 00000000 		.word	g_kerneltickscount
  47              		.section	.text.atiny_gettime_ms,"ax",%progbits
  48              		.align	1
  49              		.global	atiny_gettime_ms
  50              		.syntax unified
  51              		.code	16
  52              		.thumb_func
  53              		.fpu softvfp
  55              	atiny_gettime_ms:
  56              		@ args = 0, pretend = 0, frame = 0
  57              		@ frame_needed = 1, uses_anonymous_args = 0
  58 0000 B0B5     		push	{r4, r5, r7, lr}
  59 0002 00AF     		add	r7, sp, #0
  60 0004 FFF7FEFF 		bl	osKernelGetTickCount
ARM GAS  C:\Users\SONG_J~1\AppData\Local\Temp\ccyOj1Xh.s 			page 2


  61 0008 0300     		movs	r3, r0
  62 000a 0C00     		movs	r4, r1
  63 000c 1800     		movs	r0, r3
  64 000e 2100     		movs	r1, r4
  65 0010 BD46     		mov	sp, r7
  66              		@ sp needed
  67 0012 B0BD     		pop	{r4, r5, r7, pc}
  69              		.section	.text.atiny_malloc,"ax",%progbits
  70              		.align	1
  71              		.global	atiny_malloc
  72              		.syntax unified
  73              		.code	16
  74              		.thumb_func
  75              		.fpu softvfp
  77              	atiny_malloc:
  78              		@ args = 0, pretend = 0, frame = 8
  79              		@ frame_needed = 1, uses_anonymous_args = 0
  80 0000 80B5     		push	{r7, lr}
  81 0002 82B0     		sub	sp, sp, #8
  82 0004 00AF     		add	r7, sp, #0
  83 0006 7860     		str	r0, [r7, #4]
  84 0008 7B68     		ldr	r3, [r7, #4]
  85 000a 1800     		movs	r0, r3
  86 000c FFF7FEFF 		bl	nrf_malloc
  87 0010 0300     		movs	r3, r0
  88 0012 1800     		movs	r0, r3
  89 0014 BD46     		mov	sp, r7
  90 0016 02B0     		add	sp, sp, #8
  91              		@ sp needed
  92 0018 80BD     		pop	{r7, pc}
  94              		.section	.text.atiny_free,"ax",%progbits
  95              		.align	1
  96              		.global	atiny_free
  97              		.syntax unified
  98              		.code	16
  99              		.thumb_func
 100              		.fpu softvfp
 102              	atiny_free:
 103              		@ args = 0, pretend = 0, frame = 8
 104              		@ frame_needed = 1, uses_anonymous_args = 0
 105 0000 80B5     		push	{r7, lr}
 106 0002 82B0     		sub	sp, sp, #8
 107 0004 00AF     		add	r7, sp, #0
 108 0006 7860     		str	r0, [r7, #4]
 109 0008 7B68     		ldr	r3, [r7, #4]
 110 000a 1800     		movs	r0, r3
 111 000c FFF7FEFF 		bl	nrf_free
 112 0010 C046     		nop
 113 0012 BD46     		mov	sp, r7
 114 0014 02B0     		add	sp, sp, #8
 115              		@ sp needed
 116 0016 80BD     		pop	{r7, pc}
 118              		.section	.text.atiny_snprintf,"ax",%progbits
 119              		.align	1
 120              		.global	atiny_snprintf
 121              		.syntax unified
 122              		.code	16
ARM GAS  C:\Users\SONG_J~1\AppData\Local\Temp\ccyOj1Xh.s 			page 3


 123              		.thumb_func
 124              		.fpu softvfp
 126              	atiny_snprintf:
 127              		@ args = 4, pretend = 8, frame = 16
 128              		@ frame_needed = 1, uses_anonymous_args = 1
 129 0000 0CB4     		push	{r2, r3}
 130 0002 80B5     		push	{r7, lr}
 131 0004 84B0     		sub	sp, sp, #16
 132 0006 00AF     		add	r7, sp, #0
 133 0008 7860     		str	r0, [r7, #4]
 134 000a 3960     		str	r1, [r7]
 135 000c 1C23     		movs	r3, #28
 136 000e FB18     		adds	r3, r7, r3
 137 0010 BB60     		str	r3, [r7, #8]
 138 0012 BB68     		ldr	r3, [r7, #8]
 139 0014 BA69     		ldr	r2, [r7, #24]
 140 0016 3968     		ldr	r1, [r7]
 141 0018 7868     		ldr	r0, [r7, #4]
 142 001a FFF7FEFF 		bl	vsnprintf
 143 001e 0300     		movs	r3, r0
 144 0020 FB60     		str	r3, [r7, #12]
 145 0022 FB68     		ldr	r3, [r7, #12]
 146 0024 1800     		movs	r0, r3
 147 0026 BD46     		mov	sp, r7
 148 0028 04B0     		add	sp, sp, #16
 149              		@ sp needed
 150 002a 80BC     		pop	{r7}
 151 002c 08BC     		pop	{r3}
 152 002e 02B0     		add	sp, sp, #8
 153 0030 1847     		bx	r3
 155              		.section	.text.atiny_printf,"ax",%progbits
 156              		.align	1
 157              		.global	atiny_printf
 158              		.syntax unified
 159              		.code	16
 160              		.thumb_func
 161              		.fpu softvfp
 163              	atiny_printf:
 164              		@ args = 4, pretend = 16, frame = 8
 165              		@ frame_needed = 1, uses_anonymous_args = 1
 166 0000 0FB4     		push	{r0, r1, r2, r3}
 167 0002 80B5     		push	{r7, lr}
 168 0004 82B0     		sub	sp, sp, #8
 169 0006 00AF     		add	r7, sp, #0
 170 0008 7B68     		ldr	r3, [r7, #4]
 171 000a 1800     		movs	r0, r3
 172 000c BD46     		mov	sp, r7
 173 000e 02B0     		add	sp, sp, #8
 174              		@ sp needed
 175 0010 80BC     		pop	{r7}
 176 0012 08BC     		pop	{r3}
 177 0014 04B0     		add	sp, sp, #16
 178 0016 1847     		bx	r3
 180              		.section	.text.atiny_strdup,"ax",%progbits
 181              		.align	1
 182              		.global	atiny_strdup
 183              		.syntax unified
ARM GAS  C:\Users\SONG_J~1\AppData\Local\Temp\ccyOj1Xh.s 			page 4


 184              		.code	16
 185              		.thumb_func
 186              		.fpu softvfp
 188              	atiny_strdup:
 189              		@ args = 0, pretend = 0, frame = 16
 190              		@ frame_needed = 1, uses_anonymous_args = 0
 191 0000 80B5     		push	{r7, lr}
 192 0002 84B0     		sub	sp, sp, #16
 193 0004 00AF     		add	r7, sp, #0
 194 0006 7860     		str	r0, [r7, #4]
 195 0008 7B68     		ldr	r3, [r7, #4]
 196 000a 002B     		cmp	r3, #0
 197 000c 01D1     		bne	.L15
 198 000e 0023     		movs	r3, #0
 199 0010 1DE0     		b	.L16
 200              	.L15:
 201 0012 7B68     		ldr	r3, [r7, #4]
 202 0014 1800     		movs	r0, r3
 203 0016 FFF7FEFF 		bl	strlen
 204 001a 0300     		movs	r3, r0
 205 001c FB60     		str	r3, [r7, #12]
 206 001e FB68     		ldr	r3, [r7, #12]
 207 0020 0133     		adds	r3, r3, #1
 208 0022 1800     		movs	r0, r3
 209 0024 FFF7FEFF 		bl	atiny_malloc
 210 0028 0300     		movs	r3, r0
 211 002a BB60     		str	r3, [r7, #8]
 212 002c BB68     		ldr	r3, [r7, #8]
 213 002e 002B     		cmp	r3, #0
 214 0030 01D1     		bne	.L17
 215 0032 0023     		movs	r3, #0
 216 0034 0BE0     		b	.L16
 217              	.L17:
 218 0036 FA68     		ldr	r2, [r7, #12]
 219 0038 7968     		ldr	r1, [r7, #4]
 220 003a BB68     		ldr	r3, [r7, #8]
 221 003c 1800     		movs	r0, r3
 222 003e FFF7FEFF 		bl	strncpy
 223 0042 BA68     		ldr	r2, [r7, #8]
 224 0044 FB68     		ldr	r3, [r7, #12]
 225 0046 D318     		adds	r3, r2, r3
 226 0048 0022     		movs	r2, #0
 227 004a 1A70     		strb	r2, [r3]
 228 004c BB68     		ldr	r3, [r7, #8]
 229              	.L16:
 230 004e 1800     		movs	r0, r3
 231 0050 BD46     		mov	sp, r7
 232 0052 04B0     		add	sp, sp, #16
 233              		@ sp needed
 234 0054 80BD     		pop	{r7, pc}
 236              		.section	.text.atiny_mutex_create,"ax",%progbits
 237              		.align	1
 238              		.global	atiny_mutex_create
 239              		.syntax unified
 240              		.code	16
 241              		.thumb_func
 242              		.fpu softvfp
ARM GAS  C:\Users\SONG_J~1\AppData\Local\Temp\ccyOj1Xh.s 			page 5


 244              	atiny_mutex_create:
 245              		@ args = 0, pretend = 0, frame = 0
 246              		@ frame_needed = 1, uses_anonymous_args = 0
 247 0000 80B5     		push	{r7, lr}
 248 0002 00AF     		add	r7, sp, #0
 249 0004 0023     		movs	r3, #0
 250 0006 1800     		movs	r0, r3
 251 0008 BD46     		mov	sp, r7
 252              		@ sp needed
 253 000a 80BD     		pop	{r7, pc}
 255              		.section	.text.atiny_mutex_destroy,"ax",%progbits
 256              		.align	1
 257              		.global	atiny_mutex_destroy
 258              		.syntax unified
 259              		.code	16
 260              		.thumb_func
 261              		.fpu softvfp
 263              	atiny_mutex_destroy:
 264              		@ args = 0, pretend = 0, frame = 8
 265              		@ frame_needed = 1, uses_anonymous_args = 0
 266 0000 80B5     		push	{r7, lr}
 267 0002 82B0     		sub	sp, sp, #8
 268 0004 00AF     		add	r7, sp, #0
 269 0006 7860     		str	r0, [r7, #4]
 270 0008 C046     		nop
 271 000a BD46     		mov	sp, r7
 272 000c 02B0     		add	sp, sp, #8
 273              		@ sp needed
 274 000e 80BD     		pop	{r7, pc}
 276              		.section	.text.atiny_mutex_lock,"ax",%progbits
 277              		.align	1
 278              		.global	atiny_mutex_lock
 279              		.syntax unified
 280              		.code	16
 281              		.thumb_func
 282              		.fpu softvfp
 284              	atiny_mutex_lock:
 285              		@ args = 0, pretend = 0, frame = 8
 286              		@ frame_needed = 1, uses_anonymous_args = 0
 287 0000 80B5     		push	{r7, lr}
 288 0002 82B0     		sub	sp, sp, #8
 289 0004 00AF     		add	r7, sp, #0
 290 0006 7860     		str	r0, [r7, #4]
 291 0008 C046     		nop
 292 000a BD46     		mov	sp, r7
 293 000c 02B0     		add	sp, sp, #8
 294              		@ sp needed
 295 000e 80BD     		pop	{r7, pc}
 297              		.section	.text.atiny_mutex_unlock,"ax",%progbits
 298              		.align	1
 299              		.global	atiny_mutex_unlock
 300              		.syntax unified
 301              		.code	16
 302              		.thumb_func
 303              		.fpu softvfp
 305              	atiny_mutex_unlock:
 306              		@ args = 0, pretend = 0, frame = 8
ARM GAS  C:\Users\SONG_J~1\AppData\Local\Temp\ccyOj1Xh.s 			page 6


 307              		@ frame_needed = 1, uses_anonymous_args = 0
 308 0000 80B5     		push	{r7, lr}
 309 0002 82B0     		sub	sp, sp, #8
 310 0004 00AF     		add	r7, sp, #0
 311 0006 7860     		str	r0, [r7, #4]
 312 0008 C046     		nop
 313 000a BD46     		mov	sp, r7
 314 000c 02B0     		add	sp, sp, #8
 315              		@ sp needed
 316 000e 80BD     		pop	{r7, pc}
 318              		.ident	"GCC: (GNU Tools for Arm Embedded Processors 7-2017-q4-major) 7.2.1 20170904 (release) [ARM
ARM GAS  C:\Users\SONG_J~1\AppData\Local\Temp\ccyOj1Xh.s 			page 7


DEFINED SYMBOLS
                            *ABS*:00000000 atiny_adapter.c
C:\Users\SONG_J~1\AppData\Local\Temp\ccyOj1Xh.s:13     .text.osKernelGetTickCount:00000000 $t
C:\Users\SONG_J~1\AppData\Local\Temp\ccyOj1Xh.s:19     .text.osKernelGetTickCount:00000000 osKernelGetTickCount
C:\Users\SONG_J~1\AppData\Local\Temp\ccyOj1Xh.s:45     .text.osKernelGetTickCount:00000028 $d
C:\Users\SONG_J~1\AppData\Local\Temp\ccyOj1Xh.s:48     .text.atiny_gettime_ms:00000000 $t
C:\Users\SONG_J~1\AppData\Local\Temp\ccyOj1Xh.s:55     .text.atiny_gettime_ms:00000000 atiny_gettime_ms
C:\Users\SONG_J~1\AppData\Local\Temp\ccyOj1Xh.s:70     .text.atiny_malloc:00000000 $t
C:\Users\SONG_J~1\AppData\Local\Temp\ccyOj1Xh.s:77     .text.atiny_malloc:00000000 atiny_malloc
C:\Users\SONG_J~1\AppData\Local\Temp\ccyOj1Xh.s:95     .text.atiny_free:00000000 $t
C:\Users\SONG_J~1\AppData\Local\Temp\ccyOj1Xh.s:102    .text.atiny_free:00000000 atiny_free
C:\Users\SONG_J~1\AppData\Local\Temp\ccyOj1Xh.s:119    .text.atiny_snprintf:00000000 $t
C:\Users\SONG_J~1\AppData\Local\Temp\ccyOj1Xh.s:126    .text.atiny_snprintf:00000000 atiny_snprintf
C:\Users\SONG_J~1\AppData\Local\Temp\ccyOj1Xh.s:156    .text.atiny_printf:00000000 $t
C:\Users\SONG_J~1\AppData\Local\Temp\ccyOj1Xh.s:163    .text.atiny_printf:00000000 atiny_printf
C:\Users\SONG_J~1\AppData\Local\Temp\ccyOj1Xh.s:181    .text.atiny_strdup:00000000 $t
C:\Users\SONG_J~1\AppData\Local\Temp\ccyOj1Xh.s:188    .text.atiny_strdup:00000000 atiny_strdup
C:\Users\SONG_J~1\AppData\Local\Temp\ccyOj1Xh.s:237    .text.atiny_mutex_create:00000000 $t
C:\Users\SONG_J~1\AppData\Local\Temp\ccyOj1Xh.s:244    .text.atiny_mutex_create:00000000 atiny_mutex_create
C:\Users\SONG_J~1\AppData\Local\Temp\ccyOj1Xh.s:256    .text.atiny_mutex_destroy:00000000 $t
C:\Users\SONG_J~1\AppData\Local\Temp\ccyOj1Xh.s:263    .text.atiny_mutex_destroy:00000000 atiny_mutex_destroy
C:\Users\SONG_J~1\AppData\Local\Temp\ccyOj1Xh.s:277    .text.atiny_mutex_lock:00000000 $t
C:\Users\SONG_J~1\AppData\Local\Temp\ccyOj1Xh.s:284    .text.atiny_mutex_lock:00000000 atiny_mutex_lock
C:\Users\SONG_J~1\AppData\Local\Temp\ccyOj1Xh.s:298    .text.atiny_mutex_unlock:00000000 $t
C:\Users\SONG_J~1\AppData\Local\Temp\ccyOj1Xh.s:305    .text.atiny_mutex_unlock:00000000 atiny_mutex_unlock

UNDEFINED SYMBOLS
g_kerneltickscount
nrf_malloc
nrf_free
vsnprintf
strlen
strncpy
