ARM GAS  C:\Users\SONG_J~1\AppData\Local\Temp\ccmCQLXm.s 			page 1


   1              		.cpu cortex-m0
   2              		.eabi_attribute 20, 1
   3              		.eabi_attribute 21, 1
   4              		.eabi_attribute 23, 3
   5              		.eabi_attribute 24, 1
   6              		.eabi_attribute 25, 1
   7              		.eabi_attribute 26, 1
   8              		.eabi_attribute 30, 6
   9              		.eabi_attribute 34, 0
  10              		.eabi_attribute 18, 4
  11              		.file	"esp8266.c"
  12              		.section	.text.nrf_gpio_pin_set,"ax",%progbits
  13              		.align	1
  14              		.syntax unified
  15              		.code	16
  16              		.thumb_func
  17              		.fpu softvfp
  19              	nrf_gpio_pin_set:
  20              		@ args = 0, pretend = 0, frame = 8
  21              		@ frame_needed = 1, uses_anonymous_args = 0
  22 0000 80B5     		push	{r7, lr}
  23 0002 82B0     		sub	sp, sp, #8
  24 0004 00AF     		add	r7, sp, #0
  25 0006 7860     		str	r0, [r7, #4]
  26 0008 A023     		movs	r3, #160
  27 000a DA05     		lsls	r2, r3, #23
  28 000c 0121     		movs	r1, #1
  29 000e 7B68     		ldr	r3, [r7, #4]
  30 0010 9940     		lsls	r1, r1, r3
  31 0012 A123     		movs	r3, #161
  32 0014 DB00     		lsls	r3, r3, #3
  33 0016 D150     		str	r1, [r2, r3]
  34 0018 C046     		nop
  35 001a BD46     		mov	sp, r7
  36 001c 02B0     		add	sp, sp, #8
  37              		@ sp needed
  38 001e 80BD     		pop	{r7, pc}
  40              		.section	.text.nrf_gpio_pin_toggle,"ax",%progbits
  41              		.align	1
  42              		.syntax unified
  43              		.code	16
  44              		.thumb_func
  45              		.fpu softvfp
  47              	nrf_gpio_pin_toggle:
  48              		@ args = 0, pretend = 0, frame = 16
  49              		@ frame_needed = 1, uses_anonymous_args = 0
  50 0000 80B5     		push	{r7, lr}
  51 0002 84B0     		sub	sp, sp, #16
  52 0004 00AF     		add	r7, sp, #0
  53 0006 7860     		str	r0, [r7, #4]
  54 0008 0122     		movs	r2, #1
  55 000a 7B68     		ldr	r3, [r7, #4]
  56 000c 9A40     		lsls	r2, r2, r3
  57 000e 1300     		movs	r3, r2
  58 0010 FB60     		str	r3, [r7, #12]
  59 0012 A023     		movs	r3, #160
  60 0014 DB05     		lsls	r3, r3, #23
ARM GAS  C:\Users\SONG_J~1\AppData\Local\Temp\ccmCQLXm.s 			page 2


  61 0016 0D4A     		ldr	r2, .L6
  62 0018 9A58     		ldr	r2, [r3, r2]
  63 001a 7B68     		ldr	r3, [r7, #4]
  64 001c DA40     		lsrs	r2, r2, r3
  65 001e 1300     		movs	r3, r2
  66 0020 0122     		movs	r2, #1
  67 0022 1340     		ands	r3, r2
  68 0024 BB60     		str	r3, [r7, #8]
  69 0026 BB68     		ldr	r3, [r7, #8]
  70 0028 002B     		cmp	r3, #0
  71 002a 06D1     		bne	.L3
  72 002c A023     		movs	r3, #160
  73 002e DA05     		lsls	r2, r3, #23
  74 0030 A123     		movs	r3, #161
  75 0032 DB00     		lsls	r3, r3, #3
  76 0034 F968     		ldr	r1, [r7, #12]
  77 0036 D150     		str	r1, [r2, r3]
  78 0038 04E0     		b	.L5
  79              	.L3:
  80 003a A023     		movs	r3, #160
  81 003c DB05     		lsls	r3, r3, #23
  82 003e 0449     		ldr	r1, .L6+4
  83 0040 FA68     		ldr	r2, [r7, #12]
  84 0042 5A50     		str	r2, [r3, r1]
  85              	.L5:
  86 0044 C046     		nop
  87 0046 BD46     		mov	sp, r7
  88 0048 04B0     		add	sp, sp, #16
  89              		@ sp needed
  90 004a 80BD     		pop	{r7, pc}
  91              	.L7:
  92              		.align	2
  93              	.L6:
  94 004c 04050000 		.word	1284
  95 0050 0C050000 		.word	1292
  97              		.section	.bss.mailbox_items_esp8266_mb,"aw",%nobits
  98              		.align	2
 101              	mailbox_items_esp8266_mb:
 102 0000 00000000 		.space	36
 102      00000000 
 102      00000000 
 102      00000000 
 102      00000000 
 103              		.section	.bss.mailbox_cb_esp8266_mb,"aw",%nobits
 104              		.align	2
 107              	mailbox_cb_esp8266_mb:
 108 0000 00000000 		.space	4
 109              		.global	esp8266_mb
 110              		.section	.rodata.esp8266_mb,"a",%progbits
 111              		.align	2
 114              	esp8266_mb:
 115 0000 00000000 		.word	mailbox_items_esp8266_mb
 116 0004 00000000 		.word	mailbox_cb_esp8266_mb
 117 0008 0800     		.short	8
 118 000a 03       		.byte	3
 119 000b 00       		.space	1
 120              		.global	esp8266_cmd
ARM GAS  C:\Users\SONG_J~1\AppData\Local\Temp\ccmCQLXm.s 			page 3


 121              		.section	.rodata
 122              		.align	2
 123              	.LC2:
 124 0000 41540D0A 		.ascii	"AT\015\012\000"
 124      00
 125 0005 000000   		.align	2
 126              	.LC3:
 127 0008 4F4B00   		.ascii	"OK\000"
 128 000b 00       		.align	2
 129              	.LC4:
 130 000c 41542B52 		.ascii	"AT+RST\015\012\000"
 130      53540D0A 
 130      00
 131 0015 000000   		.align	2
 132              	.LC5:
 133 0018 72656164 		.ascii	"ready\000"
 133      7900
 134 001e 0000     		.align	2
 135              	.LC6:
 136 0020 41544530 		.ascii	"ATE0\015\012\000"
 136      0D0A00
 137 0027 00       		.align	2
 138              	.LC7:
 139 0028 41542B43 		.ascii	"AT+CWMODE_CUR\000"
 139      574D4F44 
 139      455F4355 
 139      5200
 140 0036 0000     		.align	2
 141              	.LC8:
 142 0038 41542B43 		.ascii	"AT+CWJAP_CUR\000"
 142      574A4150 
 142      5F435552 
 142      00
 143 0045 000000   		.align	2
 144              	.LC9:
 145 0048 41542B43 		.ascii	"AT+CIPMUX\000"
 145      49504D55 
 145      5800
 146 0052 0000     		.align	2
 147              	.LC10:
 148 0054 41542B43 		.ascii	"AT+CIPSTART\000"
 148      49505354 
 148      41525400 
 149              		.align	2
 150              	.LC11:
 151 0060 41542B43 		.ascii	"AT+CIPSEND\000"
 151      49505345 
 151      4E4400
 152 006b 00       		.align	2
 153              	.LC12:
 154 006c 53454E44 		.ascii	"SEND OK\000"
 154      204F4B00 
 155              		.align	2
 156              	.LC13:
 157 0074 41542B43 		.ascii	"AT+CIPCLOSE\000"
 157      4950434C 
 157      4F534500 
ARM GAS  C:\Users\SONG_J~1\AppData\Local\Temp\ccmCQLXm.s 			page 4


 158              		.section	.data.esp8266_cmd,"aw",%progbits
 159              		.align	2
 162              	esp8266_cmd:
 163 0000 00000000 		.word	.LC2
 164 0004 08000000 		.word	.LC3
 165 0008 0C000000 		.word	.LC4
 166 000c 18000000 		.word	.LC5
 167 0010 20000000 		.word	.LC6
 168 0014 08000000 		.word	.LC3
 169 0018 28000000 		.word	.LC7
 170 001c 08000000 		.word	.LC3
 171 0020 38000000 		.word	.LC8
 172 0024 08000000 		.word	.LC3
 173 0028 48000000 		.word	.LC9
 174 002c 08000000 		.word	.LC3
 175 0030 54000000 		.word	.LC10
 176 0034 08000000 		.word	.LC3
 177 0038 60000000 		.word	.LC11
 178 003c 6C000000 		.word	.LC12
 179 0040 74000000 		.word	.LC13
 180 0044 08000000 		.word	.LC3
 181 0048 00000000 		.word	0
 182 004c 00000000 		.word	0
 183              		.section	.text.esp8266_send_cmd,"ax",%progbits
 184              		.align	1
 185              		.global	esp8266_send_cmd
 186              		.syntax unified
 187              		.code	16
 188              		.thumb_func
 189              		.fpu softvfp
 191              	esp8266_send_cmd:
 192              		@ args = 0, pretend = 0, frame = 8
 193              		@ frame_needed = 1, uses_anonymous_args = 0
 194 0000 90B5     		push	{r4, r7, lr}
 195 0002 83B0     		sub	sp, sp, #12
 196 0004 00AF     		add	r7, sp, #0
 197 0006 0200     		movs	r2, r0
 198 0008 FB1D     		adds	r3, r7, #7
 199 000a 1A70     		strb	r2, [r3]
 200 000c FB1D     		adds	r3, r7, #7
 201 000e 1B78     		ldrb	r3, [r3]
 202 0010 082B     		cmp	r3, #8
 203 0012 02D9     		bls	.L9
 204 0014 0123     		movs	r3, #1
 205 0016 5B42     		rsbs	r3, r3, #0
 206 0018 19E0     		b	.L10
 207              	.L9:
 208 001a FB1D     		adds	r3, r7, #7
 209 001c 1A78     		ldrb	r2, [r3]
 210 001e 0E4B     		ldr	r3, .L11
 211 0020 D200     		lsls	r2, r2, #3
 212 0022 D458     		ldr	r4, [r2, r3]
 213 0024 FB1D     		adds	r3, r7, #7
 214 0026 1A78     		ldrb	r2, [r3]
 215 0028 0B4B     		ldr	r3, .L11
 216 002a D200     		lsls	r2, r2, #3
 217 002c D358     		ldr	r3, [r2, r3]
ARM GAS  C:\Users\SONG_J~1\AppData\Local\Temp\ccmCQLXm.s 			page 5


 218 002e 1800     		movs	r0, r3
 219 0030 FFF7FEFF 		bl	strlen
 220 0034 0100     		movs	r1, r0
 221 0036 FB1D     		adds	r3, r7, #7
 222 0038 1B78     		ldrb	r3, [r3]
 223 003a 074A     		ldr	r2, .L11
 224 003c DB00     		lsls	r3, r3, #3
 225 003e D318     		adds	r3, r2, r3
 226 0040 0433     		adds	r3, r3, #4
 227 0042 1B68     		ldr	r3, [r3]
 228 0044 1A00     		movs	r2, r3
 229 0046 2000     		movs	r0, r4
 230 0048 FFF7FEFF 		bl	hw_uart_send
 231 004c 0300     		movs	r3, r0
 232              	.L10:
 233 004e 1800     		movs	r0, r3
 234 0050 BD46     		mov	sp, r7
 235 0052 03B0     		add	sp, sp, #12
 236              		@ sp needed
 237 0054 90BD     		pop	{r4, r7, pc}
 238              	.L12:
 239 0056 C046     		.align	2
 240              	.L11:
 241 0058 00000000 		.word	esp8266_cmd
 243              		.section	.rodata
 244              		.align	2
 245              	.LC16:
 246 0080 25733D25 		.ascii	"%s=%d\015\012\000"
 246      640D0A00 
 247              		.section	.text.esp8266_choose_net_mode,"ax",%progbits
 248              		.align	1
 249              		.global	esp8266_choose_net_mode
 250              		.syntax unified
 251              		.code	16
 252              		.thumb_func
 253              		.fpu softvfp
 255              	esp8266_choose_net_mode:
 256              		@ args = 0, pretend = 0, frame = 72
 257              		@ frame_needed = 1, uses_anonymous_args = 0
 258 0000 90B5     		push	{r4, r7, lr}
 259 0002 95B0     		sub	sp, sp, #84
 260 0004 02AF     		add	r7, sp, #8
 261 0006 0200     		movs	r2, r0
 262 0008 FB1D     		adds	r3, r7, #7
 263 000a 1A70     		strb	r2, [r3]
 264 000c FB1D     		adds	r3, r7, #7
 265 000e 1B78     		ldrb	r3, [r3]
 266 0010 032B     		cmp	r3, #3
 267 0012 1FD8     		bhi	.L17
 268 0014 0824     		movs	r4, #8
 269 0016 3B19     		adds	r3, r7, r4
 270 0018 1800     		movs	r0, r3
 271 001a 4023     		movs	r3, #64
 272 001c 1A00     		movs	r2, r3
 273 001e 0021     		movs	r1, #0
 274 0020 FFF7FEFF 		bl	memset
 275 0024 0D4B     		ldr	r3, .L18
ARM GAS  C:\Users\SONG_J~1\AppData\Local\Temp\ccmCQLXm.s 			page 6


 276 0026 9969     		ldr	r1, [r3, #24]
 277 0028 FB1D     		adds	r3, r7, #7
 278 002a 1B78     		ldrb	r3, [r3]
 279 002c 0C4A     		ldr	r2, .L18+4
 280 002e 3819     		adds	r0, r7, r4
 281 0030 0093     		str	r3, [sp]
 282 0032 0B00     		movs	r3, r1
 283 0034 4021     		movs	r1, #64
 284 0036 FFF7FEFF 		bl	snprintf
 285 003a 3B19     		adds	r3, r7, r4
 286 003c 1800     		movs	r0, r3
 287 003e FFF7FEFF 		bl	strlen
 288 0042 0100     		movs	r1, r0
 289 0044 054B     		ldr	r3, .L18
 290 0046 DA69     		ldr	r2, [r3, #28]
 291 0048 3B19     		adds	r3, r7, r4
 292 004a 1800     		movs	r0, r3
 293 004c FFF7FEFF 		bl	hw_uart_send
 294 0050 C046     		nop
 295 0052 00E0     		b	.L13
 296              	.L17:
 297 0054 C046     		nop
 298              	.L13:
 299 0056 BD46     		mov	sp, r7
 300 0058 13B0     		add	sp, sp, #76
 301              		@ sp needed
 302 005a 90BD     		pop	{r4, r7, pc}
 303              	.L19:
 304              		.align	2
 305              	.L18:
 306 005c 00000000 		.word	esp8266_cmd
 307 0060 80000000 		.word	.LC16
 309              		.section	.rodata
 310              		.align	2
 311              	.LC19:
 312 0088 25733D22 		.ascii	"%s=\"%s\",\"%s\"\015\012\000"
 312      2573222C 
 312      22257322 
 312      0D0A00
 313              		.section	.text.esp8266_joinap,"ax",%progbits
 314              		.align	1
 315              		.global	esp8266_joinap
 316              		.syntax unified
 317              		.code	16
 318              		.thumb_func
 319              		.fpu softvfp
 321              	esp8266_joinap:
 322              		@ args = 0, pretend = 0, frame = 72
 323              		@ frame_needed = 1, uses_anonymous_args = 0
 324 0000 90B5     		push	{r4, r7, lr}
 325 0002 95B0     		sub	sp, sp, #84
 326 0004 02AF     		add	r7, sp, #8
 327 0006 7860     		str	r0, [r7, #4]
 328 0008 3960     		str	r1, [r7]
 329 000a 7B68     		ldr	r3, [r7, #4]
 330 000c 002B     		cmp	r3, #0
 331 000e 02D0     		beq	.L21
ARM GAS  C:\Users\SONG_J~1\AppData\Local\Temp\ccmCQLXm.s 			page 7


 332 0010 3B68     		ldr	r3, [r7]
 333 0012 002B     		cmp	r3, #0
 334 0014 02D1     		bne	.L22
 335              	.L21:
 336 0016 0123     		movs	r3, #1
 337 0018 5B42     		rsbs	r3, r3, #0
 338 001a 1FE0     		b	.L24
 339              	.L22:
 340 001c 0824     		movs	r4, #8
 341 001e 3B19     		adds	r3, r7, r4
 342 0020 1800     		movs	r0, r3
 343 0022 4023     		movs	r3, #64
 344 0024 1A00     		movs	r2, r3
 345 0026 0021     		movs	r1, #0
 346 0028 FFF7FEFF 		bl	memset
 347 002c 0D4B     		ldr	r3, .L25
 348 002e 196A     		ldr	r1, [r3, #32]
 349 0030 0D4A     		ldr	r2, .L25+4
 350 0032 3819     		adds	r0, r7, r4
 351 0034 3B68     		ldr	r3, [r7]
 352 0036 0193     		str	r3, [sp, #4]
 353 0038 7B68     		ldr	r3, [r7, #4]
 354 003a 0093     		str	r3, [sp]
 355 003c 0B00     		movs	r3, r1
 356 003e 4021     		movs	r1, #64
 357 0040 FFF7FEFF 		bl	snprintf
 358 0044 3B19     		adds	r3, r7, r4
 359 0046 1800     		movs	r0, r3
 360 0048 FFF7FEFF 		bl	strlen
 361 004c 0100     		movs	r1, r0
 362 004e 054B     		ldr	r3, .L25
 363 0050 5A6A     		ldr	r2, [r3, #36]
 364 0052 3B19     		adds	r3, r7, r4
 365 0054 1800     		movs	r0, r3
 366 0056 FFF7FEFF 		bl	hw_uart_send
 367 005a 0300     		movs	r3, r0
 368              	.L24:
 369 005c 1800     		movs	r0, r3
 370 005e BD46     		mov	sp, r7
 371 0060 13B0     		add	sp, sp, #76
 372              		@ sp needed
 373 0062 90BD     		pop	{r4, r7, pc}
 374              	.L26:
 375              		.align	2
 376              	.L25:
 377 0064 00000000 		.word	esp8266_cmd
 378 0068 88000000 		.word	.LC19
 380              		.section	.text.esp8266_set_mux_mode,"ax",%progbits
 381              		.align	1
 382              		.global	esp8266_set_mux_mode
 383              		.syntax unified
 384              		.code	16
 385              		.thumb_func
 386              		.fpu softvfp
 388              	esp8266_set_mux_mode:
 389              		@ args = 0, pretend = 0, frame = 72
 390              		@ frame_needed = 1, uses_anonymous_args = 0
ARM GAS  C:\Users\SONG_J~1\AppData\Local\Temp\ccmCQLXm.s 			page 8


 391 0000 90B5     		push	{r4, r7, lr}
 392 0002 95B0     		sub	sp, sp, #84
 393 0004 02AF     		add	r7, sp, #8
 394 0006 7860     		str	r0, [r7, #4]
 395 0008 0824     		movs	r4, #8
 396 000a 3B19     		adds	r3, r7, r4
 397 000c 1800     		movs	r0, r3
 398 000e 4023     		movs	r3, #64
 399 0010 1A00     		movs	r2, r3
 400 0012 0021     		movs	r1, #0
 401 0014 FFF7FEFF 		bl	memset
 402 0018 0C4B     		ldr	r3, .L28
 403 001a 996A     		ldr	r1, [r3, #40]
 404 001c 0C4A     		ldr	r2, .L28+4
 405 001e 3819     		adds	r0, r7, r4
 406 0020 7B68     		ldr	r3, [r7, #4]
 407 0022 0093     		str	r3, [sp]
 408 0024 0B00     		movs	r3, r1
 409 0026 4021     		movs	r1, #64
 410 0028 FFF7FEFF 		bl	snprintf
 411 002c 3B19     		adds	r3, r7, r4
 412 002e 1800     		movs	r0, r3
 413 0030 FFF7FEFF 		bl	strlen
 414 0034 0100     		movs	r1, r0
 415 0036 054B     		ldr	r3, .L28
 416 0038 DA6A     		ldr	r2, [r3, #44]
 417 003a 3B19     		adds	r3, r7, r4
 418 003c 1800     		movs	r0, r3
 419 003e FFF7FEFF 		bl	hw_uart_send
 420 0042 C046     		nop
 421 0044 BD46     		mov	sp, r7
 422 0046 13B0     		add	sp, sp, #76
 423              		@ sp needed
 424 0048 90BD     		pop	{r4, r7, pc}
 425              	.L29:
 426 004a C046     		.align	2
 427              	.L28:
 428 004c 00000000 		.word	esp8266_cmd
 429 0050 80000000 		.word	.LC16
 431              		.section	.text.esp8266_event_handler,"ax",%progbits
 432              		.align	1
 433              		.global	esp8266_event_handler
 434              		.syntax unified
 435              		.code	16
 436              		.thumb_func
 437              		.fpu softvfp
 439              	esp8266_event_handler:
 440              		@ args = 0, pretend = 0, frame = 16
 441              		@ frame_needed = 1, uses_anonymous_args = 0
 442 0000 90B5     		push	{r4, r7, lr}
 443 0002 85B0     		sub	sp, sp, #20
 444 0004 00AF     		add	r7, sp, #0
 445 0006 0200     		movs	r2, r0
 446 0008 FB1D     		adds	r3, r7, #7
 447 000a 1A70     		strb	r2, [r3]
 448 000c 1620     		movs	r0, #22
 449 000e FFF7FEFF 		bl	nrf_gpio_pin_toggle
ARM GAS  C:\Users\SONG_J~1\AppData\Local\Temp\ccmCQLXm.s 			page 9


 450 0012 404B     		ldr	r3, .L44
 451 0014 1B68     		ldr	r3, [r3]
 452 0016 012B     		cmp	r3, #1
 453 0018 17D0     		beq	.L32
 454 001a 022B     		cmp	r3, #2
 455 001c 32D0     		beq	.L33
 456 001e 002B     		cmp	r3, #0
 457 0020 00D0     		beq	.L34
 458 0022 69E0     		b	.L35
 459              	.L34:
 460 0024 3C4B     		ldr	r3, .L44+4
 461 0026 0022     		movs	r2, #0
 462 0028 1A60     		str	r2, [r3]
 463 002a 8023     		movs	r3, #128
 464 002c DA00     		lsls	r2, r3, #3
 465 002e 3B4B     		ldr	r3, .L44+8
 466 0030 0021     		movs	r1, #0
 467 0032 1800     		movs	r0, r3
 468 0034 FFF7FEFF 		bl	memset
 469 0038 394B     		ldr	r3, .L44+12
 470 003a 0022     		movs	r2, #0
 471 003c 1A60     		str	r2, [r3]
 472 003e 354B     		ldr	r3, .L44
 473 0040 1B68     		ldr	r3, [r3]
 474 0042 5A1C     		adds	r2, r3, #1
 475 0044 334B     		ldr	r3, .L44
 476 0046 1A60     		str	r2, [r3]
 477 0048 56E0     		b	.L35
 478              	.L32:
 479 004a FB1D     		adds	r3, r7, #7
 480 004c 1B78     		ldrb	r3, [r3]
 481 004e 2F2B     		cmp	r3, #47
 482 0050 12D9     		bls	.L36
 483 0052 FB1D     		adds	r3, r7, #7
 484 0054 1B78     		ldrb	r3, [r3]
 485 0056 392B     		cmp	r3, #57
 486 0058 0ED8     		bhi	.L36
 487 005a 2F4B     		ldr	r3, .L44+4
 488 005c 1A68     		ldr	r2, [r3]
 489 005e 1300     		movs	r3, r2
 490 0060 9B00     		lsls	r3, r3, #2
 491 0062 9B18     		adds	r3, r3, r2
 492 0064 5B00     		lsls	r3, r3, #1
 493 0066 1A00     		movs	r2, r3
 494 0068 FB1D     		adds	r3, r7, #7
 495 006a 1B78     		ldrb	r3, [r3]
 496 006c D318     		adds	r3, r2, r3
 497 006e 303B     		subs	r3, r3, #48
 498 0070 1A00     		movs	r2, r3
 499 0072 294B     		ldr	r3, .L44+4
 500 0074 1A60     		str	r2, [r3]
 501 0076 3FE0     		b	.L35
 502              	.L36:
 503 0078 264B     		ldr	r3, .L44
 504 007a 1B68     		ldr	r3, [r3]
 505 007c 5A1C     		adds	r2, r3, #1
 506 007e 254B     		ldr	r3, .L44
ARM GAS  C:\Users\SONG_J~1\AppData\Local\Temp\ccmCQLXm.s 			page 10


 507 0080 1A60     		str	r2, [r3]
 508 0082 39E0     		b	.L35
 509              	.L33:
 510 0084 264B     		ldr	r3, .L44+12
 511 0086 1A68     		ldr	r2, [r3]
 512 0088 234B     		ldr	r3, .L44+4
 513 008a 1B68     		ldr	r3, [r3]
 514 008c 9A42     		cmp	r2, r3
 515 008e 08DA     		bge	.L38
 516 0090 234B     		ldr	r3, .L44+12
 517 0092 1B68     		ldr	r3, [r3]
 518 0094 591C     		adds	r1, r3, #1
 519 0096 224A     		ldr	r2, .L44+12
 520 0098 1160     		str	r1, [r2]
 521 009a 204A     		ldr	r2, .L44+8
 522 009c F91D     		adds	r1, r7, #7
 523 009e 0978     		ldrb	r1, [r1]
 524 00a0 D154     		strb	r1, [r2, r3]
 525              	.L38:
 526 00a2 1F4B     		ldr	r3, .L44+12
 527 00a4 1A68     		ldr	r2, [r3]
 528 00a6 1C4B     		ldr	r3, .L44+4
 529 00a8 1B68     		ldr	r3, [r3]
 530 00aa 9A42     		cmp	r2, r3
 531 00ac 23D1     		bne	.L43
 532 00ae 194B     		ldr	r3, .L44
 533 00b0 1B68     		ldr	r3, [r3]
 534 00b2 5A1C     		adds	r2, r3, #1
 535 00b4 174B     		ldr	r3, .L44
 536 00b6 1A60     		str	r2, [r3]
 537 00b8 174B     		ldr	r3, .L44+4
 538 00ba 1B68     		ldr	r3, [r3]
 539 00bc 002B     		cmp	r3, #0
 540 00be 1ADD     		ble	.L43
 541 00c0 154B     		ldr	r3, .L44+4
 542 00c2 1B68     		ldr	r3, [r3]
 543 00c4 1A00     		movs	r2, r3
 544 00c6 0824     		movs	r4, #8
 545 00c8 3B19     		adds	r3, r7, r4
 546 00ca 1A60     		str	r2, [r3]
 547 00cc 124B     		ldr	r3, .L44+4
 548 00ce 1B68     		ldr	r3, [r3]
 549 00d0 1800     		movs	r0, r3
 550 00d2 FFF7FEFF 		bl	atiny_malloc
 551 00d6 0200     		movs	r2, r0
 552 00d8 3B19     		adds	r3, r7, r4
 553 00da 5A60     		str	r2, [r3, #4]
 554 00dc 3B19     		adds	r3, r7, r4
 555 00de 5868     		ldr	r0, [r3, #4]
 556 00e0 0D4B     		ldr	r3, .L44+4
 557 00e2 1B68     		ldr	r3, [r3]
 558 00e4 1A00     		movs	r2, r3
 559 00e6 0D4B     		ldr	r3, .L44+8
 560 00e8 1900     		movs	r1, r3
 561 00ea FFF7FEFF 		bl	memcpy
 562 00ee 3B19     		adds	r3, r7, r4
 563 00f0 1800     		movs	r0, r3
ARM GAS  C:\Users\SONG_J~1\AppData\Local\Temp\ccmCQLXm.s 			page 11


 564 00f2 FFF7FEFF 		bl	hw_mb_put
 565              	.L43:
 566 00f6 C046     		nop
 567              	.L35:
 568 00f8 064B     		ldr	r3, .L44
 569 00fa 1B68     		ldr	r3, [r3]
 570 00fc 022B     		cmp	r3, #2
 571 00fe 04DD     		ble	.L41
 572 0100 044B     		ldr	r3, .L44
 573 0102 0022     		movs	r2, #0
 574 0104 1A60     		str	r2, [r3]
 575 0106 0123     		movs	r3, #1
 576 0108 00E0     		b	.L42
 577              	.L41:
 578 010a 0023     		movs	r3, #0
 579              	.L42:
 580 010c 1800     		movs	r0, r3
 581 010e BD46     		mov	sp, r7
 582 0110 05B0     		add	sp, sp, #20
 583              		@ sp needed
 584 0112 90BD     		pop	{r4, r7, pc}
 585              	.L45:
 586              		.align	2
 587              	.L44:
 588 0114 00000000 		.word	state.7447
 589 0118 00000000 		.word	len.7448
 590 011c 00000000 		.word	buf.7449
 591 0120 00000000 		.word	buf_count.7450
 593              		.section	.rodata
 594 0097 00       		.align	2
 595              	.LC30:
 596 0098 38373635 		.ascii	"87654321\000"
 596      34333231 
 596      00
 597 00a1 000000   		.align	2
 598              	.LC32:
 599 00a4 54502D4C 		.ascii	"TP-LINK_80D8BE\000"
 599      494E4B5F 
 599      38304438 
 599      424500
 600 00b3 00       		.align	2
 601              	.LC0:
 602 00b4 2B495044 		.ascii	"+IPD\000"
 602      00
 603 00b9 000000   		.align	2
 604              	.LC27:
 605 00bc B4000000 		.word	.LC0
 606 00c0 00000000 		.word	0
 607 00c4 00000000 		.word	esp8266_event_handler
 608              		.section	.text.esp8266_init,"ax",%progbits
 609              		.align	1
 610              		.global	esp8266_init
 611              		.syntax unified
 612              		.code	16
 613              		.thumb_func
 614              		.fpu softvfp
 616              	esp8266_init:
ARM GAS  C:\Users\SONG_J~1\AppData\Local\Temp\ccmCQLXm.s 			page 12


 617              		@ args = 0, pretend = 0, frame = 16
 618              		@ frame_needed = 1, uses_anonymous_args = 0
 619 0000 90B5     		push	{r4, r7, lr}
 620 0002 85B0     		sub	sp, sp, #20
 621 0004 00AF     		add	r7, sp, #0
 622 0006 FA23     		movs	r3, #250
 623 0008 DB00     		lsls	r3, r3, #3
 624 000a 1800     		movs	r0, r3
 625 000c FFF7FEFF 		bl	nrf_delay_ms
 626 0010 3B1D     		adds	r3, r7, #4
 627 0012 154A     		ldr	r2, .L48
 628 0014 13CA     		ldmia	r2!, {r0, r1, r4}
 629 0016 13C3     		stmia	r3!, {r0, r1, r4}
 630 0018 144B     		ldr	r3, .L48+4
 631 001a 1800     		movs	r0, r3
 632 001c FFF7FEFF 		bl	hw_mailbox_init
 633 0020 3B1D     		adds	r3, r7, #4
 634 0022 1800     		movs	r0, r3
 635 0024 FFF7FEFF 		bl	net_event_register
 636 0028 0020     		movs	r0, #0
 637 002a FFF7FEFF 		bl	esp8266_send_cmd
 638 002e 0120     		movs	r0, #1
 639 0030 FFF7FEFF 		bl	esp8266_send_cmd
 640 0034 0220     		movs	r0, #2
 641 0036 FFF7FEFF 		bl	esp8266_send_cmd
 642 003a 0120     		movs	r0, #1
 643 003c FFF7FEFF 		bl	esp8266_choose_net_mode
 644 0040 1220     		movs	r0, #18
 645 0042 FFF7FEFF 		bl	nrf_gpio_pin_set
 646 0046 0A4A     		ldr	r2, .L48+8
 647 0048 0A4B     		ldr	r3, .L48+12
 648 004a 1100     		movs	r1, r2
 649 004c 1800     		movs	r0, r3
 650 004e FFF7FEFF 		bl	esp8266_joinap
 651 0052 0020     		movs	r0, #0
 652 0054 FFF7FEFF 		bl	esp8266_set_mux_mode
 653 0058 1320     		movs	r0, #19
 654 005a FFF7FEFF 		bl	nrf_gpio_pin_set
 655 005e 0023     		movs	r3, #0
 656 0060 1800     		movs	r0, r3
 657 0062 BD46     		mov	sp, r7
 658 0064 05B0     		add	sp, sp, #20
 659              		@ sp needed
 660 0066 90BD     		pop	{r4, r7, pc}
 661              	.L49:
 662              		.align	2
 663              	.L48:
 664 0068 BC000000 		.word	.LC27
 665 006c 00000000 		.word	esp8266_mb
 666 0070 98000000 		.word	.LC30
 667 0074 A4000000 		.word	.LC32
 669              		.section	.rodata
 670              		.align	2
 671              	.LC35:
 672 00c8 55445000 		.ascii	"UDP\000"
 673              		.align	2
 674              	.LC37:
ARM GAS  C:\Users\SONG_J~1\AppData\Local\Temp\ccmCQLXm.s 			page 13


 675 00cc 54435000 		.ascii	"TCP\000"
 676              		.align	2
 677              	.LC39:
 678 00d0 25733D22 		.ascii	"%s=\"%s\",\"%s\",%s\015\012\000"
 678      2573222C 
 678      22257322 
 678      2C25730D 
 678      0A00
 679              		.section	.text.esp8266_connect,"ax",%progbits
 680              		.align	1
 681              		.global	esp8266_connect
 682              		.syntax unified
 683              		.code	16
 684              		.thumb_func
 685              		.fpu softvfp
 687              	esp8266_connect:
 688              		@ args = 0, pretend = 0, frame = 80
 689              		@ frame_needed = 1, uses_anonymous_args = 0
 690 0000 B0B5     		push	{r4, r5, r7, lr}
 691 0002 98B0     		sub	sp, sp, #96
 692 0004 04AF     		add	r7, sp, #16
 693 0006 F860     		str	r0, [r7, #12]
 694 0008 B960     		str	r1, [r7, #8]
 695 000a 7A60     		str	r2, [r7, #4]
 696 000c 1023     		movs	r3, #16
 697 000e FB18     		adds	r3, r7, r3
 698 0010 1800     		movs	r0, r3
 699 0012 4023     		movs	r3, #64
 700 0014 1A00     		movs	r2, r3
 701 0016 0021     		movs	r1, #0
 702 0018 FFF7FEFF 		bl	memset
 703 001c 124B     		ldr	r3, .L54
 704 001e 1C6B     		ldr	r4, [r3, #48]
 705 0020 7B68     		ldr	r3, [r7, #4]
 706 0022 012B     		cmp	r3, #1
 707 0024 01D1     		bne	.L51
 708 0026 114B     		ldr	r3, .L54+4
 709 0028 00E0     		b	.L52
 710              	.L51:
 711 002a 114B     		ldr	r3, .L54+8
 712              	.L52:
 713 002c 1149     		ldr	r1, .L54+12
 714 002e 1025     		movs	r5, #16
 715 0030 7819     		adds	r0, r7, r5
 716 0032 BA68     		ldr	r2, [r7, #8]
 717 0034 0292     		str	r2, [sp, #8]
 718 0036 FA68     		ldr	r2, [r7, #12]
 719 0038 0192     		str	r2, [sp, #4]
 720 003a 0093     		str	r3, [sp]
 721 003c 2300     		movs	r3, r4
 722 003e 0A00     		movs	r2, r1
 723 0040 4021     		movs	r1, #64
 724 0042 FFF7FEFF 		bl	snprintf
 725 0046 2C00     		movs	r4, r5
 726 0048 3B19     		adds	r3, r7, r4
 727 004a 1800     		movs	r0, r3
 728 004c FFF7FEFF 		bl	strlen
ARM GAS  C:\Users\SONG_J~1\AppData\Local\Temp\ccmCQLXm.s 			page 14


 729 0050 0100     		movs	r1, r0
 730 0052 054B     		ldr	r3, .L54
 731 0054 5A6B     		ldr	r2, [r3, #52]
 732 0056 3B19     		adds	r3, r7, r4
 733 0058 1800     		movs	r0, r3
 734 005a FFF7FEFF 		bl	hw_uart_send
 735 005e 0300     		movs	r3, r0
 736 0060 1800     		movs	r0, r3
 737 0062 BD46     		mov	sp, r7
 738 0064 14B0     		add	sp, sp, #80
 739              		@ sp needed
 740 0066 B0BD     		pop	{r4, r5, r7, pc}
 741              	.L55:
 742              		.align	2
 743              	.L54:
 744 0068 00000000 		.word	esp8266_cmd
 745 006c C8000000 		.word	.LC35
 746 0070 CC000000 		.word	.LC37
 747 0074 D0000000 		.word	.LC39
 749              		.global	__aeabi_uidiv
 750              		.section	.text.esp8266_recv_timeout,"ax",%progbits
 751              		.align	1
 752              		.global	esp8266_recv_timeout
 753              		.syntax unified
 754              		.code	16
 755              		.thumb_func
 756              		.fpu softvfp
 758              	esp8266_recv_timeout:
 759              		@ args = 0, pretend = 0, frame = 24
 760              		@ frame_needed = 1, uses_anonymous_args = 0
 761 0000 90B5     		push	{r4, r7, lr}
 762 0002 87B0     		sub	sp, sp, #28
 763 0004 00AF     		add	r7, sp, #0
 764 0006 F860     		str	r0, [r7, #12]
 765 0008 B960     		str	r1, [r7, #8]
 766 000a 7A60     		str	r2, [r7, #4]
 767 000c 3B60     		str	r3, [r7]
 768 000e 1021     		movs	r1, #16
 769 0010 7B18     		adds	r3, r7, r1
 770 0012 0022     		movs	r2, #0
 771 0014 1A60     		str	r2, [r3]
 772 0016 7B18     		adds	r3, r7, r1
 773 0018 0022     		movs	r2, #0
 774 001a 5A60     		str	r2, [r3, #4]
 775 001c 3B68     		ldr	r3, [r7]
 776 001e 0521     		movs	r1, #5
 777 0020 1800     		movs	r0, r3
 778 0022 FFF7FEFF 		bl	__aeabi_uidiv
 779 0026 0300     		movs	r3, r0
 780 0028 3B60     		str	r3, [r7]
 781 002a 23E0     		b	.L57
 782              	.L60:
 783 002c 1023     		movs	r3, #16
 784 002e FB18     		adds	r3, r7, r3
 785 0030 1800     		movs	r0, r3
 786 0032 FFF7FEFF 		bl	hw_mb_get
 787 0036 031E     		subs	r3, r0, #0
ARM GAS  C:\Users\SONG_J~1\AppData\Local\Temp\ccmCQLXm.s 			page 15


 788 0038 13D1     		bne	.L58
 789 003a 1023     		movs	r3, #16
 790 003c FB18     		adds	r3, r7, r3
 791 003e 1B68     		ldr	r3, [r3]
 792 0040 002B     		cmp	r3, #0
 793 0042 0ED0     		beq	.L58
 794 0044 1024     		movs	r4, #16
 795 0046 3B19     		adds	r3, r7, r4
 796 0048 5968     		ldr	r1, [r3, #4]
 797 004a 3B19     		adds	r3, r7, r4
 798 004c 1A68     		ldr	r2, [r3]
 799 004e BB68     		ldr	r3, [r7, #8]
 800 0050 1800     		movs	r0, r3
 801 0052 FFF7FEFF 		bl	memcpy
 802 0056 3B19     		adds	r3, r7, r4
 803 0058 5B68     		ldr	r3, [r3, #4]
 804 005a 1800     		movs	r0, r3
 805 005c FFF7FEFF 		bl	atiny_free
 806 0060 0EE0     		b	.L59
 807              	.L58:
 808 0062 0520     		movs	r0, #5
 809 0064 FFF7FEFF 		bl	nrf_delay_ms
 810 0068 3B68     		ldr	r3, [r7]
 811 006a 0133     		adds	r3, r3, #1
 812 006c 02D0     		beq	.L57
 813 006e 3B68     		ldr	r3, [r7]
 814 0070 013B     		subs	r3, r3, #1
 815 0072 3B60     		str	r3, [r7]
 816              	.L57:
 817 0074 3B68     		ldr	r3, [r7]
 818 0076 0133     		adds	r3, r3, #1
 819 0078 D8D0     		beq	.L60
 820 007a 3B68     		ldr	r3, [r7]
 821 007c 002B     		cmp	r3, #0
 822 007e D5D1     		bne	.L60
 823              	.L59:
 824 0080 1023     		movs	r3, #16
 825 0082 FB18     		adds	r3, r7, r3
 826 0084 1B68     		ldr	r3, [r3]
 827 0086 1800     		movs	r0, r3
 828 0088 BD46     		mov	sp, r7
 829 008a 07B0     		add	sp, sp, #28
 830              		@ sp needed
 831 008c 90BD     		pop	{r4, r7, pc}
 833              		.section	.text.esp8266_recv,"ax",%progbits
 834              		.align	1
 835              		.global	esp8266_recv
 836              		.syntax unified
 837              		.code	16
 838              		.thumb_func
 839              		.fpu softvfp
 841              	esp8266_recv:
 842              		@ args = 0, pretend = 0, frame = 16
 843              		@ frame_needed = 1, uses_anonymous_args = 0
 844 0000 80B5     		push	{r7, lr}
 845 0002 84B0     		sub	sp, sp, #16
 846 0004 00AF     		add	r7, sp, #0
ARM GAS  C:\Users\SONG_J~1\AppData\Local\Temp\ccmCQLXm.s 			page 16


 847 0006 F860     		str	r0, [r7, #12]
 848 0008 B960     		str	r1, [r7, #8]
 849 000a 7A60     		str	r2, [r7, #4]
 850 000c 0123     		movs	r3, #1
 851 000e 5B42     		rsbs	r3, r3, #0
 852 0010 7A68     		ldr	r2, [r7, #4]
 853 0012 B968     		ldr	r1, [r7, #8]
 854 0014 F868     		ldr	r0, [r7, #12]
 855 0016 FFF7FEFF 		bl	esp8266_recv_timeout
 856 001a 7B68     		ldr	r3, [r7, #4]
 857 001c 1800     		movs	r0, r3
 858 001e BD46     		mov	sp, r7
 859 0020 04B0     		add	sp, sp, #16
 860              		@ sp needed
 861 0022 80BD     		pop	{r7, pc}
 863              		.section	.rodata
 864 00e2 0000     		.align	2
 865              	.LC42:
 866 00e4 25733D25 		.ascii	"%s=%lu\015\012\000"
 866      6C750D0A 
 866      00
 867 00ed 000000   		.align	2
 868              	.LC44:
 869 00f0 3E00     		.ascii	">\000"
 870              		.section	.text.esp8266_send,"ax",%progbits
 871              		.align	1
 872              		.global	esp8266_send
 873              		.syntax unified
 874              		.code	16
 875              		.thumb_func
 876              		.fpu softvfp
 878              	esp8266_send:
 879              		@ args = 0, pretend = 0, frame = 80
 880              		@ frame_needed = 1, uses_anonymous_args = 0
 881 0000 90B5     		push	{r4, r7, lr}
 882 0002 97B0     		sub	sp, sp, #92
 883 0004 02AF     		add	r7, sp, #8
 884 0006 F860     		str	r0, [r7, #12]
 885 0008 B960     		str	r1, [r7, #8]
 886 000a 7A60     		str	r2, [r7, #4]
 887 000c 1024     		movs	r4, #16
 888 000e 3B19     		adds	r3, r7, r4
 889 0010 1800     		movs	r0, r3
 890 0012 4023     		movs	r3, #64
 891 0014 1A00     		movs	r2, r3
 892 0016 0021     		movs	r1, #0
 893 0018 FFF7FEFF 		bl	memset
 894 001c 0F4B     		ldr	r3, .L66
 895 001e 996B     		ldr	r1, [r3, #56]
 896 0020 0F4A     		ldr	r2, .L66+4
 897 0022 3819     		adds	r0, r7, r4
 898 0024 7B68     		ldr	r3, [r7, #4]
 899 0026 0093     		str	r3, [sp]
 900 0028 0B00     		movs	r3, r1
 901 002a 4021     		movs	r1, #64
 902 002c FFF7FEFF 		bl	snprintf
 903 0030 3B19     		adds	r3, r7, r4
ARM GAS  C:\Users\SONG_J~1\AppData\Local\Temp\ccmCQLXm.s 			page 17


 904 0032 1800     		movs	r0, r3
 905 0034 FFF7FEFF 		bl	strlen
 906 0038 0100     		movs	r1, r0
 907 003a 0A4A     		ldr	r2, .L66+8
 908 003c 3B19     		adds	r3, r7, r4
 909 003e 1800     		movs	r0, r3
 910 0040 FFF7FEFF 		bl	hw_uart_send
 911 0044 054B     		ldr	r3, .L66
 912 0046 DA6B     		ldr	r2, [r3, #60]
 913 0048 7968     		ldr	r1, [r7, #4]
 914 004a BB68     		ldr	r3, [r7, #8]
 915 004c 1800     		movs	r0, r3
 916 004e FFF7FEFF 		bl	hw_uart_send
 917 0052 0023     		movs	r3, #0
 918 0054 1800     		movs	r0, r3
 919 0056 BD46     		mov	sp, r7
 920 0058 15B0     		add	sp, sp, #84
 921              		@ sp needed
 922 005a 90BD     		pop	{r4, r7, pc}
 923              	.L67:
 924              		.align	2
 925              	.L66:
 926 005c 00000000 		.word	esp8266_cmd
 927 0060 E4000000 		.word	.LC42
 928 0064 F0000000 		.word	.LC44
 930              		.section	.rodata
 931 00f2 0000     		.align	2
 932              	.LC47:
 933 00f4 25730D0A 		.ascii	"%s\015\012\000"
 933      00
 934              		.section	.text.esp8266_close,"ax",%progbits
 935              		.align	1
 936              		.global	esp8266_close
 937              		.syntax unified
 938              		.code	16
 939              		.thumb_func
 940              		.fpu softvfp
 942              	esp8266_close:
 943              		@ args = 0, pretend = 0, frame = 72
 944              		@ frame_needed = 1, uses_anonymous_args = 0
 945 0000 90B5     		push	{r4, r7, lr}
 946 0002 93B0     		sub	sp, sp, #76
 947 0004 00AF     		add	r7, sp, #0
 948 0006 7860     		str	r0, [r7, #4]
 949 0008 0824     		movs	r4, #8
 950 000a 3B19     		adds	r3, r7, r4
 951 000c 1800     		movs	r0, r3
 952 000e 4023     		movs	r3, #64
 953 0010 1A00     		movs	r2, r3
 954 0012 0021     		movs	r1, #0
 955 0014 FFF7FEFF 		bl	memset
 956 0018 0B4B     		ldr	r3, .L70
 957 001a 1B6C     		ldr	r3, [r3, #64]
 958 001c 0B4A     		ldr	r2, .L70+4
 959 001e 3819     		adds	r0, r7, r4
 960 0020 4021     		movs	r1, #64
 961 0022 FFF7FEFF 		bl	snprintf
ARM GAS  C:\Users\SONG_J~1\AppData\Local\Temp\ccmCQLXm.s 			page 18


 962 0026 3B19     		adds	r3, r7, r4
 963 0028 1800     		movs	r0, r3
 964 002a FFF7FEFF 		bl	strlen
 965 002e 0100     		movs	r1, r0
 966 0030 054B     		ldr	r3, .L70
 967 0032 5A6C     		ldr	r2, [r3, #68]
 968 0034 3B19     		adds	r3, r7, r4
 969 0036 1800     		movs	r0, r3
 970 0038 FFF7FEFF 		bl	hw_uart_send
 971 003c 0300     		movs	r3, r0
 972 003e 1800     		movs	r0, r3
 973 0040 BD46     		mov	sp, r7
 974 0042 13B0     		add	sp, sp, #76
 975              		@ sp needed
 976 0044 90BD     		pop	{r4, r7, pc}
 977              	.L71:
 978 0046 C046     		.align	2
 979              	.L70:
 980 0048 00000000 		.word	esp8266_cmd
 981 004c F4000000 		.word	.LC47
 983              		.global	u2n_if_op
 984              		.section	.data.u2n_if_op,"aw",%progbits
 985              		.align	2
 988              	u2n_if_op:
 989 0000 00000000 		.word	esp8266_init
 990 0004 00000000 		.word	esp8266_connect
 991 0008 00000000 		.word	esp8266_send
 992 000c 00000000 		.word	esp8266_recv
 993 0010 00000000 		.word	esp8266_recv_timeout
 994 0014 00000000 		.word	esp8266_close
 995              		.section	.bss.state.7447,"aw",%nobits
 996              		.align	2
 999              	state.7447:
 1000 0000 00000000 		.space	4
 1001              		.section	.bss.len.7448,"aw",%nobits
 1002              		.align	2
 1005              	len.7448:
 1006 0000 00000000 		.space	4
 1007              		.section	.bss.buf.7449,"aw",%nobits
 1008              		.align	2
 1011              	buf.7449:
 1012 0000 00000000 		.space	1024
 1012      00000000 
 1012      00000000 
 1012      00000000 
 1012      00000000 
 1013              		.section	.bss.buf_count.7450,"aw",%nobits
 1014              		.align	2
 1017              	buf_count.7450:
 1018 0000 00000000 		.space	4
 1019              		.ident	"GCC: (GNU Tools for Arm Embedded Processors 7-2017-q4-major) 7.2.1 20170904 (release) [ARM
ARM GAS  C:\Users\SONG_J~1\AppData\Local\Temp\ccmCQLXm.s 			page 19


DEFINED SYMBOLS
                            *ABS*:00000000 esp8266.c
C:\Users\SONG_J~1\AppData\Local\Temp\ccmCQLXm.s:13     .text.nrf_gpio_pin_set:00000000 $t
C:\Users\SONG_J~1\AppData\Local\Temp\ccmCQLXm.s:19     .text.nrf_gpio_pin_set:00000000 nrf_gpio_pin_set
C:\Users\SONG_J~1\AppData\Local\Temp\ccmCQLXm.s:41     .text.nrf_gpio_pin_toggle:00000000 $t
C:\Users\SONG_J~1\AppData\Local\Temp\ccmCQLXm.s:47     .text.nrf_gpio_pin_toggle:00000000 nrf_gpio_pin_toggle
C:\Users\SONG_J~1\AppData\Local\Temp\ccmCQLXm.s:94     .text.nrf_gpio_pin_toggle:0000004c $d
C:\Users\SONG_J~1\AppData\Local\Temp\ccmCQLXm.s:98     .bss.mailbox_items_esp8266_mb:00000000 $d
C:\Users\SONG_J~1\AppData\Local\Temp\ccmCQLXm.s:101    .bss.mailbox_items_esp8266_mb:00000000 mailbox_items_esp8266_mb
C:\Users\SONG_J~1\AppData\Local\Temp\ccmCQLXm.s:104    .bss.mailbox_cb_esp8266_mb:00000000 $d
C:\Users\SONG_J~1\AppData\Local\Temp\ccmCQLXm.s:107    .bss.mailbox_cb_esp8266_mb:00000000 mailbox_cb_esp8266_mb
C:\Users\SONG_J~1\AppData\Local\Temp\ccmCQLXm.s:114    .rodata.esp8266_mb:00000000 esp8266_mb
C:\Users\SONG_J~1\AppData\Local\Temp\ccmCQLXm.s:111    .rodata.esp8266_mb:00000000 $d
C:\Users\SONG_J~1\AppData\Local\Temp\ccmCQLXm.s:162    .data.esp8266_cmd:00000000 esp8266_cmd
C:\Users\SONG_J~1\AppData\Local\Temp\ccmCQLXm.s:122    .rodata:00000000 $d
C:\Users\SONG_J~1\AppData\Local\Temp\ccmCQLXm.s:159    .data.esp8266_cmd:00000000 $d
C:\Users\SONG_J~1\AppData\Local\Temp\ccmCQLXm.s:184    .text.esp8266_send_cmd:00000000 $t
C:\Users\SONG_J~1\AppData\Local\Temp\ccmCQLXm.s:191    .text.esp8266_send_cmd:00000000 esp8266_send_cmd
C:\Users\SONG_J~1\AppData\Local\Temp\ccmCQLXm.s:241    .text.esp8266_send_cmd:00000058 $d
C:\Users\SONG_J~1\AppData\Local\Temp\ccmCQLXm.s:248    .text.esp8266_choose_net_mode:00000000 $t
C:\Users\SONG_J~1\AppData\Local\Temp\ccmCQLXm.s:255    .text.esp8266_choose_net_mode:00000000 esp8266_choose_net_mode
C:\Users\SONG_J~1\AppData\Local\Temp\ccmCQLXm.s:306    .text.esp8266_choose_net_mode:0000005c $d
C:\Users\SONG_J~1\AppData\Local\Temp\ccmCQLXm.s:314    .text.esp8266_joinap:00000000 $t
C:\Users\SONG_J~1\AppData\Local\Temp\ccmCQLXm.s:321    .text.esp8266_joinap:00000000 esp8266_joinap
C:\Users\SONG_J~1\AppData\Local\Temp\ccmCQLXm.s:377    .text.esp8266_joinap:00000064 $d
C:\Users\SONG_J~1\AppData\Local\Temp\ccmCQLXm.s:381    .text.esp8266_set_mux_mode:00000000 $t
C:\Users\SONG_J~1\AppData\Local\Temp\ccmCQLXm.s:388    .text.esp8266_set_mux_mode:00000000 esp8266_set_mux_mode
C:\Users\SONG_J~1\AppData\Local\Temp\ccmCQLXm.s:428    .text.esp8266_set_mux_mode:0000004c $d
C:\Users\SONG_J~1\AppData\Local\Temp\ccmCQLXm.s:432    .text.esp8266_event_handler:00000000 $t
C:\Users\SONG_J~1\AppData\Local\Temp\ccmCQLXm.s:439    .text.esp8266_event_handler:00000000 esp8266_event_handler
C:\Users\SONG_J~1\AppData\Local\Temp\ccmCQLXm.s:588    .text.esp8266_event_handler:00000114 $d
C:\Users\SONG_J~1\AppData\Local\Temp\ccmCQLXm.s:999    .bss.state.7447:00000000 state.7447
C:\Users\SONG_J~1\AppData\Local\Temp\ccmCQLXm.s:1005   .bss.len.7448:00000000 len.7448
C:\Users\SONG_J~1\AppData\Local\Temp\ccmCQLXm.s:1011   .bss.buf.7449:00000000 buf.7449
C:\Users\SONG_J~1\AppData\Local\Temp\ccmCQLXm.s:1017   .bss.buf_count.7450:00000000 buf_count.7450
C:\Users\SONG_J~1\AppData\Local\Temp\ccmCQLXm.s:609    .text.esp8266_init:00000000 $t
C:\Users\SONG_J~1\AppData\Local\Temp\ccmCQLXm.s:616    .text.esp8266_init:00000000 esp8266_init
C:\Users\SONG_J~1\AppData\Local\Temp\ccmCQLXm.s:664    .text.esp8266_init:00000068 $d
C:\Users\SONG_J~1\AppData\Local\Temp\ccmCQLXm.s:680    .text.esp8266_connect:00000000 $t
C:\Users\SONG_J~1\AppData\Local\Temp\ccmCQLXm.s:687    .text.esp8266_connect:00000000 esp8266_connect
C:\Users\SONG_J~1\AppData\Local\Temp\ccmCQLXm.s:744    .text.esp8266_connect:00000068 $d
C:\Users\SONG_J~1\AppData\Local\Temp\ccmCQLXm.s:751    .text.esp8266_recv_timeout:00000000 $t
C:\Users\SONG_J~1\AppData\Local\Temp\ccmCQLXm.s:758    .text.esp8266_recv_timeout:00000000 esp8266_recv_timeout
C:\Users\SONG_J~1\AppData\Local\Temp\ccmCQLXm.s:834    .text.esp8266_recv:00000000 $t
C:\Users\SONG_J~1\AppData\Local\Temp\ccmCQLXm.s:841    .text.esp8266_recv:00000000 esp8266_recv
C:\Users\SONG_J~1\AppData\Local\Temp\ccmCQLXm.s:871    .text.esp8266_send:00000000 $t
C:\Users\SONG_J~1\AppData\Local\Temp\ccmCQLXm.s:878    .text.esp8266_send:00000000 esp8266_send
C:\Users\SONG_J~1\AppData\Local\Temp\ccmCQLXm.s:926    .text.esp8266_send:0000005c $d
C:\Users\SONG_J~1\AppData\Local\Temp\ccmCQLXm.s:935    .text.esp8266_close:00000000 $t
C:\Users\SONG_J~1\AppData\Local\Temp\ccmCQLXm.s:942    .text.esp8266_close:00000000 esp8266_close
C:\Users\SONG_J~1\AppData\Local\Temp\ccmCQLXm.s:980    .text.esp8266_close:00000048 $d
C:\Users\SONG_J~1\AppData\Local\Temp\ccmCQLXm.s:988    .data.u2n_if_op:00000000 u2n_if_op
C:\Users\SONG_J~1\AppData\Local\Temp\ccmCQLXm.s:985    .data.u2n_if_op:00000000 $d
C:\Users\SONG_J~1\AppData\Local\Temp\ccmCQLXm.s:996    .bss.state.7447:00000000 $d
C:\Users\SONG_J~1\AppData\Local\Temp\ccmCQLXm.s:1002   .bss.len.7448:00000000 $d
C:\Users\SONG_J~1\AppData\Local\Temp\ccmCQLXm.s:1008   .bss.buf.7449:00000000 $d
C:\Users\SONG_J~1\AppData\Local\Temp\ccmCQLXm.s:1014   .bss.buf_count.7450:00000000 $d
ARM GAS  C:\Users\SONG_J~1\AppData\Local\Temp\ccmCQLXm.s 			page 20



UNDEFINED SYMBOLS
strlen
hw_uart_send
memset
snprintf
atiny_malloc
memcpy
hw_mb_put
nrf_delay_ms
hw_mailbox_init
net_event_register
__aeabi_uidiv
hw_mb_get
atiny_free
