ARM GAS  C:\Users\SONG_J~1\AppData\Local\Temp\ccOmS5g1.s 			page 1


   1              		.cpu cortex-m0
   2              		.eabi_attribute 20, 1
   3              		.eabi_attribute 21, 1
   4              		.eabi_attribute 23, 3
   5              		.eabi_attribute 24, 1
   6              		.eabi_attribute 25, 1
   7              		.eabi_attribute 26, 1
   8              		.eabi_attribute 30, 6
   9              		.eabi_attribute 34, 0
  10              		.eabi_attribute 18, 4
  11              		.file	"liblwm2m.c"
  12              		.section	.rodata
  13              		.align	2
  14              	.LC1:
  15 0000 5B25733A 		.ascii	"[%s:%d] Entering\015\012\000"
  15      25645D20 
  15      456E7465 
  15      72696E67 
  15      0D0A00
  16              		.section	.text.lwm2m_init,"ax",%progbits
  17              		.align	1
  18              		.global	lwm2m_init
  19              		.syntax unified
  20              		.code	16
  21              		.thumb_func
  22              		.fpu softvfp
  24              	lwm2m_init:
  25              		@ args = 0, pretend = 0, frame = 16
  26              		@ frame_needed = 1, uses_anonymous_args = 0
  27 0000 80B5     		push	{r7, lr}
  28 0002 84B0     		sub	sp, sp, #16
  29 0004 00AF     		add	r7, sp, #0
  30 0006 7860     		str	r0, [r7, #4]
  31 0008 1049     		ldr	r1, .L4
  32 000a 114B     		ldr	r3, .L4+4
  33 000c 6222     		movs	r2, #98
  34 000e 1800     		movs	r0, r3
  35 0010 FFF7FEFF 		bl	atiny_printf
  36 0014 3020     		movs	r0, #48
  37 0016 FFF7FEFF 		bl	lwm2m_malloc
  38 001a 0300     		movs	r3, r0
  39 001c FB60     		str	r3, [r7, #12]
  40 001e FB68     		ldr	r3, [r7, #12]
  41 0020 002B     		cmp	r3, #0
  42 0022 0ED0     		beq	.L2
  43 0024 FB68     		ldr	r3, [r7, #12]
  44 0026 3022     		movs	r2, #48
  45 0028 0021     		movs	r1, #0
  46 002a 1800     		movs	r0, r3
  47 002c FFF7FEFF 		bl	memset
  48 0030 FB68     		ldr	r3, [r7, #12]
  49 0032 7A68     		ldr	r2, [r7, #4]
  50 0034 DA62     		str	r2, [r3, #44]
  51 0036 FB68     		ldr	r3, [r7, #12]
  52 0038 2433     		adds	r3, r3, #36
  53 003a 0221     		movs	r1, #2
  54 003c 1800     		movs	r0, r3
ARM GAS  C:\Users\SONG_J~1\AppData\Local\Temp\ccOmS5g1.s 			page 2


  55 003e FFF7FEFF 		bl	lwm2m_rand
  56              	.L2:
  57 0042 FB68     		ldr	r3, [r7, #12]
  58 0044 1800     		movs	r0, r3
  59 0046 BD46     		mov	sp, r7
  60 0048 04B0     		add	sp, sp, #16
  61              		@ sp needed
  62 004a 80BD     		pop	{r7, pc}
  63              	.L5:
  64              		.align	2
  65              	.L4:
  66 004c 00000000 		.word	__func__.7068
  67 0050 00000000 		.word	.LC1
  69              		.section	.bss.event_handler,"aw",%nobits
  70              		.align	2
  73              	event_handler:
  74 0000 00000000 		.space	4
  75              		.section	.text.lwm2m_register_event_handler,"ax",%progbits
  76              		.align	1
  77              		.global	lwm2m_register_event_handler
  78              		.syntax unified
  79              		.code	16
  80              		.thumb_func
  81              		.fpu softvfp
  83              	lwm2m_register_event_handler:
  84              		@ args = 0, pretend = 0, frame = 8
  85              		@ frame_needed = 1, uses_anonymous_args = 0
  86 0000 80B5     		push	{r7, lr}
  87 0002 82B0     		sub	sp, sp, #8
  88 0004 00AF     		add	r7, sp, #0
  89 0006 7860     		str	r0, [r7, #4]
  90 0008 034B     		ldr	r3, .L7
  91 000a 7A68     		ldr	r2, [r7, #4]
  92 000c 1A60     		str	r2, [r3]
  93 000e C046     		nop
  94 0010 BD46     		mov	sp, r7
  95 0012 02B0     		add	sp, sp, #8
  96              		@ sp needed
  97 0014 80BD     		pop	{r7, pc}
  98              	.L8:
  99 0016 C046     		.align	2
 100              	.L7:
 101 0018 00000000 		.word	event_handler
 103              		.section	.text.lwm2m_notify_even,"ax",%progbits
 104              		.align	1
 105              		.global	lwm2m_notify_even
 106              		.syntax unified
 107              		.code	16
 108              		.thumb_func
 109              		.fpu softvfp
 111              	lwm2m_notify_even:
 112              		@ args = 0, pretend = 0, frame = 16
 113              		@ frame_needed = 1, uses_anonymous_args = 0
 114 0000 B0B5     		push	{r4, r5, r7, lr}
 115 0002 84B0     		sub	sp, sp, #16
 116 0004 00AF     		add	r7, sp, #0
 117 0006 B960     		str	r1, [r7, #8]
ARM GAS  C:\Users\SONG_J~1\AppData\Local\Temp\ccOmS5g1.s 			page 3


 118 0008 7A60     		str	r2, [r7, #4]
 119 000a 3B60     		str	r3, [r7]
 120 000c 0F23     		movs	r3, #15
 121 000e FB18     		adds	r3, r7, r3
 122 0010 021C     		adds	r2, r0, #0
 123 0012 1A70     		strb	r2, [r3]
 124 0014 084B     		ldr	r3, .L12
 125 0016 1B68     		ldr	r3, [r3]
 126 0018 002B     		cmp	r3, #0
 127 001a 09D0     		beq	.L11
 128 001c 064B     		ldr	r3, .L12
 129 001e 1C68     		ldr	r4, [r3]
 130 0020 3D68     		ldr	r5, [r7]
 131 0022 7A68     		ldr	r2, [r7, #4]
 132 0024 B968     		ldr	r1, [r7, #8]
 133 0026 0F23     		movs	r3, #15
 134 0028 FB18     		adds	r3, r7, r3
 135 002a 1878     		ldrb	r0, [r3]
 136 002c 2B00     		movs	r3, r5
 137 002e A047     		blx	r4
 138              	.L11:
 139 0030 C046     		nop
 140 0032 BD46     		mov	sp, r7
 141 0034 04B0     		add	sp, sp, #16
 142              		@ sp needed
 143 0036 B0BD     		pop	{r4, r5, r7, pc}
 144              	.L13:
 145              		.align	2
 146              	.L12:
 147 0038 00000000 		.word	event_handler
 149              		.section	.text.lwm2m_deregister,"ax",%progbits
 150              		.align	1
 151              		.global	lwm2m_deregister
 152              		.syntax unified
 153              		.code	16
 154              		.thumb_func
 155              		.fpu softvfp
 157              	lwm2m_deregister:
 158              		@ args = 0, pretend = 0, frame = 16
 159              		@ frame_needed = 1, uses_anonymous_args = 0
 160 0000 80B5     		push	{r7, lr}
 161 0002 84B0     		sub	sp, sp, #16
 162 0004 00AF     		add	r7, sp, #0
 163 0006 7860     		str	r0, [r7, #4]
 164 0008 7B68     		ldr	r3, [r7, #4]
 165 000a 5B69     		ldr	r3, [r3, #20]
 166 000c FB60     		str	r3, [r7, #12]
 167 000e 0B49     		ldr	r1, .L17
 168 0010 0B4B     		ldr	r3, .L17+4
 169 0012 8322     		movs	r2, #131
 170 0014 1800     		movs	r0, r3
 171 0016 FFF7FEFF 		bl	atiny_printf
 172 001a 08E0     		b	.L15
 173              	.L16:
 174 001c FA68     		ldr	r2, [r7, #12]
 175 001e 7B68     		ldr	r3, [r7, #4]
 176 0020 1100     		movs	r1, r2
ARM GAS  C:\Users\SONG_J~1\AppData\Local\Temp\ccOmS5g1.s 			page 4


 177 0022 1800     		movs	r0, r3
 178 0024 FFF7FEFF 		bl	registration_deregister
 179 0028 FB68     		ldr	r3, [r7, #12]
 180 002a 1B68     		ldr	r3, [r3]
 181 002c FB60     		str	r3, [r7, #12]
 182              	.L15:
 183 002e FB68     		ldr	r3, [r7, #12]
 184 0030 002B     		cmp	r3, #0
 185 0032 F3D1     		bne	.L16
 186 0034 C046     		nop
 187 0036 BD46     		mov	sp, r7
 188 0038 04B0     		add	sp, sp, #16
 189              		@ sp needed
 190 003a 80BD     		pop	{r7, pc}
 191              	.L18:
 192              		.align	2
 193              	.L17:
 194 003c 00000000 		.word	__func__.7083
 195 0040 00000000 		.word	.LC1
 197              		.section	.text.prv_deleteServer,"ax",%progbits
 198              		.align	1
 199              		.syntax unified
 200              		.code	16
 201              		.thumb_func
 202              		.fpu softvfp
 204              	prv_deleteServer:
 205              		@ args = 0, pretend = 0, frame = 8
 206              		@ frame_needed = 1, uses_anonymous_args = 0
 207 0000 80B5     		push	{r7, lr}
 208 0002 82B0     		sub	sp, sp, #8
 209 0004 00AF     		add	r7, sp, #0
 210 0006 7860     		str	r0, [r7, #4]
 211 0008 3960     		str	r1, [r7]
 212 000a 7B68     		ldr	r3, [r7, #4]
 213 000c DB69     		ldr	r3, [r3, #28]
 214 000e 002B     		cmp	r3, #0
 215 0010 06D0     		beq	.L20
 216 0012 7B68     		ldr	r3, [r7, #4]
 217 0014 DB69     		ldr	r3, [r3, #28]
 218 0016 3A68     		ldr	r2, [r7]
 219 0018 1100     		movs	r1, r2
 220 001a 1800     		movs	r0, r3
 221 001c FFF7FEFF 		bl	lwm2m_close_connection
 222              	.L20:
 223 0020 7B68     		ldr	r3, [r7, #4]
 224 0022 5B6A     		ldr	r3, [r3, #36]
 225 0024 002B     		cmp	r3, #0
 226 0026 04D0     		beq	.L21
 227 0028 7B68     		ldr	r3, [r7, #4]
 228 002a 5B6A     		ldr	r3, [r3, #36]
 229 002c 1800     		movs	r0, r3
 230 002e FFF7FEFF 		bl	lwm2m_free
 231              	.L21:
 232 0032 7B68     		ldr	r3, [r7, #4]
 233 0034 DB6A     		ldr	r3, [r3, #44]
 234 0036 1800     		movs	r0, r3
 235 0038 FFF7FEFF 		bl	free_block1_buffer
ARM GAS  C:\Users\SONG_J~1\AppData\Local\Temp\ccOmS5g1.s 			page 5


 236 003c 7B68     		ldr	r3, [r7, #4]
 237 003e 1800     		movs	r0, r3
 238 0040 FFF7FEFF 		bl	lwm2m_free
 239 0044 C046     		nop
 240 0046 BD46     		mov	sp, r7
 241 0048 02B0     		add	sp, sp, #8
 242              		@ sp needed
 243 004a 80BD     		pop	{r7, pc}
 245              		.section	.text.prv_deleteServerList,"ax",%progbits
 246              		.align	1
 247              		.syntax unified
 248              		.code	16
 249              		.thumb_func
 250              		.fpu softvfp
 252              	prv_deleteServerList:
 253              		@ args = 0, pretend = 0, frame = 16
 254              		@ frame_needed = 1, uses_anonymous_args = 0
 255 0000 80B5     		push	{r7, lr}
 256 0002 84B0     		sub	sp, sp, #16
 257 0004 00AF     		add	r7, sp, #0
 258 0006 7860     		str	r0, [r7, #4]
 259 0008 0DE0     		b	.L23
 260              	.L24:
 261 000a 7B68     		ldr	r3, [r7, #4]
 262 000c 5B69     		ldr	r3, [r3, #20]
 263 000e FB60     		str	r3, [r7, #12]
 264 0010 FB68     		ldr	r3, [r7, #12]
 265 0012 1A68     		ldr	r2, [r3]
 266 0014 7B68     		ldr	r3, [r7, #4]
 267 0016 5A61     		str	r2, [r3, #20]
 268 0018 7B68     		ldr	r3, [r7, #4]
 269 001a DA6A     		ldr	r2, [r3, #44]
 270 001c FB68     		ldr	r3, [r7, #12]
 271 001e 1100     		movs	r1, r2
 272 0020 1800     		movs	r0, r3
 273 0022 FFF7FEFF 		bl	prv_deleteServer
 274              	.L23:
 275 0026 7B68     		ldr	r3, [r7, #4]
 276 0028 5B69     		ldr	r3, [r3, #20]
 277 002a 002B     		cmp	r3, #0
 278 002c EDD1     		bne	.L24
 279 002e C046     		nop
 280 0030 BD46     		mov	sp, r7
 281 0032 04B0     		add	sp, sp, #16
 282              		@ sp needed
 283 0034 80BD     		pop	{r7, pc}
 285              		.section	.text.prv_deleteObservedList,"ax",%progbits
 286              		.align	1
 287              		.syntax unified
 288              		.code	16
 289              		.thumb_func
 290              		.fpu softvfp
 292              	prv_deleteObservedList:
 293              		@ args = 0, pretend = 0, frame = 16
 294              		@ frame_needed = 1, uses_anonymous_args = 0
 295 0000 80B5     		push	{r7, lr}
 296 0002 84B0     		sub	sp, sp, #16
ARM GAS  C:\Users\SONG_J~1\AppData\Local\Temp\ccOmS5g1.s 			page 6


 297 0004 00AF     		add	r7, sp, #0
 298 0006 7860     		str	r0, [r7, #4]
 299 0008 7B68     		ldr	r3, [r7, #4]
 300 000a 1B6A     		ldr	r3, [r3, #32]
 301 000c 1800     		movs	r0, r3
 302 000e FFF7FEFF 		bl	atiny_mutex_lock
 303 0012 2AE0     		b	.L26
 304              	.L30:
 305 0014 7B68     		ldr	r3, [r7, #4]
 306 0016 DB69     		ldr	r3, [r3, #28]
 307 0018 BB60     		str	r3, [r7, #8]
 308 001a 7B68     		ldr	r3, [r7, #4]
 309 001c DB69     		ldr	r3, [r3, #28]
 310 001e 1A68     		ldr	r2, [r3]
 311 0020 7B68     		ldr	r3, [r7, #4]
 312 0022 DA61     		str	r2, [r3, #28]
 313 0024 BB68     		ldr	r3, [r7, #8]
 314 0026 1A1D     		adds	r2, r3, #4
 315 0028 0823     		movs	r3, #8
 316 002a 0021     		movs	r1, #0
 317 002c 0220     		movs	r0, #2
 318 002e FFF7FEFF 		bl	lwm2m_notify_even
 319 0032 BB68     		ldr	r3, [r7, #8]
 320 0034 DB68     		ldr	r3, [r3, #12]
 321 0036 FB60     		str	r3, [r7, #12]
 322 0038 0BE0     		b	.L27
 323              	.L29:
 324 003a FB68     		ldr	r3, [r7, #12]
 325 003c DB68     		ldr	r3, [r3, #12]
 326 003e 002B     		cmp	r3, #0
 327 0040 04D0     		beq	.L28
 328 0042 FB68     		ldr	r3, [r7, #12]
 329 0044 DB68     		ldr	r3, [r3, #12]
 330 0046 1800     		movs	r0, r3
 331 0048 FFF7FEFF 		bl	lwm2m_free
 332              	.L28:
 333 004c FB68     		ldr	r3, [r7, #12]
 334 004e 1B68     		ldr	r3, [r3]
 335 0050 FB60     		str	r3, [r7, #12]
 336              	.L27:
 337 0052 FB68     		ldr	r3, [r7, #12]
 338 0054 002B     		cmp	r3, #0
 339 0056 F0D1     		bne	.L29
 340 0058 BB68     		ldr	r3, [r7, #8]
 341 005a DB68     		ldr	r3, [r3, #12]
 342 005c 1800     		movs	r0, r3
 343 005e FFF7FEFF 		bl	lwm2m_list_free
 344 0062 BB68     		ldr	r3, [r7, #8]
 345 0064 1800     		movs	r0, r3
 346 0066 FFF7FEFF 		bl	lwm2m_free
 347              	.L26:
 348 006a 7B68     		ldr	r3, [r7, #4]
 349 006c DB69     		ldr	r3, [r3, #28]
 350 006e 002B     		cmp	r3, #0
 351 0070 D0D1     		bne	.L30
 352 0072 7B68     		ldr	r3, [r7, #4]
 353 0074 1B6A     		ldr	r3, [r3, #32]
ARM GAS  C:\Users\SONG_J~1\AppData\Local\Temp\ccOmS5g1.s 			page 7


 354 0076 1800     		movs	r0, r3
 355 0078 FFF7FEFF 		bl	atiny_mutex_unlock
 356 007c C046     		nop
 357 007e BD46     		mov	sp, r7
 358 0080 04B0     		add	sp, sp, #16
 359              		@ sp needed
 360 0082 80BD     		pop	{r7, pc}
 362              		.section	.text.prv_deleteTransactionList,"ax",%progbits
 363              		.align	1
 364              		.global	prv_deleteTransactionList
 365              		.syntax unified
 366              		.code	16
 367              		.thumb_func
 368              		.fpu softvfp
 370              	prv_deleteTransactionList:
 371              		@ args = 0, pretend = 0, frame = 16
 372              		@ frame_needed = 1, uses_anonymous_args = 0
 373 0000 80B5     		push	{r7, lr}
 374 0002 84B0     		sub	sp, sp, #16
 375 0004 00AF     		add	r7, sp, #0
 376 0006 7860     		str	r0, [r7, #4]
 377 0008 15E0     		b	.L32
 378              	.L34:
 379 000a 7B68     		ldr	r3, [r7, #4]
 380 000c 9B6A     		ldr	r3, [r3, #40]
 381 000e FB60     		str	r3, [r7, #12]
 382 0010 7B68     		ldr	r3, [r7, #4]
 383 0012 9B6A     		ldr	r3, [r3, #40]
 384 0014 1A68     		ldr	r2, [r3]
 385 0016 7B68     		ldr	r3, [r7, #4]
 386 0018 9A62     		str	r2, [r3, #40]
 387 001a FB68     		ldr	r3, [r7, #12]
 388 001c 1B6C     		ldr	r3, [r3, #64]
 389 001e 002B     		cmp	r3, #0
 390 0020 05D0     		beq	.L33
 391 0022 FB68     		ldr	r3, [r7, #12]
 392 0024 1B6C     		ldr	r3, [r3, #64]
 393 0026 FA68     		ldr	r2, [r7, #12]
 394 0028 0021     		movs	r1, #0
 395 002a 1000     		movs	r0, r2
 396 002c 9847     		blx	r3
 397              	.L33:
 398 002e FB68     		ldr	r3, [r7, #12]
 399 0030 1800     		movs	r0, r3
 400 0032 FFF7FEFF 		bl	transaction_free
 401              	.L32:
 402 0036 7B68     		ldr	r3, [r7, #4]
 403 0038 9B6A     		ldr	r3, [r3, #40]
 404 003a 002B     		cmp	r3, #0
 405 003c E5D1     		bne	.L34
 406 003e C046     		nop
 407 0040 BD46     		mov	sp, r7
 408 0042 04B0     		add	sp, sp, #16
 409              		@ sp needed
 410 0044 80BD     		pop	{r7, pc}
 412              		.section	.text.lwm2m_close,"ax",%progbits
 413              		.align	1
ARM GAS  C:\Users\SONG_J~1\AppData\Local\Temp\ccOmS5g1.s 			page 8


 414              		.global	lwm2m_close
 415              		.syntax unified
 416              		.code	16
 417              		.thumb_func
 418              		.fpu softvfp
 420              	lwm2m_close:
 421              		@ args = 0, pretend = 0, frame = 8
 422              		@ frame_needed = 1, uses_anonymous_args = 0
 423 0000 80B5     		push	{r7, lr}
 424 0002 82B0     		sub	sp, sp, #8
 425 0004 00AF     		add	r7, sp, #0
 426 0006 7860     		str	r0, [r7, #4]
 427 0008 1A49     		ldr	r1, .L38
 428 000a 1B4B     		ldr	r3, .L38+4
 429 000c EB22     		movs	r2, #235
 430 000e 1800     		movs	r0, r3
 431 0010 FFF7FEFF 		bl	atiny_printf
 432 0014 7B68     		ldr	r3, [r7, #4]
 433 0016 1800     		movs	r0, r3
 434 0018 FFF7FEFF 		bl	lwm2m_deregister
 435 001c 7B68     		ldr	r3, [r7, #4]
 436 001e 1800     		movs	r0, r3
 437 0020 FFF7FEFF 		bl	prv_deleteServerList
 438 0024 7B68     		ldr	r3, [r7, #4]
 439 0026 1800     		movs	r0, r3
 440 0028 FFF7FEFF 		bl	prv_deleteObservedList
 441 002c 7B68     		ldr	r3, [r7, #4]
 442 002e 5B68     		ldr	r3, [r3, #4]
 443 0030 1800     		movs	r0, r3
 444 0032 FFF7FEFF 		bl	lwm2m_free
 445 0036 7B68     		ldr	r3, [r7, #4]
 446 0038 9B68     		ldr	r3, [r3, #8]
 447 003a 002B     		cmp	r3, #0
 448 003c 04D0     		beq	.L36
 449 003e 7B68     		ldr	r3, [r7, #4]
 450 0040 9B68     		ldr	r3, [r3, #8]
 451 0042 1800     		movs	r0, r3
 452 0044 FFF7FEFF 		bl	lwm2m_free
 453              	.L36:
 454 0048 7B68     		ldr	r3, [r7, #4]
 455 004a DB68     		ldr	r3, [r3, #12]
 456 004c 002B     		cmp	r3, #0
 457 004e 04D0     		beq	.L37
 458 0050 7B68     		ldr	r3, [r7, #4]
 459 0052 DB68     		ldr	r3, [r3, #12]
 460 0054 1800     		movs	r0, r3
 461 0056 FFF7FEFF 		bl	lwm2m_free
 462              	.L37:
 463 005a 7B68     		ldr	r3, [r7, #4]
 464 005c 1800     		movs	r0, r3
 465 005e FFF7FEFF 		bl	prv_deleteTransactionList
 466 0062 7B68     		ldr	r3, [r7, #4]
 467 0064 1800     		movs	r0, r3
 468 0066 FFF7FEFF 		bl	lwm2m_free
 469 006a C046     		nop
 470 006c BD46     		mov	sp, r7
 471 006e 02B0     		add	sp, sp, #8
ARM GAS  C:\Users\SONG_J~1\AppData\Local\Temp\ccOmS5g1.s 			page 9


 472              		@ sp needed
 473 0070 80BD     		pop	{r7, pc}
 474              	.L39:
 475 0072 C046     		.align	2
 476              	.L38:
 477 0074 00000000 		.word	__func__.7119
 478 0078 00000000 		.word	.LC1
 480              		.section	.text.prv_refreshServerList,"ax",%progbits
 481              		.align	1
 482              		.syntax unified
 483              		.code	16
 484              		.thumb_func
 485              		.fpu softvfp
 487              	prv_refreshServerList:
 488              		@ args = 0, pretend = 0, frame = 16
 489              		@ frame_needed = 1, uses_anonymous_args = 0
 490 0000 80B5     		push	{r7, lr}
 491 0002 84B0     		sub	sp, sp, #16
 492 0004 00AF     		add	r7, sp, #0
 493 0006 7860     		str	r0, [r7, #4]
 494 0008 7B68     		ldr	r3, [r7, #4]
 495 000a 1B69     		ldr	r3, [r3, #16]
 496 000c FB60     		str	r3, [r7, #12]
 497 000e 7B68     		ldr	r3, [r7, #4]
 498 0010 0022     		movs	r2, #0
 499 0012 1A61     		str	r2, [r3, #16]
 500 0014 25E0     		b	.L41
 501              	.L44:
 502 0016 FB68     		ldr	r3, [r7, #12]
 503 0018 1B68     		ldr	r3, [r3]
 504 001a BB60     		str	r3, [r7, #8]
 505 001c FB68     		ldr	r3, [r7, #12]
 506 001e 0022     		movs	r2, #0
 507 0020 1A60     		str	r2, [r3]
 508 0022 FB68     		ldr	r3, [r7, #12]
 509 0024 2822     		movs	r2, #40
 510 0026 9B5C     		ldrb	r3, [r3, r2]
 511 0028 0122     		movs	r2, #1
 512 002a 5340     		eors	r3, r2
 513 002c DBB2     		uxtb	r3, r3
 514 002e 002B     		cmp	r3, #0
 515 0030 0ED0     		beq	.L42
 516 0032 FB68     		ldr	r3, [r7, #12]
 517 0034 2022     		movs	r2, #32
 518 0036 0021     		movs	r1, #0
 519 0038 9954     		strb	r1, [r3, r2]
 520 003a 7B68     		ldr	r3, [r7, #4]
 521 003c 1B69     		ldr	r3, [r3, #16]
 522 003e FA68     		ldr	r2, [r7, #12]
 523 0040 1100     		movs	r1, r2
 524 0042 1800     		movs	r0, r3
 525 0044 FFF7FEFF 		bl	lwm2m_list_add
 526 0048 0200     		movs	r2, r0
 527 004a 7B68     		ldr	r3, [r7, #4]
 528 004c 1A61     		str	r2, [r3, #16]
 529 004e 06E0     		b	.L43
 530              	.L42:
ARM GAS  C:\Users\SONG_J~1\AppData\Local\Temp\ccOmS5g1.s 			page 10


 531 0050 7B68     		ldr	r3, [r7, #4]
 532 0052 DA6A     		ldr	r2, [r3, #44]
 533 0054 FB68     		ldr	r3, [r7, #12]
 534 0056 1100     		movs	r1, r2
 535 0058 1800     		movs	r0, r3
 536 005a FFF7FEFF 		bl	prv_deleteServer
 537              	.L43:
 538 005e BB68     		ldr	r3, [r7, #8]
 539 0060 FB60     		str	r3, [r7, #12]
 540              	.L41:
 541 0062 FB68     		ldr	r3, [r7, #12]
 542 0064 002B     		cmp	r3, #0
 543 0066 D6D1     		bne	.L44
 544 0068 7B68     		ldr	r3, [r7, #4]
 545 006a 5B69     		ldr	r3, [r3, #20]
 546 006c FB60     		str	r3, [r7, #12]
 547 006e 7B68     		ldr	r3, [r7, #4]
 548 0070 0022     		movs	r2, #0
 549 0072 5A61     		str	r2, [r3, #20]
 550 0074 21E0     		b	.L45
 551              	.L48:
 552 0076 FB68     		ldr	r3, [r7, #12]
 553 0078 1B68     		ldr	r3, [r3]
 554 007a BB60     		str	r3, [r7, #8]
 555 007c FB68     		ldr	r3, [r7, #12]
 556 007e 0022     		movs	r2, #0
 557 0080 1A60     		str	r2, [r3]
 558 0082 FB68     		ldr	r3, [r7, #12]
 559 0084 2822     		movs	r2, #40
 560 0086 9B5C     		ldrb	r3, [r3, r2]
 561 0088 0122     		movs	r2, #1
 562 008a 5340     		eors	r3, r2
 563 008c DBB2     		uxtb	r3, r3
 564 008e 002B     		cmp	r3, #0
 565 0090 0AD0     		beq	.L46
 566 0092 7B68     		ldr	r3, [r7, #4]
 567 0094 5B69     		ldr	r3, [r3, #20]
 568 0096 FA68     		ldr	r2, [r7, #12]
 569 0098 1100     		movs	r1, r2
 570 009a 1800     		movs	r0, r3
 571 009c FFF7FEFF 		bl	lwm2m_list_add
 572 00a0 0200     		movs	r2, r0
 573 00a2 7B68     		ldr	r3, [r7, #4]
 574 00a4 5A61     		str	r2, [r3, #20]
 575 00a6 06E0     		b	.L47
 576              	.L46:
 577 00a8 7B68     		ldr	r3, [r7, #4]
 578 00aa DA6A     		ldr	r2, [r3, #44]
 579 00ac FB68     		ldr	r3, [r7, #12]
 580 00ae 1100     		movs	r1, r2
 581 00b0 1800     		movs	r0, r3
 582 00b2 FFF7FEFF 		bl	prv_deleteServer
 583              	.L47:
 584 00b6 BB68     		ldr	r3, [r7, #8]
 585 00b8 FB60     		str	r3, [r7, #12]
 586              	.L45:
 587 00ba FB68     		ldr	r3, [r7, #12]
ARM GAS  C:\Users\SONG_J~1\AppData\Local\Temp\ccOmS5g1.s 			page 11


 588 00bc 002B     		cmp	r3, #0
 589 00be DAD1     		bne	.L48
 590 00c0 7B68     		ldr	r3, [r7, #4]
 591 00c2 0021     		movs	r1, #0
 592 00c4 1800     		movs	r0, r3
 593 00c6 FFF7FEFF 		bl	object_getServers
 594 00ca 0300     		movs	r3, r0
 595 00cc 1800     		movs	r0, r3
 596 00ce BD46     		mov	sp, r7
 597 00d0 04B0     		add	sp, sp, #16
 598              		@ sp needed
 599 00d2 80BD     		pop	{r7, pc}
 601              		.section	.text.lwm2m_configure,"ax",%progbits
 602              		.align	1
 603              		.global	lwm2m_configure
 604              		.syntax unified
 605              		.code	16
 606              		.thumb_func
 607              		.fpu softvfp
 609              	lwm2m_configure:
 610              		@ args = 8, pretend = 0, frame = 24
 611              		@ frame_needed = 1, uses_anonymous_args = 0
 612 0000 80B5     		push	{r7, lr}
 613 0002 86B0     		sub	sp, sp, #24
 614 0004 00AF     		add	r7, sp, #0
 615 0006 F860     		str	r0, [r7, #12]
 616 0008 B960     		str	r1, [r7, #8]
 617 000a 7A60     		str	r2, [r7, #4]
 618 000c 3B60     		str	r3, [r7]
 619 000e FB68     		ldr	r3, [r7, #12]
 620 0010 5B68     		ldr	r3, [r3, #4]
 621 0012 002B     		cmp	r3, #0
 622 0014 03D1     		bne	.L51
 623 0016 FB68     		ldr	r3, [r7, #12]
 624 0018 9B69     		ldr	r3, [r3, #24]
 625 001a 002B     		cmp	r3, #0
 626 001c 01D0     		beq	.L52
 627              	.L51:
 628 001e 8023     		movs	r3, #128
 629 0020 AFE0     		b	.L53
 630              	.L52:
 631 0022 BB68     		ldr	r3, [r7, #8]
 632 0024 002B     		cmp	r3, #0
 633 0026 01D1     		bne	.L54
 634 0028 8023     		movs	r3, #128
 635 002a AAE0     		b	.L53
 636              	.L54:
 637 002c 2023     		movs	r3, #32
 638 002e FB18     		adds	r3, r7, r3
 639 0030 1B88     		ldrh	r3, [r3]
 640 0032 022B     		cmp	r3, #2
 641 0034 01D8     		bhi	.L55
 642 0036 8023     		movs	r3, #128
 643 0038 A3E0     		b	.L53
 644              	.L55:
 645 003a 1323     		movs	r3, #19
 646 003c FB18     		adds	r3, r7, r3
ARM GAS  C:\Users\SONG_J~1\AppData\Local\Temp\ccOmS5g1.s 			page 12


 647 003e 0022     		movs	r2, #0
 648 0040 1A70     		strb	r2, [r3]
 649 0042 0023     		movs	r3, #0
 650 0044 7B61     		str	r3, [r7, #20]
 651 0046 2FE0     		b	.L56
 652              	.L60:
 653 0048 7B69     		ldr	r3, [r7, #20]
 654 004a 9B00     		lsls	r3, r3, #2
 655 004c 7A6A     		ldr	r2, [r7, #36]
 656 004e D318     		adds	r3, r2, r3
 657 0050 1B68     		ldr	r3, [r3]
 658 0052 9B88     		ldrh	r3, [r3, #4]
 659 0054 002B     		cmp	r3, #0
 660 0056 06D1     		bne	.L57
 661 0058 1322     		movs	r2, #19
 662 005a BB18     		adds	r3, r7, r2
 663 005c BA18     		adds	r2, r7, r2
 664 005e 1278     		ldrb	r2, [r2]
 665 0060 0121     		movs	r1, #1
 666 0062 0A43     		orrs	r2, r1
 667 0064 1A70     		strb	r2, [r3]
 668              	.L57:
 669 0066 7B69     		ldr	r3, [r7, #20]
 670 0068 9B00     		lsls	r3, r3, #2
 671 006a 7A6A     		ldr	r2, [r7, #36]
 672 006c D318     		adds	r3, r2, r3
 673 006e 1B68     		ldr	r3, [r3]
 674 0070 9B88     		ldrh	r3, [r3, #4]
 675 0072 012B     		cmp	r3, #1
 676 0074 06D1     		bne	.L58
 677 0076 1322     		movs	r2, #19
 678 0078 BB18     		adds	r3, r7, r2
 679 007a BA18     		adds	r2, r7, r2
 680 007c 1278     		ldrb	r2, [r2]
 681 007e 0221     		movs	r1, #2
 682 0080 0A43     		orrs	r2, r1
 683 0082 1A70     		strb	r2, [r3]
 684              	.L58:
 685 0084 7B69     		ldr	r3, [r7, #20]
 686 0086 9B00     		lsls	r3, r3, #2
 687 0088 7A6A     		ldr	r2, [r7, #36]
 688 008a D318     		adds	r3, r2, r3
 689 008c 1B68     		ldr	r3, [r3]
 690 008e 9B88     		ldrh	r3, [r3, #4]
 691 0090 032B     		cmp	r3, #3
 692 0092 06D1     		bne	.L59
 693 0094 1322     		movs	r2, #19
 694 0096 BB18     		adds	r3, r7, r2
 695 0098 BA18     		adds	r2, r7, r2
 696 009a 1278     		ldrb	r2, [r2]
 697 009c 0421     		movs	r1, #4
 698 009e 0A43     		orrs	r2, r1
 699 00a0 1A70     		strb	r2, [r3]
 700              	.L59:
 701 00a2 7B69     		ldr	r3, [r7, #20]
 702 00a4 0133     		adds	r3, r3, #1
 703 00a6 7B61     		str	r3, [r7, #20]
ARM GAS  C:\Users\SONG_J~1\AppData\Local\Temp\ccOmS5g1.s 			page 13


 704              	.L56:
 705 00a8 2023     		movs	r3, #32
 706 00aa FB18     		adds	r3, r7, r3
 707 00ac 1B88     		ldrh	r3, [r3]
 708 00ae 7A69     		ldr	r2, [r7, #20]
 709 00b0 9A42     		cmp	r2, r3
 710 00b2 C9DB     		blt	.L60
 711 00b4 1323     		movs	r3, #19
 712 00b6 FB18     		adds	r3, r7, r3
 713 00b8 1B78     		ldrb	r3, [r3]
 714 00ba 072B     		cmp	r3, #7
 715 00bc 01D0     		beq	.L61
 716 00be 8023     		movs	r3, #128
 717 00c0 5FE0     		b	.L53
 718              	.L61:
 719 00c2 3B68     		ldr	r3, [r7]
 720 00c4 002B     		cmp	r3, #0
 721 00c6 0ED0     		beq	.L62
 722 00c8 3B68     		ldr	r3, [r7]
 723 00ca 1800     		movs	r0, r3
 724 00cc FFF7FEFF 		bl	utils_isAltPathValid
 725 00d0 031E     		subs	r3, r0, #0
 726 00d2 01D1     		bne	.L63
 727 00d4 8023     		movs	r3, #128
 728 00d6 54E0     		b	.L53
 729              	.L63:
 730 00d8 3B68     		ldr	r3, [r7]
 731 00da 0133     		adds	r3, r3, #1
 732 00dc 1B78     		ldrb	r3, [r3]
 733 00de 002B     		cmp	r3, #0
 734 00e0 01D1     		bne	.L62
 735 00e2 0023     		movs	r3, #0
 736 00e4 3B60     		str	r3, [r7]
 737              	.L62:
 738 00e6 BB68     		ldr	r3, [r7, #8]
 739 00e8 1800     		movs	r0, r3
 740 00ea FFF7FEFF 		bl	lwm2m_strdup
 741 00ee 0200     		movs	r2, r0
 742 00f0 FB68     		ldr	r3, [r7, #12]
 743 00f2 5A60     		str	r2, [r3, #4]
 744 00f4 FB68     		ldr	r3, [r7, #12]
 745 00f6 5B68     		ldr	r3, [r3, #4]
 746 00f8 002B     		cmp	r3, #0
 747 00fa 01D1     		bne	.L64
 748 00fc A023     		movs	r3, #160
 749 00fe 40E0     		b	.L53
 750              	.L64:
 751 0100 7B68     		ldr	r3, [r7, #4]
 752 0102 002B     		cmp	r3, #0
 753 0104 0CD0     		beq	.L65
 754 0106 7B68     		ldr	r3, [r7, #4]
 755 0108 1800     		movs	r0, r3
 756 010a FFF7FEFF 		bl	lwm2m_strdup
 757 010e 0200     		movs	r2, r0
 758 0110 FB68     		ldr	r3, [r7, #12]
 759 0112 9A60     		str	r2, [r3, #8]
 760 0114 FB68     		ldr	r3, [r7, #12]
ARM GAS  C:\Users\SONG_J~1\AppData\Local\Temp\ccOmS5g1.s 			page 14


 761 0116 9B68     		ldr	r3, [r3, #8]
 762 0118 002B     		cmp	r3, #0
 763 011a 01D1     		bne	.L65
 764 011c A023     		movs	r3, #160
 765 011e 30E0     		b	.L53
 766              	.L65:
 767 0120 3B68     		ldr	r3, [r7]
 768 0122 002B     		cmp	r3, #0
 769 0124 0CD0     		beq	.L66
 770 0126 3B68     		ldr	r3, [r7]
 771 0128 1800     		movs	r0, r3
 772 012a FFF7FEFF 		bl	lwm2m_strdup
 773 012e 0200     		movs	r2, r0
 774 0130 FB68     		ldr	r3, [r7, #12]
 775 0132 DA60     		str	r2, [r3, #12]
 776 0134 FB68     		ldr	r3, [r7, #12]
 777 0136 DB68     		ldr	r3, [r3, #12]
 778 0138 002B     		cmp	r3, #0
 779 013a 01D1     		bne	.L66
 780 013c A023     		movs	r3, #160
 781 013e 20E0     		b	.L53
 782              	.L66:
 783 0140 0023     		movs	r3, #0
 784 0142 7B61     		str	r3, [r7, #20]
 785 0144 16E0     		b	.L67
 786              	.L68:
 787 0146 7B69     		ldr	r3, [r7, #20]
 788 0148 9B00     		lsls	r3, r3, #2
 789 014a 7A6A     		ldr	r2, [r7, #36]
 790 014c D318     		adds	r3, r2, r3
 791 014e 1B68     		ldr	r3, [r3]
 792 0150 0022     		movs	r2, #0
 793 0152 1A60     		str	r2, [r3]
 794 0154 FB68     		ldr	r3, [r7, #12]
 795 0156 9869     		ldr	r0, [r3, #24]
 796 0158 7B69     		ldr	r3, [r7, #20]
 797 015a 9B00     		lsls	r3, r3, #2
 798 015c 7A6A     		ldr	r2, [r7, #36]
 799 015e D318     		adds	r3, r2, r3
 800 0160 1B68     		ldr	r3, [r3]
 801 0162 1900     		movs	r1, r3
 802 0164 FFF7FEFF 		bl	lwm2m_list_add
 803 0168 0200     		movs	r2, r0
 804 016a FB68     		ldr	r3, [r7, #12]
 805 016c 9A61     		str	r2, [r3, #24]
 806 016e 7B69     		ldr	r3, [r7, #20]
 807 0170 0133     		adds	r3, r3, #1
 808 0172 7B61     		str	r3, [r7, #20]
 809              	.L67:
 810 0174 2023     		movs	r3, #32
 811 0176 FB18     		adds	r3, r7, r3
 812 0178 1B88     		ldrh	r3, [r3]
 813 017a 7A69     		ldr	r2, [r7, #20]
 814 017c 9A42     		cmp	r2, r3
 815 017e E2DB     		blt	.L68
 816 0180 0023     		movs	r3, #0
 817              	.L53:
ARM GAS  C:\Users\SONG_J~1\AppData\Local\Temp\ccOmS5g1.s 			page 15


 818 0182 1800     		movs	r0, r3
 819 0184 BD46     		mov	sp, r7
 820 0186 06B0     		add	sp, sp, #24
 821              		@ sp needed
 822 0188 80BD     		pop	{r7, pc}
 824              		.section	.rodata
 825 0013 00       		.align	2
 826              	.LC10:
 827 0014 5B25733A 		.ascii	"[%s:%d] ID: %d\015\012\000"
 827      25645D20 
 827      49443A20 
 827      25640D0A 
 827      00
 828              		.section	.text.lwm2m_add_object,"ax",%progbits
 829              		.align	1
 830              		.global	lwm2m_add_object
 831              		.syntax unified
 832              		.code	16
 833              		.thumb_func
 834              		.fpu softvfp
 836              	lwm2m_add_object:
 837              		@ args = 0, pretend = 0, frame = 16
 838              		@ frame_needed = 1, uses_anonymous_args = 0
 839 0000 90B5     		push	{r4, r7, lr}
 840 0002 85B0     		sub	sp, sp, #20
 841 0004 00AF     		add	r7, sp, #0
 842 0006 7860     		str	r0, [r7, #4]
 843 0008 3960     		str	r1, [r7]
 844 000a 3B68     		ldr	r3, [r7]
 845 000c 9B88     		ldrh	r3, [r3, #4]
 846 000e 1C00     		movs	r4, r3
 847 0010 C323     		movs	r3, #195
 848 0012 5A00     		lsls	r2, r3, #1
 849 0014 1849     		ldr	r1, .L73
 850 0016 1948     		ldr	r0, .L73+4
 851 0018 2300     		movs	r3, r4
 852 001a FFF7FEFF 		bl	atiny_printf
 853 001e 7B68     		ldr	r3, [r7, #4]
 854 0020 9A69     		ldr	r2, [r3, #24]
 855 0022 3B68     		ldr	r3, [r7]
 856 0024 9B88     		ldrh	r3, [r3, #4]
 857 0026 1900     		movs	r1, r3
 858 0028 1000     		movs	r0, r2
 859 002a FFF7FEFF 		bl	lwm2m_list_find
 860 002e 0300     		movs	r3, r0
 861 0030 FB60     		str	r3, [r7, #12]
 862 0032 FB68     		ldr	r3, [r7, #12]
 863 0034 002B     		cmp	r3, #0
 864 0036 01D0     		beq	.L70
 865 0038 8623     		movs	r3, #134
 866 003a 19E0     		b	.L71
 867              	.L70:
 868 003c 3B68     		ldr	r3, [r7]
 869 003e 0022     		movs	r2, #0
 870 0040 1A60     		str	r2, [r3]
 871 0042 7B68     		ldr	r3, [r7, #4]
 872 0044 9B69     		ldr	r3, [r3, #24]
ARM GAS  C:\Users\SONG_J~1\AppData\Local\Temp\ccOmS5g1.s 			page 16


 873 0046 3A68     		ldr	r2, [r7]
 874 0048 1100     		movs	r1, r2
 875 004a 1800     		movs	r0, r3
 876 004c FFF7FEFF 		bl	lwm2m_list_add
 877 0050 0200     		movs	r2, r0
 878 0052 7B68     		ldr	r3, [r7, #4]
 879 0054 9A61     		str	r2, [r3, #24]
 880 0056 7B68     		ldr	r3, [r7, #4]
 881 0058 1B78     		ldrb	r3, [r3]
 882 005a 052B     		cmp	r3, #5
 883 005c 07D1     		bne	.L72
 884 005e 7B68     		ldr	r3, [r7, #4]
 885 0060 0122     		movs	r2, #1
 886 0062 0021     		movs	r1, #0
 887 0064 1800     		movs	r0, r3
 888 0066 FFF7FEFF 		bl	lwm2m_update_registration
 889 006a 0300     		movs	r3, r0
 890 006c 00E0     		b	.L71
 891              	.L72:
 892 006e 0023     		movs	r3, #0
 893              	.L71:
 894 0070 1800     		movs	r0, r3
 895 0072 BD46     		mov	sp, r7
 896 0074 05B0     		add	sp, sp, #20
 897              		@ sp needed
 898 0076 90BD     		pop	{r4, r7, pc}
 899              	.L74:
 900              		.align	2
 901              	.L73:
 902 0078 00000000 		.word	__func__.7152
 903 007c 14000000 		.word	.LC10
 905              		.section	.text.lwm2m_remove_object,"ax",%progbits
 906              		.align	1
 907              		.global	lwm2m_remove_object
 908              		.syntax unified
 909              		.code	16
 910              		.thumb_func
 911              		.fpu softvfp
 913              	lwm2m_remove_object:
 914              		@ args = 0, pretend = 0, frame = 16
 915              		@ frame_needed = 1, uses_anonymous_args = 0
 916 0000 90B5     		push	{r4, r7, lr}
 917 0002 85B0     		sub	sp, sp, #20
 918 0004 00AF     		add	r7, sp, #0
 919 0006 7860     		str	r0, [r7, #4]
 920 0008 0A00     		movs	r2, r1
 921 000a BB1C     		adds	r3, r7, #2
 922 000c 1A80     		strh	r2, [r3]
 923 000e BB1C     		adds	r3, r7, #2
 924 0010 1C88     		ldrh	r4, [r3]
 925 0012 CD23     		movs	r3, #205
 926 0014 5A00     		lsls	r2, r3, #1
 927 0016 1349     		ldr	r1, .L80
 928 0018 1348     		ldr	r0, .L80+4
 929 001a 2300     		movs	r3, r4
 930 001c FFF7FEFF 		bl	atiny_printf
 931 0020 7B68     		ldr	r3, [r7, #4]
ARM GAS  C:\Users\SONG_J~1\AppData\Local\Temp\ccOmS5g1.s 			page 17


 932 0022 9869     		ldr	r0, [r3, #24]
 933 0024 0C23     		movs	r3, #12
 934 0026 FA18     		adds	r2, r7, r3
 935 0028 BB1C     		adds	r3, r7, #2
 936 002a 1B88     		ldrh	r3, [r3]
 937 002c 1900     		movs	r1, r3
 938 002e FFF7FEFF 		bl	lwm2m_list_remove
 939 0032 0200     		movs	r2, r0
 940 0034 7B68     		ldr	r3, [r7, #4]
 941 0036 9A61     		str	r2, [r3, #24]
 942 0038 FB68     		ldr	r3, [r7, #12]
 943 003a 002B     		cmp	r3, #0
 944 003c 01D1     		bne	.L76
 945 003e 8423     		movs	r3, #132
 946 0040 0CE0     		b	.L79
 947              	.L76:
 948 0042 7B68     		ldr	r3, [r7, #4]
 949 0044 1B78     		ldrb	r3, [r3]
 950 0046 052B     		cmp	r3, #5
 951 0048 07D1     		bne	.L78
 952 004a 7B68     		ldr	r3, [r7, #4]
 953 004c 0122     		movs	r2, #1
 954 004e 0021     		movs	r1, #0
 955 0050 1800     		movs	r0, r3
 956 0052 FFF7FEFF 		bl	lwm2m_update_registration
 957 0056 0300     		movs	r3, r0
 958 0058 00E0     		b	.L79
 959              	.L78:
 960 005a 0023     		movs	r3, #0
 961              	.L79:
 962 005c 1800     		movs	r0, r3
 963 005e BD46     		mov	sp, r7
 964 0060 05B0     		add	sp, sp, #20
 965              		@ sp needed
 966 0062 90BD     		pop	{r4, r7, pc}
 967              	.L81:
 968              		.align	2
 969              	.L80:
 970 0064 00000000 		.word	__func__.7158
 971 0068 14000000 		.word	.LC10
 973              		.section	.text.lwm2m_reset_register,"ax",%progbits
 974              		.align	1
 975              		.syntax unified
 976              		.code	16
 977              		.thumb_func
 978              		.fpu softvfp
 980              	lwm2m_reset_register:
 981              		@ args = 0, pretend = 0, frame = 16
 982              		@ frame_needed = 1, uses_anonymous_args = 0
 983 0000 80B5     		push	{r7, lr}
 984 0002 84B0     		sub	sp, sp, #16
 985 0004 00AF     		add	r7, sp, #0
 986 0006 7860     		str	r0, [r7, #4]
 987 0008 7B68     		ldr	r3, [r7, #4]
 988 000a 5B69     		ldr	r3, [r3, #20]
 989 000c FB60     		str	r3, [r7, #12]
 990 000e D623     		movs	r3, #214
ARM GAS  C:\Users\SONG_J~1\AppData\Local\Temp\ccOmS5g1.s 			page 18


 991 0010 5A00     		lsls	r2, r3, #1
 992 0012 0B49     		ldr	r1, .L85
 993 0014 0B4B     		ldr	r3, .L85+4
 994 0016 1800     		movs	r0, r3
 995 0018 FFF7FEFF 		bl	atiny_printf
 996 001c 08E0     		b	.L83
 997              	.L84:
 998 001e FA68     		ldr	r2, [r7, #12]
 999 0020 7B68     		ldr	r3, [r7, #4]
 1000 0022 1100     		movs	r1, r2
 1001 0024 1800     		movs	r0, r3
 1002 0026 FFF7FEFF 		bl	registration_reset
 1003 002a FB68     		ldr	r3, [r7, #12]
 1004 002c 1B68     		ldr	r3, [r3]
 1005 002e FB60     		str	r3, [r7, #12]
 1006              	.L83:
 1007 0030 FB68     		ldr	r3, [r7, #12]
 1008 0032 002B     		cmp	r3, #0
 1009 0034 F3D1     		bne	.L84
 1010 0036 C046     		nop
 1011 0038 BD46     		mov	sp, r7
 1012 003a 04B0     		add	sp, sp, #16
 1013              		@ sp needed
 1014 003c 80BD     		pop	{r7, pc}
 1015              	.L86:
 1016 003e C046     		.align	2
 1017              	.L85:
 1018 0040 00000000 		.word	__func__.7163
 1019 0044 00000000 		.word	.LC1
 1021              		.section	.rodata
 1022 0025 000000   		.align	2
 1023              	.LC17:
 1024 0028 5B25733A 		.ascii	"[%s:%d] context null point\015\012\000"
 1024      25645D20 
 1024      636F6E74 
 1024      65787420 
 1024      6E756C6C 
 1025              		.section	.text.lwm2m_reconnect,"ax",%progbits
 1026              		.align	1
 1027              		.global	lwm2m_reconnect
 1028              		.syntax unified
 1029              		.code	16
 1030              		.thumb_func
 1031              		.fpu softvfp
 1033              	lwm2m_reconnect:
 1034              		@ args = 0, pretend = 0, frame = 8
 1035              		@ frame_needed = 1, uses_anonymous_args = 0
 1036 0000 80B5     		push	{r7, lr}
 1037 0002 82B0     		sub	sp, sp, #8
 1038 0004 00AF     		add	r7, sp, #0
 1039 0006 7860     		str	r0, [r7, #4]
 1040 0008 7B68     		ldr	r3, [r7, #4]
 1041 000a 002B     		cmp	r3, #0
 1042 000c 08D1     		bne	.L88
 1043 000e DC23     		movs	r3, #220
 1044 0010 5A00     		lsls	r2, r3, #1
 1045 0012 1349     		ldr	r1, .L92
ARM GAS  C:\Users\SONG_J~1\AppData\Local\Temp\ccOmS5g1.s 			page 19


 1046 0014 134B     		ldr	r3, .L92+4
 1047 0016 1800     		movs	r0, r3
 1048 0018 FFF7FEFF 		bl	atiny_printf
 1049 001c 8523     		movs	r3, #133
 1050 001e 1BE0     		b	.L89
 1051              	.L88:
 1052 0020 7B68     		ldr	r3, [r7, #4]
 1053 0022 1800     		movs	r0, r3
 1054 0024 FFF7FEFF 		bl	lwm2m_reset_register
 1055 0028 7B68     		ldr	r3, [r7, #4]
 1056 002a 1800     		movs	r0, r3
 1057 002c FFF7FEFF 		bl	prv_deleteObservedList
 1058 0030 7B68     		ldr	r3, [r7, #4]
 1059 0032 1800     		movs	r0, r3
 1060 0034 FFF7FEFF 		bl	prv_deleteTransactionList
 1061 0038 7B68     		ldr	r3, [r7, #4]
 1062 003a 5B69     		ldr	r3, [r3, #20]
 1063 003c 002B     		cmp	r3, #0
 1064 003e 01D0     		beq	.L90
 1065 0040 0322     		movs	r2, #3
 1066 0042 00E0     		b	.L91
 1067              	.L90:
 1068 0044 0122     		movs	r2, #1
 1069              	.L91:
 1070 0046 7B68     		ldr	r3, [r7, #4]
 1071 0048 1A70     		strb	r2, [r3]
 1072 004a 0023     		movs	r3, #0
 1073 004c 0022     		movs	r2, #0
 1074 004e 0321     		movs	r1, #3
 1075 0050 0020     		movs	r0, #0
 1076 0052 FFF7FEFF 		bl	lwm2m_notify_even
 1077 0056 0023     		movs	r3, #0
 1078              	.L89:
 1079 0058 1800     		movs	r0, r3
 1080 005a BD46     		mov	sp, r7
 1081 005c 02B0     		add	sp, sp, #8
 1082              		@ sp needed
 1083 005e 80BD     		pop	{r7, pc}
 1084              	.L93:
 1085              		.align	2
 1086              	.L92:
 1087 0060 00000000 		.word	__func__.7170
 1088 0064 28000000 		.word	.LC17
 1090              		.section	.text.lwm2m_bootstrap_tag_IOT_server,"ax",%progbits
 1091              		.align	1
 1092              		.syntax unified
 1093              		.code	16
 1094              		.thumb_func
 1095              		.fpu softvfp
 1097              	lwm2m_bootstrap_tag_IOT_server:
 1098              		@ args = 0, pretend = 0, frame = 16
 1099              		@ frame_needed = 1, uses_anonymous_args = 0
 1100 0000 80B5     		push	{r7, lr}
 1101 0002 84B0     		sub	sp, sp, #16
 1102 0004 00AF     		add	r7, sp, #0
 1103 0006 7860     		str	r0, [r7, #4]
 1104 0008 7B68     		ldr	r3, [r7, #4]
ARM GAS  C:\Users\SONG_J~1\AppData\Local\Temp\ccOmS5g1.s 			page 20


 1105 000a 5B69     		ldr	r3, [r3, #20]
 1106 000c FB60     		str	r3, [r7, #12]
 1107 000e 06E0     		b	.L95
 1108              	.L96:
 1109 0010 FB68     		ldr	r3, [r7, #12]
 1110 0012 2822     		movs	r2, #40
 1111 0014 0121     		movs	r1, #1
 1112 0016 9954     		strb	r1, [r3, r2]
 1113 0018 FB68     		ldr	r3, [r7, #12]
 1114 001a 1B68     		ldr	r3, [r3]
 1115 001c FB60     		str	r3, [r7, #12]
 1116              	.L95:
 1117 001e FB68     		ldr	r3, [r7, #12]
 1118 0020 002B     		cmp	r3, #0
 1119 0022 F5D1     		bne	.L96
 1120 0024 C046     		nop
 1121 0026 BD46     		mov	sp, r7
 1122 0028 04B0     		add	sp, sp, #16
 1123              		@ sp needed
 1124 002a 80BD     		pop	{r7, pc}
 1126              		.section	.rodata
 1127 0045 000000   		.align	2
 1128              	.LC20:
 1129 0048 5B25733A 		.ascii	"[%s:%d] [bootstrap_tag]: --------lwm2m_bootstrap_se"
 1129      25645D20 
 1129      5B626F6F 
 1129      74737472 
 1129      61705F74 
 1130 007b 7175656E 		.ascii	"quence_factory_to_server_initiated----------\015\012"
 1130      63655F66 
 1130      6163746F 
 1130      72795F74 
 1130      6F5F7365 
 1131 00a9 00       		.ascii	"\000"
 1132              		.section	.text.lwm2m_bootstrap_sequence_factory_to_server_initiated,"ax",%progbits
 1133              		.align	1
 1134              		.global	lwm2m_bootstrap_sequence_factory_to_server_initiated
 1135              		.syntax unified
 1136              		.code	16
 1137              		.thumb_func
 1138              		.fpu softvfp
 1140              	lwm2m_bootstrap_sequence_factory_to_server_initiated:
 1141              		@ args = 0, pretend = 0, frame = 8
 1142              		@ frame_needed = 1, uses_anonymous_args = 0
 1143 0000 80B5     		push	{r7, lr}
 1144 0002 82B0     		sub	sp, sp, #8
 1145 0004 00AF     		add	r7, sp, #0
 1146 0006 7860     		str	r0, [r7, #4]
 1147 0008 F623     		movs	r3, #246
 1148 000a 5A00     		lsls	r2, r3, #1
 1149 000c 0649     		ldr	r1, .L99
 1150 000e 074B     		ldr	r3, .L99+4
 1151 0010 1800     		movs	r0, r3
 1152 0012 FFF7FEFF 		bl	atiny_printf
 1153 0016 7B68     		ldr	r3, [r7, #4]
 1154 0018 1800     		movs	r0, r3
 1155 001a FFF7FEFF 		bl	lwm2m_bootstrap_tag_IOT_server
ARM GAS  C:\Users\SONG_J~1\AppData\Local\Temp\ccOmS5g1.s 			page 21


 1156 001e 0023     		movs	r3, #0
 1157 0020 1800     		movs	r0, r3
 1158 0022 BD46     		mov	sp, r7
 1159 0024 02B0     		add	sp, sp, #8
 1160              		@ sp needed
 1161 0026 80BD     		pop	{r7, pc}
 1162              	.L100:
 1163              		.align	2
 1164              	.L99:
 1165 0028 00000000 		.word	__func__.7181
 1166 002c 48000000 		.word	.LC20
 1168              		.section	.rodata
 1169 00aa 0000     		.align	2
 1170              	.LC23:
 1171 00ac 5B25733A 		.ascii	"[%s:%d] [bootstrap_tag]: --------lwm2m_bootstrap_se"
 1171      25645D20 
 1171      5B626F6F 
 1171      74737472 
 1171      61705F74 
 1172 00df 7175656E 		.ascii	"quence_server_to_client_initiated----------\015\012"
 1172      63655F73 
 1172      65727665 
 1172      725F746F 
 1172      5F636C69 
 1173 010c 00       		.ascii	"\000"
 1174              		.section	.text.lwm2m_bootstrap_sequence_server_to_client_initiated,"ax",%progbits
 1175              		.align	1
 1176              		.global	lwm2m_bootstrap_sequence_server_to_client_initiated
 1177              		.syntax unified
 1178              		.code	16
 1179              		.thumb_func
 1180              		.fpu softvfp
 1182              	lwm2m_bootstrap_sequence_server_to_client_initiated:
 1183              		@ args = 0, pretend = 0, frame = 8
 1184              		@ frame_needed = 1, uses_anonymous_args = 0
 1185 0000 80B5     		push	{r7, lr}
 1186 0002 82B0     		sub	sp, sp, #8
 1187 0004 00AF     		add	r7, sp, #0
 1188 0006 7860     		str	r0, [r7, #4]
 1189 0008 074A     		ldr	r2, .L103
 1190 000a 0849     		ldr	r1, .L103+4
 1191 000c 084B     		ldr	r3, .L103+8
 1192 000e 1800     		movs	r0, r3
 1193 0010 FFF7FEFF 		bl	atiny_printf
 1194 0014 7B68     		ldr	r3, [r7, #4]
 1195 0016 1800     		movs	r0, r3
 1196 0018 FFF7FEFF 		bl	lwm2m_bootstrap_tag_IOT_server
 1197 001c 0023     		movs	r3, #0
 1198 001e 1800     		movs	r0, r3
 1199 0020 BD46     		mov	sp, r7
 1200 0022 02B0     		add	sp, sp, #8
 1201              		@ sp needed
 1202 0024 80BD     		pop	{r7, pc}
 1203              	.L104:
 1204 0026 C046     		.align	2
 1205              	.L103:
 1206 0028 07020000 		.word	519
ARM GAS  C:\Users\SONG_J~1\AppData\Local\Temp\ccOmS5g1.s 			page 22


 1207 002c 00000000 		.word	__func__.7185
 1208 0030 AC000000 		.word	.LC23
 1210              		.section	.rodata
 1211 010d 000000   		.align	2
 1212              	.LC26:
 1213 0110 5B25733A 		.ascii	"[%s:%d] [bootstrap_tag]: contextP is NULL, in boots"
 1213      25645D20 
 1213      5B626F6F 
 1213      74737472 
 1213      61705F74 
 1214 0143 74726170 		.ascii	"trap_dealwith_reg_failed\015\012\000"
 1214      5F646561 
 1214      6C776974 
 1214      685F7265 
 1214      675F6661 
 1215              		.section	.text.lwm2m_bootstrap_process_reg_failed,"ax",%progbits
 1216              		.align	1
 1217              		.syntax unified
 1218              		.code	16
 1219              		.thumb_func
 1220              		.fpu softvfp
 1222              	lwm2m_bootstrap_process_reg_failed:
 1223              		@ args = 0, pretend = 0, frame = 32
 1224              		@ frame_needed = 1, uses_anonymous_args = 0
 1225 0000 F0B5     		push	{r4, r5, r6, r7, lr}
 1226 0002 89B0     		sub	sp, sp, #36
 1227 0004 00AF     		add	r7, sp, #0
 1228 0006 F860     		str	r0, [r7, #12]
 1229 0008 1723     		movs	r3, #23
 1230 000a 0822     		movs	r2, #8
 1231 000c 9446     		mov	ip, r2
 1232 000e BC44     		add	ip, ip, r7
 1233 0010 6344     		add	r3, r3, ip
 1234 0012 0022     		movs	r2, #0
 1235 0014 1A70     		strb	r2, [r3]
 1236 0016 6423     		movs	r3, #100
 1237 0018 BB61     		str	r3, [r7, #24]
 1238 001a FFF7FEFF 		bl	lwm2m_gettime
 1239 001e 0300     		movs	r3, r0
 1240 0020 0C00     		movs	r4, r1
 1241 0022 3B61     		str	r3, [r7, #16]
 1242 0024 7C61     		str	r4, [r7, #20]
 1243 0026 FB68     		ldr	r3, [r7, #12]
 1244 0028 002B     		cmp	r3, #0
 1245 002a 06D1     		bne	.L106
 1246 002c 654A     		ldr	r2, .L126
 1247 002e 6649     		ldr	r1, .L126+4
 1248 0030 664B     		ldr	r3, .L126+8
 1249 0032 1800     		movs	r0, r3
 1250 0034 FFF7FEFF 		bl	atiny_printf
 1251 0038 C0E0     		b	.L105
 1252              	.L106:
 1253 003a FB68     		ldr	r3, [r7, #12]
 1254 003c 5B78     		ldrb	r3, [r3, #1]
 1255 003e 012B     		cmp	r3, #1
 1256 0040 4FD1     		bne	.L108
 1257 0042 634B     		ldr	r3, .L126+12
ARM GAS  C:\Users\SONG_J~1\AppData\Local\Temp\ccOmS5g1.s 			page 23


 1258 0044 1B78     		ldrb	r3, [r3]
 1259 0046 0122     		movs	r2, #1
 1260 0048 5340     		eors	r3, r2
 1261 004a DBB2     		uxtb	r3, r3
 1262 004c 002B     		cmp	r3, #0
 1263 004e 09D0     		beq	.L109
 1264 0050 5F4B     		ldr	r3, .L126+12
 1265 0052 0122     		movs	r2, #1
 1266 0054 1A70     		strb	r2, [r3]
 1267 0056 FFF7FEFF 		bl	lwm2m_gettime
 1268 005a 0300     		movs	r3, r0
 1269 005c 0C00     		movs	r4, r1
 1270 005e 5D4A     		ldr	r2, .L126+16
 1271 0060 1360     		str	r3, [r2]
 1272 0062 5460     		str	r4, [r2, #4]
 1273              	.L109:
 1274 0064 FFF7FEFF 		bl	lwm2m_gettime
 1275 0068 0300     		movs	r3, r0
 1276 006a 0C00     		movs	r4, r1
 1277 006c 3B61     		str	r3, [r7, #16]
 1278 006e 7C61     		str	r4, [r7, #20]
 1279 0070 BB69     		ldr	r3, [r7, #24]
 1280 0072 3B60     		str	r3, [r7]
 1281 0074 DB17     		asrs	r3, r3, #31
 1282 0076 7B60     		str	r3, [r7, #4]
 1283 0078 564B     		ldr	r3, .L126+16
 1284 007a 5C68     		ldr	r4, [r3, #4]
 1285 007c 1B68     		ldr	r3, [r3]
 1286 007e 3968     		ldr	r1, [r7]
 1287 0080 7A68     		ldr	r2, [r7, #4]
 1288 0082 C918     		adds	r1, r1, r3
 1289 0084 6241     		adcs	r2, r2, r4
 1290 0086 0B00     		movs	r3, r1
 1291 0088 1400     		movs	r4, r2
 1292 008a 7A69     		ldr	r2, [r7, #20]
 1293 008c A242     		cmp	r2, r4
 1294 008e 20DB     		blt	.L110
 1295 0090 7A69     		ldr	r2, [r7, #20]
 1296 0092 A242     		cmp	r2, r4
 1297 0094 02D1     		bne	.L124
 1298 0096 3A69     		ldr	r2, [r7, #16]
 1299 0098 9A42     		cmp	r2, r3
 1300 009a 1AD3     		bcc	.L110
 1301              	.L124:
 1302 009c 4C4B     		ldr	r3, .L126+12
 1303 009e 0022     		movs	r2, #0
 1304 00a0 1A70     		strb	r2, [r3]
 1305 00a2 FB68     		ldr	r3, [r7, #12]
 1306 00a4 1800     		movs	r0, r3
 1307 00a6 FFF7FEFF 		bl	lwm2m_bootstrap_sequence_factory_to_server_initiated
 1308 00aa 031E     		subs	r3, r0, #0
 1309 00ac 09D1     		bne	.L112
 1310 00ae FB68     		ldr	r3, [r7, #12]
 1311 00b0 0022     		movs	r2, #0
 1312 00b2 1A70     		strb	r2, [r3]
 1313 00b4 FB68     		ldr	r3, [r7, #12]
 1314 00b6 0022     		movs	r2, #0
ARM GAS  C:\Users\SONG_J~1\AppData\Local\Temp\ccOmS5g1.s 			page 24


 1315 00b8 9A70     		strb	r2, [r3, #2]
 1316 00ba FB68     		ldr	r3, [r7, #12]
 1317 00bc 0222     		movs	r2, #2
 1318 00be 5A70     		strb	r2, [r3, #1]
 1319 00c0 6BE0     		b	.L115
 1320              	.L112:
 1321 00c2 1723     		movs	r3, #23
 1322 00c4 0822     		movs	r2, #8
 1323 00c6 9446     		mov	ip, r2
 1324 00c8 BC44     		add	ip, ip, r7
 1325 00ca 6344     		add	r3, r3, ip
 1326 00cc 0122     		movs	r2, #1
 1327 00ce 1A70     		strb	r2, [r3]
 1328 00d0 63E0     		b	.L115
 1329              	.L110:
 1330 00d2 1723     		movs	r3, #23
 1331 00d4 0822     		movs	r2, #8
 1332 00d6 9446     		mov	ip, r2
 1333 00d8 BC44     		add	ip, ip, r7
 1334 00da 6344     		add	r3, r3, ip
 1335 00dc 0122     		movs	r2, #1
 1336 00de 1A70     		strb	r2, [r3]
 1337 00e0 5BE0     		b	.L115
 1338              	.L108:
 1339 00e2 FB68     		ldr	r3, [r7, #12]
 1340 00e4 5B78     		ldrb	r3, [r3, #1]
 1341 00e6 022B     		cmp	r3, #2
 1342 00e8 48D1     		bne	.L116
 1343 00ea 394B     		ldr	r3, .L126+12
 1344 00ec 1B78     		ldrb	r3, [r3]
 1345 00ee 0122     		movs	r2, #1
 1346 00f0 5340     		eors	r3, r2
 1347 00f2 DBB2     		uxtb	r3, r3
 1348 00f4 002B     		cmp	r3, #0
 1349 00f6 09D0     		beq	.L117
 1350 00f8 354B     		ldr	r3, .L126+12
 1351 00fa 0122     		movs	r2, #1
 1352 00fc 1A70     		strb	r2, [r3]
 1353 00fe FFF7FEFF 		bl	lwm2m_gettime
 1354 0102 0300     		movs	r3, r0
 1355 0104 0C00     		movs	r4, r1
 1356 0106 334A     		ldr	r2, .L126+16
 1357 0108 1360     		str	r3, [r2]
 1358 010a 5460     		str	r4, [r2, #4]
 1359              	.L117:
 1360 010c FFF7FEFF 		bl	lwm2m_gettime
 1361 0110 0300     		movs	r3, r0
 1362 0112 0C00     		movs	r4, r1
 1363 0114 3B61     		str	r3, [r7, #16]
 1364 0116 7C61     		str	r4, [r7, #20]
 1365 0118 BB69     		ldr	r3, [r7, #24]
 1366 011a 1D00     		movs	r5, r3
 1367 011c DB17     		asrs	r3, r3, #31
 1368 011e 1E00     		movs	r6, r3
 1369 0120 2C4B     		ldr	r3, .L126+16
 1370 0122 5C68     		ldr	r4, [r3, #4]
 1371 0124 1B68     		ldr	r3, [r3]
ARM GAS  C:\Users\SONG_J~1\AppData\Local\Temp\ccOmS5g1.s 			page 25


 1372 0126 5B19     		adds	r3, r3, r5
 1373 0128 7441     		adcs	r4, r4, r6
 1374 012a 7A69     		ldr	r2, [r7, #20]
 1375 012c A242     		cmp	r2, r4
 1376 012e 1DDB     		blt	.L118
 1377 0130 7A69     		ldr	r2, [r7, #20]
 1378 0132 A242     		cmp	r2, r4
 1379 0134 02D1     		bne	.L125
 1380 0136 3A69     		ldr	r2, [r7, #16]
 1381 0138 9A42     		cmp	r2, r3
 1382 013a 17D3     		bcc	.L118
 1383              	.L125:
 1384 013c FB68     		ldr	r3, [r7, #12]
 1385 013e 1800     		movs	r0, r3
 1386 0140 FFF7FEFF 		bl	lwm2m_bootstrap_sequence_server_to_client_initiated
 1387 0144 031E     		subs	r3, r0, #0
 1388 0146 09D1     		bne	.L120
 1389 0148 FB68     		ldr	r3, [r7, #12]
 1390 014a 0022     		movs	r2, #0
 1391 014c 1A70     		strb	r2, [r3]
 1392 014e FB68     		ldr	r3, [r7, #12]
 1393 0150 0022     		movs	r2, #0
 1394 0152 9A70     		strb	r2, [r3, #2]
 1395 0154 FB68     		ldr	r3, [r7, #12]
 1396 0156 0322     		movs	r2, #3
 1397 0158 5A70     		strb	r2, [r3, #1]
 1398 015a 1EE0     		b	.L115
 1399              	.L120:
 1400 015c 1723     		movs	r3, #23
 1401 015e 0822     		movs	r2, #8
 1402 0160 9446     		mov	ip, r2
 1403 0162 BC44     		add	ip, ip, r7
 1404 0164 6344     		add	r3, r3, ip
 1405 0166 0122     		movs	r2, #1
 1406 0168 1A70     		strb	r2, [r3]
 1407 016a 16E0     		b	.L115
 1408              	.L118:
 1409 016c 1723     		movs	r3, #23
 1410 016e 0822     		movs	r2, #8
 1411 0170 9446     		mov	ip, r2
 1412 0172 BC44     		add	ip, ip, r7
 1413 0174 6344     		add	r3, r3, ip
 1414 0176 0122     		movs	r2, #1
 1415 0178 1A70     		strb	r2, [r3]
 1416 017a 0EE0     		b	.L115
 1417              	.L116:
 1418 017c FB68     		ldr	r3, [r7, #12]
 1419 017e 5B78     		ldrb	r3, [r3, #1]
 1420 0180 032B     		cmp	r3, #3
 1421 0182 03D0     		beq	.L123
 1422 0184 FB68     		ldr	r3, [r7, #12]
 1423 0186 5B78     		ldrb	r3, [r3, #1]
 1424 0188 042B     		cmp	r3, #4
 1425 018a 06D1     		bne	.L115
 1426              	.L123:
 1427 018c 1723     		movs	r3, #23
 1428 018e 0822     		movs	r2, #8
ARM GAS  C:\Users\SONG_J~1\AppData\Local\Temp\ccOmS5g1.s 			page 26


 1429 0190 9446     		mov	ip, r2
 1430 0192 BC44     		add	ip, ip, r7
 1431 0194 6344     		add	r3, r3, ip
 1432 0196 0122     		movs	r2, #1
 1433 0198 1A70     		strb	r2, [r3]
 1434              	.L115:
 1435 019a 1723     		movs	r3, #23
 1436 019c 0822     		movs	r2, #8
 1437 019e 9446     		mov	ip, r2
 1438 01a0 BC44     		add	ip, ip, r7
 1439 01a2 6344     		add	r3, r3, ip
 1440 01a4 1B78     		ldrb	r3, [r3]
 1441 01a6 002B     		cmp	r3, #0
 1442 01a8 08D0     		beq	.L105
 1443 01aa FB68     		ldr	r3, [r7, #12]
 1444 01ac 0322     		movs	r2, #3
 1445 01ae 1A70     		strb	r2, [r3]
 1446 01b0 0023     		movs	r3, #0
 1447 01b2 0022     		movs	r2, #0
 1448 01b4 0321     		movs	r1, #3
 1449 01b6 0020     		movs	r0, #0
 1450 01b8 FFF7FEFF 		bl	lwm2m_notify_even
 1451              	.L105:
 1452 01bc BD46     		mov	sp, r7
 1453 01be 09B0     		add	sp, sp, #36
 1454              		@ sp needed
 1455 01c0 F0BD     		pop	{r4, r5, r6, r7, pc}
 1456              	.L127:
 1457 01c2 C046     		.align	2
 1458              	.L126:
 1459 01c4 27020000 		.word	551
 1460 01c8 00000000 		.word	__func__.7194
 1461 01cc 10010000 		.word	.LC26
 1462 01d0 00000000 		.word	time_start.7190
 1463 01d4 00000000 		.word	start_cnt.7189
 1465              		.section	.rodata
 1466 015e 0000     		.align	2
 1467              	.LC31:
 1468 0160 5B25733A 		.ascii	"[%s:%d] timeoutP: %lld\015\012\000"
 1468      25645D20 
 1468      74696D65 
 1468      6F757450 
 1468      3A20256C 
 1469 0179 000000   		.align	2
 1470              	.LC33:
 1471 017c 53544154 		.ascii	"STATE_READY\000"
 1471      455F5245 
 1471      41445900 
 1472              		.align	2
 1473              	.LC35:
 1474 0188 556E6B6E 		.ascii	"Unknown\000"
 1474      6F776E00 
 1475              		.align	2
 1476              	.LC37:
 1477 0190 53544154 		.ascii	"STATE_REGISTERING\000"
 1477      455F5245 
 1477      47495354 
ARM GAS  C:\Users\SONG_J~1\AppData\Local\Temp\ccOmS5g1.s 			page 27


 1477      4552494E 
 1477      4700
 1478 01a2 0000     		.align	2
 1479              	.LC39:
 1480 01a4 53544154 		.ascii	"STATE_REGISTER_REQUIRED\000"
 1480      455F5245 
 1480      47495354 
 1480      45525F52 
 1480      45515549 
 1481              		.align	2
 1482              	.LC41:
 1483 01bc 53544154 		.ascii	"STATE_BOOTSTRAPPING\000"
 1483      455F424F 
 1483      4F545354 
 1483      52415050 
 1483      494E4700 
 1484              		.align	2
 1485              	.LC43:
 1486 01d0 53544154 		.ascii	"STATE_BOOTSTRAP_REQUIRED\000"
 1486      455F424F 
 1486      4F545354 
 1486      5241505F 
 1486      52455155 
 1487 01e9 000000   		.align	2
 1488              	.LC45:
 1489 01ec 53544154 		.ascii	"STATE_INITIAL\000"
 1489      455F494E 
 1489      49544941 
 1489      4C00
 1490 01fa 0000     		.align	2
 1491              	.LC47:
 1492 01fc 5B25733A 		.ascii	"[%s:%d] State: %s\015\012\000"
 1492      25645D20 
 1492      53746174 
 1492      653A2025 
 1492      730D0A00 
 1493              		.align	2
 1494              	.LC50:
 1495 0210 5B25733A 		.ascii	"[%s:%d] prv_refreshServerList fail\015\012\000"
 1495      25645D20 
 1495      7072765F 
 1495      72656672 
 1495      65736853 
 1496 0235 000000   		.align	2
 1497              	.LC52:
 1498 0238 5B25733A 		.ascii	"[%s:%d] [bootstrap_tag]: ---the return value result"
 1498      25645D20 
 1498      5B626F6F 
 1498      74737472 
 1498      61705F74 
 1499 026b 203D2025 		.ascii	" = %d of registration_start-----\015\012\000"
 1499      64206F66 
 1499      20726567 
 1499      69737472 
 1499      6174696F 
 1500 028e 0000     		.align	2
 1501              	.LC54:
ARM GAS  C:\Users\SONG_J~1\AppData\Local\Temp\ccOmS5g1.s 			page 28


 1502 0290 5B25733A 		.ascii	"[%s:%d] Final timeoutP: %lld\015\012\000"
 1502      25645D20 
 1502      46696E61 
 1502      6C207469 
 1502      6D656F75 
 1503 02af 00       		.align	2
 1504              	.LC56:
 1505 02b0 5B25733A 		.ascii	"[%s:%d] Final state: %s\015\012\000"
 1505      25645D20 
 1505      46696E61 
 1505      6C207374 
 1505      6174653A 
 1506              		.section	.text.lwm2m_step,"ax",%progbits
 1507              		.align	1
 1508              		.global	lwm2m_step
 1509              		.syntax unified
 1510              		.code	16
 1511              		.thumb_func
 1512              		.fpu softvfp
 1514              	lwm2m_step:
 1515              		@ args = 0, pretend = 0, frame = 24
 1516              		@ frame_needed = 1, uses_anonymous_args = 0
 1517 0000 90B5     		push	{r4, r7, lr}
 1518 0002 89B0     		sub	sp, sp, #36
 1519 0004 02AF     		add	r7, sp, #8
 1520 0006 7860     		str	r0, [r7, #4]
 1521 0008 3960     		str	r1, [r7]
 1522 000a 3B68     		ldr	r3, [r7]
 1523 000c 5C68     		ldr	r4, [r3, #4]
 1524 000e 1B68     		ldr	r3, [r3]
 1525 0010 9E22     		movs	r2, #158
 1526 0012 9200     		lsls	r2, r2, #2
 1527 0014 8049     		ldr	r1, .L177
 1528 0016 8148     		ldr	r0, .L177+4
 1529 0018 0093     		str	r3, [sp]
 1530 001a 0194     		str	r4, [sp, #4]
 1531 001c FFF7FEFF 		bl	atiny_printf
 1532 0020 FFF7FEFF 		bl	lwm2m_gettime
 1533 0024 0300     		movs	r3, r0
 1534 0026 0C00     		movs	r4, r1
 1535 0028 3B61     		str	r3, [r7, #16]
 1536 002a 7C61     		str	r4, [r7, #20]
 1537 002c 7B68     		ldr	r3, [r7, #4]
 1538 002e 1B78     		ldrb	r3, [r3]
 1539 0030 002B     		cmp	r3, #0
 1540 0032 1FD0     		beq	.L129
 1541 0034 7B68     		ldr	r3, [r7, #4]
 1542 0036 1B78     		ldrb	r3, [r3]
 1543 0038 012B     		cmp	r3, #1
 1544 003a 19D0     		beq	.L130
 1545 003c 7B68     		ldr	r3, [r7, #4]
 1546 003e 1B78     		ldrb	r3, [r3]
 1547 0040 022B     		cmp	r3, #2
 1548 0042 13D0     		beq	.L131
 1549 0044 7B68     		ldr	r3, [r7, #4]
 1550 0046 1B78     		ldrb	r3, [r3]
 1551 0048 032B     		cmp	r3, #3
ARM GAS  C:\Users\SONG_J~1\AppData\Local\Temp\ccOmS5g1.s 			page 29


 1552 004a 0DD0     		beq	.L132
 1553 004c 7B68     		ldr	r3, [r7, #4]
 1554 004e 1B78     		ldrb	r3, [r3]
 1555 0050 042B     		cmp	r3, #4
 1556 0052 07D0     		beq	.L133
 1557 0054 7B68     		ldr	r3, [r7, #4]
 1558 0056 1B78     		ldrb	r3, [r3]
 1559 0058 052B     		cmp	r3, #5
 1560 005a 01D1     		bne	.L134
 1561 005c 704B     		ldr	r3, .L177+8
 1562 005e 0AE0     		b	.L140
 1563              	.L134:
 1564 0060 704B     		ldr	r3, .L177+12
 1565 0062 08E0     		b	.L140
 1566              	.L133:
 1567 0064 704B     		ldr	r3, .L177+16
 1568 0066 06E0     		b	.L140
 1569              	.L132:
 1570 0068 704B     		ldr	r3, .L177+20
 1571 006a 04E0     		b	.L140
 1572              	.L131:
 1573 006c 704B     		ldr	r3, .L177+24
 1574 006e 02E0     		b	.L140
 1575              	.L130:
 1576 0070 704B     		ldr	r3, .L177+28
 1577 0072 00E0     		b	.L140
 1578              	.L129:
 1579 0074 704B     		ldr	r3, .L177+32
 1580              	.L140:
 1581 0076 714A     		ldr	r2, .L177+36
 1582 0078 6749     		ldr	r1, .L177
 1583 007a 7148     		ldr	r0, .L177+40
 1584 007c FFF7FEFF 		bl	atiny_printf
 1585              	.L141:
 1586 0080 7B68     		ldr	r3, [r7, #4]
 1587 0082 1B78     		ldrb	r3, [r3]
 1588 0084 052B     		cmp	r3, #5
 1589 0086 00D9     		bls	.LCB1594
 1590 0088 6AE0     		b	.L175	@long jump
 1591              	.LCB1594:
 1592 008a 9A00     		lsls	r2, r3, #2
 1593 008c 6D4B     		ldr	r3, .L177+44
 1594 008e D318     		adds	r3, r2, r3
 1595 0090 1B68     		ldr	r3, [r3]
 1596 0092 9F46     		mov	pc, r3
 1597              		.section	.rodata.lwm2m_step,"a",%progbits
 1598              		.align	2
 1599              	.L144:
 1600 0000 94000000 		.word	.L143
 1601 0004 D8000000 		.word	.L145
 1602 0008 60010000 		.word	.L175
 1603 000c DC000000 		.word	.L146
 1604 0010 16010000 		.word	.L147
 1605 0014 4A010000 		.word	.L148
 1606              		.section	.text.lwm2m_step
 1607              	.L143:
 1608 0094 7B68     		ldr	r3, [r7, #4]
ARM GAS  C:\Users\SONG_J~1\AppData\Local\Temp\ccOmS5g1.s 			page 30


 1609 0096 1800     		movs	r0, r3
 1610 0098 FFF7FEFF 		bl	prv_refreshServerList
 1611 009c 031E     		subs	r3, r0, #0
 1612 009e 07D0     		beq	.L149
 1613 00a0 694A     		ldr	r2, .L177+48
 1614 00a2 5D49     		ldr	r1, .L177
 1615 00a4 694B     		ldr	r3, .L177+52
 1616 00a6 1800     		movs	r0, r3
 1617 00a8 FFF7FEFF 		bl	atiny_printf
 1618 00ac A323     		movs	r3, #163
 1619 00ae AEE0     		b	.L150
 1620              	.L149:
 1621 00b0 7B68     		ldr	r3, [r7, #4]
 1622 00b2 5B69     		ldr	r3, [r3, #20]
 1623 00b4 002B     		cmp	r3, #0
 1624 00b6 0BD0     		beq	.L151
 1625 00b8 7B68     		ldr	r3, [r7, #4]
 1626 00ba 9B78     		ldrb	r3, [r3, #2]
 1627 00bc 002B     		cmp	r3, #0
 1628 00be 03D0     		beq	.L152
 1629 00c0 7B68     		ldr	r3, [r7, #4]
 1630 00c2 0322     		movs	r2, #3
 1631 00c4 1A70     		strb	r2, [r3]
 1632 00c6 DBE7     		b	.L141
 1633              	.L152:
 1634 00c8 7B68     		ldr	r3, [r7, #4]
 1635 00ca 0122     		movs	r2, #1
 1636 00cc 1A70     		strb	r2, [r3]
 1637 00ce D7E7     		b	.L141
 1638              	.L151:
 1639 00d0 7B68     		ldr	r3, [r7, #4]
 1640 00d2 0122     		movs	r2, #1
 1641 00d4 1A70     		strb	r2, [r3]
 1642 00d6 D3E7     		b	.L141
 1643              	.L145:
 1644 00d8 A323     		movs	r3, #163
 1645 00da 98E0     		b	.L150
 1646              	.L146:
 1647 00dc 7B68     		ldr	r3, [r7, #4]
 1648 00de 1800     		movs	r0, r3
 1649 00e0 FFF7FEFF 		bl	registration_start
 1650 00e4 0300     		movs	r3, r0
 1651 00e6 FB60     		str	r3, [r7, #12]
 1652 00e8 FB68     		ldr	r3, [r7, #12]
 1653 00ea 594A     		ldr	r2, .L177+56
 1654 00ec 4A49     		ldr	r1, .L177
 1655 00ee 5948     		ldr	r0, .L177+60
 1656 00f0 FFF7FEFF 		bl	atiny_printf
 1657 00f4 FB68     		ldr	r3, [r7, #12]
 1658 00f6 002B     		cmp	r3, #0
 1659 00f8 09D0     		beq	.L155
 1660 00fa 7B68     		ldr	r3, [r7, #4]
 1661 00fc 5B78     		ldrb	r3, [r3, #1]
 1662 00fe 012B     		cmp	r3, #1
 1663 0100 03D1     		bne	.L156
 1664 0102 7B68     		ldr	r3, [r7, #4]
 1665 0104 0422     		movs	r2, #4
ARM GAS  C:\Users\SONG_J~1\AppData\Local\Temp\ccOmS5g1.s 			page 31


 1666 0106 1A70     		strb	r2, [r3]
 1667 0108 01E0     		b	.L155
 1668              	.L156:
 1669 010a FB68     		ldr	r3, [r7, #12]
 1670 010c 7FE0     		b	.L150
 1671              	.L155:
 1672 010e 7B68     		ldr	r3, [r7, #4]
 1673 0110 0422     		movs	r2, #4
 1674 0112 1A70     		strb	r2, [r3]
 1675 0114 27E0     		b	.L157
 1676              	.L147:
 1677 0116 7B68     		ldr	r3, [r7, #4]
 1678 0118 1800     		movs	r0, r3
 1679 011a FFF7FEFF 		bl	registration_getStatus
 1680 011e 0300     		movs	r3, r0
 1681 0120 022B     		cmp	r3, #2
 1682 0122 02D0     		beq	.L159
 1683 0124 032B     		cmp	r3, #3
 1684 0126 0AD0     		beq	.L160
 1685 0128 0EE0     		b	.L161
 1686              	.L159:
 1687 012a 7B68     		ldr	r3, [r7, #4]
 1688 012c 0522     		movs	r2, #5
 1689 012e 1A70     		strb	r2, [r3]
 1690 0130 0023     		movs	r3, #0
 1691 0132 0022     		movs	r2, #0
 1692 0134 0221     		movs	r1, #2
 1693 0136 0020     		movs	r0, #0
 1694 0138 FFF7FEFF 		bl	lwm2m_notify_even
 1695 013c 04E0     		b	.L161
 1696              	.L160:
 1697 013e 7B68     		ldr	r3, [r7, #4]
 1698 0140 1800     		movs	r0, r3
 1699 0142 FFF7FEFF 		bl	lwm2m_bootstrap_process_reg_failed
 1700 0146 C046     		nop
 1701              	.L161:
 1702 0148 0DE0     		b	.L157
 1703              	.L148:
 1704 014a 7B68     		ldr	r3, [r7, #4]
 1705 014c 1800     		movs	r0, r3
 1706 014e FFF7FEFF 		bl	registration_getStatus
 1707 0152 0300     		movs	r3, r0
 1708 0154 032B     		cmp	r3, #3
 1709 0156 05D1     		bne	.L176
 1710 0158 7B68     		ldr	r3, [r7, #4]
 1711 015a 0322     		movs	r2, #3
 1712 015c 1A70     		strb	r2, [r3]
 1713 015e 8FE7     		b	.L141
 1714              	.L175:
 1715 0160 C046     		nop
 1716 0162 00E0     		b	.L157
 1717              	.L176:
 1718 0164 C046     		nop
 1719              	.L157:
 1720 0166 3B69     		ldr	r3, [r7, #16]
 1721 0168 7C69     		ldr	r4, [r7, #20]
 1722 016a 7968     		ldr	r1, [r7, #4]
ARM GAS  C:\Users\SONG_J~1\AppData\Local\Temp\ccOmS5g1.s 			page 32


 1723 016c 3A68     		ldr	r2, [r7]
 1724 016e 0092     		str	r2, [sp]
 1725 0170 1A00     		movs	r2, r3
 1726 0172 2300     		movs	r3, r4
 1727 0174 0800     		movs	r0, r1
 1728 0176 FFF7FEFF 		bl	observe_step
 1729 017a 3B69     		ldr	r3, [r7, #16]
 1730 017c 7C69     		ldr	r4, [r7, #20]
 1731 017e 7968     		ldr	r1, [r7, #4]
 1732 0180 3A68     		ldr	r2, [r7]
 1733 0182 0092     		str	r2, [sp]
 1734 0184 1A00     		movs	r2, r3
 1735 0186 2300     		movs	r3, r4
 1736 0188 0800     		movs	r0, r1
 1737 018a FFF7FEFF 		bl	registration_step
 1738 018e 3B69     		ldr	r3, [r7, #16]
 1739 0190 7C69     		ldr	r4, [r7, #20]
 1740 0192 7968     		ldr	r1, [r7, #4]
 1741 0194 3A68     		ldr	r2, [r7]
 1742 0196 0092     		str	r2, [sp]
 1743 0198 1A00     		movs	r2, r3
 1744 019a 2300     		movs	r3, r4
 1745 019c 0800     		movs	r0, r1
 1746 019e FFF7FEFF 		bl	transaction_step
 1747 01a2 3B68     		ldr	r3, [r7]
 1748 01a4 5C68     		ldr	r4, [r3, #4]
 1749 01a6 1B68     		ldr	r3, [r3]
 1750 01a8 2B4A     		ldr	r2, .L177+64
 1751 01aa 1B49     		ldr	r1, .L177
 1752 01ac 2B48     		ldr	r0, .L177+68
 1753 01ae 0093     		str	r3, [sp]
 1754 01b0 0194     		str	r4, [sp, #4]
 1755 01b2 FFF7FEFF 		bl	atiny_printf
 1756 01b6 7B68     		ldr	r3, [r7, #4]
 1757 01b8 1B78     		ldrb	r3, [r3]
 1758 01ba 002B     		cmp	r3, #0
 1759 01bc 1FD0     		beq	.L163
 1760 01be 7B68     		ldr	r3, [r7, #4]
 1761 01c0 1B78     		ldrb	r3, [r3]
 1762 01c2 012B     		cmp	r3, #1
 1763 01c4 19D0     		beq	.L164
 1764 01c6 7B68     		ldr	r3, [r7, #4]
 1765 01c8 1B78     		ldrb	r3, [r3]
 1766 01ca 022B     		cmp	r3, #2
 1767 01cc 13D0     		beq	.L165
 1768 01ce 7B68     		ldr	r3, [r7, #4]
 1769 01d0 1B78     		ldrb	r3, [r3]
 1770 01d2 032B     		cmp	r3, #3
 1771 01d4 0DD0     		beq	.L166
 1772 01d6 7B68     		ldr	r3, [r7, #4]
 1773 01d8 1B78     		ldrb	r3, [r3]
 1774 01da 042B     		cmp	r3, #4
 1775 01dc 07D0     		beq	.L167
 1776 01de 7B68     		ldr	r3, [r7, #4]
 1777 01e0 1B78     		ldrb	r3, [r3]
 1778 01e2 052B     		cmp	r3, #5
 1779 01e4 01D1     		bne	.L168
ARM GAS  C:\Users\SONG_J~1\AppData\Local\Temp\ccOmS5g1.s 			page 33


 1780 01e6 0E4B     		ldr	r3, .L177+8
 1781 01e8 0AE0     		b	.L174
 1782              	.L168:
 1783 01ea 0E4B     		ldr	r3, .L177+12
 1784 01ec 08E0     		b	.L174
 1785              	.L167:
 1786 01ee 0E4B     		ldr	r3, .L177+16
 1787 01f0 06E0     		b	.L174
 1788              	.L166:
 1789 01f2 0E4B     		ldr	r3, .L177+20
 1790 01f4 04E0     		b	.L174
 1791              	.L165:
 1792 01f6 0E4B     		ldr	r3, .L177+24
 1793 01f8 02E0     		b	.L174
 1794              	.L164:
 1795 01fa 0E4B     		ldr	r3, .L177+28
 1796 01fc 00E0     		b	.L174
 1797              	.L163:
 1798 01fe 0E4B     		ldr	r3, .L177+32
 1799              	.L174:
 1800 0200 C222     		movs	r2, #194
 1801 0202 9200     		lsls	r2, r2, #2
 1802 0204 0449     		ldr	r1, .L177
 1803 0206 1648     		ldr	r0, .L177+72
 1804 0208 FFF7FEFF 		bl	atiny_printf
 1805 020c 0023     		movs	r3, #0
 1806              	.L150:
 1807 020e 1800     		movs	r0, r3
 1808 0210 BD46     		mov	sp, r7
 1809 0212 07B0     		add	sp, sp, #28
 1810              		@ sp needed
 1811 0214 90BD     		pop	{r4, r7, pc}
 1812              	.L178:
 1813 0216 C046     		.align	2
 1814              	.L177:
 1815 0218 00000000 		.word	__func__.7201
 1816 021c 60010000 		.word	.LC31
 1817 0220 7C010000 		.word	.LC33
 1818 0224 88010000 		.word	.LC35
 1819 0228 90010000 		.word	.LC37
 1820 022c A4010000 		.word	.LC39
 1821 0230 BC010000 		.word	.LC41
 1822 0234 D0010000 		.word	.LC43
 1823 0238 EC010000 		.word	.LC45
 1824 023c 7D020000 		.word	637
 1825 0240 FC010000 		.word	.LC47
 1826 0244 00000000 		.word	.L144
 1827 0248 86020000 		.word	646
 1828 024c 10020000 		.word	.LC50
 1829 0250 C2020000 		.word	706
 1830 0254 38020000 		.word	.LC52
 1831 0258 06030000 		.word	774
 1832 025c 90020000 		.word	.LC54
 1833 0260 B0020000 		.word	.LC56
 1835              		.section	.rodata.__func__.7068,"a",%progbits
 1836              		.align	2
 1839              	__func__.7068:
ARM GAS  C:\Users\SONG_J~1\AppData\Local\Temp\ccOmS5g1.s 			page 34


 1840 0000 6C776D32 		.ascii	"lwm2m_init\000"
 1840      6D5F696E 
 1840      697400
 1841              		.section	.rodata.__func__.7083,"a",%progbits
 1842              		.align	2
 1845              	__func__.7083:
 1846 0000 6C776D32 		.ascii	"lwm2m_deregister\000"
 1846      6D5F6465 
 1846      72656769 
 1846      73746572 
 1846      00
 1847              		.section	.rodata.__func__.7119,"a",%progbits
 1848              		.align	2
 1851              	__func__.7119:
 1852 0000 6C776D32 		.ascii	"lwm2m_close\000"
 1852      6D5F636C 
 1852      6F736500 
 1853              		.section	.rodata.__func__.7152,"a",%progbits
 1854              		.align	2
 1857              	__func__.7152:
 1858 0000 6C776D32 		.ascii	"lwm2m_add_object\000"
 1858      6D5F6164 
 1858      645F6F62 
 1858      6A656374 
 1858      00
 1859              		.section	.rodata.__func__.7158,"a",%progbits
 1860              		.align	2
 1863              	__func__.7158:
 1864 0000 6C776D32 		.ascii	"lwm2m_remove_object\000"
 1864      6D5F7265 
 1864      6D6F7665 
 1864      5F6F626A 
 1864      65637400 
 1865              		.section	.rodata.__func__.7163,"a",%progbits
 1866              		.align	2
 1869              	__func__.7163:
 1870 0000 6C776D32 		.ascii	"lwm2m_reset_register\000"
 1870      6D5F7265 
 1870      7365745F 
 1870      72656769 
 1870      73746572 
 1871              		.section	.rodata.__func__.7170,"a",%progbits
 1872              		.align	2
 1875              	__func__.7170:
 1876 0000 6C776D32 		.ascii	"lwm2m_reconnect\000"
 1876      6D5F7265 
 1876      636F6E6E 
 1876      65637400 
 1877              		.section	.rodata.__func__.7181,"a",%progbits
 1878              		.align	2
 1881              	__func__.7181:
 1882 0000 6C776D32 		.ascii	"lwm2m_bootstrap_sequence_factory_to_server_initiate"
 1882      6D5F626F 
 1882      6F747374 
 1882      7261705F 
 1882      73657175 
 1883 0033 6400     		.ascii	"d\000"
ARM GAS  C:\Users\SONG_J~1\AppData\Local\Temp\ccOmS5g1.s 			page 35


 1884              		.section	.rodata.__func__.7185,"a",%progbits
 1885              		.align	2
 1888              	__func__.7185:
 1889 0000 6C776D32 		.ascii	"lwm2m_bootstrap_sequence_server_to_client_initiated"
 1889      6D5F626F 
 1889      6F747374 
 1889      7261705F 
 1889      73657175 
 1890 0033 00       		.ascii	"\000"
 1891              		.section	.rodata.__func__.7194,"a",%progbits
 1892              		.align	2
 1895              	__func__.7194:
 1896 0000 6C776D32 		.ascii	"lwm2m_bootstrap_process_reg_failed\000"
 1896      6D5F626F 
 1896      6F747374 
 1896      7261705F 
 1896      70726F63 
 1897              		.section	.bss.time_start.7190,"aw",%nobits
 1900              	time_start.7190:
 1901 0000 00       		.space	1
 1902              		.section	.bss.start_cnt.7189,"aw",%nobits
 1903              		.align	3
 1906              	start_cnt.7189:
 1907 0000 00000000 		.space	8
 1907      00000000 
 1908              		.section	.rodata.__func__.7201,"a",%progbits
 1909              		.align	2
 1912              	__func__.7201:
 1913 0000 6C776D32 		.ascii	"lwm2m_step\000"
 1913      6D5F7374 
 1913      657000
 1914              		.ident	"GCC: (GNU Tools for Arm Embedded Processors 7-2017-q4-major) 7.2.1 20170904 (release) [ARM
ARM GAS  C:\Users\SONG_J~1\AppData\Local\Temp\ccOmS5g1.s 			page 36


DEFINED SYMBOLS
                            *ABS*:00000000 liblwm2m.c
C:\Users\SONG_J~1\AppData\Local\Temp\ccOmS5g1.s:13     .rodata:00000000 $d
C:\Users\SONG_J~1\AppData\Local\Temp\ccOmS5g1.s:17     .text.lwm2m_init:00000000 $t
C:\Users\SONG_J~1\AppData\Local\Temp\ccOmS5g1.s:24     .text.lwm2m_init:00000000 lwm2m_init
C:\Users\SONG_J~1\AppData\Local\Temp\ccOmS5g1.s:66     .text.lwm2m_init:0000004c $d
C:\Users\SONG_J~1\AppData\Local\Temp\ccOmS5g1.s:1839   .rodata.__func__.7068:00000000 __func__.7068
C:\Users\SONG_J~1\AppData\Local\Temp\ccOmS5g1.s:70     .bss.event_handler:00000000 $d
C:\Users\SONG_J~1\AppData\Local\Temp\ccOmS5g1.s:73     .bss.event_handler:00000000 event_handler
C:\Users\SONG_J~1\AppData\Local\Temp\ccOmS5g1.s:76     .text.lwm2m_register_event_handler:00000000 $t
C:\Users\SONG_J~1\AppData\Local\Temp\ccOmS5g1.s:83     .text.lwm2m_register_event_handler:00000000 lwm2m_register_event_handler
C:\Users\SONG_J~1\AppData\Local\Temp\ccOmS5g1.s:101    .text.lwm2m_register_event_handler:00000018 $d
C:\Users\SONG_J~1\AppData\Local\Temp\ccOmS5g1.s:104    .text.lwm2m_notify_even:00000000 $t
C:\Users\SONG_J~1\AppData\Local\Temp\ccOmS5g1.s:111    .text.lwm2m_notify_even:00000000 lwm2m_notify_even
C:\Users\SONG_J~1\AppData\Local\Temp\ccOmS5g1.s:147    .text.lwm2m_notify_even:00000038 $d
C:\Users\SONG_J~1\AppData\Local\Temp\ccOmS5g1.s:150    .text.lwm2m_deregister:00000000 $t
C:\Users\SONG_J~1\AppData\Local\Temp\ccOmS5g1.s:157    .text.lwm2m_deregister:00000000 lwm2m_deregister
C:\Users\SONG_J~1\AppData\Local\Temp\ccOmS5g1.s:194    .text.lwm2m_deregister:0000003c $d
C:\Users\SONG_J~1\AppData\Local\Temp\ccOmS5g1.s:1845   .rodata.__func__.7083:00000000 __func__.7083
C:\Users\SONG_J~1\AppData\Local\Temp\ccOmS5g1.s:198    .text.prv_deleteServer:00000000 $t
C:\Users\SONG_J~1\AppData\Local\Temp\ccOmS5g1.s:204    .text.prv_deleteServer:00000000 prv_deleteServer
C:\Users\SONG_J~1\AppData\Local\Temp\ccOmS5g1.s:246    .text.prv_deleteServerList:00000000 $t
C:\Users\SONG_J~1\AppData\Local\Temp\ccOmS5g1.s:252    .text.prv_deleteServerList:00000000 prv_deleteServerList
C:\Users\SONG_J~1\AppData\Local\Temp\ccOmS5g1.s:286    .text.prv_deleteObservedList:00000000 $t
C:\Users\SONG_J~1\AppData\Local\Temp\ccOmS5g1.s:292    .text.prv_deleteObservedList:00000000 prv_deleteObservedList
C:\Users\SONG_J~1\AppData\Local\Temp\ccOmS5g1.s:363    .text.prv_deleteTransactionList:00000000 $t
C:\Users\SONG_J~1\AppData\Local\Temp\ccOmS5g1.s:370    .text.prv_deleteTransactionList:00000000 prv_deleteTransactionList
C:\Users\SONG_J~1\AppData\Local\Temp\ccOmS5g1.s:413    .text.lwm2m_close:00000000 $t
C:\Users\SONG_J~1\AppData\Local\Temp\ccOmS5g1.s:420    .text.lwm2m_close:00000000 lwm2m_close
C:\Users\SONG_J~1\AppData\Local\Temp\ccOmS5g1.s:477    .text.lwm2m_close:00000074 $d
C:\Users\SONG_J~1\AppData\Local\Temp\ccOmS5g1.s:1851   .rodata.__func__.7119:00000000 __func__.7119
C:\Users\SONG_J~1\AppData\Local\Temp\ccOmS5g1.s:481    .text.prv_refreshServerList:00000000 $t
C:\Users\SONG_J~1\AppData\Local\Temp\ccOmS5g1.s:487    .text.prv_refreshServerList:00000000 prv_refreshServerList
C:\Users\SONG_J~1\AppData\Local\Temp\ccOmS5g1.s:602    .text.lwm2m_configure:00000000 $t
C:\Users\SONG_J~1\AppData\Local\Temp\ccOmS5g1.s:609    .text.lwm2m_configure:00000000 lwm2m_configure
C:\Users\SONG_J~1\AppData\Local\Temp\ccOmS5g1.s:829    .text.lwm2m_add_object:00000000 $t
C:\Users\SONG_J~1\AppData\Local\Temp\ccOmS5g1.s:836    .text.lwm2m_add_object:00000000 lwm2m_add_object
C:\Users\SONG_J~1\AppData\Local\Temp\ccOmS5g1.s:902    .text.lwm2m_add_object:00000078 $d
C:\Users\SONG_J~1\AppData\Local\Temp\ccOmS5g1.s:1857   .rodata.__func__.7152:00000000 __func__.7152
C:\Users\SONG_J~1\AppData\Local\Temp\ccOmS5g1.s:906    .text.lwm2m_remove_object:00000000 $t
C:\Users\SONG_J~1\AppData\Local\Temp\ccOmS5g1.s:913    .text.lwm2m_remove_object:00000000 lwm2m_remove_object
C:\Users\SONG_J~1\AppData\Local\Temp\ccOmS5g1.s:970    .text.lwm2m_remove_object:00000064 $d
C:\Users\SONG_J~1\AppData\Local\Temp\ccOmS5g1.s:1863   .rodata.__func__.7158:00000000 __func__.7158
C:\Users\SONG_J~1\AppData\Local\Temp\ccOmS5g1.s:974    .text.lwm2m_reset_register:00000000 $t
C:\Users\SONG_J~1\AppData\Local\Temp\ccOmS5g1.s:980    .text.lwm2m_reset_register:00000000 lwm2m_reset_register
C:\Users\SONG_J~1\AppData\Local\Temp\ccOmS5g1.s:1018   .text.lwm2m_reset_register:00000040 $d
C:\Users\SONG_J~1\AppData\Local\Temp\ccOmS5g1.s:1869   .rodata.__func__.7163:00000000 __func__.7163
C:\Users\SONG_J~1\AppData\Local\Temp\ccOmS5g1.s:1026   .text.lwm2m_reconnect:00000000 $t
C:\Users\SONG_J~1\AppData\Local\Temp\ccOmS5g1.s:1033   .text.lwm2m_reconnect:00000000 lwm2m_reconnect
C:\Users\SONG_J~1\AppData\Local\Temp\ccOmS5g1.s:1087   .text.lwm2m_reconnect:00000060 $d
C:\Users\SONG_J~1\AppData\Local\Temp\ccOmS5g1.s:1875   .rodata.__func__.7170:00000000 __func__.7170
C:\Users\SONG_J~1\AppData\Local\Temp\ccOmS5g1.s:1091   .text.lwm2m_bootstrap_tag_IOT_server:00000000 $t
C:\Users\SONG_J~1\AppData\Local\Temp\ccOmS5g1.s:1097   .text.lwm2m_bootstrap_tag_IOT_server:00000000 lwm2m_bootstrap_tag_IOT_server
C:\Users\SONG_J~1\AppData\Local\Temp\ccOmS5g1.s:1133   .text.lwm2m_bootstrap_sequence_factory_to_server_initiated:00000000 $t
C:\Users\SONG_J~1\AppData\Local\Temp\ccOmS5g1.s:1140   .text.lwm2m_bootstrap_sequence_factory_to_server_initiated:00000000 lwm2m_bootstrap_sequence_factory_to_server_initiated
C:\Users\SONG_J~1\AppData\Local\Temp\ccOmS5g1.s:1165   .text.lwm2m_bootstrap_sequence_factory_to_server_initiated:00000028 $d
C:\Users\SONG_J~1\AppData\Local\Temp\ccOmS5g1.s:1881   .rodata.__func__.7181:00000000 __func__.7181
ARM GAS  C:\Users\SONG_J~1\AppData\Local\Temp\ccOmS5g1.s 			page 37


C:\Users\SONG_J~1\AppData\Local\Temp\ccOmS5g1.s:1175   .text.lwm2m_bootstrap_sequence_server_to_client_initiated:00000000 $t
C:\Users\SONG_J~1\AppData\Local\Temp\ccOmS5g1.s:1182   .text.lwm2m_bootstrap_sequence_server_to_client_initiated:00000000 lwm2m_bootstrap_sequence_server_to_client_initiated
C:\Users\SONG_J~1\AppData\Local\Temp\ccOmS5g1.s:1206   .text.lwm2m_bootstrap_sequence_server_to_client_initiated:00000028 $d
C:\Users\SONG_J~1\AppData\Local\Temp\ccOmS5g1.s:1888   .rodata.__func__.7185:00000000 __func__.7185
C:\Users\SONG_J~1\AppData\Local\Temp\ccOmS5g1.s:1216   .text.lwm2m_bootstrap_process_reg_failed:00000000 $t
C:\Users\SONG_J~1\AppData\Local\Temp\ccOmS5g1.s:1222   .text.lwm2m_bootstrap_process_reg_failed:00000000 lwm2m_bootstrap_process_reg_failed
C:\Users\SONG_J~1\AppData\Local\Temp\ccOmS5g1.s:1459   .text.lwm2m_bootstrap_process_reg_failed:000001c4 $d
C:\Users\SONG_J~1\AppData\Local\Temp\ccOmS5g1.s:1895   .rodata.__func__.7194:00000000 __func__.7194
C:\Users\SONG_J~1\AppData\Local\Temp\ccOmS5g1.s:1900   .bss.time_start.7190:00000000 time_start.7190
C:\Users\SONG_J~1\AppData\Local\Temp\ccOmS5g1.s:1906   .bss.start_cnt.7189:00000000 start_cnt.7189
C:\Users\SONG_J~1\AppData\Local\Temp\ccOmS5g1.s:1507   .text.lwm2m_step:00000000 $t
C:\Users\SONG_J~1\AppData\Local\Temp\ccOmS5g1.s:1514   .text.lwm2m_step:00000000 lwm2m_step
C:\Users\SONG_J~1\AppData\Local\Temp\ccOmS5g1.s:1598   .rodata.lwm2m_step:00000000 $d
C:\Users\SONG_J~1\AppData\Local\Temp\ccOmS5g1.s:1815   .text.lwm2m_step:00000218 $d
C:\Users\SONG_J~1\AppData\Local\Temp\ccOmS5g1.s:1912   .rodata.__func__.7201:00000000 __func__.7201
C:\Users\SONG_J~1\AppData\Local\Temp\ccOmS5g1.s:1836   .rodata.__func__.7068:00000000 $d
C:\Users\SONG_J~1\AppData\Local\Temp\ccOmS5g1.s:1842   .rodata.__func__.7083:00000000 $d
C:\Users\SONG_J~1\AppData\Local\Temp\ccOmS5g1.s:1848   .rodata.__func__.7119:00000000 $d
C:\Users\SONG_J~1\AppData\Local\Temp\ccOmS5g1.s:1854   .rodata.__func__.7152:00000000 $d
C:\Users\SONG_J~1\AppData\Local\Temp\ccOmS5g1.s:1860   .rodata.__func__.7158:00000000 $d
C:\Users\SONG_J~1\AppData\Local\Temp\ccOmS5g1.s:1866   .rodata.__func__.7163:00000000 $d
C:\Users\SONG_J~1\AppData\Local\Temp\ccOmS5g1.s:1872   .rodata.__func__.7170:00000000 $d
C:\Users\SONG_J~1\AppData\Local\Temp\ccOmS5g1.s:1878   .rodata.__func__.7181:00000000 $d
C:\Users\SONG_J~1\AppData\Local\Temp\ccOmS5g1.s:1885   .rodata.__func__.7185:00000000 $d
C:\Users\SONG_J~1\AppData\Local\Temp\ccOmS5g1.s:1892   .rodata.__func__.7194:00000000 $d
C:\Users\SONG_J~1\AppData\Local\Temp\ccOmS5g1.s:1901   .bss.time_start.7190:00000000 $d
C:\Users\SONG_J~1\AppData\Local\Temp\ccOmS5g1.s:1903   .bss.start_cnt.7189:00000000 $d
C:\Users\SONG_J~1\AppData\Local\Temp\ccOmS5g1.s:1909   .rodata.__func__.7201:00000000 $d

UNDEFINED SYMBOLS
atiny_printf
lwm2m_malloc
memset
lwm2m_rand
registration_deregister
lwm2m_close_connection
lwm2m_free
free_block1_buffer
atiny_mutex_lock
lwm2m_list_free
atiny_mutex_unlock
transaction_free
lwm2m_list_add
object_getServers
utils_isAltPathValid
lwm2m_strdup
lwm2m_list_find
lwm2m_update_registration
lwm2m_list_remove
registration_reset
lwm2m_gettime
registration_start
registration_getStatus
observe_step
registration_step
transaction_step
