ARM GAS  C:\Users\SONG_J~1\AppData\Local\Temp\cckwn5dg.s 			page 1


   1              		.cpu cortex-m0
   2              		.eabi_attribute 20, 1
   3              		.eabi_attribute 21, 1
   4              		.eabi_attribute 23, 3
   5              		.eabi_attribute 24, 1
   6              		.eabi_attribute 25, 1
   7              		.eabi_attribute 26, 1
   8              		.eabi_attribute 30, 6
   9              		.eabi_attribute 34, 0
  10              		.eabi_attribute 18, 4
  11              		.file	"main.c"
  12              		.section	.text.nrf_gpio_range_cfg_output,"ax",%progbits
  13              		.align	1
  14              		.syntax unified
  15              		.code	16
  16              		.thumb_func
  17              		.fpu softvfp
  19              	nrf_gpio_range_cfg_output:
  20              		@ args = 0, pretend = 0, frame = 8
  21              		@ frame_needed = 1, uses_anonymous_args = 0
  22 0000 80B5     		push	{r7, lr}
  23 0002 82B0     		sub	sp, sp, #8
  24 0004 00AF     		add	r7, sp, #0
  25 0006 7860     		str	r0, [r7, #4]
  26 0008 3960     		str	r1, [r7]
  27 000a 06E0     		b	.L2
  28              	.L3:
  29 000c 7B68     		ldr	r3, [r7, #4]
  30 000e 1800     		movs	r0, r3
  31 0010 FFF7FEFF 		bl	nrf_gpio_cfg_output
  32 0014 7B68     		ldr	r3, [r7, #4]
  33 0016 0133     		adds	r3, r3, #1
  34 0018 7B60     		str	r3, [r7, #4]
  35              	.L2:
  36 001a 7A68     		ldr	r2, [r7, #4]
  37 001c 3B68     		ldr	r3, [r7]
  38 001e 9A42     		cmp	r2, r3
  39 0020 F4D9     		bls	.L3
  40 0022 C046     		nop
  41 0024 BD46     		mov	sp, r7
  42 0026 02B0     		add	sp, sp, #8
  43              		@ sp needed
  44 0028 80BD     		pop	{r7, pc}
  46              		.section	.text.nrf_gpio_cfg,"ax",%progbits
  47              		.align	1
  48              		.syntax unified
  49              		.code	16
  50              		.thumb_func
  51              		.fpu softvfp
  53              	nrf_gpio_cfg:
  54              		@ args = 8, pretend = 0, frame = 8
  55              		@ frame_needed = 1, uses_anonymous_args = 0
  56 0000 90B5     		push	{r4, r7, lr}
  57 0002 83B0     		sub	sp, sp, #12
  58 0004 00AF     		add	r7, sp, #0
  59 0006 7860     		str	r0, [r7, #4]
  60 0008 0C00     		movs	r4, r1
ARM GAS  C:\Users\SONG_J~1\AppData\Local\Temp\cckwn5dg.s 			page 2


  61 000a 1000     		movs	r0, r2
  62 000c 1900     		movs	r1, r3
  63 000e FB1C     		adds	r3, r7, #3
  64 0010 221C     		adds	r2, r4, #0
  65 0012 1A70     		strb	r2, [r3]
  66 0014 BB1C     		adds	r3, r7, #2
  67 0016 021C     		adds	r2, r0, #0
  68 0018 1A70     		strb	r2, [r3]
  69 001a 7B1C     		adds	r3, r7, #1
  70 001c 0A1C     		adds	r2, r1, #0
  71 001e 1A70     		strb	r2, [r3]
  72 0020 FB1C     		adds	r3, r7, #3
  73 0022 1A78     		ldrb	r2, [r3]
  74 0024 BB1C     		adds	r3, r7, #2
  75 0026 1B78     		ldrb	r3, [r3]
  76 0028 5B00     		lsls	r3, r3, #1
  77 002a 1A43     		orrs	r2, r3
  78 002c 7B1C     		adds	r3, r7, #1
  79 002e 1B78     		ldrb	r3, [r3]
  80 0030 9B00     		lsls	r3, r3, #2
  81 0032 1A43     		orrs	r2, r3
  82 0034 1823     		movs	r3, #24
  83 0036 FB18     		adds	r3, r7, r3
  84 0038 1B78     		ldrb	r3, [r3]
  85 003a 1B02     		lsls	r3, r3, #8
  86 003c 1A43     		orrs	r2, r3
  87 003e 1100     		movs	r1, r2
  88 0040 1C23     		movs	r3, #28
  89 0042 FB18     		adds	r3, r7, r3
  90 0044 1B78     		ldrb	r3, [r3]
  91 0046 1A04     		lsls	r2, r3, #16
  92 0048 A023     		movs	r3, #160
  93 004a DB05     		lsls	r3, r3, #23
  94 004c 1143     		orrs	r1, r2
  95 004e 7A68     		ldr	r2, [r7, #4]
  96 0050 C132     		adds	r2, r2, #193
  97 0052 FF32     		adds	r2, r2, #255
  98 0054 9200     		lsls	r2, r2, #2
  99 0056 D150     		str	r1, [r2, r3]
 100 0058 C046     		nop
 101 005a BD46     		mov	sp, r7
 102 005c 03B0     		add	sp, sp, #12
 103              		@ sp needed
 104 005e 90BD     		pop	{r4, r7, pc}
 106              		.section	.text.nrf_gpio_cfg_output,"ax",%progbits
 107              		.align	1
 108              		.syntax unified
 109              		.code	16
 110              		.thumb_func
 111              		.fpu softvfp
 113              	nrf_gpio_cfg_output:
 114              		@ args = 0, pretend = 0, frame = 8
 115              		@ frame_needed = 1, uses_anonymous_args = 0
 116 0000 80B5     		push	{r7, lr}
 117 0002 84B0     		sub	sp, sp, #16
 118 0004 02AF     		add	r7, sp, #8
 119 0006 7860     		str	r0, [r7, #4]
ARM GAS  C:\Users\SONG_J~1\AppData\Local\Temp\cckwn5dg.s 			page 3


 120 0008 7868     		ldr	r0, [r7, #4]
 121 000a 0023     		movs	r3, #0
 122 000c 0193     		str	r3, [sp, #4]
 123 000e 0023     		movs	r3, #0
 124 0010 0093     		str	r3, [sp]
 125 0012 0023     		movs	r3, #0
 126 0014 0122     		movs	r2, #1
 127 0016 0121     		movs	r1, #1
 128 0018 FFF7FEFF 		bl	nrf_gpio_cfg
 129 001c C046     		nop
 130 001e BD46     		mov	sp, r7
 131 0020 02B0     		add	sp, sp, #8
 132              		@ sp needed
 133 0022 80BD     		pop	{r7, pc}
 135              		.section	.text.nrf_gpio_pin_set,"ax",%progbits
 136              		.align	1
 137              		.syntax unified
 138              		.code	16
 139              		.thumb_func
 140              		.fpu softvfp
 142              	nrf_gpio_pin_set:
 143              		@ args = 0, pretend = 0, frame = 8
 144              		@ frame_needed = 1, uses_anonymous_args = 0
 145 0000 80B5     		push	{r7, lr}
 146 0002 82B0     		sub	sp, sp, #8
 147 0004 00AF     		add	r7, sp, #0
 148 0006 7860     		str	r0, [r7, #4]
 149 0008 A023     		movs	r3, #160
 150 000a DA05     		lsls	r2, r3, #23
 151 000c 0121     		movs	r1, #1
 152 000e 7B68     		ldr	r3, [r7, #4]
 153 0010 9940     		lsls	r1, r1, r3
 154 0012 A123     		movs	r3, #161
 155 0014 DB00     		lsls	r3, r3, #3
 156 0016 D150     		str	r1, [r2, r3]
 157 0018 C046     		nop
 158 001a BD46     		mov	sp, r7
 159 001c 02B0     		add	sp, sp, #8
 160              		@ sp needed
 161 001e 80BD     		pop	{r7, pc}
 163              		.section	.text.main,"ax",%progbits
 164              		.align	1
 165              		.global	main
 166              		.syntax unified
 167              		.code	16
 168              		.thumb_func
 169              		.fpu softvfp
 171              	main:
 172              		@ args = 0, pretend = 0, frame = 0
 173              		@ frame_needed = 1, uses_anonymous_args = 0
 174 0000 80B5     		push	{r7, lr}
 175 0002 00AF     		add	r7, sp, #0
 176 0004 1621     		movs	r1, #22
 177 0006 1220     		movs	r0, #18
 178 0008 FFF7FEFF 		bl	nrf_gpio_range_cfg_output
 179 000c FFF7FEFF 		bl	hw_init
 180 0010 064B     		ldr	r3, .L9
ARM GAS  C:\Users\SONG_J~1\AppData\Local\Temp\cckwn5dg.s 			page 4


 181 0012 1800     		movs	r0, r3
 182 0014 FFF7FEFF 		bl	u2n_if_register
 183 0018 1520     		movs	r0, #21
 184 001a FFF7FEFF 		bl	nrf_gpio_pin_set
 185 001e FFF7FEFF 		bl	agent_tiny_entry
 186 0022 0023     		movs	r3, #0
 187 0024 1800     		movs	r0, r3
 188 0026 BD46     		mov	sp, r7
 189              		@ sp needed
 190 0028 80BD     		pop	{r7, pc}
 191              	.L10:
 192 002a C046     		.align	2
 193              	.L9:
 194 002c 00000000 		.word	u2n_if_op
 196              		.ident	"GCC: (GNU Tools for Arm Embedded Processors 7-2017-q4-major) 7.2.1 20170904 (release) [ARM
ARM GAS  C:\Users\SONG_J~1\AppData\Local\Temp\cckwn5dg.s 			page 5


DEFINED SYMBOLS
                            *ABS*:00000000 main.c
C:\Users\SONG_J~1\AppData\Local\Temp\cckwn5dg.s:13     .text.nrf_gpio_range_cfg_output:00000000 $t
C:\Users\SONG_J~1\AppData\Local\Temp\cckwn5dg.s:19     .text.nrf_gpio_range_cfg_output:00000000 nrf_gpio_range_cfg_output
C:\Users\SONG_J~1\AppData\Local\Temp\cckwn5dg.s:113    .text.nrf_gpio_cfg_output:00000000 nrf_gpio_cfg_output
C:\Users\SONG_J~1\AppData\Local\Temp\cckwn5dg.s:47     .text.nrf_gpio_cfg:00000000 $t
C:\Users\SONG_J~1\AppData\Local\Temp\cckwn5dg.s:53     .text.nrf_gpio_cfg:00000000 nrf_gpio_cfg
C:\Users\SONG_J~1\AppData\Local\Temp\cckwn5dg.s:107    .text.nrf_gpio_cfg_output:00000000 $t
C:\Users\SONG_J~1\AppData\Local\Temp\cckwn5dg.s:136    .text.nrf_gpio_pin_set:00000000 $t
C:\Users\SONG_J~1\AppData\Local\Temp\cckwn5dg.s:142    .text.nrf_gpio_pin_set:00000000 nrf_gpio_pin_set
C:\Users\SONG_J~1\AppData\Local\Temp\cckwn5dg.s:164    .text.main:00000000 $t
C:\Users\SONG_J~1\AppData\Local\Temp\cckwn5dg.s:171    .text.main:00000000 main
C:\Users\SONG_J~1\AppData\Local\Temp\cckwn5dg.s:194    .text.main:0000002c $d

UNDEFINED SYMBOLS
hw_init
u2n_if_register
agent_tiny_entry
u2n_if_op
