ARM GAS  C:\Users\SONG_J~1\AppData\Local\Temp\ccBBBgrk.s 			page 1


   1              		.cpu cortex-m0
   2              		.eabi_attribute 20, 1
   3              		.eabi_attribute 21, 1
   4              		.eabi_attribute 23, 3
   5              		.eabi_attribute 24, 1
   6              		.eabi_attribute 25, 1
   7              		.eabi_attribute 26, 1
   8              		.eabi_attribute 30, 6
   9              		.eabi_attribute 34, 0
  10              		.eabi_attribute 18, 4
  11              		.file	"nrf_drv_common.c"
  12              		.section	.text.NVIC_EnableIRQ,"ax",%progbits
  13              		.align	1
  14              		.syntax unified
  15              		.code	16
  16              		.thumb_func
  17              		.fpu softvfp
  19              	NVIC_EnableIRQ:
  20              		@ args = 0, pretend = 0, frame = 8
  21              		@ frame_needed = 1, uses_anonymous_args = 0
  22 0000 80B5     		push	{r7, lr}
  23 0002 82B0     		sub	sp, sp, #8
  24 0004 00AF     		add	r7, sp, #0
  25 0006 0200     		movs	r2, r0
  26 0008 FB1D     		adds	r3, r7, #7
  27 000a 1A70     		strb	r2, [r3]
  28 000c FB1D     		adds	r3, r7, #7
  29 000e 1B78     		ldrb	r3, [r3]
  30 0010 1A00     		movs	r2, r3
  31 0012 1F23     		movs	r3, #31
  32 0014 1340     		ands	r3, r2
  33 0016 0122     		movs	r2, #1
  34 0018 9A40     		lsls	r2, r2, r3
  35 001a 034B     		ldr	r3, .L2
  36 001c 1A60     		str	r2, [r3]
  37 001e C046     		nop
  38 0020 BD46     		mov	sp, r7
  39 0022 02B0     		add	sp, sp, #8
  40              		@ sp needed
  41 0024 80BD     		pop	{r7, pc}
  42              	.L3:
  43 0026 C046     		.align	2
  44              	.L2:
  45 0028 00E100E0 		.word	-536813312
  47              		.section	.text.NVIC_ClearPendingIRQ,"ax",%progbits
  48              		.align	1
  49              		.syntax unified
  50              		.code	16
  51              		.thumb_func
  52              		.fpu softvfp
  54              	NVIC_ClearPendingIRQ:
  55              		@ args = 0, pretend = 0, frame = 8
  56              		@ frame_needed = 1, uses_anonymous_args = 0
  57 0000 80B5     		push	{r7, lr}
  58 0002 82B0     		sub	sp, sp, #8
  59 0004 00AF     		add	r7, sp, #0
  60 0006 0200     		movs	r2, r0
ARM GAS  C:\Users\SONG_J~1\AppData\Local\Temp\ccBBBgrk.s 			page 2


  61 0008 FB1D     		adds	r3, r7, #7
  62 000a 1A70     		strb	r2, [r3]
  63 000c FB1D     		adds	r3, r7, #7
  64 000e 1B78     		ldrb	r3, [r3]
  65 0010 1A00     		movs	r2, r3
  66 0012 1F23     		movs	r3, #31
  67 0014 1340     		ands	r3, r2
  68 0016 0122     		movs	r2, #1
  69 0018 9A40     		lsls	r2, r2, r3
  70 001a 1300     		movs	r3, r2
  71 001c 044A     		ldr	r2, .L5
  72 001e 1900     		movs	r1, r3
  73 0020 C023     		movs	r3, #192
  74 0022 5B00     		lsls	r3, r3, #1
  75 0024 D150     		str	r1, [r2, r3]
  76 0026 C046     		nop
  77 0028 BD46     		mov	sp, r7
  78 002a 02B0     		add	sp, sp, #8
  79              		@ sp needed
  80 002c 80BD     		pop	{r7, pc}
  81              	.L6:
  82 002e C046     		.align	2
  83              	.L5:
  84 0030 00E100E0 		.word	-536813312
  86              		.section	.text.NVIC_SetPriority,"ax",%progbits
  87              		.align	1
  88              		.syntax unified
  89              		.code	16
  90              		.thumb_func
  91              		.fpu softvfp
  93              	NVIC_SetPriority:
  94              		@ args = 0, pretend = 0, frame = 8
  95              		@ frame_needed = 1, uses_anonymous_args = 0
  96 0000 90B5     		push	{r4, r7, lr}
  97 0002 83B0     		sub	sp, sp, #12
  98 0004 00AF     		add	r7, sp, #0
  99 0006 0200     		movs	r2, r0
 100 0008 3960     		str	r1, [r7]
 101 000a FB1D     		adds	r3, r7, #7
 102 000c 1A70     		strb	r2, [r3]
 103 000e FB1D     		adds	r3, r7, #7
 104 0010 1B78     		ldrb	r3, [r3]
 105 0012 7F2B     		cmp	r3, #127
 106 0014 32D9     		bls	.L8
 107 0016 2F4A     		ldr	r2, .L11
 108 0018 FB1D     		adds	r3, r7, #7
 109 001a 1B78     		ldrb	r3, [r3]
 110 001c 1900     		movs	r1, r3
 111 001e 0F23     		movs	r3, #15
 112 0020 0B40     		ands	r3, r1
 113 0022 083B     		subs	r3, r3, #8
 114 0024 9B08     		lsrs	r3, r3, #2
 115 0026 0633     		adds	r3, r3, #6
 116 0028 9B00     		lsls	r3, r3, #2
 117 002a D318     		adds	r3, r2, r3
 118 002c 0433     		adds	r3, r3, #4
 119 002e 1B68     		ldr	r3, [r3]
ARM GAS  C:\Users\SONG_J~1\AppData\Local\Temp\ccBBBgrk.s 			page 3


 120 0030 FA1D     		adds	r2, r7, #7
 121 0032 1278     		ldrb	r2, [r2]
 122 0034 1100     		movs	r1, r2
 123 0036 0322     		movs	r2, #3
 124 0038 0A40     		ands	r2, r1
 125 003a D200     		lsls	r2, r2, #3
 126 003c FF21     		movs	r1, #255
 127 003e 9140     		lsls	r1, r1, r2
 128 0040 0A00     		movs	r2, r1
 129 0042 D243     		mvns	r2, r2
 130 0044 1A40     		ands	r2, r3
 131 0046 1100     		movs	r1, r2
 132 0048 3B68     		ldr	r3, [r7]
 133 004a 9B01     		lsls	r3, r3, #6
 134 004c FF22     		movs	r2, #255
 135 004e 1A40     		ands	r2, r3
 136 0050 FB1D     		adds	r3, r7, #7
 137 0052 1B78     		ldrb	r3, [r3]
 138 0054 1800     		movs	r0, r3
 139 0056 0323     		movs	r3, #3
 140 0058 0340     		ands	r3, r0
 141 005a DB00     		lsls	r3, r3, #3
 142 005c 9A40     		lsls	r2, r2, r3
 143 005e 1D48     		ldr	r0, .L11
 144 0060 FB1D     		adds	r3, r7, #7
 145 0062 1B78     		ldrb	r3, [r3]
 146 0064 1C00     		movs	r4, r3
 147 0066 0F23     		movs	r3, #15
 148 0068 2340     		ands	r3, r4
 149 006a 083B     		subs	r3, r3, #8
 150 006c 9B08     		lsrs	r3, r3, #2
 151 006e 0A43     		orrs	r2, r1
 152 0070 0633     		adds	r3, r3, #6
 153 0072 9B00     		lsls	r3, r3, #2
 154 0074 C318     		adds	r3, r0, r3
 155 0076 0433     		adds	r3, r3, #4
 156 0078 1A60     		str	r2, [r3]
 157 007a 27E0     		b	.L10
 158              	.L8:
 159 007c 164A     		ldr	r2, .L11+4
 160 007e FB1D     		adds	r3, r7, #7
 161 0080 1B78     		ldrb	r3, [r3]
 162 0082 5BB2     		sxtb	r3, r3
 163 0084 9B08     		lsrs	r3, r3, #2
 164 0086 C033     		adds	r3, r3, #192
 165 0088 9B00     		lsls	r3, r3, #2
 166 008a 9B58     		ldr	r3, [r3, r2]
 167 008c FA1D     		adds	r2, r7, #7
 168 008e 1278     		ldrb	r2, [r2]
 169 0090 1100     		movs	r1, r2
 170 0092 0322     		movs	r2, #3
 171 0094 0A40     		ands	r2, r1
 172 0096 D200     		lsls	r2, r2, #3
 173 0098 FF21     		movs	r1, #255
 174 009a 9140     		lsls	r1, r1, r2
 175 009c 0A00     		movs	r2, r1
 176 009e D243     		mvns	r2, r2
ARM GAS  C:\Users\SONG_J~1\AppData\Local\Temp\ccBBBgrk.s 			page 4


 177 00a0 1A40     		ands	r2, r3
 178 00a2 1100     		movs	r1, r2
 179 00a4 3B68     		ldr	r3, [r7]
 180 00a6 9B01     		lsls	r3, r3, #6
 181 00a8 FF22     		movs	r2, #255
 182 00aa 1A40     		ands	r2, r3
 183 00ac FB1D     		adds	r3, r7, #7
 184 00ae 1B78     		ldrb	r3, [r3]
 185 00b0 1800     		movs	r0, r3
 186 00b2 0323     		movs	r3, #3
 187 00b4 0340     		ands	r3, r0
 188 00b6 DB00     		lsls	r3, r3, #3
 189 00b8 9A40     		lsls	r2, r2, r3
 190 00ba 0748     		ldr	r0, .L11+4
 191 00bc FB1D     		adds	r3, r7, #7
 192 00be 1B78     		ldrb	r3, [r3]
 193 00c0 5BB2     		sxtb	r3, r3
 194 00c2 9B08     		lsrs	r3, r3, #2
 195 00c4 0A43     		orrs	r2, r1
 196 00c6 C033     		adds	r3, r3, #192
 197 00c8 9B00     		lsls	r3, r3, #2
 198 00ca 1A50     		str	r2, [r3, r0]
 199              	.L10:
 200 00cc C046     		nop
 201 00ce BD46     		mov	sp, r7
 202 00d0 03B0     		add	sp, sp, #12
 203              		@ sp needed
 204 00d2 90BD     		pop	{r4, r7, pc}
 205              	.L12:
 206              		.align	2
 207              	.L11:
 208 00d4 00ED00E0 		.word	-536810240
 209 00d8 00E100E0 		.word	-536813312
 211              		.section	.text.nrf_drv_common_irq_enable,"ax",%progbits
 212              		.align	1
 213              		.global	nrf_drv_common_irq_enable
 214              		.syntax unified
 215              		.code	16
 216              		.thumb_func
 217              		.fpu softvfp
 219              	nrf_drv_common_irq_enable:
 220              		@ args = 0, pretend = 0, frame = 8
 221              		@ frame_needed = 1, uses_anonymous_args = 0
 222 0000 80B5     		push	{r7, lr}
 223 0002 82B0     		sub	sp, sp, #8
 224 0004 00AF     		add	r7, sp, #0
 225 0006 0200     		movs	r2, r0
 226 0008 FB1D     		adds	r3, r7, #7
 227 000a 1A70     		strb	r2, [r3]
 228 000c BB1D     		adds	r3, r7, #6
 229 000e 0A1C     		adds	r2, r1, #0
 230 0010 1A70     		strb	r2, [r3]
 231 0012 BB1D     		adds	r3, r7, #6
 232 0014 1A78     		ldrb	r2, [r3]
 233 0016 FB1D     		adds	r3, r7, #7
 234 0018 1B78     		ldrb	r3, [r3]
 235 001a 5BB2     		sxtb	r3, r3
ARM GAS  C:\Users\SONG_J~1\AppData\Local\Temp\ccBBBgrk.s 			page 5


 236 001c 1100     		movs	r1, r2
 237 001e 1800     		movs	r0, r3
 238 0020 FFF7FEFF 		bl	NVIC_SetPriority
 239 0024 FB1D     		adds	r3, r7, #7
 240 0026 1B78     		ldrb	r3, [r3]
 241 0028 5BB2     		sxtb	r3, r3
 242 002a 1800     		movs	r0, r3
 243 002c FFF7FEFF 		bl	NVIC_ClearPendingIRQ
 244 0030 FB1D     		adds	r3, r7, #7
 245 0032 1B78     		ldrb	r3, [r3]
 246 0034 5BB2     		sxtb	r3, r3
 247 0036 1800     		movs	r0, r3
 248 0038 FFF7FEFF 		bl	NVIC_EnableIRQ
 249 003c C046     		nop
 250 003e BD46     		mov	sp, r7
 251 0040 02B0     		add	sp, sp, #8
 252              		@ sp needed
 253 0042 80BD     		pop	{r7, pc}
 255              		.ident	"GCC: (GNU Tools for Arm Embedded Processors 7-2017-q4-major) 7.2.1 20170904 (release) [ARM
ARM GAS  C:\Users\SONG_J~1\AppData\Local\Temp\ccBBBgrk.s 			page 6


DEFINED SYMBOLS
                            *ABS*:00000000 nrf_drv_common.c
C:\Users\SONG_J~1\AppData\Local\Temp\ccBBBgrk.s:13     .text.NVIC_EnableIRQ:00000000 $t
C:\Users\SONG_J~1\AppData\Local\Temp\ccBBBgrk.s:19     .text.NVIC_EnableIRQ:00000000 NVIC_EnableIRQ
C:\Users\SONG_J~1\AppData\Local\Temp\ccBBBgrk.s:45     .text.NVIC_EnableIRQ:00000028 $d
C:\Users\SONG_J~1\AppData\Local\Temp\ccBBBgrk.s:48     .text.NVIC_ClearPendingIRQ:00000000 $t
C:\Users\SONG_J~1\AppData\Local\Temp\ccBBBgrk.s:54     .text.NVIC_ClearPendingIRQ:00000000 NVIC_ClearPendingIRQ
C:\Users\SONG_J~1\AppData\Local\Temp\ccBBBgrk.s:84     .text.NVIC_ClearPendingIRQ:00000030 $d
C:\Users\SONG_J~1\AppData\Local\Temp\ccBBBgrk.s:87     .text.NVIC_SetPriority:00000000 $t
C:\Users\SONG_J~1\AppData\Local\Temp\ccBBBgrk.s:93     .text.NVIC_SetPriority:00000000 NVIC_SetPriority
C:\Users\SONG_J~1\AppData\Local\Temp\ccBBBgrk.s:208    .text.NVIC_SetPriority:000000d4 $d
C:\Users\SONG_J~1\AppData\Local\Temp\ccBBBgrk.s:212    .text.nrf_drv_common_irq_enable:00000000 $t
C:\Users\SONG_J~1\AppData\Local\Temp\ccBBBgrk.s:219    .text.nrf_drv_common_irq_enable:00000000 nrf_drv_common_irq_enable

NO UNDEFINED SYMBOLS
