ARM GAS  C:\Users\SONG_J~1\AppData\Local\Temp\ccLaD1HG.s 			page 1


   1              		.cpu cortex-m0
   2              		.eabi_attribute 20, 1
   3              		.eabi_attribute 21, 1
   4              		.eabi_attribute 23, 3
   5              		.eabi_attribute 24, 1
   6              		.eabi_attribute 25, 1
   7              		.eabi_attribute 26, 1
   8              		.eabi_attribute 30, 6
   9              		.eabi_attribute 34, 0
  10              		.eabi_attribute 18, 4
  11              		.file	"nrf_delay.c"
  12              		.section	.text.nrf_delay_ms,"ax",%progbits
  13              		.align	1
  14              		.global	nrf_delay_ms
  15              		.syntax unified
  16              		.code	16
  17              		.thumb_func
  18              		.fpu softvfp
  20              	nrf_delay_ms:
  21              		@ args = 0, pretend = 0, frame = 16
  22              		@ frame_needed = 1, uses_anonymous_args = 0
  23 0000 80B5     		push	{r7, lr}
  24 0002 84B0     		sub	sp, sp, #16
  25 0004 00AF     		add	r7, sp, #0
  26 0006 7860     		str	r0, [r7, #4]
  27 0008 14E0     		b	.L2
  28              	.L3:
  29 000a 7B68     		ldr	r3, [r7, #4]
  30 000c 013B     		subs	r3, r3, #1
  31 000e 7B60     		str	r3, [r7, #4]
  32 0010 0C4B     		ldr	r3, .L4
  33 0012 FB60     		str	r3, [r7, #12]
  34 0014 FB68     		ldr	r3, [r7, #12]
  35 0016 1800     		movs	r0, r3
  36              		.syntax divided
  37              	@ 166 "../components/drivers_nrf/delay/nrf_delay.h" 1
  38              		.syntax unified
  39              	1:
  40 0018 0138     	 SUBS r0, r0, #1
  41 001a C046     	 NOP
  42 001c C046     	 NOP
  43 001e C046     	 NOP
  44 0020 C046     	 NOP
  45 0022 C046     	 NOP
  46 0024 C046     	 NOP
  47 0026 C046     	 NOP
  48 0028 C046     	 NOP
  49 002a C046     	 NOP
  50 002c C046     	 NOP
  51 002e C046     	 NOP
  52 0030 C046     	 NOP
  53 0032 F1D1     	 BNE 1b
  54              	.syntax divided
  55              	
  56              	@ 0 "" 2
  57              		.thumb
  58              		.syntax unified
ARM GAS  C:\Users\SONG_J~1\AppData\Local\Temp\ccLaD1HG.s 			page 2


  59              	.L2:
  60 0034 7B68     		ldr	r3, [r7, #4]
  61 0036 002B     		cmp	r3, #0
  62 0038 E7D1     		bne	.L3
  63 003a C046     		nop
  64 003c BD46     		mov	sp, r7
  65 003e 04B0     		add	sp, sp, #16
  66              		@ sp needed
  67 0040 80BD     		pop	{r7, pc}
  68              	.L5:
  69 0042 C046     		.align	2
  70              	.L4:
  71 0044 E7030000 		.word	999
  73              		.ident	"GCC: (GNU Tools for Arm Embedded Processors 7-2017-q4-major) 7.2.1 20170904 (release) [ARM
ARM GAS  C:\Users\SONG_J~1\AppData\Local\Temp\ccLaD1HG.s 			page 3


DEFINED SYMBOLS
                            *ABS*:00000000 nrf_delay.c
C:\Users\SONG_J~1\AppData\Local\Temp\ccLaD1HG.s:13     .text.nrf_delay_ms:00000000 $t
C:\Users\SONG_J~1\AppData\Local\Temp\ccLaD1HG.s:20     .text.nrf_delay_ms:00000000 nrf_delay_ms
C:\Users\SONG_J~1\AppData\Local\Temp\ccLaD1HG.s:71     .text.nrf_delay_ms:00000044 $d

NO UNDEFINED SYMBOLS
