ARM GAS  C:\Users\SONG_J~1\AppData\Local\Temp\ccrojBJ5.s 			page 1


   1              		.cpu cortex-m0
   2              		.eabi_attribute 20, 1
   3              		.eabi_attribute 21, 1
   4              		.eabi_attribute 23, 3
   5              		.eabi_attribute 24, 1
   6              		.eabi_attribute 25, 1
   7              		.eabi_attribute 26, 1
   8              		.eabi_attribute 30, 6
   9              		.eabi_attribute 34, 0
  10              		.eabi_attribute 18, 4
  11              		.file	"nrf_drv_uart.c"
  12              		.section	.text.NVIC_DisableIRQ,"ax",%progbits
  13              		.align	1
  14              		.syntax unified
  15              		.code	16
  16              		.thumb_func
  17              		.fpu softvfp
  19              	NVIC_DisableIRQ:
  20              		@ args = 0, pretend = 0, frame = 8
  21              		@ frame_needed = 1, uses_anonymous_args = 0
  22 0000 80B5     		push	{r7, lr}
  23 0002 82B0     		sub	sp, sp, #8
  24 0004 00AF     		add	r7, sp, #0
  25 0006 0200     		movs	r2, r0
  26 0008 FB1D     		adds	r3, r7, #7
  27 000a 1A70     		strb	r2, [r3]
  28 000c FB1D     		adds	r3, r7, #7
  29 000e 1B78     		ldrb	r3, [r3]
  30 0010 1A00     		movs	r2, r3
  31 0012 1F23     		movs	r3, #31
  32 0014 1340     		ands	r3, r2
  33 0016 0122     		movs	r2, #1
  34 0018 9A40     		lsls	r2, r2, r3
  35 001a 1300     		movs	r3, r2
  36 001c 034A     		ldr	r2, .L2
  37 001e 1900     		movs	r1, r3
  38 0020 8023     		movs	r3, #128
  39 0022 D150     		str	r1, [r2, r3]
  40 0024 C046     		nop
  41 0026 BD46     		mov	sp, r7
  42 0028 02B0     		add	sp, sp, #8
  43              		@ sp needed
  44 002a 80BD     		pop	{r7, pc}
  45              	.L3:
  46              		.align	2
  47              	.L2:
  48 002c 00E100E0 		.word	-536813312
  50              		.section	.text.nrf_uart_event_clear,"ax",%progbits
  51              		.align	1
  52              		.syntax unified
  53              		.code	16
  54              		.thumb_func
  55              		.fpu softvfp
  57              	nrf_uart_event_clear:
  58              		@ args = 0, pretend = 0, frame = 8
  59              		@ frame_needed = 1, uses_anonymous_args = 0
  60 0000 80B5     		push	{r7, lr}
ARM GAS  C:\Users\SONG_J~1\AppData\Local\Temp\ccrojBJ5.s 			page 2


  61 0002 82B0     		sub	sp, sp, #8
  62 0004 00AF     		add	r7, sp, #0
  63 0006 7860     		str	r0, [r7, #4]
  64 0008 0A00     		movs	r2, r1
  65 000a BB1C     		adds	r3, r7, #2
  66 000c 1A80     		strh	r2, [r3]
  67 000e BB1C     		adds	r3, r7, #2
  68 0010 1B88     		ldrh	r3, [r3]
  69 0012 7A68     		ldr	r2, [r7, #4]
  70 0014 D318     		adds	r3, r2, r3
  71 0016 0022     		movs	r2, #0
  72 0018 1A60     		str	r2, [r3]
  73 001a C046     		nop
  74 001c BD46     		mov	sp, r7
  75 001e 02B0     		add	sp, sp, #8
  76              		@ sp needed
  77 0020 80BD     		pop	{r7, pc}
  79              		.section	.text.nrf_uart_event_check,"ax",%progbits
  80              		.align	1
  81              		.syntax unified
  82              		.code	16
  83              		.thumb_func
  84              		.fpu softvfp
  86              	nrf_uart_event_check:
  87              		@ args = 0, pretend = 0, frame = 8
  88              		@ frame_needed = 1, uses_anonymous_args = 0
  89 0000 80B5     		push	{r7, lr}
  90 0002 82B0     		sub	sp, sp, #8
  91 0004 00AF     		add	r7, sp, #0
  92 0006 7860     		str	r0, [r7, #4]
  93 0008 0A00     		movs	r2, r1
  94 000a BB1C     		adds	r3, r7, #2
  95 000c 1A80     		strh	r2, [r3]
  96 000e BB1C     		adds	r3, r7, #2
  97 0010 1B88     		ldrh	r3, [r3]
  98 0012 7A68     		ldr	r2, [r7, #4]
  99 0014 D318     		adds	r3, r2, r3
 100 0016 1B68     		ldr	r3, [r3]
 101 0018 5A1E     		subs	r2, r3, #1
 102 001a 9341     		sbcs	r3, r3, r2
 103 001c DBB2     		uxtb	r3, r3
 104 001e 1800     		movs	r0, r3
 105 0020 BD46     		mov	sp, r7
 106 0022 02B0     		add	sp, sp, #8
 107              		@ sp needed
 108 0024 80BD     		pop	{r7, pc}
 110              		.section	.text.nrf_uart_int_enable,"ax",%progbits
 111              		.align	1
 112              		.syntax unified
 113              		.code	16
 114              		.thumb_func
 115              		.fpu softvfp
 117              	nrf_uart_int_enable:
 118              		@ args = 0, pretend = 0, frame = 8
 119              		@ frame_needed = 1, uses_anonymous_args = 0
 120 0000 80B5     		push	{r7, lr}
 121 0002 82B0     		sub	sp, sp, #8
ARM GAS  C:\Users\SONG_J~1\AppData\Local\Temp\ccrojBJ5.s 			page 3


 122 0004 00AF     		add	r7, sp, #0
 123 0006 7860     		str	r0, [r7, #4]
 124 0008 3960     		str	r1, [r7]
 125 000a 7A68     		ldr	r2, [r7, #4]
 126 000c C123     		movs	r3, #193
 127 000e 9B00     		lsls	r3, r3, #2
 128 0010 3968     		ldr	r1, [r7]
 129 0012 D150     		str	r1, [r2, r3]
 130 0014 C046     		nop
 131 0016 BD46     		mov	sp, r7
 132 0018 02B0     		add	sp, sp, #8
 133              		@ sp needed
 134 001a 80BD     		pop	{r7, pc}
 136              		.section	.text.nrf_uart_int_enable_check,"ax",%progbits
 137              		.align	1
 138              		.syntax unified
 139              		.code	16
 140              		.thumb_func
 141              		.fpu softvfp
 143              	nrf_uart_int_enable_check:
 144              		@ args = 0, pretend = 0, frame = 8
 145              		@ frame_needed = 1, uses_anonymous_args = 0
 146 0000 80B5     		push	{r7, lr}
 147 0002 82B0     		sub	sp, sp, #8
 148 0004 00AF     		add	r7, sp, #0
 149 0006 7860     		str	r0, [r7, #4]
 150 0008 3960     		str	r1, [r7]
 151 000a 7A68     		ldr	r2, [r7, #4]
 152 000c C123     		movs	r3, #193
 153 000e 9B00     		lsls	r3, r3, #2
 154 0010 D358     		ldr	r3, [r2, r3]
 155 0012 3A68     		ldr	r2, [r7]
 156 0014 1340     		ands	r3, r2
 157 0016 5A1E     		subs	r2, r3, #1
 158 0018 9341     		sbcs	r3, r3, r2
 159 001a DBB2     		uxtb	r3, r3
 160 001c 1800     		movs	r0, r3
 161 001e BD46     		mov	sp, r7
 162 0020 02B0     		add	sp, sp, #8
 163              		@ sp needed
 164 0022 80BD     		pop	{r7, pc}
 166              		.section	.text.nrf_uart_int_disable,"ax",%progbits
 167              		.align	1
 168              		.syntax unified
 169              		.code	16
 170              		.thumb_func
 171              		.fpu softvfp
 173              	nrf_uart_int_disable:
 174              		@ args = 0, pretend = 0, frame = 8
 175              		@ frame_needed = 1, uses_anonymous_args = 0
 176 0000 80B5     		push	{r7, lr}
 177 0002 82B0     		sub	sp, sp, #8
 178 0004 00AF     		add	r7, sp, #0
 179 0006 7860     		str	r0, [r7, #4]
 180 0008 3960     		str	r1, [r7]
 181 000a 7A68     		ldr	r2, [r7, #4]
 182 000c C223     		movs	r3, #194
ARM GAS  C:\Users\SONG_J~1\AppData\Local\Temp\ccrojBJ5.s 			page 4


 183 000e 9B00     		lsls	r3, r3, #2
 184 0010 3968     		ldr	r1, [r7]
 185 0012 D150     		str	r1, [r2, r3]
 186 0014 C046     		nop
 187 0016 BD46     		mov	sp, r7
 188 0018 02B0     		add	sp, sp, #8
 189              		@ sp needed
 190 001a 80BD     		pop	{r7, pc}
 192              		.section	.text.nrf_uart_errorsrc_get_and_clear,"ax",%progbits
 193              		.align	1
 194              		.syntax unified
 195              		.code	16
 196              		.thumb_func
 197              		.fpu softvfp
 199              	nrf_uart_errorsrc_get_and_clear:
 200              		@ args = 0, pretend = 0, frame = 16
 201              		@ frame_needed = 1, uses_anonymous_args = 0
 202 0000 80B5     		push	{r7, lr}
 203 0002 84B0     		sub	sp, sp, #16
 204 0004 00AF     		add	r7, sp, #0
 205 0006 7860     		str	r0, [r7, #4]
 206 0008 7A68     		ldr	r2, [r7, #4]
 207 000a 9023     		movs	r3, #144
 208 000c DB00     		lsls	r3, r3, #3
 209 000e D358     		ldr	r3, [r2, r3]
 210 0010 FB60     		str	r3, [r7, #12]
 211 0012 7A68     		ldr	r2, [r7, #4]
 212 0014 9023     		movs	r3, #144
 213 0016 DB00     		lsls	r3, r3, #3
 214 0018 F968     		ldr	r1, [r7, #12]
 215 001a D150     		str	r1, [r2, r3]
 216 001c FB68     		ldr	r3, [r7, #12]
 217 001e 1800     		movs	r0, r3
 218 0020 BD46     		mov	sp, r7
 219 0022 04B0     		add	sp, sp, #16
 220              		@ sp needed
 221 0024 80BD     		pop	{r7, pc}
 223              		.section	.text.nrf_uart_enable,"ax",%progbits
 224              		.align	1
 225              		.syntax unified
 226              		.code	16
 227              		.thumb_func
 228              		.fpu softvfp
 230              	nrf_uart_enable:
 231              		@ args = 0, pretend = 0, frame = 8
 232              		@ frame_needed = 1, uses_anonymous_args = 0
 233 0000 80B5     		push	{r7, lr}
 234 0002 82B0     		sub	sp, sp, #8
 235 0004 00AF     		add	r7, sp, #0
 236 0006 7860     		str	r0, [r7, #4]
 237 0008 7A68     		ldr	r2, [r7, #4]
 238 000a A023     		movs	r3, #160
 239 000c DB00     		lsls	r3, r3, #3
 240 000e 0421     		movs	r1, #4
 241 0010 D150     		str	r1, [r2, r3]
 242 0012 C046     		nop
 243 0014 BD46     		mov	sp, r7
ARM GAS  C:\Users\SONG_J~1\AppData\Local\Temp\ccrojBJ5.s 			page 5


 244 0016 02B0     		add	sp, sp, #8
 245              		@ sp needed
 246 0018 80BD     		pop	{r7, pc}
 248              		.section	.text.nrf_uart_disable,"ax",%progbits
 249              		.align	1
 250              		.syntax unified
 251              		.code	16
 252              		.thumb_func
 253              		.fpu softvfp
 255              	nrf_uart_disable:
 256              		@ args = 0, pretend = 0, frame = 8
 257              		@ frame_needed = 1, uses_anonymous_args = 0
 258 0000 80B5     		push	{r7, lr}
 259 0002 82B0     		sub	sp, sp, #8
 260 0004 00AF     		add	r7, sp, #0
 261 0006 7860     		str	r0, [r7, #4]
 262 0008 7A68     		ldr	r2, [r7, #4]
 263 000a A023     		movs	r3, #160
 264 000c DB00     		lsls	r3, r3, #3
 265 000e 0021     		movs	r1, #0
 266 0010 D150     		str	r1, [r2, r3]
 267 0012 C046     		nop
 268 0014 BD46     		mov	sp, r7
 269 0016 02B0     		add	sp, sp, #8
 270              		@ sp needed
 271 0018 80BD     		pop	{r7, pc}
 273              		.section	.text.nrf_uart_txrx_pins_set,"ax",%progbits
 274              		.align	1
 275              		.syntax unified
 276              		.code	16
 277              		.thumb_func
 278              		.fpu softvfp
 280              	nrf_uart_txrx_pins_set:
 281              		@ args = 0, pretend = 0, frame = 16
 282              		@ frame_needed = 1, uses_anonymous_args = 0
 283 0000 80B5     		push	{r7, lr}
 284 0002 84B0     		sub	sp, sp, #16
 285 0004 00AF     		add	r7, sp, #0
 286 0006 F860     		str	r0, [r7, #12]
 287 0008 B960     		str	r1, [r7, #8]
 288 000a 7A60     		str	r2, [r7, #4]
 289 000c FB68     		ldr	r3, [r7, #12]
 290 000e 0549     		ldr	r1, .L16
 291 0010 BA68     		ldr	r2, [r7, #8]
 292 0012 5A50     		str	r2, [r3, r1]
 293 0014 FB68     		ldr	r3, [r7, #12]
 294 0016 0449     		ldr	r1, .L16+4
 295 0018 7A68     		ldr	r2, [r7, #4]
 296 001a 5A50     		str	r2, [r3, r1]
 297 001c C046     		nop
 298 001e BD46     		mov	sp, r7
 299 0020 04B0     		add	sp, sp, #16
 300              		@ sp needed
 301 0022 80BD     		pop	{r7, pc}
 302              	.L17:
 303              		.align	2
 304              	.L16:
ARM GAS  C:\Users\SONG_J~1\AppData\Local\Temp\ccrojBJ5.s 			page 6


 305 0024 0C050000 		.word	1292
 306 0028 14050000 		.word	1300
 308              		.section	.text.nrf_uart_txrx_pins_disconnect,"ax",%progbits
 309              		.align	1
 310              		.syntax unified
 311              		.code	16
 312              		.thumb_func
 313              		.fpu softvfp
 315              	nrf_uart_txrx_pins_disconnect:
 316              		@ args = 0, pretend = 0, frame = 8
 317              		@ frame_needed = 1, uses_anonymous_args = 0
 318 0000 80B5     		push	{r7, lr}
 319 0002 82B0     		sub	sp, sp, #8
 320 0004 00AF     		add	r7, sp, #0
 321 0006 7860     		str	r0, [r7, #4]
 322 0008 0123     		movs	r3, #1
 323 000a 5A42     		rsbs	r2, r3, #0
 324 000c 0123     		movs	r3, #1
 325 000e 5942     		rsbs	r1, r3, #0
 326 0010 7B68     		ldr	r3, [r7, #4]
 327 0012 1800     		movs	r0, r3
 328 0014 FFF7FEFF 		bl	nrf_uart_txrx_pins_set
 329 0018 C046     		nop
 330 001a BD46     		mov	sp, r7
 331 001c 02B0     		add	sp, sp, #8
 332              		@ sp needed
 333 001e 80BD     		pop	{r7, pc}
 335              		.section	.text.nrf_uart_tx_pin_get,"ax",%progbits
 336              		.align	1
 337              		.syntax unified
 338              		.code	16
 339              		.thumb_func
 340              		.fpu softvfp
 342              	nrf_uart_tx_pin_get:
 343              		@ args = 0, pretend = 0, frame = 8
 344              		@ frame_needed = 1, uses_anonymous_args = 0
 345 0000 80B5     		push	{r7, lr}
 346 0002 82B0     		sub	sp, sp, #8
 347 0004 00AF     		add	r7, sp, #0
 348 0006 7860     		str	r0, [r7, #4]
 349 0008 7B68     		ldr	r3, [r7, #4]
 350 000a 034A     		ldr	r2, .L21
 351 000c 9B58     		ldr	r3, [r3, r2]
 352 000e 1800     		movs	r0, r3
 353 0010 BD46     		mov	sp, r7
 354 0012 02B0     		add	sp, sp, #8
 355              		@ sp needed
 356 0014 80BD     		pop	{r7, pc}
 357              	.L22:
 358 0016 C046     		.align	2
 359              	.L21:
 360 0018 0C050000 		.word	1292
 362              		.section	.text.nrf_uart_rx_pin_get,"ax",%progbits
 363              		.align	1
 364              		.syntax unified
 365              		.code	16
 366              		.thumb_func
ARM GAS  C:\Users\SONG_J~1\AppData\Local\Temp\ccrojBJ5.s 			page 7


 367              		.fpu softvfp
 369              	nrf_uart_rx_pin_get:
 370              		@ args = 0, pretend = 0, frame = 8
 371              		@ frame_needed = 1, uses_anonymous_args = 0
 372 0000 80B5     		push	{r7, lr}
 373 0002 82B0     		sub	sp, sp, #8
 374 0004 00AF     		add	r7, sp, #0
 375 0006 7860     		str	r0, [r7, #4]
 376 0008 7B68     		ldr	r3, [r7, #4]
 377 000a 034A     		ldr	r2, .L25
 378 000c 9B58     		ldr	r3, [r3, r2]
 379 000e 1800     		movs	r0, r3
 380 0010 BD46     		mov	sp, r7
 381 0012 02B0     		add	sp, sp, #8
 382              		@ sp needed
 383 0014 80BD     		pop	{r7, pc}
 384              	.L26:
 385 0016 C046     		.align	2
 386              	.L25:
 387 0018 14050000 		.word	1300
 389              		.section	.text.nrf_uart_rts_pin_get,"ax",%progbits
 390              		.align	1
 391              		.syntax unified
 392              		.code	16
 393              		.thumb_func
 394              		.fpu softvfp
 396              	nrf_uart_rts_pin_get:
 397              		@ args = 0, pretend = 0, frame = 8
 398              		@ frame_needed = 1, uses_anonymous_args = 0
 399 0000 80B5     		push	{r7, lr}
 400 0002 82B0     		sub	sp, sp, #8
 401 0004 00AF     		add	r7, sp, #0
 402 0006 7860     		str	r0, [r7, #4]
 403 0008 7A68     		ldr	r2, [r7, #4]
 404 000a A123     		movs	r3, #161
 405 000c DB00     		lsls	r3, r3, #3
 406 000e D358     		ldr	r3, [r2, r3]
 407 0010 1800     		movs	r0, r3
 408 0012 BD46     		mov	sp, r7
 409 0014 02B0     		add	sp, sp, #8
 410              		@ sp needed
 411 0016 80BD     		pop	{r7, pc}
 413              		.section	.text.nrf_uart_cts_pin_get,"ax",%progbits
 414              		.align	1
 415              		.syntax unified
 416              		.code	16
 417              		.thumb_func
 418              		.fpu softvfp
 420              	nrf_uart_cts_pin_get:
 421              		@ args = 0, pretend = 0, frame = 8
 422              		@ frame_needed = 1, uses_anonymous_args = 0
 423 0000 80B5     		push	{r7, lr}
 424 0002 82B0     		sub	sp, sp, #8
 425 0004 00AF     		add	r7, sp, #0
 426 0006 7860     		str	r0, [r7, #4]
 427 0008 7A68     		ldr	r2, [r7, #4]
 428 000a A223     		movs	r3, #162
ARM GAS  C:\Users\SONG_J~1\AppData\Local\Temp\ccrojBJ5.s 			page 8


 429 000c DB00     		lsls	r3, r3, #3
 430 000e D358     		ldr	r3, [r2, r3]
 431 0010 1800     		movs	r0, r3
 432 0012 BD46     		mov	sp, r7
 433 0014 02B0     		add	sp, sp, #8
 434              		@ sp needed
 435 0016 80BD     		pop	{r7, pc}
 437              		.section	.text.nrf_uart_hwfc_pins_set,"ax",%progbits
 438              		.align	1
 439              		.syntax unified
 440              		.code	16
 441              		.thumb_func
 442              		.fpu softvfp
 444              	nrf_uart_hwfc_pins_set:
 445              		@ args = 0, pretend = 0, frame = 16
 446              		@ frame_needed = 1, uses_anonymous_args = 0
 447 0000 80B5     		push	{r7, lr}
 448 0002 84B0     		sub	sp, sp, #16
 449 0004 00AF     		add	r7, sp, #0
 450 0006 F860     		str	r0, [r7, #12]
 451 0008 B960     		str	r1, [r7, #8]
 452 000a 7A60     		str	r2, [r7, #4]
 453 000c FA68     		ldr	r2, [r7, #12]
 454 000e A123     		movs	r3, #161
 455 0010 DB00     		lsls	r3, r3, #3
 456 0012 B968     		ldr	r1, [r7, #8]
 457 0014 D150     		str	r1, [r2, r3]
 458 0016 FA68     		ldr	r2, [r7, #12]
 459 0018 A223     		movs	r3, #162
 460 001a DB00     		lsls	r3, r3, #3
 461 001c 7968     		ldr	r1, [r7, #4]
 462 001e D150     		str	r1, [r2, r3]
 463 0020 C046     		nop
 464 0022 BD46     		mov	sp, r7
 465 0024 04B0     		add	sp, sp, #16
 466              		@ sp needed
 467 0026 80BD     		pop	{r7, pc}
 469              		.section	.text.nrf_uart_hwfc_pins_disconnect,"ax",%progbits
 470              		.align	1
 471              		.syntax unified
 472              		.code	16
 473              		.thumb_func
 474              		.fpu softvfp
 476              	nrf_uart_hwfc_pins_disconnect:
 477              		@ args = 0, pretend = 0, frame = 8
 478              		@ frame_needed = 1, uses_anonymous_args = 0
 479 0000 80B5     		push	{r7, lr}
 480 0002 82B0     		sub	sp, sp, #8
 481 0004 00AF     		add	r7, sp, #0
 482 0006 7860     		str	r0, [r7, #4]
 483 0008 0123     		movs	r3, #1
 484 000a 5A42     		rsbs	r2, r3, #0
 485 000c 0123     		movs	r3, #1
 486 000e 5942     		rsbs	r1, r3, #0
 487 0010 7B68     		ldr	r3, [r7, #4]
 488 0012 1800     		movs	r0, r3
 489 0014 FFF7FEFF 		bl	nrf_uart_hwfc_pins_set
ARM GAS  C:\Users\SONG_J~1\AppData\Local\Temp\ccrojBJ5.s 			page 9


 490 0018 C046     		nop
 491 001a BD46     		mov	sp, r7
 492 001c 02B0     		add	sp, sp, #8
 493              		@ sp needed
 494 001e 80BD     		pop	{r7, pc}
 496              		.section	.text.nrf_uart_rxd_get,"ax",%progbits
 497              		.align	1
 498              		.syntax unified
 499              		.code	16
 500              		.thumb_func
 501              		.fpu softvfp
 503              	nrf_uart_rxd_get:
 504              		@ args = 0, pretend = 0, frame = 8
 505              		@ frame_needed = 1, uses_anonymous_args = 0
 506 0000 80B5     		push	{r7, lr}
 507 0002 82B0     		sub	sp, sp, #8
 508 0004 00AF     		add	r7, sp, #0
 509 0006 7860     		str	r0, [r7, #4]
 510 0008 7A68     		ldr	r2, [r7, #4]
 511 000a A323     		movs	r3, #163
 512 000c DB00     		lsls	r3, r3, #3
 513 000e D358     		ldr	r3, [r2, r3]
 514 0010 DBB2     		uxtb	r3, r3
 515 0012 1800     		movs	r0, r3
 516 0014 BD46     		mov	sp, r7
 517 0016 02B0     		add	sp, sp, #8
 518              		@ sp needed
 519 0018 80BD     		pop	{r7, pc}
 521              		.section	.text.nrf_uart_txd_set,"ax",%progbits
 522              		.align	1
 523              		.syntax unified
 524              		.code	16
 525              		.thumb_func
 526              		.fpu softvfp
 528              	nrf_uart_txd_set:
 529              		@ args = 0, pretend = 0, frame = 8
 530              		@ frame_needed = 1, uses_anonymous_args = 0
 531 0000 80B5     		push	{r7, lr}
 532 0002 82B0     		sub	sp, sp, #8
 533 0004 00AF     		add	r7, sp, #0
 534 0006 7860     		str	r0, [r7, #4]
 535 0008 0A00     		movs	r2, r1
 536 000a FB1C     		adds	r3, r7, #3
 537 000c 1A70     		strb	r2, [r3]
 538 000e FB1C     		adds	r3, r7, #3
 539 0010 1A78     		ldrb	r2, [r3]
 540 0012 7B68     		ldr	r3, [r7, #4]
 541 0014 0249     		ldr	r1, .L36
 542 0016 5A50     		str	r2, [r3, r1]
 543 0018 C046     		nop
 544 001a BD46     		mov	sp, r7
 545 001c 02B0     		add	sp, sp, #8
 546              		@ sp needed
 547 001e 80BD     		pop	{r7, pc}
 548              	.L37:
 549              		.align	2
 550              	.L36:
ARM GAS  C:\Users\SONG_J~1\AppData\Local\Temp\ccrojBJ5.s 			page 10


 551 0020 1C050000 		.word	1308
 553              		.section	.text.nrf_uart_task_trigger,"ax",%progbits
 554              		.align	1
 555              		.syntax unified
 556              		.code	16
 557              		.thumb_func
 558              		.fpu softvfp
 560              	nrf_uart_task_trigger:
 561              		@ args = 0, pretend = 0, frame = 8
 562              		@ frame_needed = 1, uses_anonymous_args = 0
 563 0000 80B5     		push	{r7, lr}
 564 0002 82B0     		sub	sp, sp, #8
 565 0004 00AF     		add	r7, sp, #0
 566 0006 7860     		str	r0, [r7, #4]
 567 0008 0A00     		movs	r2, r1
 568 000a FB1C     		adds	r3, r7, #3
 569 000c 1A70     		strb	r2, [r3]
 570 000e FB1C     		adds	r3, r7, #3
 571 0010 1B78     		ldrb	r3, [r3]
 572 0012 7A68     		ldr	r2, [r7, #4]
 573 0014 D318     		adds	r3, r2, r3
 574 0016 0122     		movs	r2, #1
 575 0018 1A60     		str	r2, [r3]
 576 001a C046     		nop
 577 001c BD46     		mov	sp, r7
 578 001e 02B0     		add	sp, sp, #8
 579              		@ sp needed
 580 0020 80BD     		pop	{r7, pc}
 582              		.section	.text.nrf_uart_configure,"ax",%progbits
 583              		.align	1
 584              		.syntax unified
 585              		.code	16
 586              		.thumb_func
 587              		.fpu softvfp
 589              	nrf_uart_configure:
 590              		@ args = 0, pretend = 0, frame = 8
 591              		@ frame_needed = 1, uses_anonymous_args = 0
 592 0000 80B5     		push	{r7, lr}
 593 0002 82B0     		sub	sp, sp, #8
 594 0004 00AF     		add	r7, sp, #0
 595 0006 7860     		str	r0, [r7, #4]
 596 0008 0800     		movs	r0, r1
 597 000a 1100     		movs	r1, r2
 598 000c FB1C     		adds	r3, r7, #3
 599 000e 021C     		adds	r2, r0, #0
 600 0010 1A70     		strb	r2, [r3]
 601 0012 BB1C     		adds	r3, r7, #2
 602 0014 0A1C     		adds	r2, r1, #0
 603 0016 1A70     		strb	r2, [r3]
 604 0018 FA1C     		adds	r2, r7, #3
 605 001a BB1C     		adds	r3, r7, #2
 606 001c 1278     		ldrb	r2, [r2]
 607 001e 1B78     		ldrb	r3, [r3]
 608 0020 1343     		orrs	r3, r2
 609 0022 DBB2     		uxtb	r3, r3
 610 0024 1900     		movs	r1, r3
 611 0026 7B68     		ldr	r3, [r7, #4]
ARM GAS  C:\Users\SONG_J~1\AppData\Local\Temp\ccrojBJ5.s 			page 11


 612 0028 024A     		ldr	r2, .L40
 613 002a 9950     		str	r1, [r3, r2]
 614 002c C046     		nop
 615 002e BD46     		mov	sp, r7
 616 0030 02B0     		add	sp, sp, #8
 617              		@ sp needed
 618 0032 80BD     		pop	{r7, pc}
 619              	.L41:
 620              		.align	2
 621              	.L40:
 622 0034 6C050000 		.word	1388
 624              		.section	.text.nrf_uart_baudrate_set,"ax",%progbits
 625              		.align	1
 626              		.syntax unified
 627              		.code	16
 628              		.thumb_func
 629              		.fpu softvfp
 631              	nrf_uart_baudrate_set:
 632              		@ args = 0, pretend = 0, frame = 8
 633              		@ frame_needed = 1, uses_anonymous_args = 0
 634 0000 80B5     		push	{r7, lr}
 635 0002 82B0     		sub	sp, sp, #8
 636 0004 00AF     		add	r7, sp, #0
 637 0006 7860     		str	r0, [r7, #4]
 638 0008 3960     		str	r1, [r7]
 639 000a 7B68     		ldr	r3, [r7, #4]
 640 000c 0349     		ldr	r1, .L43
 641 000e 3A68     		ldr	r2, [r7]
 642 0010 5A50     		str	r2, [r3, r1]
 643 0012 C046     		nop
 644 0014 BD46     		mov	sp, r7
 645 0016 02B0     		add	sp, sp, #8
 646              		@ sp needed
 647 0018 80BD     		pop	{r7, pc}
 648              	.L44:
 649 001a C046     		.align	2
 650              	.L43:
 651 001c 24050000 		.word	1316
 653              		.section	.text.nrf_drv_common_irq_disable,"ax",%progbits
 654              		.align	1
 655              		.syntax unified
 656              		.code	16
 657              		.thumb_func
 658              		.fpu softvfp
 660              	nrf_drv_common_irq_disable:
 661              		@ args = 0, pretend = 0, frame = 8
 662              		@ frame_needed = 1, uses_anonymous_args = 0
 663 0000 80B5     		push	{r7, lr}
 664 0002 82B0     		sub	sp, sp, #8
 665 0004 00AF     		add	r7, sp, #0
 666 0006 0200     		movs	r2, r0
 667 0008 FB1D     		adds	r3, r7, #7
 668 000a 1A70     		strb	r2, [r3]
 669 000c FB1D     		adds	r3, r7, #7
 670 000e 1B78     		ldrb	r3, [r3]
 671 0010 5BB2     		sxtb	r3, r3
 672 0012 1800     		movs	r0, r3
ARM GAS  C:\Users\SONG_J~1\AppData\Local\Temp\ccrojBJ5.s 			page 12


 673 0014 FFF7FEFF 		bl	NVIC_DisableIRQ
 674 0018 C046     		nop
 675 001a BD46     		mov	sp, r7
 676 001c 02B0     		add	sp, sp, #8
 677              		@ sp needed
 678 001e 80BD     		pop	{r7, pc}
 680              		.section	.text.nrf_gpio_cfg,"ax",%progbits
 681              		.align	1
 682              		.syntax unified
 683              		.code	16
 684              		.thumb_func
 685              		.fpu softvfp
 687              	nrf_gpio_cfg:
 688              		@ args = 8, pretend = 0, frame = 8
 689              		@ frame_needed = 1, uses_anonymous_args = 0
 690 0000 90B5     		push	{r4, r7, lr}
 691 0002 83B0     		sub	sp, sp, #12
 692 0004 00AF     		add	r7, sp, #0
 693 0006 7860     		str	r0, [r7, #4]
 694 0008 0C00     		movs	r4, r1
 695 000a 1000     		movs	r0, r2
 696 000c 1900     		movs	r1, r3
 697 000e FB1C     		adds	r3, r7, #3
 698 0010 221C     		adds	r2, r4, #0
 699 0012 1A70     		strb	r2, [r3]
 700 0014 BB1C     		adds	r3, r7, #2
 701 0016 021C     		adds	r2, r0, #0
 702 0018 1A70     		strb	r2, [r3]
 703 001a 7B1C     		adds	r3, r7, #1
 704 001c 0A1C     		adds	r2, r1, #0
 705 001e 1A70     		strb	r2, [r3]
 706 0020 FB1C     		adds	r3, r7, #3
 707 0022 1A78     		ldrb	r2, [r3]
 708 0024 BB1C     		adds	r3, r7, #2
 709 0026 1B78     		ldrb	r3, [r3]
 710 0028 5B00     		lsls	r3, r3, #1
 711 002a 1A43     		orrs	r2, r3
 712 002c 7B1C     		adds	r3, r7, #1
 713 002e 1B78     		ldrb	r3, [r3]
 714 0030 9B00     		lsls	r3, r3, #2
 715 0032 1A43     		orrs	r2, r3
 716 0034 1823     		movs	r3, #24
 717 0036 FB18     		adds	r3, r7, r3
 718 0038 1B78     		ldrb	r3, [r3]
 719 003a 1B02     		lsls	r3, r3, #8
 720 003c 1A43     		orrs	r2, r3
 721 003e 1100     		movs	r1, r2
 722 0040 1C23     		movs	r3, #28
 723 0042 FB18     		adds	r3, r7, r3
 724 0044 1B78     		ldrb	r3, [r3]
 725 0046 1A04     		lsls	r2, r3, #16
 726 0048 A023     		movs	r3, #160
 727 004a DB05     		lsls	r3, r3, #23
 728 004c 1143     		orrs	r1, r2
 729 004e 7A68     		ldr	r2, [r7, #4]
 730 0050 C132     		adds	r2, r2, #193
 731 0052 FF32     		adds	r2, r2, #255
ARM GAS  C:\Users\SONG_J~1\AppData\Local\Temp\ccrojBJ5.s 			page 13


 732 0054 9200     		lsls	r2, r2, #2
 733 0056 D150     		str	r1, [r2, r3]
 734 0058 C046     		nop
 735 005a BD46     		mov	sp, r7
 736 005c 03B0     		add	sp, sp, #12
 737              		@ sp needed
 738 005e 90BD     		pop	{r4, r7, pc}
 740              		.section	.text.nrf_gpio_cfg_output,"ax",%progbits
 741              		.align	1
 742              		.syntax unified
 743              		.code	16
 744              		.thumb_func
 745              		.fpu softvfp
 747              	nrf_gpio_cfg_output:
 748              		@ args = 0, pretend = 0, frame = 8
 749              		@ frame_needed = 1, uses_anonymous_args = 0
 750 0000 80B5     		push	{r7, lr}
 751 0002 84B0     		sub	sp, sp, #16
 752 0004 02AF     		add	r7, sp, #8
 753 0006 7860     		str	r0, [r7, #4]
 754 0008 7868     		ldr	r0, [r7, #4]
 755 000a 0023     		movs	r3, #0
 756 000c 0193     		str	r3, [sp, #4]
 757 000e 0023     		movs	r3, #0
 758 0010 0093     		str	r3, [sp]
 759 0012 0023     		movs	r3, #0
 760 0014 0122     		movs	r2, #1
 761 0016 0121     		movs	r1, #1
 762 0018 FFF7FEFF 		bl	nrf_gpio_cfg
 763 001c C046     		nop
 764 001e BD46     		mov	sp, r7
 765 0020 02B0     		add	sp, sp, #8
 766              		@ sp needed
 767 0022 80BD     		pop	{r7, pc}
 769              		.section	.text.nrf_gpio_cfg_input,"ax",%progbits
 770              		.align	1
 771              		.syntax unified
 772              		.code	16
 773              		.thumb_func
 774              		.fpu softvfp
 776              	nrf_gpio_cfg_input:
 777              		@ args = 0, pretend = 0, frame = 8
 778              		@ frame_needed = 1, uses_anonymous_args = 0
 779 0000 80B5     		push	{r7, lr}
 780 0002 84B0     		sub	sp, sp, #16
 781 0004 02AF     		add	r7, sp, #8
 782 0006 7860     		str	r0, [r7, #4]
 783 0008 0A00     		movs	r2, r1
 784 000a FB1C     		adds	r3, r7, #3
 785 000c 1A70     		strb	r2, [r3]
 786 000e FB1C     		adds	r3, r7, #3
 787 0010 1A78     		ldrb	r2, [r3]
 788 0012 7868     		ldr	r0, [r7, #4]
 789 0014 0023     		movs	r3, #0
 790 0016 0193     		str	r3, [sp, #4]
 791 0018 0023     		movs	r3, #0
 792 001a 0093     		str	r3, [sp]
ARM GAS  C:\Users\SONG_J~1\AppData\Local\Temp\ccrojBJ5.s 			page 14


 793 001c 1300     		movs	r3, r2
 794 001e 0022     		movs	r2, #0
 795 0020 0021     		movs	r1, #0
 796 0022 FFF7FEFF 		bl	nrf_gpio_cfg
 797 0026 C046     		nop
 798 0028 BD46     		mov	sp, r7
 799 002a 02B0     		add	sp, sp, #8
 800              		@ sp needed
 801 002c 80BD     		pop	{r7, pc}
 803              		.section	.text.nrf_gpio_cfg_default,"ax",%progbits
 804              		.align	1
 805              		.syntax unified
 806              		.code	16
 807              		.thumb_func
 808              		.fpu softvfp
 810              	nrf_gpio_cfg_default:
 811              		@ args = 0, pretend = 0, frame = 8
 812              		@ frame_needed = 1, uses_anonymous_args = 0
 813 0000 80B5     		push	{r7, lr}
 814 0002 84B0     		sub	sp, sp, #16
 815 0004 02AF     		add	r7, sp, #8
 816 0006 7860     		str	r0, [r7, #4]
 817 0008 7868     		ldr	r0, [r7, #4]
 818 000a 0023     		movs	r3, #0
 819 000c 0193     		str	r3, [sp, #4]
 820 000e 0023     		movs	r3, #0
 821 0010 0093     		str	r3, [sp]
 822 0012 0023     		movs	r3, #0
 823 0014 0122     		movs	r2, #1
 824 0016 0021     		movs	r1, #0
 825 0018 FFF7FEFF 		bl	nrf_gpio_cfg
 826 001c C046     		nop
 827 001e BD46     		mov	sp, r7
 828 0020 02B0     		add	sp, sp, #8
 829              		@ sp needed
 830 0022 80BD     		pop	{r7, pc}
 832              		.section	.text.nrf_gpio_pin_set,"ax",%progbits
 833              		.align	1
 834              		.syntax unified
 835              		.code	16
 836              		.thumb_func
 837              		.fpu softvfp
 839              	nrf_gpio_pin_set:
 840              		@ args = 0, pretend = 0, frame = 8
 841              		@ frame_needed = 1, uses_anonymous_args = 0
 842 0000 80B5     		push	{r7, lr}
 843 0002 82B0     		sub	sp, sp, #8
 844 0004 00AF     		add	r7, sp, #0
 845 0006 7860     		str	r0, [r7, #4]
 846 0008 A023     		movs	r3, #160
 847 000a DA05     		lsls	r2, r3, #23
 848 000c 0121     		movs	r1, #1
 849 000e 7B68     		ldr	r3, [r7, #4]
 850 0010 9940     		lsls	r1, r1, r3
 851 0012 A123     		movs	r3, #161
 852 0014 DB00     		lsls	r3, r3, #3
 853 0016 D150     		str	r1, [r2, r3]
ARM GAS  C:\Users\SONG_J~1\AppData\Local\Temp\ccrojBJ5.s 			page 15


 854 0018 C046     		nop
 855 001a BD46     		mov	sp, r7
 856 001c 02B0     		add	sp, sp, #8
 857              		@ sp needed
 858 001e 80BD     		pop	{r7, pc}
 860              		.section	.bss.m_cb,"aw",%nobits
 861              		.align	2
 864              	m_cb:
 865 0000 00000000 		.space	24
 865      00000000 
 865      00000000 
 865      00000000 
 865      00000000 
 866              		.section	.rodata.m_default_config,"a",%progbits
 867              		.align	2
 870              	m_default_config:
 871 0000 00000000 		.word	0
 872 0004 00000000 		.word	0
 873 0008 00000000 		.word	0
 874 000c 00000000 		.word	0
 875 0010 00000000 		.word	0
 876 0014 00       		.byte	0
 877 0015 00       		.byte	0
 878 0016 0000     		.space	2
 879 0018 00509D00 		.word	10309632
 880 001c 03       		.byte	3
 881 001d 000000   		.space	3
 882              		.section	.text.apply_config,"ax",%progbits
 883              		.align	1
 884              		.syntax unified
 885              		.code	16
 886              		.thumb_func
 887              		.fpu softvfp
 889              	apply_config:
 890              		@ args = 0, pretend = 0, frame = 8
 891              		@ frame_needed = 1, uses_anonymous_args = 0
 892 0000 80B5     		push	{r7, lr}
 893 0002 82B0     		sub	sp, sp, #8
 894 0004 00AF     		add	r7, sp, #0
 895 0006 7860     		str	r0, [r7, #4]
 896 0008 7B68     		ldr	r3, [r7, #4]
 897 000a 1B68     		ldr	r3, [r3]
 898 000c 1800     		movs	r0, r3
 899 000e FFF7FEFF 		bl	nrf_gpio_cfg_output
 900 0012 7B68     		ldr	r3, [r7, #4]
 901 0014 1B68     		ldr	r3, [r3]
 902 0016 1800     		movs	r0, r3
 903 0018 FFF7FEFF 		bl	nrf_gpio_pin_set
 904 001c 7B68     		ldr	r3, [r7, #4]
 905 001e 5B68     		ldr	r3, [r3, #4]
 906 0020 0021     		movs	r1, #0
 907 0022 1800     		movs	r0, r3
 908 0024 FFF7FEFF 		bl	nrf_gpio_cfg_input
 909 0028 7B68     		ldr	r3, [r7, #4]
 910 002a 9B69     		ldr	r3, [r3, #24]
 911 002c 1A4A     		ldr	r2, .L54
 912 002e 1900     		movs	r1, r3
ARM GAS  C:\Users\SONG_J~1\AppData\Local\Temp\ccrojBJ5.s 			page 16


 913 0030 1000     		movs	r0, r2
 914 0032 FFF7FEFF 		bl	nrf_uart_baudrate_set
 915 0036 7B68     		ldr	r3, [r7, #4]
 916 0038 597D     		ldrb	r1, [r3, #21]
 917 003a 7B68     		ldr	r3, [r7, #4]
 918 003c 1B7D     		ldrb	r3, [r3, #20]
 919 003e 1648     		ldr	r0, .L54
 920 0040 1A00     		movs	r2, r3
 921 0042 FFF7FEFF 		bl	nrf_uart_configure
 922 0046 7B68     		ldr	r3, [r7, #4]
 923 0048 1968     		ldr	r1, [r3]
 924 004a 7B68     		ldr	r3, [r7, #4]
 925 004c 5B68     		ldr	r3, [r3, #4]
 926 004e 1248     		ldr	r0, .L54
 927 0050 1A00     		movs	r2, r3
 928 0052 FFF7FEFF 		bl	nrf_uart_txrx_pins_set
 929 0056 7B68     		ldr	r3, [r7, #4]
 930 0058 1B7D     		ldrb	r3, [r3, #20]
 931 005a 012B     		cmp	r3, #1
 932 005c 17D1     		bne	.L53
 933 005e 7B68     		ldr	r3, [r7, #4]
 934 0060 9B68     		ldr	r3, [r3, #8]
 935 0062 0021     		movs	r1, #0
 936 0064 1800     		movs	r0, r3
 937 0066 FFF7FEFF 		bl	nrf_gpio_cfg_input
 938 006a 7B68     		ldr	r3, [r7, #4]
 939 006c DB68     		ldr	r3, [r3, #12]
 940 006e 1800     		movs	r0, r3
 941 0070 FFF7FEFF 		bl	nrf_gpio_cfg_output
 942 0074 7B68     		ldr	r3, [r7, #4]
 943 0076 DB68     		ldr	r3, [r3, #12]
 944 0078 1800     		movs	r0, r3
 945 007a FFF7FEFF 		bl	nrf_gpio_pin_set
 946 007e 7B68     		ldr	r3, [r7, #4]
 947 0080 D968     		ldr	r1, [r3, #12]
 948 0082 7B68     		ldr	r3, [r7, #4]
 949 0084 9B68     		ldr	r3, [r3, #8]
 950 0086 0448     		ldr	r0, .L54
 951 0088 1A00     		movs	r2, r3
 952 008a FFF7FEFF 		bl	nrf_uart_hwfc_pins_set
 953              	.L53:
 954 008e C046     		nop
 955 0090 BD46     		mov	sp, r7
 956 0092 02B0     		add	sp, sp, #8
 957              		@ sp needed
 958 0094 80BD     		pop	{r7, pc}
 959              	.L55:
 960 0096 C046     		.align	2
 961              	.L54:
 962 0098 00200040 		.word	1073750016
 964              		.section	.text.interrupts_enable,"ax",%progbits
 965              		.align	1
 966              		.syntax unified
 967              		.code	16
 968              		.thumb_func
 969              		.fpu softvfp
 971              	interrupts_enable:
ARM GAS  C:\Users\SONG_J~1\AppData\Local\Temp\ccrojBJ5.s 			page 17


 972              		@ args = 0, pretend = 0, frame = 8
 973              		@ frame_needed = 1, uses_anonymous_args = 0
 974 0000 80B5     		push	{r7, lr}
 975 0002 82B0     		sub	sp, sp, #8
 976 0004 00AF     		add	r7, sp, #0
 977 0006 0200     		movs	r2, r0
 978 0008 FB1D     		adds	r3, r7, #7
 979 000a 1A70     		strb	r2, [r3]
 980 000c 074A     		ldr	r2, .L57
 981 000e 084B     		ldr	r3, .L57+4
 982 0010 1100     		movs	r1, r2
 983 0012 1800     		movs	r0, r3
 984 0014 FFF7FEFF 		bl	nrf_uart_int_enable
 985 0018 FB1D     		adds	r3, r7, #7
 986 001a 1B78     		ldrb	r3, [r3]
 987 001c 1900     		movs	r1, r3
 988 001e 0220     		movs	r0, #2
 989 0020 FFF7FEFF 		bl	nrf_drv_common_irq_enable
 990 0024 C046     		nop
 991 0026 BD46     		mov	sp, r7
 992 0028 02B0     		add	sp, sp, #8
 993              		@ sp needed
 994 002a 80BD     		pop	{r7, pc}
 995              	.L58:
 996              		.align	2
 997              	.L57:
 998 002c 80000200 		.word	131200
 999 0030 00200040 		.word	1073750016
 1001              		.section	.text.interrupts_disable,"ax",%progbits
 1002              		.align	1
 1003              		.syntax unified
 1004              		.code	16
 1005              		.thumb_func
 1006              		.fpu softvfp
 1008              	interrupts_disable:
 1009              		@ args = 0, pretend = 0, frame = 0
 1010              		@ frame_needed = 1, uses_anonymous_args = 0
 1011 0000 80B5     		push	{r7, lr}
 1012 0002 00AF     		add	r7, sp, #0
 1013 0004 054A     		ldr	r2, .L60
 1014 0006 064B     		ldr	r3, .L60+4
 1015 0008 1100     		movs	r1, r2
 1016 000a 1800     		movs	r0, r3
 1017 000c FFF7FEFF 		bl	nrf_uart_int_disable
 1018 0010 0220     		movs	r0, #2
 1019 0012 FFF7FEFF 		bl	nrf_drv_common_irq_disable
 1020 0016 C046     		nop
 1021 0018 BD46     		mov	sp, r7
 1022              		@ sp needed
 1023 001a 80BD     		pop	{r7, pc}
 1024              	.L61:
 1025              		.align	2
 1026              	.L60:
 1027 001c 84020200 		.word	131716
 1028 0020 00200040 		.word	1073750016
 1030              		.section	.text.pins_to_default,"ax",%progbits
 1031              		.align	1
ARM GAS  C:\Users\SONG_J~1\AppData\Local\Temp\ccrojBJ5.s 			page 18


 1032              		.syntax unified
 1033              		.code	16
 1034              		.thumb_func
 1035              		.fpu softvfp
 1037              	pins_to_default:
 1038              		@ args = 0, pretend = 0, frame = 16
 1039              		@ frame_needed = 1, uses_anonymous_args = 0
 1040 0000 80B5     		push	{r7, lr}
 1041 0002 84B0     		sub	sp, sp, #16
 1042 0004 00AF     		add	r7, sp, #0
 1043 0006 1D4B     		ldr	r3, .L66
 1044 0008 1800     		movs	r0, r3
 1045 000a FFF7FEFF 		bl	nrf_uart_tx_pin_get
 1046 000e 0300     		movs	r3, r0
 1047 0010 FB60     		str	r3, [r7, #12]
 1048 0012 1A4B     		ldr	r3, .L66
 1049 0014 1800     		movs	r0, r3
 1050 0016 FFF7FEFF 		bl	nrf_uart_rx_pin_get
 1051 001a 0300     		movs	r3, r0
 1052 001c BB60     		str	r3, [r7, #8]
 1053 001e 174B     		ldr	r3, .L66
 1054 0020 1800     		movs	r0, r3
 1055 0022 FFF7FEFF 		bl	nrf_uart_rts_pin_get
 1056 0026 0300     		movs	r3, r0
 1057 0028 7B60     		str	r3, [r7, #4]
 1058 002a 144B     		ldr	r3, .L66
 1059 002c 1800     		movs	r0, r3
 1060 002e FFF7FEFF 		bl	nrf_uart_cts_pin_get
 1061 0032 0300     		movs	r3, r0
 1062 0034 3B60     		str	r3, [r7]
 1063 0036 114B     		ldr	r3, .L66
 1064 0038 1800     		movs	r0, r3
 1065 003a FFF7FEFF 		bl	nrf_uart_txrx_pins_disconnect
 1066 003e 0F4B     		ldr	r3, .L66
 1067 0040 1800     		movs	r0, r3
 1068 0042 FFF7FEFF 		bl	nrf_uart_hwfc_pins_disconnect
 1069 0046 FB68     		ldr	r3, [r7, #12]
 1070 0048 1800     		movs	r0, r3
 1071 004a FFF7FEFF 		bl	nrf_gpio_cfg_default
 1072 004e BB68     		ldr	r3, [r7, #8]
 1073 0050 1800     		movs	r0, r3
 1074 0052 FFF7FEFF 		bl	nrf_gpio_cfg_default
 1075 0056 3B68     		ldr	r3, [r7]
 1076 0058 0133     		adds	r3, r3, #1
 1077 005a 03D0     		beq	.L63
 1078 005c 3B68     		ldr	r3, [r7]
 1079 005e 1800     		movs	r0, r3
 1080 0060 FFF7FEFF 		bl	nrf_gpio_cfg_default
 1081              	.L63:
 1082 0064 7B68     		ldr	r3, [r7, #4]
 1083 0066 0133     		adds	r3, r3, #1
 1084 0068 03D0     		beq	.L65
 1085 006a 7B68     		ldr	r3, [r7, #4]
 1086 006c 1800     		movs	r0, r3
 1087 006e FFF7FEFF 		bl	nrf_gpio_cfg_default
 1088              	.L65:
 1089 0072 C046     		nop
ARM GAS  C:\Users\SONG_J~1\AppData\Local\Temp\ccrojBJ5.s 			page 19


 1090 0074 BD46     		mov	sp, r7
 1091 0076 04B0     		add	sp, sp, #16
 1092              		@ sp needed
 1093 0078 80BD     		pop	{r7, pc}
 1094              	.L67:
 1095 007a C046     		.align	2
 1096              	.L66:
 1097 007c 00200040 		.word	1073750016
 1099              		.section	.text.uart_enable,"ax",%progbits
 1100              		.align	1
 1101              		.syntax unified
 1102              		.code	16
 1103              		.thumb_func
 1104              		.fpu softvfp
 1106              	uart_enable:
 1107              		@ args = 0, pretend = 0, frame = 0
 1108              		@ frame_needed = 1, uses_anonymous_args = 0
 1109 0000 80B5     		push	{r7, lr}
 1110 0002 00AF     		add	r7, sp, #0
 1111 0004 034B     		ldr	r3, .L69
 1112 0006 1800     		movs	r0, r3
 1113 0008 FFF7FEFF 		bl	nrf_uart_enable
 1114 000c C046     		nop
 1115 000e BD46     		mov	sp, r7
 1116              		@ sp needed
 1117 0010 80BD     		pop	{r7, pc}
 1118              	.L70:
 1119 0012 C046     		.align	2
 1120              	.L69:
 1121 0014 00200040 		.word	1073750016
 1123              		.section	.text.uart_disable,"ax",%progbits
 1124              		.align	1
 1125              		.syntax unified
 1126              		.code	16
 1127              		.thumb_func
 1128              		.fpu softvfp
 1130              	uart_disable:
 1131              		@ args = 0, pretend = 0, frame = 0
 1132              		@ frame_needed = 1, uses_anonymous_args = 0
 1133 0000 80B5     		push	{r7, lr}
 1134 0002 00AF     		add	r7, sp, #0
 1135 0004 034B     		ldr	r3, .L72
 1136 0006 1800     		movs	r0, r3
 1137 0008 FFF7FEFF 		bl	nrf_uart_disable
 1138 000c C046     		nop
 1139 000e BD46     		mov	sp, r7
 1140              		@ sp needed
 1141 0010 80BD     		pop	{r7, pc}
 1142              	.L73:
 1143 0012 C046     		.align	2
 1144              	.L72:
 1145 0014 00200040 		.word	1073750016
 1147              		.section	.text.nrf_drv_uart_init,"ax",%progbits
 1148              		.align	1
 1149              		.global	nrf_drv_uart_init
 1150              		.syntax unified
 1151              		.code	16
ARM GAS  C:\Users\SONG_J~1\AppData\Local\Temp\ccrojBJ5.s 			page 20


 1152              		.thumb_func
 1153              		.fpu softvfp
 1155              	nrf_drv_uart_init:
 1156              		@ args = 0, pretend = 0, frame = 8
 1157              		@ frame_needed = 1, uses_anonymous_args = 0
 1158 0000 80B5     		push	{r7, lr}
 1159 0002 82B0     		sub	sp, sp, #8
 1160 0004 00AF     		add	r7, sp, #0
 1161 0006 7860     		str	r0, [r7, #4]
 1162 0008 3960     		str	r1, [r7]
 1163 000a 194B     		ldr	r3, .L79
 1164 000c 9B7D     		ldrb	r3, [r3, #22]
 1165 000e 002B     		cmp	r3, #0
 1166 0010 01D0     		beq	.L75
 1167 0012 0823     		movs	r3, #8
 1168 0014 27E0     		b	.L76
 1169              	.L75:
 1170 0016 7B68     		ldr	r3, [r7, #4]
 1171 0018 002B     		cmp	r3, #0
 1172 001a 01D1     		bne	.L77
 1173 001c 154B     		ldr	r3, .L79+4
 1174 001e 7B60     		str	r3, [r7, #4]
 1175              	.L77:
 1176 0020 7B68     		ldr	r3, [r7, #4]
 1177 0022 1800     		movs	r0, r3
 1178 0024 FFF7FEFF 		bl	apply_config
 1179 0028 114B     		ldr	r3, .L79
 1180 002a 3A68     		ldr	r2, [r7]
 1181 002c 5A60     		str	r2, [r3, #4]
 1182 002e 7B68     		ldr	r3, [r7, #4]
 1183 0030 1A69     		ldr	r2, [r3, #16]
 1184 0032 0F4B     		ldr	r3, .L79
 1185 0034 1A60     		str	r2, [r3]
 1186 0036 0E4B     		ldr	r3, .L79
 1187 0038 5B68     		ldr	r3, [r3, #4]
 1188 003a 002B     		cmp	r3, #0
 1189 003c 04D0     		beq	.L78
 1190 003e 7B68     		ldr	r3, [r7, #4]
 1191 0040 1B7F     		ldrb	r3, [r3, #28]
 1192 0042 1800     		movs	r0, r3
 1193 0044 FFF7FEFF 		bl	interrupts_enable
 1194              	.L78:
 1195 0048 FFF7FEFF 		bl	uart_enable
 1196 004c 084B     		ldr	r3, .L79
 1197 004e 0022     		movs	r2, #0
 1198 0050 DA74     		strb	r2, [r3, #19]
 1199 0052 074B     		ldr	r3, .L79
 1200 0054 0022     		movs	r2, #0
 1201 0056 9A74     		strb	r2, [r3, #18]
 1202 0058 054B     		ldr	r3, .L79
 1203 005a 0122     		movs	r2, #1
 1204 005c 9A75     		strb	r2, [r3, #22]
 1205 005e 044B     		ldr	r3, .L79
 1206 0060 0022     		movs	r2, #0
 1207 0062 5A75     		strb	r2, [r3, #21]
 1208 0064 0023     		movs	r3, #0
 1209              	.L76:
ARM GAS  C:\Users\SONG_J~1\AppData\Local\Temp\ccrojBJ5.s 			page 21


 1210 0066 1800     		movs	r0, r3
 1211 0068 BD46     		mov	sp, r7
 1212 006a 02B0     		add	sp, sp, #8
 1213              		@ sp needed
 1214 006c 80BD     		pop	{r7, pc}
 1215              	.L80:
 1216 006e C046     		.align	2
 1217              	.L79:
 1218 0070 00000000 		.word	m_cb
 1219 0074 00000000 		.word	m_default_config
 1221              		.section	.text.nrf_drv_uart_uninit,"ax",%progbits
 1222              		.align	1
 1223              		.global	nrf_drv_uart_uninit
 1224              		.syntax unified
 1225              		.code	16
 1226              		.thumb_func
 1227              		.fpu softvfp
 1229              	nrf_drv_uart_uninit:
 1230              		@ args = 0, pretend = 0, frame = 0
 1231              		@ frame_needed = 1, uses_anonymous_args = 0
 1232 0000 80B5     		push	{r7, lr}
 1233 0002 00AF     		add	r7, sp, #0
 1234 0004 FFF7FEFF 		bl	uart_disable
 1235 0008 084B     		ldr	r3, .L83
 1236 000a 5B68     		ldr	r3, [r3, #4]
 1237 000c 002B     		cmp	r3, #0
 1238 000e 01D0     		beq	.L82
 1239 0010 FFF7FEFF 		bl	interrupts_disable
 1240              	.L82:
 1241 0014 FFF7FEFF 		bl	pins_to_default
 1242 0018 044B     		ldr	r3, .L83
 1243 001a 0022     		movs	r2, #0
 1244 001c 9A75     		strb	r2, [r3, #22]
 1245 001e 034B     		ldr	r3, .L83
 1246 0020 0022     		movs	r2, #0
 1247 0022 5A60     		str	r2, [r3, #4]
 1248 0024 C046     		nop
 1249 0026 BD46     		mov	sp, r7
 1250              		@ sp needed
 1251 0028 80BD     		pop	{r7, pc}
 1252              	.L84:
 1253 002a C046     		.align	2
 1254              	.L83:
 1255 002c 00000000 		.word	m_cb
 1257              		.section	.text.tx_byte,"ax",%progbits
 1258              		.align	1
 1259              		.syntax unified
 1260              		.code	16
 1261              		.thumb_func
 1262              		.fpu softvfp
 1264              	tx_byte:
 1265              		@ args = 0, pretend = 0, frame = 8
 1266              		@ frame_needed = 1, uses_anonymous_args = 0
 1267 0000 80B5     		push	{r7, lr}
 1268 0002 82B0     		sub	sp, sp, #8
 1269 0004 00AF     		add	r7, sp, #0
 1270 0006 8E23     		movs	r3, #142
ARM GAS  C:\Users\SONG_J~1\AppData\Local\Temp\ccrojBJ5.s 			page 22


 1271 0008 5B00     		lsls	r3, r3, #1
 1272 000a 104A     		ldr	r2, .L86
 1273 000c 1900     		movs	r1, r3
 1274 000e 1000     		movs	r0, r2
 1275 0010 FFF7FEFF 		bl	nrf_uart_event_clear
 1276 0014 0E4B     		ldr	r3, .L86+4
 1277 0016 9B68     		ldr	r3, [r3, #8]
 1278 0018 0D4A     		ldr	r2, .L86+4
 1279 001a 128A     		ldrh	r2, [r2, #16]
 1280 001c 92B2     		uxth	r2, r2
 1281 001e 9A18     		adds	r2, r3, r2
 1282 0020 FB1D     		adds	r3, r7, #7
 1283 0022 1278     		ldrb	r2, [r2]
 1284 0024 1A70     		strb	r2, [r3]
 1285 0026 0A4B     		ldr	r3, .L86+4
 1286 0028 1B8A     		ldrh	r3, [r3, #16]
 1287 002a 9BB2     		uxth	r3, r3
 1288 002c 0133     		adds	r3, r3, #1
 1289 002e 9AB2     		uxth	r2, r3
 1290 0030 074B     		ldr	r3, .L86+4
 1291 0032 1A82     		strh	r2, [r3, #16]
 1292 0034 FB1D     		adds	r3, r7, #7
 1293 0036 1B78     		ldrb	r3, [r3]
 1294 0038 044A     		ldr	r2, .L86
 1295 003a 1900     		movs	r1, r3
 1296 003c 1000     		movs	r0, r2
 1297 003e FFF7FEFF 		bl	nrf_uart_txd_set
 1298 0042 C046     		nop
 1299 0044 BD46     		mov	sp, r7
 1300 0046 02B0     		add	sp, sp, #8
 1301              		@ sp needed
 1302 0048 80BD     		pop	{r7, pc}
 1303              	.L87:
 1304 004a C046     		.align	2
 1305              	.L86:
 1306 004c 00200040 		.word	1073750016
 1307 0050 00000000 		.word	m_cb
 1309              		.section	.text.nrf_drv_uart_tx,"ax",%progbits
 1310              		.align	1
 1311              		.global	nrf_drv_uart_tx
 1312              		.syntax unified
 1313              		.code	16
 1314              		.thumb_func
 1315              		.fpu softvfp
 1317              	nrf_drv_uart_tx:
 1318              		@ args = 0, pretend = 0, frame = 16
 1319              		@ frame_needed = 1, uses_anonymous_args = 0
 1320 0000 80B5     		push	{r7, lr}
 1321 0002 84B0     		sub	sp, sp, #16
 1322 0004 00AF     		add	r7, sp, #0
 1323 0006 7860     		str	r0, [r7, #4]
 1324 0008 0A00     		movs	r2, r1
 1325 000a FB1C     		adds	r3, r7, #3
 1326 000c 1A70     		strb	r2, [r3]
 1327 000e 0023     		movs	r3, #0
 1328 0010 FB60     		str	r3, [r7, #12]
 1329 0012 384B     		ldr	r3, .L100
ARM GAS  C:\Users\SONG_J~1\AppData\Local\Temp\ccrojBJ5.s 			page 23


 1330 0014 9B7C     		ldrb	r3, [r3, #18]
 1331 0016 002B     		cmp	r3, #0
 1332 0018 01D0     		beq	.L89
 1333 001a 1123     		movs	r3, #17
 1334 001c 65E0     		b	.L90
 1335              	.L89:
 1336 001e 354B     		ldr	r3, .L100
 1337 0020 FA1C     		adds	r2, r7, #3
 1338 0022 1278     		ldrb	r2, [r2]
 1339 0024 9A74     		strb	r2, [r3, #18]
 1340 0026 334B     		ldr	r3, .L100
 1341 0028 7A68     		ldr	r2, [r7, #4]
 1342 002a 9A60     		str	r2, [r3, #8]
 1343 002c 314B     		ldr	r3, .L100
 1344 002e 0022     		movs	r2, #0
 1345 0030 1A82     		strh	r2, [r3, #16]
 1346 0032 8E23     		movs	r3, #142
 1347 0034 5B00     		lsls	r3, r3, #1
 1348 0036 304A     		ldr	r2, .L100+4
 1349 0038 1900     		movs	r1, r3
 1350 003a 1000     		movs	r0, r2
 1351 003c FFF7FEFF 		bl	nrf_uart_event_clear
 1352 0040 2D4B     		ldr	r3, .L100+4
 1353 0042 0821     		movs	r1, #8
 1354 0044 1800     		movs	r0, r3
 1355 0046 FFF7FEFF 		bl	nrf_uart_task_trigger
 1356 004a FFF7FEFF 		bl	tx_byte
 1357 004e 294B     		ldr	r3, .L100
 1358 0050 5B68     		ldr	r3, [r3, #4]
 1359 0052 002B     		cmp	r3, #0
 1360 0054 48D1     		bne	.L91
 1361 0056 1EE0     		b	.L92
 1362              	.L95:
 1363 0058 C046     		nop
 1364              	.L94:
 1365 005a 8E23     		movs	r3, #142
 1366 005c 5B00     		lsls	r3, r3, #1
 1367 005e 264A     		ldr	r2, .L100+4
 1368 0060 1900     		movs	r1, r3
 1369 0062 1000     		movs	r0, r2
 1370 0064 FFF7FEFF 		bl	nrf_uart_event_check
 1371 0068 0300     		movs	r3, r0
 1372 006a 1A00     		movs	r2, r3
 1373 006c 0123     		movs	r3, #1
 1374 006e 5340     		eors	r3, r2
 1375 0070 DBB2     		uxtb	r3, r3
 1376 0072 002B     		cmp	r3, #0
 1377 0074 06D0     		beq	.L93
 1378 0076 1F4B     		ldr	r3, .L100
 1379 0078 1B8A     		ldrh	r3, [r3, #16]
 1380 007a 9AB2     		uxth	r2, r3
 1381 007c 8023     		movs	r3, #128
 1382 007e 5B00     		lsls	r3, r3, #1
 1383 0080 9A42     		cmp	r2, r3
 1384 0082 EAD1     		bne	.L94
 1385              	.L93:
 1386 0084 1B4B     		ldr	r3, .L100
ARM GAS  C:\Users\SONG_J~1\AppData\Local\Temp\ccrojBJ5.s 			page 24


 1387 0086 1B8A     		ldrh	r3, [r3, #16]
 1388 0088 9AB2     		uxth	r2, r3
 1389 008a 8023     		movs	r3, #128
 1390 008c 5B00     		lsls	r3, r3, #1
 1391 008e 9A42     		cmp	r2, r3
 1392 0090 01D0     		beq	.L92
 1393 0092 FFF7FEFF 		bl	tx_byte
 1394              	.L92:
 1395 0096 174B     		ldr	r3, .L100
 1396 0098 9B7C     		ldrb	r3, [r3, #18]
 1397 009a 9AB2     		uxth	r2, r3
 1398 009c 154B     		ldr	r3, .L100
 1399 009e 1B8A     		ldrh	r3, [r3, #16]
 1400 00a0 9BB2     		uxth	r3, r3
 1401 00a2 9A42     		cmp	r2, r3
 1402 00a4 D8D8     		bhi	.L95
 1403 00a6 134B     		ldr	r3, .L100
 1404 00a8 1B8A     		ldrh	r3, [r3, #16]
 1405 00aa 9AB2     		uxth	r2, r3
 1406 00ac 8023     		movs	r3, #128
 1407 00ae 5B00     		lsls	r3, r3, #1
 1408 00b0 9A42     		cmp	r2, r3
 1409 00b2 02D1     		bne	.L99
 1410 00b4 0F23     		movs	r3, #15
 1411 00b6 FB60     		str	r3, [r7, #12]
 1412 00b8 13E0     		b	.L97
 1413              	.L99:
 1414 00ba C046     		nop
 1415              	.L98:
 1416 00bc 8E23     		movs	r3, #142
 1417 00be 5B00     		lsls	r3, r3, #1
 1418 00c0 0D4A     		ldr	r2, .L100+4
 1419 00c2 1900     		movs	r1, r3
 1420 00c4 1000     		movs	r0, r2
 1421 00c6 FFF7FEFF 		bl	nrf_uart_event_check
 1422 00ca 0300     		movs	r3, r0
 1423 00cc 1A00     		movs	r2, r3
 1424 00ce 0123     		movs	r3, #1
 1425 00d0 5340     		eors	r3, r2
 1426 00d2 DBB2     		uxtb	r3, r3
 1427 00d4 002B     		cmp	r3, #0
 1428 00d6 F1D1     		bne	.L98
 1429 00d8 074B     		ldr	r3, .L100+4
 1430 00da 0C21     		movs	r1, #12
 1431 00dc 1800     		movs	r0, r3
 1432 00de FFF7FEFF 		bl	nrf_uart_task_trigger
 1433              	.L97:
 1434 00e2 044B     		ldr	r3, .L100
 1435 00e4 0022     		movs	r2, #0
 1436 00e6 9A74     		strb	r2, [r3, #18]
 1437              	.L91:
 1438 00e8 FB68     		ldr	r3, [r7, #12]
 1439              	.L90:
 1440 00ea 1800     		movs	r0, r3
 1441 00ec BD46     		mov	sp, r7
 1442 00ee 04B0     		add	sp, sp, #16
 1443              		@ sp needed
ARM GAS  C:\Users\SONG_J~1\AppData\Local\Temp\ccrojBJ5.s 			page 25


 1444 00f0 80BD     		pop	{r7, pc}
 1445              	.L101:
 1446 00f2 C046     		.align	2
 1447              	.L100:
 1448 00f4 00000000 		.word	m_cb
 1449 00f8 00200040 		.word	1073750016
 1451              		.section	.text.rx_byte,"ax",%progbits
 1452              		.align	1
 1453              		.syntax unified
 1454              		.code	16
 1455              		.thumb_func
 1456              		.fpu softvfp
 1458              	rx_byte:
 1459              		@ args = 0, pretend = 0, frame = 0
 1460              		@ frame_needed = 1, uses_anonymous_args = 0
 1461 0000 B0B5     		push	{r4, r5, r7, lr}
 1462 0002 00AF     		add	r7, sp, #0
 1463 0004 8423     		movs	r3, #132
 1464 0006 5B00     		lsls	r3, r3, #1
 1465 0008 0D4A     		ldr	r2, .L103
 1466 000a 1900     		movs	r1, r3
 1467 000c 1000     		movs	r0, r2
 1468 000e FFF7FEFF 		bl	nrf_uart_event_clear
 1469 0012 0C4B     		ldr	r3, .L103+4
 1470 0014 DB68     		ldr	r3, [r3, #12]
 1471 0016 0B4A     		ldr	r2, .L103+4
 1472 0018 127D     		ldrb	r2, [r2, #20]
 1473 001a D2B2     		uxtb	r2, r2
 1474 001c 9C18     		adds	r4, r3, r2
 1475 001e 084B     		ldr	r3, .L103
 1476 0020 1800     		movs	r0, r3
 1477 0022 FFF7FEFF 		bl	nrf_uart_rxd_get
 1478 0026 0300     		movs	r3, r0
 1479 0028 2370     		strb	r3, [r4]
 1480 002a 064B     		ldr	r3, .L103+4
 1481 002c 1B7D     		ldrb	r3, [r3, #20]
 1482 002e DBB2     		uxtb	r3, r3
 1483 0030 0133     		adds	r3, r3, #1
 1484 0032 DAB2     		uxtb	r2, r3
 1485 0034 034B     		ldr	r3, .L103+4
 1486 0036 1A75     		strb	r2, [r3, #20]
 1487 0038 C046     		nop
 1488 003a BD46     		mov	sp, r7
 1489              		@ sp needed
 1490 003c B0BD     		pop	{r4, r5, r7, pc}
 1491              	.L104:
 1492 003e C046     		.align	2
 1493              	.L103:
 1494 0040 00200040 		.word	1073750016
 1495 0044 00000000 		.word	m_cb
 1497              		.section	.text.rx_enable,"ax",%progbits
 1498              		.align	1
 1499              		.syntax unified
 1500              		.code	16
 1501              		.thumb_func
 1502              		.fpu softvfp
 1504              	rx_enable:
ARM GAS  C:\Users\SONG_J~1\AppData\Local\Temp\ccrojBJ5.s 			page 26


 1505              		@ args = 0, pretend = 0, frame = 0
 1506              		@ frame_needed = 1, uses_anonymous_args = 0
 1507 0000 80B5     		push	{r7, lr}
 1508 0002 00AF     		add	r7, sp, #0
 1509 0004 9223     		movs	r3, #146
 1510 0006 5B00     		lsls	r3, r3, #1
 1511 0008 094A     		ldr	r2, .L106
 1512 000a 1900     		movs	r1, r3
 1513 000c 1000     		movs	r0, r2
 1514 000e FFF7FEFF 		bl	nrf_uart_event_clear
 1515 0012 8423     		movs	r3, #132
 1516 0014 5B00     		lsls	r3, r3, #1
 1517 0016 064A     		ldr	r2, .L106
 1518 0018 1900     		movs	r1, r3
 1519 001a 1000     		movs	r0, r2
 1520 001c FFF7FEFF 		bl	nrf_uart_event_clear
 1521 0020 034B     		ldr	r3, .L106
 1522 0022 0021     		movs	r1, #0
 1523 0024 1800     		movs	r0, r3
 1524 0026 FFF7FEFF 		bl	nrf_uart_task_trigger
 1525 002a C046     		nop
 1526 002c BD46     		mov	sp, r7
 1527              		@ sp needed
 1528 002e 80BD     		pop	{r7, pc}
 1529              	.L107:
 1530              		.align	2
 1531              	.L106:
 1532 0030 00200040 		.word	1073750016
 1534              		.section	.text.nrf_drv_uart_rx,"ax",%progbits
 1535              		.align	1
 1536              		.global	nrf_drv_uart_rx
 1537              		.syntax unified
 1538              		.code	16
 1539              		.thumb_func
 1540              		.fpu softvfp
 1542              	nrf_drv_uart_rx:
 1543              		@ args = 0, pretend = 0, frame = 16
 1544              		@ frame_needed = 1, uses_anonymous_args = 0
 1545 0000 B0B5     		push	{r4, r5, r7, lr}
 1546 0002 84B0     		sub	sp, sp, #16
 1547 0004 00AF     		add	r7, sp, #0
 1548 0006 7860     		str	r0, [r7, #4]
 1549 0008 0A00     		movs	r2, r1
 1550 000a FB1C     		adds	r3, r7, #3
 1551 000c 1A70     		strb	r2, [r3]
 1552 000e 524B     		ldr	r3, .L121
 1553 0010 DB7C     		ldrb	r3, [r3, #19]
 1554 0012 002B     		cmp	r3, #0
 1555 0014 01D0     		beq	.L109
 1556 0016 1123     		movs	r3, #17
 1557 0018 99E0     		b	.L110
 1558              	.L109:
 1559 001a 4F4B     		ldr	r3, .L121
 1560 001c FA1C     		adds	r2, r7, #3
 1561 001e 1278     		ldrb	r2, [r2]
 1562 0020 DA74     		strb	r2, [r3, #19]
 1563 0022 4D4B     		ldr	r3, .L121
ARM GAS  C:\Users\SONG_J~1\AppData\Local\Temp\ccrojBJ5.s 			page 27


 1564 0024 7A68     		ldr	r2, [r7, #4]
 1565 0026 DA60     		str	r2, [r3, #12]
 1566 0028 4B4B     		ldr	r3, .L121
 1567 002a 0022     		movs	r2, #0
 1568 002c 1A75     		strb	r2, [r3, #20]
 1569 002e 4A4B     		ldr	r3, .L121
 1570 0030 5B7D     		ldrb	r3, [r3, #21]
 1571 0032 0122     		movs	r2, #1
 1572 0034 5340     		eors	r3, r2
 1573 0036 DBB2     		uxtb	r3, r3
 1574 0038 002B     		cmp	r3, #0
 1575 003a 01D0     		beq	.L111
 1576 003c FFF7FEFF 		bl	rx_enable
 1577              	.L111:
 1578 0040 454B     		ldr	r3, .L121
 1579 0042 5B68     		ldr	r3, [r3, #4]
 1580 0044 002B     		cmp	r3, #0
 1581 0046 00D0     		beq	.LCB1545
 1582 0048 79E0     		b	.L112	@long jump
 1583              	.LCB1545:
 1584              	.L114:
 1585 004a 0F23     		movs	r3, #15
 1586 004c FC18     		adds	r4, r7, r3
 1587 004e 9223     		movs	r3, #146
 1588 0050 5B00     		lsls	r3, r3, #1
 1589 0052 424A     		ldr	r2, .L121+4
 1590 0054 1900     		movs	r1, r3
 1591 0056 1000     		movs	r0, r2
 1592 0058 FFF7FEFF 		bl	nrf_uart_event_check
 1593 005c 0300     		movs	r3, r0
 1594 005e 2370     		strb	r3, [r4]
 1595 0060 0E25     		movs	r5, #14
 1596 0062 7C19     		adds	r4, r7, r5
 1597 0064 8423     		movs	r3, #132
 1598 0066 5B00     		lsls	r3, r3, #1
 1599 0068 3C4A     		ldr	r2, .L121+4
 1600 006a 1900     		movs	r1, r3
 1601 006c 1000     		movs	r0, r2
 1602 006e FFF7FEFF 		bl	nrf_uart_event_check
 1603 0072 0300     		movs	r3, r0
 1604 0074 2370     		strb	r3, [r4]
 1605 0076 0D23     		movs	r3, #13
 1606 0078 FC18     		adds	r4, r7, r3
 1607 007a A223     		movs	r3, #162
 1608 007c 5B00     		lsls	r3, r3, #1
 1609 007e 374A     		ldr	r2, .L121+4
 1610 0080 1900     		movs	r1, r3
 1611 0082 1000     		movs	r0, r2
 1612 0084 FFF7FEFF 		bl	nrf_uart_event_check
 1613 0088 0300     		movs	r3, r0
 1614 008a 2370     		strb	r3, [r4]
 1615 008c 7B19     		adds	r3, r7, r5
 1616 008e 1B78     		ldrb	r3, [r3]
 1617 0090 0122     		movs	r2, #1
 1618 0092 5340     		eors	r3, r2
 1619 0094 DBB2     		uxtb	r3, r3
 1620 0096 002B     		cmp	r3, #0
ARM GAS  C:\Users\SONG_J~1\AppData\Local\Temp\ccrojBJ5.s 			page 28


 1621 0098 0FD0     		beq	.L113
 1622 009a 0D23     		movs	r3, #13
 1623 009c FB18     		adds	r3, r7, r3
 1624 009e 1B78     		ldrb	r3, [r3]
 1625 00a0 0122     		movs	r2, #1
 1626 00a2 5340     		eors	r3, r2
 1627 00a4 DBB2     		uxtb	r3, r3
 1628 00a6 002B     		cmp	r3, #0
 1629 00a8 07D0     		beq	.L113
 1630 00aa 0F23     		movs	r3, #15
 1631 00ac FB18     		adds	r3, r7, r3
 1632 00ae 1B78     		ldrb	r3, [r3]
 1633 00b0 0122     		movs	r2, #1
 1634 00b2 5340     		eors	r3, r2
 1635 00b4 DBB2     		uxtb	r3, r3
 1636 00b6 002B     		cmp	r3, #0
 1637 00b8 C7D1     		bne	.L114
 1638              	.L113:
 1639 00ba 0F23     		movs	r3, #15
 1640 00bc FB18     		adds	r3, r7, r3
 1641 00be 1B78     		ldrb	r3, [r3]
 1642 00c0 002B     		cmp	r3, #0
 1643 00c2 0DD1     		bne	.L115
 1644 00c4 0D23     		movs	r3, #13
 1645 00c6 FB18     		adds	r3, r7, r3
 1646 00c8 1B78     		ldrb	r3, [r3]
 1647 00ca 002B     		cmp	r3, #0
 1648 00cc 08D1     		bne	.L115
 1649 00ce FFF7FEFF 		bl	rx_byte
 1650 00d2 214B     		ldr	r3, .L121
 1651 00d4 DA7C     		ldrb	r2, [r3, #19]
 1652 00d6 204B     		ldr	r3, .L121
 1653 00d8 1B7D     		ldrb	r3, [r3, #20]
 1654 00da DBB2     		uxtb	r3, r3
 1655 00dc 9A42     		cmp	r2, r3
 1656 00de B4D8     		bhi	.L114
 1657              	.L115:
 1658 00e0 A223     		movs	r3, #162
 1659 00e2 5B00     		lsls	r3, r3, #1
 1660 00e4 1D4A     		ldr	r2, .L121+4
 1661 00e6 1900     		movs	r1, r3
 1662 00e8 1000     		movs	r0, r2
 1663 00ea FFF7FEFF 		bl	nrf_uart_event_clear
 1664 00ee 9223     		movs	r3, #146
 1665 00f0 5B00     		lsls	r3, r3, #1
 1666 00f2 1A4A     		ldr	r2, .L121+4
 1667 00f4 1900     		movs	r1, r3
 1668 00f6 1000     		movs	r0, r2
 1669 00f8 FFF7FEFF 		bl	nrf_uart_event_clear
 1670 00fc 164B     		ldr	r3, .L121
 1671 00fe 0022     		movs	r2, #0
 1672 0100 DA74     		strb	r2, [r3, #19]
 1673 0102 0F23     		movs	r3, #15
 1674 0104 FB18     		adds	r3, r7, r3
 1675 0106 1B78     		ldrb	r3, [r3]
 1676 0108 002B     		cmp	r3, #0
 1677 010a 01D0     		beq	.L116
ARM GAS  C:\Users\SONG_J~1\AppData\Local\Temp\ccrojBJ5.s 			page 29


 1678 010c 0323     		movs	r3, #3
 1679 010e 1EE0     		b	.L110
 1680              	.L116:
 1681 0110 0D23     		movs	r3, #13
 1682 0112 FB18     		adds	r3, r7, r3
 1683 0114 1B78     		ldrb	r3, [r3]
 1684 0116 002B     		cmp	r3, #0
 1685 0118 01D0     		beq	.L117
 1686 011a 0F23     		movs	r3, #15
 1687 011c 17E0     		b	.L110
 1688              	.L117:
 1689 011e 0E4B     		ldr	r3, .L121
 1690 0120 5B7D     		ldrb	r3, [r3, #21]
 1691 0122 002B     		cmp	r3, #0
 1692 0124 05D0     		beq	.L118
 1693 0126 0D4B     		ldr	r3, .L121+4
 1694 0128 0021     		movs	r1, #0
 1695 012a 1800     		movs	r0, r3
 1696 012c FFF7FEFF 		bl	nrf_uart_task_trigger
 1697 0130 0CE0     		b	.L120
 1698              	.L118:
 1699 0132 0A4B     		ldr	r3, .L121+4
 1700 0134 0421     		movs	r1, #4
 1701 0136 1800     		movs	r0, r3
 1702 0138 FFF7FEFF 		bl	nrf_uart_task_trigger
 1703 013c 06E0     		b	.L120
 1704              	.L112:
 1705 013e 8123     		movs	r3, #129
 1706 0140 9B00     		lsls	r3, r3, #2
 1707 0142 064A     		ldr	r2, .L121+4
 1708 0144 1900     		movs	r1, r3
 1709 0146 1000     		movs	r0, r2
 1710 0148 FFF7FEFF 		bl	nrf_uart_int_enable
 1711              	.L120:
 1712 014c 0023     		movs	r3, #0
 1713              	.L110:
 1714 014e 1800     		movs	r0, r3
 1715 0150 BD46     		mov	sp, r7
 1716 0152 04B0     		add	sp, sp, #16
 1717              		@ sp needed
 1718 0154 B0BD     		pop	{r4, r5, r7, pc}
 1719              	.L122:
 1720 0156 C046     		.align	2
 1721              	.L121:
 1722 0158 00000000 		.word	m_cb
 1723 015c 00200040 		.word	1073750016
 1725              		.section	.text.nrf_drv_uart_rx_enable,"ax",%progbits
 1726              		.align	1
 1727              		.global	nrf_drv_uart_rx_enable
 1728              		.syntax unified
 1729              		.code	16
 1730              		.thumb_func
 1731              		.fpu softvfp
 1733              	nrf_drv_uart_rx_enable:
 1734              		@ args = 0, pretend = 0, frame = 0
 1735              		@ frame_needed = 1, uses_anonymous_args = 0
 1736 0000 80B5     		push	{r7, lr}
ARM GAS  C:\Users\SONG_J~1\AppData\Local\Temp\ccrojBJ5.s 			page 30


 1737 0002 00AF     		add	r7, sp, #0
 1738 0004 074B     		ldr	r3, .L126
 1739 0006 5B7D     		ldrb	r3, [r3, #21]
 1740 0008 0122     		movs	r2, #1
 1741 000a 5340     		eors	r3, r2
 1742 000c DBB2     		uxtb	r3, r3
 1743 000e 002B     		cmp	r3, #0
 1744 0010 04D0     		beq	.L125
 1745 0012 FFF7FEFF 		bl	rx_enable
 1746 0016 034B     		ldr	r3, .L126
 1747 0018 0122     		movs	r2, #1
 1748 001a 5A75     		strb	r2, [r3, #21]
 1749              	.L125:
 1750 001c C046     		nop
 1751 001e BD46     		mov	sp, r7
 1752              		@ sp needed
 1753 0020 80BD     		pop	{r7, pc}
 1754              	.L127:
 1755 0022 C046     		.align	2
 1756              	.L126:
 1757 0024 00000000 		.word	m_cb
 1759              		.section	.text.nrf_drv_uart_rx_disable,"ax",%progbits
 1760              		.align	1
 1761              		.global	nrf_drv_uart_rx_disable
 1762              		.syntax unified
 1763              		.code	16
 1764              		.thumb_func
 1765              		.fpu softvfp
 1767              	nrf_drv_uart_rx_disable:
 1768              		@ args = 0, pretend = 0, frame = 0
 1769              		@ frame_needed = 1, uses_anonymous_args = 0
 1770 0000 80B5     		push	{r7, lr}
 1771 0002 00AF     		add	r7, sp, #0
 1772 0004 054B     		ldr	r3, .L129
 1773 0006 0421     		movs	r1, #4
 1774 0008 1800     		movs	r0, r3
 1775 000a FFF7FEFF 		bl	nrf_uart_task_trigger
 1776 000e 044B     		ldr	r3, .L129+4
 1777 0010 0022     		movs	r2, #0
 1778 0012 5A75     		strb	r2, [r3, #21]
 1779 0014 C046     		nop
 1780 0016 BD46     		mov	sp, r7
 1781              		@ sp needed
 1782 0018 80BD     		pop	{r7, pc}
 1783              	.L130:
 1784 001a C046     		.align	2
 1785              	.L129:
 1786 001c 00200040 		.word	1073750016
 1787 0020 00000000 		.word	m_cb
 1789              		.section	.text.nrf_drv_uart_errorsrc_get,"ax",%progbits
 1790              		.align	1
 1791              		.global	nrf_drv_uart_errorsrc_get
 1792              		.syntax unified
 1793              		.code	16
 1794              		.thumb_func
 1795              		.fpu softvfp
 1797              	nrf_drv_uart_errorsrc_get:
ARM GAS  C:\Users\SONG_J~1\AppData\Local\Temp\ccrojBJ5.s 			page 31


 1798              		@ args = 0, pretend = 0, frame = 8
 1799              		@ frame_needed = 1, uses_anonymous_args = 0
 1800 0000 80B5     		push	{r7, lr}
 1801 0002 82B0     		sub	sp, sp, #8
 1802 0004 00AF     		add	r7, sp, #0
 1803 0006 9223     		movs	r3, #146
 1804 0008 5B00     		lsls	r3, r3, #1
 1805 000a 084A     		ldr	r2, .L133
 1806 000c 1900     		movs	r1, r3
 1807 000e 1000     		movs	r0, r2
 1808 0010 FFF7FEFF 		bl	nrf_uart_event_clear
 1809 0014 054B     		ldr	r3, .L133
 1810 0016 1800     		movs	r0, r3
 1811 0018 FFF7FEFF 		bl	nrf_uart_errorsrc_get_and_clear
 1812 001c 0300     		movs	r3, r0
 1813 001e 7B60     		str	r3, [r7, #4]
 1814 0020 7B68     		ldr	r3, [r7, #4]
 1815 0022 1800     		movs	r0, r3
 1816 0024 BD46     		mov	sp, r7
 1817 0026 02B0     		add	sp, sp, #8
 1818              		@ sp needed
 1819 0028 80BD     		pop	{r7, pc}
 1820              	.L134:
 1821 002a C046     		.align	2
 1822              	.L133:
 1823 002c 00200040 		.word	1073750016
 1825              		.section	.text.rx_done_event,"ax",%progbits
 1826              		.align	1
 1827              		.syntax unified
 1828              		.code	16
 1829              		.thumb_func
 1830              		.fpu softvfp
 1832              	rx_done_event:
 1833              		@ args = 0, pretend = 0, frame = 24
 1834              		@ frame_needed = 1, uses_anonymous_args = 0
 1835 0000 80B5     		push	{r7, lr}
 1836 0002 86B0     		sub	sp, sp, #24
 1837 0004 00AF     		add	r7, sp, #0
 1838 0006 0200     		movs	r2, r0
 1839 0008 FB1D     		adds	r3, r7, #7
 1840 000a 1A70     		strb	r2, [r3]
 1841 000c 0820     		movs	r0, #8
 1842 000e 3B18     		adds	r3, r7, r0
 1843 0010 0122     		movs	r2, #1
 1844 0012 1A70     		strb	r2, [r3]
 1845 0014 3B18     		adds	r3, r7, r0
 1846 0016 FA1D     		adds	r2, r7, #7
 1847 0018 1278     		ldrb	r2, [r2]
 1848 001a 1A72     		strb	r2, [r3, #8]
 1849 001c 084B     		ldr	r3, .L136
 1850 001e DA68     		ldr	r2, [r3, #12]
 1851 0020 3B18     		adds	r3, r7, r0
 1852 0022 5A60     		str	r2, [r3, #4]
 1853 0024 064B     		ldr	r3, .L136
 1854 0026 0022     		movs	r2, #0
 1855 0028 DA74     		strb	r2, [r3, #19]
 1856 002a 054B     		ldr	r3, .L136
ARM GAS  C:\Users\SONG_J~1\AppData\Local\Temp\ccrojBJ5.s 			page 32


 1857 002c 5A68     		ldr	r2, [r3, #4]
 1858 002e 044B     		ldr	r3, .L136
 1859 0030 1968     		ldr	r1, [r3]
 1860 0032 3B18     		adds	r3, r7, r0
 1861 0034 1800     		movs	r0, r3
 1862 0036 9047     		blx	r2
 1863 0038 C046     		nop
 1864 003a BD46     		mov	sp, r7
 1865 003c 06B0     		add	sp, sp, #24
 1866              		@ sp needed
 1867 003e 80BD     		pop	{r7, pc}
 1868              	.L137:
 1869              		.align	2
 1870              	.L136:
 1871 0040 00000000 		.word	m_cb
 1873              		.section	.text.tx_done_event,"ax",%progbits
 1874              		.align	1
 1875              		.syntax unified
 1876              		.code	16
 1877              		.thumb_func
 1878              		.fpu softvfp
 1880              	tx_done_event:
 1881              		@ args = 0, pretend = 0, frame = 24
 1882              		@ frame_needed = 1, uses_anonymous_args = 0
 1883 0000 80B5     		push	{r7, lr}
 1884 0002 86B0     		sub	sp, sp, #24
 1885 0004 00AF     		add	r7, sp, #0
 1886 0006 0200     		movs	r2, r0
 1887 0008 FB1D     		adds	r3, r7, #7
 1888 000a 1A70     		strb	r2, [r3]
 1889 000c 0820     		movs	r0, #8
 1890 000e 3B18     		adds	r3, r7, r0
 1891 0010 0022     		movs	r2, #0
 1892 0012 1A70     		strb	r2, [r3]
 1893 0014 3B18     		adds	r3, r7, r0
 1894 0016 FA1D     		adds	r2, r7, #7
 1895 0018 1278     		ldrb	r2, [r2]
 1896 001a 1A72     		strb	r2, [r3, #8]
 1897 001c 084B     		ldr	r3, .L139
 1898 001e 9A68     		ldr	r2, [r3, #8]
 1899 0020 3B18     		adds	r3, r7, r0
 1900 0022 5A60     		str	r2, [r3, #4]
 1901 0024 064B     		ldr	r3, .L139
 1902 0026 0022     		movs	r2, #0
 1903 0028 9A74     		strb	r2, [r3, #18]
 1904 002a 054B     		ldr	r3, .L139
 1905 002c 5A68     		ldr	r2, [r3, #4]
 1906 002e 044B     		ldr	r3, .L139
 1907 0030 1968     		ldr	r1, [r3]
 1908 0032 3B18     		adds	r3, r7, r0
 1909 0034 1800     		movs	r0, r3
 1910 0036 9047     		blx	r2
 1911 0038 C046     		nop
 1912 003a BD46     		mov	sp, r7
 1913 003c 06B0     		add	sp, sp, #24
 1914              		@ sp needed
 1915 003e 80BD     		pop	{r7, pc}
ARM GAS  C:\Users\SONG_J~1\AppData\Local\Temp\ccrojBJ5.s 			page 33


 1916              	.L140:
 1917              		.align	2
 1918              	.L139:
 1919 0040 00000000 		.word	m_cb
 1921              		.section	.text.nrf_drv_uart_tx_abort,"ax",%progbits
 1922              		.align	1
 1923              		.global	nrf_drv_uart_tx_abort
 1924              		.syntax unified
 1925              		.code	16
 1926              		.thumb_func
 1927              		.fpu softvfp
 1929              	nrf_drv_uart_tx_abort:
 1930              		@ args = 0, pretend = 0, frame = 0
 1931              		@ frame_needed = 1, uses_anonymous_args = 0
 1932 0000 80B5     		push	{r7, lr}
 1933 0002 00AF     		add	r7, sp, #0
 1934 0004 0B4B     		ldr	r3, .L145
 1935 0006 0C21     		movs	r1, #12
 1936 0008 1800     		movs	r0, r3
 1937 000a FFF7FEFF 		bl	nrf_uart_task_trigger
 1938 000e 0A4B     		ldr	r3, .L145+4
 1939 0010 5B68     		ldr	r3, [r3, #4]
 1940 0012 002B     		cmp	r3, #0
 1941 0014 07D0     		beq	.L142
 1942 0016 084B     		ldr	r3, .L145+4
 1943 0018 1B8A     		ldrh	r3, [r3, #16]
 1944 001a 9BB2     		uxth	r3, r3
 1945 001c DBB2     		uxtb	r3, r3
 1946 001e 1800     		movs	r0, r3
 1947 0020 FFF7FEFF 		bl	tx_done_event
 1948 0024 03E0     		b	.L144
 1949              	.L142:
 1950 0026 044B     		ldr	r3, .L145+4
 1951 0028 8022     		movs	r2, #128
 1952 002a 5200     		lsls	r2, r2, #1
 1953 002c 1A82     		strh	r2, [r3, #16]
 1954              	.L144:
 1955 002e C046     		nop
 1956 0030 BD46     		mov	sp, r7
 1957              		@ sp needed
 1958 0032 80BD     		pop	{r7, pc}
 1959              	.L146:
 1960              		.align	2
 1961              	.L145:
 1962 0034 00200040 		.word	1073750016
 1963 0038 00000000 		.word	m_cb
 1965              		.section	.text.nrf_drv_uart_rx_abort,"ax",%progbits
 1966              		.align	1
 1967              		.global	nrf_drv_uart_rx_abort
 1968              		.syntax unified
 1969              		.code	16
 1970              		.thumb_func
 1971              		.fpu softvfp
 1973              	nrf_drv_uart_rx_abort:
 1974              		@ args = 0, pretend = 0, frame = 0
 1975              		@ frame_needed = 1, uses_anonymous_args = 0
 1976 0000 80B5     		push	{r7, lr}
ARM GAS  C:\Users\SONG_J~1\AppData\Local\Temp\ccrojBJ5.s 			page 34


 1977 0002 00AF     		add	r7, sp, #0
 1978 0004 8123     		movs	r3, #129
 1979 0006 9B00     		lsls	r3, r3, #2
 1980 0008 064A     		ldr	r2, .L148
 1981 000a 1900     		movs	r1, r3
 1982 000c 1000     		movs	r0, r2
 1983 000e FFF7FEFF 		bl	nrf_uart_int_disable
 1984 0012 044B     		ldr	r3, .L148
 1985 0014 0421     		movs	r1, #4
 1986 0016 1800     		movs	r0, r3
 1987 0018 FFF7FEFF 		bl	nrf_uart_task_trigger
 1988 001c C046     		nop
 1989 001e BD46     		mov	sp, r7
 1990              		@ sp needed
 1991 0020 80BD     		pop	{r7, pc}
 1992              	.L149:
 1993 0022 C046     		.align	2
 1994              	.L148:
 1995 0024 00200040 		.word	1073750016
 1997              		.section	.text.UART0_IRQHandler,"ax",%progbits
 1998              		.align	1
 1999              		.global	UART0_IRQHandler
 2000              		.syntax unified
 2001              		.code	16
 2002              		.thumb_func
 2003              		.fpu softvfp
 2005              	UART0_IRQHandler:
 2006              		@ args = 0, pretend = 0, frame = 16
 2007              		@ frame_needed = 1, uses_anonymous_args = 0
 2008 0000 80B5     		push	{r7, lr}
 2009 0002 84B0     		sub	sp, sp, #16
 2010 0004 00AF     		add	r7, sp, #0
 2011 0006 8023     		movs	r3, #128
 2012 0008 9B00     		lsls	r3, r3, #2
 2013 000a 624A     		ldr	r2, .L160
 2014 000c 1900     		movs	r1, r3
 2015 000e 1000     		movs	r0, r2
 2016 0010 FFF7FEFF 		bl	nrf_uart_int_enable_check
 2017 0014 031E     		subs	r3, r0, #0
 2018 0016 3FD0     		beq	.L151
 2019 0018 9223     		movs	r3, #146
 2020 001a 5B00     		lsls	r3, r3, #1
 2021 001c 5D4A     		ldr	r2, .L160
 2022 001e 1900     		movs	r1, r3
 2023 0020 1000     		movs	r0, r2
 2024 0022 FFF7FEFF 		bl	nrf_uart_event_check
 2025 0026 031E     		subs	r3, r0, #0
 2026 0028 36D0     		beq	.L151
 2027 002a 9223     		movs	r3, #146
 2028 002c 5B00     		lsls	r3, r3, #1
 2029 002e 594A     		ldr	r2, .L160
 2030 0030 1900     		movs	r1, r3
 2031 0032 1000     		movs	r0, r2
 2032 0034 FFF7FEFF 		bl	nrf_uart_event_clear
 2033 0038 8123     		movs	r3, #129
 2034 003a 9B00     		lsls	r3, r3, #2
 2035 003c 554A     		ldr	r2, .L160
ARM GAS  C:\Users\SONG_J~1\AppData\Local\Temp\ccrojBJ5.s 			page 35


 2036 003e 1900     		movs	r1, r3
 2037 0040 1000     		movs	r0, r2
 2038 0042 FFF7FEFF 		bl	nrf_uart_int_disable
 2039 0046 544B     		ldr	r3, .L160+4
 2040 0048 5B7D     		ldrb	r3, [r3, #21]
 2041 004a 0122     		movs	r2, #1
 2042 004c 5340     		eors	r3, r2
 2043 004e DBB2     		uxtb	r3, r3
 2044 0050 002B     		cmp	r3, #0
 2045 0052 04D0     		beq	.L152
 2046 0054 4F4B     		ldr	r3, .L160
 2047 0056 0421     		movs	r1, #4
 2048 0058 1800     		movs	r0, r3
 2049 005a FFF7FEFF 		bl	nrf_uart_task_trigger
 2050              	.L152:
 2051 005e 3B00     		movs	r3, r7
 2052 0060 0222     		movs	r2, #2
 2053 0062 1A70     		strb	r2, [r3]
 2054 0064 4B4B     		ldr	r3, .L160
 2055 0066 1800     		movs	r0, r3
 2056 0068 FFF7FEFF 		bl	nrf_uart_errorsrc_get_and_clear
 2057 006c 0200     		movs	r2, r0
 2058 006e 3B00     		movs	r3, r7
 2059 0070 DA60     		str	r2, [r3, #12]
 2060 0072 494B     		ldr	r3, .L160+4
 2061 0074 DA7C     		ldrb	r2, [r3, #19]
 2062 0076 3B00     		movs	r3, r7
 2063 0078 1A72     		strb	r2, [r3, #8]
 2064 007a 474B     		ldr	r3, .L160+4
 2065 007c DA68     		ldr	r2, [r3, #12]
 2066 007e 3B00     		movs	r3, r7
 2067 0080 5A60     		str	r2, [r3, #4]
 2068 0082 454B     		ldr	r3, .L160+4
 2069 0084 0022     		movs	r2, #0
 2070 0086 DA74     		strb	r2, [r3, #19]
 2071 0088 434B     		ldr	r3, .L160+4
 2072 008a 5A68     		ldr	r2, [r3, #4]
 2073 008c 424B     		ldr	r3, .L160+4
 2074 008e 1968     		ldr	r1, [r3]
 2075 0090 3B00     		movs	r3, r7
 2076 0092 1800     		movs	r0, r3
 2077 0094 9047     		blx	r2
 2078 0096 31E0     		b	.L153
 2079              	.L151:
 2080 0098 3E4B     		ldr	r3, .L160
 2081 009a 0421     		movs	r1, #4
 2082 009c 1800     		movs	r0, r3
 2083 009e FFF7FEFF 		bl	nrf_uart_int_enable_check
 2084 00a2 031E     		subs	r3, r0, #0
 2085 00a4 2AD0     		beq	.L153
 2086 00a6 8423     		movs	r3, #132
 2087 00a8 5B00     		lsls	r3, r3, #1
 2088 00aa 3A4A     		ldr	r2, .L160
 2089 00ac 1900     		movs	r1, r3
 2090 00ae 1000     		movs	r0, r2
 2091 00b0 FFF7FEFF 		bl	nrf_uart_event_check
 2092 00b4 031E     		subs	r3, r0, #0
ARM GAS  C:\Users\SONG_J~1\AppData\Local\Temp\ccrojBJ5.s 			page 36


 2093 00b6 21D0     		beq	.L153
 2094 00b8 FFF7FEFF 		bl	rx_byte
 2095 00bc 364B     		ldr	r3, .L160+4
 2096 00be DA7C     		ldrb	r2, [r3, #19]
 2097 00c0 354B     		ldr	r3, .L160+4
 2098 00c2 1B7D     		ldrb	r3, [r3, #20]
 2099 00c4 DBB2     		uxtb	r3, r3
 2100 00c6 9A42     		cmp	r2, r3
 2101 00c8 18D1     		bne	.L153
 2102 00ca 334B     		ldr	r3, .L160+4
 2103 00cc 5B7D     		ldrb	r3, [r3, #21]
 2104 00ce 0122     		movs	r2, #1
 2105 00d0 5340     		eors	r3, r2
 2106 00d2 DBB2     		uxtb	r3, r3
 2107 00d4 002B     		cmp	r3, #0
 2108 00d6 04D0     		beq	.L154
 2109 00d8 2E4B     		ldr	r3, .L160
 2110 00da 0421     		movs	r1, #4
 2111 00dc 1800     		movs	r0, r3
 2112 00de FFF7FEFF 		bl	nrf_uart_task_trigger
 2113              	.L154:
 2114 00e2 8123     		movs	r3, #129
 2115 00e4 9B00     		lsls	r3, r3, #2
 2116 00e6 2B4A     		ldr	r2, .L160
 2117 00e8 1900     		movs	r1, r3
 2118 00ea 1000     		movs	r0, r2
 2119 00ec FFF7FEFF 		bl	nrf_uart_int_disable
 2120 00f0 294B     		ldr	r3, .L160+4
 2121 00f2 1B7D     		ldrb	r3, [r3, #20]
 2122 00f4 DBB2     		uxtb	r3, r3
 2123 00f6 1800     		movs	r0, r3
 2124 00f8 FFF7FEFF 		bl	rx_done_event
 2125              	.L153:
 2126 00fc 8E23     		movs	r3, #142
 2127 00fe 5B00     		lsls	r3, r3, #1
 2128 0100 244A     		ldr	r2, .L160
 2129 0102 1900     		movs	r1, r3
 2130 0104 1000     		movs	r0, r2
 2131 0106 FFF7FEFF 		bl	nrf_uart_event_check
 2132 010a 031E     		subs	r3, r0, #0
 2133 010c 1AD0     		beq	.L155
 2134 010e 224B     		ldr	r3, .L160+4
 2135 0110 9B7C     		ldrb	r3, [r3, #18]
 2136 0112 9AB2     		uxth	r2, r3
 2137 0114 204B     		ldr	r3, .L160+4
 2138 0116 1B8A     		ldrh	r3, [r3, #16]
 2139 0118 9BB2     		uxth	r3, r3
 2140 011a 9A42     		cmp	r2, r3
 2141 011c 02D9     		bls	.L156
 2142 011e FFF7FEFF 		bl	tx_byte
 2143 0122 0FE0     		b	.L155
 2144              	.L156:
 2145 0124 8E23     		movs	r3, #142
 2146 0126 5B00     		lsls	r3, r3, #1
 2147 0128 1A4A     		ldr	r2, .L160
 2148 012a 1900     		movs	r1, r3
 2149 012c 1000     		movs	r0, r2
ARM GAS  C:\Users\SONG_J~1\AppData\Local\Temp\ccrojBJ5.s 			page 37


 2150 012e FFF7FEFF 		bl	nrf_uart_event_clear
 2151 0132 194B     		ldr	r3, .L160+4
 2152 0134 9B7C     		ldrb	r3, [r3, #18]
 2153 0136 002B     		cmp	r3, #0
 2154 0138 04D0     		beq	.L155
 2155 013a 174B     		ldr	r3, .L160+4
 2156 013c 9B7C     		ldrb	r3, [r3, #18]
 2157 013e 1800     		movs	r0, r3
 2158 0140 FFF7FEFF 		bl	tx_done_event
 2159              	.L155:
 2160 0144 A223     		movs	r3, #162
 2161 0146 5B00     		lsls	r3, r3, #1
 2162 0148 124A     		ldr	r2, .L160
 2163 014a 1900     		movs	r1, r3
 2164 014c 1000     		movs	r0, r2
 2165 014e FFF7FEFF 		bl	nrf_uart_event_check
 2166 0152 031E     		subs	r3, r0, #0
 2167 0154 19D0     		beq	.L159
 2168 0156 A223     		movs	r3, #162
 2169 0158 5B00     		lsls	r3, r3, #1
 2170 015a 0E4A     		ldr	r2, .L160
 2171 015c 1900     		movs	r1, r3
 2172 015e 1000     		movs	r0, r2
 2173 0160 FFF7FEFF 		bl	nrf_uart_event_clear
 2174 0164 0C4B     		ldr	r3, .L160+4
 2175 0166 5B7D     		ldrb	r3, [r3, #21]
 2176 0168 002B     		cmp	r3, #0
 2177 016a 04D0     		beq	.L158
 2178 016c 094B     		ldr	r3, .L160
 2179 016e 0021     		movs	r1, #0
 2180 0170 1800     		movs	r0, r3
 2181 0172 FFF7FEFF 		bl	nrf_uart_task_trigger
 2182              	.L158:
 2183 0176 084B     		ldr	r3, .L160+4
 2184 0178 DB7C     		ldrb	r3, [r3, #19]
 2185 017a 002B     		cmp	r3, #0
 2186 017c 05D0     		beq	.L159
 2187 017e 064B     		ldr	r3, .L160+4
 2188 0180 1B7D     		ldrb	r3, [r3, #20]
 2189 0182 DBB2     		uxtb	r3, r3
 2190 0184 1800     		movs	r0, r3
 2191 0186 FFF7FEFF 		bl	rx_done_event
 2192              	.L159:
 2193 018a C046     		nop
 2194 018c BD46     		mov	sp, r7
 2195 018e 04B0     		add	sp, sp, #16
 2196              		@ sp needed
 2197 0190 80BD     		pop	{r7, pc}
 2198              	.L161:
 2199 0192 C046     		.align	2
 2200              	.L160:
 2201 0194 00200040 		.word	1073750016
 2202 0198 00000000 		.word	m_cb
 2204              		.ident	"GCC: (GNU Tools for Arm Embedded Processors 7-2017-q4-major) 7.2.1 20170904 (release) [ARM
ARM GAS  C:\Users\SONG_J~1\AppData\Local\Temp\ccrojBJ5.s 			page 38


DEFINED SYMBOLS
                            *ABS*:00000000 nrf_drv_uart.c
C:\Users\SONG_J~1\AppData\Local\Temp\ccrojBJ5.s:13     .text.NVIC_DisableIRQ:00000000 $t
C:\Users\SONG_J~1\AppData\Local\Temp\ccrojBJ5.s:19     .text.NVIC_DisableIRQ:00000000 NVIC_DisableIRQ
C:\Users\SONG_J~1\AppData\Local\Temp\ccrojBJ5.s:48     .text.NVIC_DisableIRQ:0000002c $d
C:\Users\SONG_J~1\AppData\Local\Temp\ccrojBJ5.s:51     .text.nrf_uart_event_clear:00000000 $t
C:\Users\SONG_J~1\AppData\Local\Temp\ccrojBJ5.s:57     .text.nrf_uart_event_clear:00000000 nrf_uart_event_clear
C:\Users\SONG_J~1\AppData\Local\Temp\ccrojBJ5.s:80     .text.nrf_uart_event_check:00000000 $t
C:\Users\SONG_J~1\AppData\Local\Temp\ccrojBJ5.s:86     .text.nrf_uart_event_check:00000000 nrf_uart_event_check
C:\Users\SONG_J~1\AppData\Local\Temp\ccrojBJ5.s:111    .text.nrf_uart_int_enable:00000000 $t
C:\Users\SONG_J~1\AppData\Local\Temp\ccrojBJ5.s:117    .text.nrf_uart_int_enable:00000000 nrf_uart_int_enable
C:\Users\SONG_J~1\AppData\Local\Temp\ccrojBJ5.s:137    .text.nrf_uart_int_enable_check:00000000 $t
C:\Users\SONG_J~1\AppData\Local\Temp\ccrojBJ5.s:143    .text.nrf_uart_int_enable_check:00000000 nrf_uart_int_enable_check
C:\Users\SONG_J~1\AppData\Local\Temp\ccrojBJ5.s:167    .text.nrf_uart_int_disable:00000000 $t
C:\Users\SONG_J~1\AppData\Local\Temp\ccrojBJ5.s:173    .text.nrf_uart_int_disable:00000000 nrf_uart_int_disable
C:\Users\SONG_J~1\AppData\Local\Temp\ccrojBJ5.s:193    .text.nrf_uart_errorsrc_get_and_clear:00000000 $t
C:\Users\SONG_J~1\AppData\Local\Temp\ccrojBJ5.s:199    .text.nrf_uart_errorsrc_get_and_clear:00000000 nrf_uart_errorsrc_get_and_clear
C:\Users\SONG_J~1\AppData\Local\Temp\ccrojBJ5.s:224    .text.nrf_uart_enable:00000000 $t
C:\Users\SONG_J~1\AppData\Local\Temp\ccrojBJ5.s:230    .text.nrf_uart_enable:00000000 nrf_uart_enable
C:\Users\SONG_J~1\AppData\Local\Temp\ccrojBJ5.s:249    .text.nrf_uart_disable:00000000 $t
C:\Users\SONG_J~1\AppData\Local\Temp\ccrojBJ5.s:255    .text.nrf_uart_disable:00000000 nrf_uart_disable
C:\Users\SONG_J~1\AppData\Local\Temp\ccrojBJ5.s:274    .text.nrf_uart_txrx_pins_set:00000000 $t
C:\Users\SONG_J~1\AppData\Local\Temp\ccrojBJ5.s:280    .text.nrf_uart_txrx_pins_set:00000000 nrf_uart_txrx_pins_set
C:\Users\SONG_J~1\AppData\Local\Temp\ccrojBJ5.s:305    .text.nrf_uart_txrx_pins_set:00000024 $d
C:\Users\SONG_J~1\AppData\Local\Temp\ccrojBJ5.s:309    .text.nrf_uart_txrx_pins_disconnect:00000000 $t
C:\Users\SONG_J~1\AppData\Local\Temp\ccrojBJ5.s:315    .text.nrf_uart_txrx_pins_disconnect:00000000 nrf_uart_txrx_pins_disconnect
C:\Users\SONG_J~1\AppData\Local\Temp\ccrojBJ5.s:336    .text.nrf_uart_tx_pin_get:00000000 $t
C:\Users\SONG_J~1\AppData\Local\Temp\ccrojBJ5.s:342    .text.nrf_uart_tx_pin_get:00000000 nrf_uart_tx_pin_get
C:\Users\SONG_J~1\AppData\Local\Temp\ccrojBJ5.s:360    .text.nrf_uart_tx_pin_get:00000018 $d
C:\Users\SONG_J~1\AppData\Local\Temp\ccrojBJ5.s:363    .text.nrf_uart_rx_pin_get:00000000 $t
C:\Users\SONG_J~1\AppData\Local\Temp\ccrojBJ5.s:369    .text.nrf_uart_rx_pin_get:00000000 nrf_uart_rx_pin_get
C:\Users\SONG_J~1\AppData\Local\Temp\ccrojBJ5.s:387    .text.nrf_uart_rx_pin_get:00000018 $d
C:\Users\SONG_J~1\AppData\Local\Temp\ccrojBJ5.s:390    .text.nrf_uart_rts_pin_get:00000000 $t
C:\Users\SONG_J~1\AppData\Local\Temp\ccrojBJ5.s:396    .text.nrf_uart_rts_pin_get:00000000 nrf_uart_rts_pin_get
C:\Users\SONG_J~1\AppData\Local\Temp\ccrojBJ5.s:414    .text.nrf_uart_cts_pin_get:00000000 $t
C:\Users\SONG_J~1\AppData\Local\Temp\ccrojBJ5.s:420    .text.nrf_uart_cts_pin_get:00000000 nrf_uart_cts_pin_get
C:\Users\SONG_J~1\AppData\Local\Temp\ccrojBJ5.s:438    .text.nrf_uart_hwfc_pins_set:00000000 $t
C:\Users\SONG_J~1\AppData\Local\Temp\ccrojBJ5.s:444    .text.nrf_uart_hwfc_pins_set:00000000 nrf_uart_hwfc_pins_set
C:\Users\SONG_J~1\AppData\Local\Temp\ccrojBJ5.s:470    .text.nrf_uart_hwfc_pins_disconnect:00000000 $t
C:\Users\SONG_J~1\AppData\Local\Temp\ccrojBJ5.s:476    .text.nrf_uart_hwfc_pins_disconnect:00000000 nrf_uart_hwfc_pins_disconnect
C:\Users\SONG_J~1\AppData\Local\Temp\ccrojBJ5.s:497    .text.nrf_uart_rxd_get:00000000 $t
C:\Users\SONG_J~1\AppData\Local\Temp\ccrojBJ5.s:503    .text.nrf_uart_rxd_get:00000000 nrf_uart_rxd_get
C:\Users\SONG_J~1\AppData\Local\Temp\ccrojBJ5.s:522    .text.nrf_uart_txd_set:00000000 $t
C:\Users\SONG_J~1\AppData\Local\Temp\ccrojBJ5.s:528    .text.nrf_uart_txd_set:00000000 nrf_uart_txd_set
C:\Users\SONG_J~1\AppData\Local\Temp\ccrojBJ5.s:551    .text.nrf_uart_txd_set:00000020 $d
C:\Users\SONG_J~1\AppData\Local\Temp\ccrojBJ5.s:554    .text.nrf_uart_task_trigger:00000000 $t
C:\Users\SONG_J~1\AppData\Local\Temp\ccrojBJ5.s:560    .text.nrf_uart_task_trigger:00000000 nrf_uart_task_trigger
C:\Users\SONG_J~1\AppData\Local\Temp\ccrojBJ5.s:583    .text.nrf_uart_configure:00000000 $t
C:\Users\SONG_J~1\AppData\Local\Temp\ccrojBJ5.s:589    .text.nrf_uart_configure:00000000 nrf_uart_configure
C:\Users\SONG_J~1\AppData\Local\Temp\ccrojBJ5.s:622    .text.nrf_uart_configure:00000034 $d
C:\Users\SONG_J~1\AppData\Local\Temp\ccrojBJ5.s:625    .text.nrf_uart_baudrate_set:00000000 $t
C:\Users\SONG_J~1\AppData\Local\Temp\ccrojBJ5.s:631    .text.nrf_uart_baudrate_set:00000000 nrf_uart_baudrate_set
C:\Users\SONG_J~1\AppData\Local\Temp\ccrojBJ5.s:651    .text.nrf_uart_baudrate_set:0000001c $d
C:\Users\SONG_J~1\AppData\Local\Temp\ccrojBJ5.s:654    .text.nrf_drv_common_irq_disable:00000000 $t
C:\Users\SONG_J~1\AppData\Local\Temp\ccrojBJ5.s:660    .text.nrf_drv_common_irq_disable:00000000 nrf_drv_common_irq_disable
C:\Users\SONG_J~1\AppData\Local\Temp\ccrojBJ5.s:681    .text.nrf_gpio_cfg:00000000 $t
C:\Users\SONG_J~1\AppData\Local\Temp\ccrojBJ5.s:687    .text.nrf_gpio_cfg:00000000 nrf_gpio_cfg
ARM GAS  C:\Users\SONG_J~1\AppData\Local\Temp\ccrojBJ5.s 			page 39


C:\Users\SONG_J~1\AppData\Local\Temp\ccrojBJ5.s:741    .text.nrf_gpio_cfg_output:00000000 $t
C:\Users\SONG_J~1\AppData\Local\Temp\ccrojBJ5.s:747    .text.nrf_gpio_cfg_output:00000000 nrf_gpio_cfg_output
C:\Users\SONG_J~1\AppData\Local\Temp\ccrojBJ5.s:770    .text.nrf_gpio_cfg_input:00000000 $t
C:\Users\SONG_J~1\AppData\Local\Temp\ccrojBJ5.s:776    .text.nrf_gpio_cfg_input:00000000 nrf_gpio_cfg_input
C:\Users\SONG_J~1\AppData\Local\Temp\ccrojBJ5.s:804    .text.nrf_gpio_cfg_default:00000000 $t
C:\Users\SONG_J~1\AppData\Local\Temp\ccrojBJ5.s:810    .text.nrf_gpio_cfg_default:00000000 nrf_gpio_cfg_default
C:\Users\SONG_J~1\AppData\Local\Temp\ccrojBJ5.s:833    .text.nrf_gpio_pin_set:00000000 $t
C:\Users\SONG_J~1\AppData\Local\Temp\ccrojBJ5.s:839    .text.nrf_gpio_pin_set:00000000 nrf_gpio_pin_set
C:\Users\SONG_J~1\AppData\Local\Temp\ccrojBJ5.s:861    .bss.m_cb:00000000 $d
C:\Users\SONG_J~1\AppData\Local\Temp\ccrojBJ5.s:864    .bss.m_cb:00000000 m_cb
C:\Users\SONG_J~1\AppData\Local\Temp\ccrojBJ5.s:867    .rodata.m_default_config:00000000 $d
C:\Users\SONG_J~1\AppData\Local\Temp\ccrojBJ5.s:870    .rodata.m_default_config:00000000 m_default_config
C:\Users\SONG_J~1\AppData\Local\Temp\ccrojBJ5.s:883    .text.apply_config:00000000 $t
C:\Users\SONG_J~1\AppData\Local\Temp\ccrojBJ5.s:889    .text.apply_config:00000000 apply_config
C:\Users\SONG_J~1\AppData\Local\Temp\ccrojBJ5.s:962    .text.apply_config:00000098 $d
C:\Users\SONG_J~1\AppData\Local\Temp\ccrojBJ5.s:965    .text.interrupts_enable:00000000 $t
C:\Users\SONG_J~1\AppData\Local\Temp\ccrojBJ5.s:971    .text.interrupts_enable:00000000 interrupts_enable
C:\Users\SONG_J~1\AppData\Local\Temp\ccrojBJ5.s:998    .text.interrupts_enable:0000002c $d
C:\Users\SONG_J~1\AppData\Local\Temp\ccrojBJ5.s:1002   .text.interrupts_disable:00000000 $t
C:\Users\SONG_J~1\AppData\Local\Temp\ccrojBJ5.s:1008   .text.interrupts_disable:00000000 interrupts_disable
C:\Users\SONG_J~1\AppData\Local\Temp\ccrojBJ5.s:1027   .text.interrupts_disable:0000001c $d
C:\Users\SONG_J~1\AppData\Local\Temp\ccrojBJ5.s:1031   .text.pins_to_default:00000000 $t
C:\Users\SONG_J~1\AppData\Local\Temp\ccrojBJ5.s:1037   .text.pins_to_default:00000000 pins_to_default
C:\Users\SONG_J~1\AppData\Local\Temp\ccrojBJ5.s:1097   .text.pins_to_default:0000007c $d
C:\Users\SONG_J~1\AppData\Local\Temp\ccrojBJ5.s:1100   .text.uart_enable:00000000 $t
C:\Users\SONG_J~1\AppData\Local\Temp\ccrojBJ5.s:1106   .text.uart_enable:00000000 uart_enable
C:\Users\SONG_J~1\AppData\Local\Temp\ccrojBJ5.s:1121   .text.uart_enable:00000014 $d
C:\Users\SONG_J~1\AppData\Local\Temp\ccrojBJ5.s:1124   .text.uart_disable:00000000 $t
C:\Users\SONG_J~1\AppData\Local\Temp\ccrojBJ5.s:1130   .text.uart_disable:00000000 uart_disable
C:\Users\SONG_J~1\AppData\Local\Temp\ccrojBJ5.s:1145   .text.uart_disable:00000014 $d
C:\Users\SONG_J~1\AppData\Local\Temp\ccrojBJ5.s:1148   .text.nrf_drv_uart_init:00000000 $t
C:\Users\SONG_J~1\AppData\Local\Temp\ccrojBJ5.s:1155   .text.nrf_drv_uart_init:00000000 nrf_drv_uart_init
C:\Users\SONG_J~1\AppData\Local\Temp\ccrojBJ5.s:1218   .text.nrf_drv_uart_init:00000070 $d
C:\Users\SONG_J~1\AppData\Local\Temp\ccrojBJ5.s:1222   .text.nrf_drv_uart_uninit:00000000 $t
C:\Users\SONG_J~1\AppData\Local\Temp\ccrojBJ5.s:1229   .text.nrf_drv_uart_uninit:00000000 nrf_drv_uart_uninit
C:\Users\SONG_J~1\AppData\Local\Temp\ccrojBJ5.s:1255   .text.nrf_drv_uart_uninit:0000002c $d
C:\Users\SONG_J~1\AppData\Local\Temp\ccrojBJ5.s:1258   .text.tx_byte:00000000 $t
C:\Users\SONG_J~1\AppData\Local\Temp\ccrojBJ5.s:1264   .text.tx_byte:00000000 tx_byte
C:\Users\SONG_J~1\AppData\Local\Temp\ccrojBJ5.s:1306   .text.tx_byte:0000004c $d
C:\Users\SONG_J~1\AppData\Local\Temp\ccrojBJ5.s:1310   .text.nrf_drv_uart_tx:00000000 $t
C:\Users\SONG_J~1\AppData\Local\Temp\ccrojBJ5.s:1317   .text.nrf_drv_uart_tx:00000000 nrf_drv_uart_tx
C:\Users\SONG_J~1\AppData\Local\Temp\ccrojBJ5.s:1448   .text.nrf_drv_uart_tx:000000f4 $d
C:\Users\SONG_J~1\AppData\Local\Temp\ccrojBJ5.s:1452   .text.rx_byte:00000000 $t
C:\Users\SONG_J~1\AppData\Local\Temp\ccrojBJ5.s:1458   .text.rx_byte:00000000 rx_byte
C:\Users\SONG_J~1\AppData\Local\Temp\ccrojBJ5.s:1494   .text.rx_byte:00000040 $d
C:\Users\SONG_J~1\AppData\Local\Temp\ccrojBJ5.s:1498   .text.rx_enable:00000000 $t
C:\Users\SONG_J~1\AppData\Local\Temp\ccrojBJ5.s:1504   .text.rx_enable:00000000 rx_enable
C:\Users\SONG_J~1\AppData\Local\Temp\ccrojBJ5.s:1532   .text.rx_enable:00000030 $d
C:\Users\SONG_J~1\AppData\Local\Temp\ccrojBJ5.s:1535   .text.nrf_drv_uart_rx:00000000 $t
C:\Users\SONG_J~1\AppData\Local\Temp\ccrojBJ5.s:1542   .text.nrf_drv_uart_rx:00000000 nrf_drv_uart_rx
C:\Users\SONG_J~1\AppData\Local\Temp\ccrojBJ5.s:1722   .text.nrf_drv_uart_rx:00000158 $d
C:\Users\SONG_J~1\AppData\Local\Temp\ccrojBJ5.s:1726   .text.nrf_drv_uart_rx_enable:00000000 $t
C:\Users\SONG_J~1\AppData\Local\Temp\ccrojBJ5.s:1733   .text.nrf_drv_uart_rx_enable:00000000 nrf_drv_uart_rx_enable
C:\Users\SONG_J~1\AppData\Local\Temp\ccrojBJ5.s:1757   .text.nrf_drv_uart_rx_enable:00000024 $d
C:\Users\SONG_J~1\AppData\Local\Temp\ccrojBJ5.s:1760   .text.nrf_drv_uart_rx_disable:00000000 $t
C:\Users\SONG_J~1\AppData\Local\Temp\ccrojBJ5.s:1767   .text.nrf_drv_uart_rx_disable:00000000 nrf_drv_uart_rx_disable
C:\Users\SONG_J~1\AppData\Local\Temp\ccrojBJ5.s:1786   .text.nrf_drv_uart_rx_disable:0000001c $d
ARM GAS  C:\Users\SONG_J~1\AppData\Local\Temp\ccrojBJ5.s 			page 40


C:\Users\SONG_J~1\AppData\Local\Temp\ccrojBJ5.s:1790   .text.nrf_drv_uart_errorsrc_get:00000000 $t
C:\Users\SONG_J~1\AppData\Local\Temp\ccrojBJ5.s:1797   .text.nrf_drv_uart_errorsrc_get:00000000 nrf_drv_uart_errorsrc_get
C:\Users\SONG_J~1\AppData\Local\Temp\ccrojBJ5.s:1823   .text.nrf_drv_uart_errorsrc_get:0000002c $d
C:\Users\SONG_J~1\AppData\Local\Temp\ccrojBJ5.s:1826   .text.rx_done_event:00000000 $t
C:\Users\SONG_J~1\AppData\Local\Temp\ccrojBJ5.s:1832   .text.rx_done_event:00000000 rx_done_event
C:\Users\SONG_J~1\AppData\Local\Temp\ccrojBJ5.s:1871   .text.rx_done_event:00000040 $d
C:\Users\SONG_J~1\AppData\Local\Temp\ccrojBJ5.s:1874   .text.tx_done_event:00000000 $t
C:\Users\SONG_J~1\AppData\Local\Temp\ccrojBJ5.s:1880   .text.tx_done_event:00000000 tx_done_event
C:\Users\SONG_J~1\AppData\Local\Temp\ccrojBJ5.s:1919   .text.tx_done_event:00000040 $d
C:\Users\SONG_J~1\AppData\Local\Temp\ccrojBJ5.s:1922   .text.nrf_drv_uart_tx_abort:00000000 $t
C:\Users\SONG_J~1\AppData\Local\Temp\ccrojBJ5.s:1929   .text.nrf_drv_uart_tx_abort:00000000 nrf_drv_uart_tx_abort
C:\Users\SONG_J~1\AppData\Local\Temp\ccrojBJ5.s:1962   .text.nrf_drv_uart_tx_abort:00000034 $d
C:\Users\SONG_J~1\AppData\Local\Temp\ccrojBJ5.s:1966   .text.nrf_drv_uart_rx_abort:00000000 $t
C:\Users\SONG_J~1\AppData\Local\Temp\ccrojBJ5.s:1973   .text.nrf_drv_uart_rx_abort:00000000 nrf_drv_uart_rx_abort
C:\Users\SONG_J~1\AppData\Local\Temp\ccrojBJ5.s:1995   .text.nrf_drv_uart_rx_abort:00000024 $d
C:\Users\SONG_J~1\AppData\Local\Temp\ccrojBJ5.s:1998   .text.UART0_IRQHandler:00000000 $t
C:\Users\SONG_J~1\AppData\Local\Temp\ccrojBJ5.s:2005   .text.UART0_IRQHandler:00000000 UART0_IRQHandler
C:\Users\SONG_J~1\AppData\Local\Temp\ccrojBJ5.s:2201   .text.UART0_IRQHandler:00000194 $d

UNDEFINED SYMBOLS
nrf_drv_common_irq_enable
