ARM GAS  C:\Users\SONG_J~1\AppData\Local\Temp\cc6u7OFB.s 			page 1


   1              		.cpu cortex-m0
   2              		.eabi_attribute 20, 1
   3              		.eabi_attribute 21, 1
   4              		.eabi_attribute 23, 3
   5              		.eabi_attribute 24, 1
   6              		.eabi_attribute 25, 1
   7              		.eabi_attribute 26, 1
   8              		.eabi_attribute 30, 6
   9              		.eabi_attribute 34, 0
  10              		.eabi_attribute 18, 4
  11              		.file	"object_binary_app_data_container.c"
  12              		.section	.text.get_resource_uri,"ax",%progbits
  13              		.align	1
  14              		.syntax unified
  15              		.code	16
  16              		.thumb_func
  17              		.fpu softvfp
  19              	get_resource_uri:
  20              		@ args = 0, pretend = 0, frame = 16
  21              		@ frame_needed = 1, uses_anonymous_args = 0
  22 0000 90B5     		push	{r4, r7, lr}
  23 0002 85B0     		sub	sp, sp, #20
  24 0004 00AF     		add	r7, sp, #0
  25 0006 0400     		movs	r4, r0
  26 0008 0800     		movs	r0, r1
  27 000a 1100     		movs	r1, r2
  28 000c 7B60     		str	r3, [r7, #4]
  29 000e 0E23     		movs	r3, #14
  30 0010 FB18     		adds	r3, r7, r3
  31 0012 221C     		adds	r2, r4, #0
  32 0014 1A80     		strh	r2, [r3]
  33 0016 0C23     		movs	r3, #12
  34 0018 FB18     		adds	r3, r7, r3
  35 001a 021C     		adds	r2, r0, #0
  36 001c 1A80     		strh	r2, [r3]
  37 001e 0A23     		movs	r3, #10
  38 0020 FB18     		adds	r3, r7, r3
  39 0022 0A1C     		adds	r2, r1, #0
  40 0024 1A80     		strh	r2, [r3]
  41 0026 7B68     		ldr	r3, [r7, #4]
  42 0028 002B     		cmp	r3, #0
  43 002a 12D0     		beq	.L4
  44 002c 7B68     		ldr	r3, [r7, #4]
  45 002e 0722     		movs	r2, #7
  46 0030 1A70     		strb	r2, [r3]
  47 0032 7B68     		ldr	r3, [r7, #4]
  48 0034 0E22     		movs	r2, #14
  49 0036 BA18     		adds	r2, r7, r2
  50 0038 1288     		ldrh	r2, [r2]
  51 003a 5A80     		strh	r2, [r3, #2]
  52 003c 7B68     		ldr	r3, [r7, #4]
  53 003e 0C22     		movs	r2, #12
  54 0040 BA18     		adds	r2, r7, r2
  55 0042 1288     		ldrh	r2, [r2]
  56 0044 9A80     		strh	r2, [r3, #4]
  57 0046 7B68     		ldr	r3, [r7, #4]
  58 0048 0A22     		movs	r2, #10
ARM GAS  C:\Users\SONG_J~1\AppData\Local\Temp\cc6u7OFB.s 			page 2


  59 004a BA18     		adds	r2, r7, r2
  60 004c 1288     		ldrh	r2, [r2]
  61 004e DA80     		strh	r2, [r3, #6]
  62 0050 00E0     		b	.L1
  63              	.L4:
  64 0052 C046     		nop
  65              	.L1:
  66 0054 BD46     		mov	sp, r7
  67 0056 05B0     		add	sp, sp, #20
  68              		@ sp needed
  69 0058 90BD     		pop	{r4, r7, pc}
  71              		.section	.rodata
  72              		.align	2
  73              	.LC1:
  74 0000 202000   		.ascii	"  \000"
  75 0003 00       		.align	2
  76              	.LC3:
  77 0004 25303258 		.ascii	"%02X \000"
  77      2000
  78 000a 0000     		.align	2
  79              	.LC5:
  80 000c 20202000 		.ascii	"   \000"
  81              		.align	2
  82              	.LC7:
  83 0010 25632000 		.ascii	"%c \000"
  84              		.align	2
  85              	.LC9:
  86 0014 2E2000   		.ascii	". \000"
  87              		.section	.text.prv_output_buffer,"ax",%progbits
  88              		.align	1
  89              		.syntax unified
  90              		.code	16
  91              		.thumb_func
  92              		.fpu softvfp
  94              	prv_output_buffer:
  95              		@ args = 0, pretend = 0, frame = 32
  96              		@ frame_needed = 1, uses_anonymous_args = 0
  97 0000 80B5     		push	{r7, lr}
  98 0002 88B0     		sub	sp, sp, #32
  99 0004 00AF     		add	r7, sp, #0
 100 0006 7860     		str	r0, [r7, #4]
 101 0008 3960     		str	r1, [r7]
 102 000a 0023     		movs	r3, #0
 103 000c FB61     		str	r3, [r7, #28]
 104 000e 83E0     		b	.L6
 105              	.L17:
 106 0010 464B     		ldr	r3, .L18
 107 0012 1B68     		ldr	r3, [r3]
 108 0014 DB68     		ldr	r3, [r3, #12]
 109 0016 4648     		ldr	r0, .L18+4
 110 0018 0222     		movs	r2, #2
 111 001a 0121     		movs	r1, #1
 112 001c FFF7FEFF 		bl	fwrite
 113 0020 FB69     		ldr	r3, [r7, #28]
 114 0022 7A68     		ldr	r2, [r7, #4]
 115 0024 D318     		adds	r3, r2, r3
 116 0026 0822     		movs	r2, #8
ARM GAS  C:\Users\SONG_J~1\AppData\Local\Temp\cc6u7OFB.s 			page 3


 117 0028 BA18     		adds	r2, r7, r2
 118 002a 1000     		movs	r0, r2
 119 002c 1900     		movs	r1, r3
 120 002e 1023     		movs	r3, #16
 121 0030 1A00     		movs	r2, r3
 122 0032 FFF7FEFF 		bl	memcpy
 123 0036 0023     		movs	r3, #0
 124 0038 BB61     		str	r3, [r7, #24]
 125 003a 0FE0     		b	.L7
 126              	.L9:
 127 003c 3B4B     		ldr	r3, .L18
 128 003e 1B68     		ldr	r3, [r3]
 129 0040 D868     		ldr	r0, [r3, #12]
 130 0042 0823     		movs	r3, #8
 131 0044 FA18     		adds	r2, r7, r3
 132 0046 BB69     		ldr	r3, [r7, #24]
 133 0048 D318     		adds	r3, r2, r3
 134 004a 1B78     		ldrb	r3, [r3]
 135 004c 1A00     		movs	r2, r3
 136 004e 394B     		ldr	r3, .L18+8
 137 0050 1900     		movs	r1, r3
 138 0052 FFF7FEFF 		bl	fprintf
 139 0056 BB69     		ldr	r3, [r7, #24]
 140 0058 0133     		adds	r3, r3, #1
 141 005a BB61     		str	r3, [r7, #24]
 142              	.L7:
 143 005c BB69     		ldr	r3, [r7, #24]
 144 005e 0F2B     		cmp	r3, #15
 145 0060 11DC     		bgt	.L10
 146 0062 FA69     		ldr	r2, [r7, #28]
 147 0064 BB69     		ldr	r3, [r7, #24]
 148 0066 D318     		adds	r3, r2, r3
 149 0068 3A68     		ldr	r2, [r7]
 150 006a 9A42     		cmp	r2, r3
 151 006c E6DC     		bgt	.L9
 152 006e 0AE0     		b	.L10
 153              	.L11:
 154 0070 2E4B     		ldr	r3, .L18
 155 0072 1B68     		ldr	r3, [r3]
 156 0074 DB68     		ldr	r3, [r3, #12]
 157 0076 3048     		ldr	r0, .L18+12
 158 0078 0322     		movs	r2, #3
 159 007a 0121     		movs	r1, #1
 160 007c FFF7FEFF 		bl	fwrite
 161 0080 BB69     		ldr	r3, [r7, #24]
 162 0082 0133     		adds	r3, r3, #1
 163 0084 BB61     		str	r3, [r7, #24]
 164              	.L10:
 165 0086 BB69     		ldr	r3, [r7, #24]
 166 0088 0F2B     		cmp	r3, #15
 167 008a F1DD     		ble	.L11
 168 008c 274B     		ldr	r3, .L18
 169 008e 1B68     		ldr	r3, [r3]
 170 0090 DB68     		ldr	r3, [r3, #12]
 171 0092 2748     		ldr	r0, .L18+4
 172 0094 0222     		movs	r2, #2
 173 0096 0121     		movs	r1, #1
ARM GAS  C:\Users\SONG_J~1\AppData\Local\Temp\cc6u7OFB.s 			page 4


 174 0098 FFF7FEFF 		bl	fwrite
 175 009c 0023     		movs	r3, #0
 176 009e BB61     		str	r3, [r7, #24]
 177 00a0 27E0     		b	.L12
 178              	.L16:
 179 00a2 FFF7FEFF 		bl	__locale_ctype_ptr
 180 00a6 0100     		movs	r1, r0
 181 00a8 0823     		movs	r3, #8
 182 00aa FA18     		adds	r2, r7, r3
 183 00ac BB69     		ldr	r3, [r7, #24]
 184 00ae D318     		adds	r3, r2, r3
 185 00b0 1B78     		ldrb	r3, [r3]
 186 00b2 0133     		adds	r3, r3, #1
 187 00b4 CB18     		adds	r3, r1, r3
 188 00b6 1B78     		ldrb	r3, [r3]
 189 00b8 1A00     		movs	r2, r3
 190 00ba 9723     		movs	r3, #151
 191 00bc 1340     		ands	r3, r2
 192 00be 0DD0     		beq	.L13
 193 00c0 1A4B     		ldr	r3, .L18
 194 00c2 1B68     		ldr	r3, [r3]
 195 00c4 D868     		ldr	r0, [r3, #12]
 196 00c6 0823     		movs	r3, #8
 197 00c8 FA18     		adds	r2, r7, r3
 198 00ca BB69     		ldr	r3, [r7, #24]
 199 00cc D318     		adds	r3, r2, r3
 200 00ce 1B78     		ldrb	r3, [r3]
 201 00d0 1A00     		movs	r2, r3
 202 00d2 1A4B     		ldr	r3, .L18+16
 203 00d4 1900     		movs	r1, r3
 204 00d6 FFF7FEFF 		bl	fprintf
 205 00da 07E0     		b	.L14
 206              	.L13:
 207 00dc 134B     		ldr	r3, .L18
 208 00de 1B68     		ldr	r3, [r3]
 209 00e0 DB68     		ldr	r3, [r3, #12]
 210 00e2 1748     		ldr	r0, .L18+20
 211 00e4 0222     		movs	r2, #2
 212 00e6 0121     		movs	r1, #1
 213 00e8 FFF7FEFF 		bl	fwrite
 214              	.L14:
 215 00ec BB69     		ldr	r3, [r7, #24]
 216 00ee 0133     		adds	r3, r3, #1
 217 00f0 BB61     		str	r3, [r7, #24]
 218              	.L12:
 219 00f2 BB69     		ldr	r3, [r7, #24]
 220 00f4 0F2B     		cmp	r3, #15
 221 00f6 05DC     		bgt	.L15
 222 00f8 FA69     		ldr	r2, [r7, #28]
 223 00fa BB69     		ldr	r3, [r7, #24]
 224 00fc D318     		adds	r3, r2, r3
 225 00fe 3A68     		ldr	r2, [r7]
 226 0100 9A42     		cmp	r2, r3
 227 0102 CEDC     		bgt	.L16
 228              	.L15:
 229 0104 094B     		ldr	r3, .L18
 230 0106 1B68     		ldr	r3, [r3]
ARM GAS  C:\Users\SONG_J~1\AppData\Local\Temp\cc6u7OFB.s 			page 5


 231 0108 DB68     		ldr	r3, [r3, #12]
 232 010a 1900     		movs	r1, r3
 233 010c 0A20     		movs	r0, #10
 234 010e FFF7FEFF 		bl	fputc
 235 0112 FB69     		ldr	r3, [r7, #28]
 236 0114 1033     		adds	r3, r3, #16
 237 0116 FB61     		str	r3, [r7, #28]
 238              	.L6:
 239 0118 FA69     		ldr	r2, [r7, #28]
 240 011a 3B68     		ldr	r3, [r7]
 241 011c 9A42     		cmp	r2, r3
 242 011e 00DA     		bge	.LCB227
 243 0120 76E7     		b	.L17	@long jump
 244              	.LCB227:
 245 0122 C046     		nop
 246 0124 BD46     		mov	sp, r7
 247 0126 08B0     		add	sp, sp, #32
 248              		@ sp needed
 249 0128 80BD     		pop	{r7, pc}
 250              	.L19:
 251 012a C046     		.align	2
 252              	.L18:
 253 012c 00000000 		.word	_impure_ptr
 254 0130 00000000 		.word	.LC1
 255 0134 04000000 		.word	.LC3
 256 0138 0C000000 		.word	.LC5
 257 013c 10000000 		.word	.LC7
 258 0140 14000000 		.word	.LC9
 260              		.section	.text.prv_read_data,"ax",%progbits
 261              		.align	1
 262              		.syntax unified
 263              		.code	16
 264              		.thumb_func
 265              		.fpu softvfp
 267              	prv_read_data:
 268              		@ args = 0, pretend = 0, frame = 48
 269              		@ frame_needed = 1, uses_anonymous_args = 0
 270 0000 80B5     		push	{r7, lr}
 271 0002 8CB0     		sub	sp, sp, #48
 272 0004 00AF     		add	r7, sp, #0
 273 0006 F860     		str	r0, [r7, #12]
 274 0008 B960     		str	r1, [r7, #8]
 275 000a 7A60     		str	r2, [r7, #4]
 276 000c 3B60     		str	r3, [r7]
 277 000e 0023     		movs	r3, #0
 278 0010 FB62     		str	r3, [r7, #44]
 279 0012 6DE0     		b	.L21
 280              	.L30:
 281 0014 FB6A     		ldr	r3, [r7, #44]
 282 0016 1B01     		lsls	r3, r3, #4
 283 0018 7A68     		ldr	r2, [r7, #4]
 284 001a D318     		adds	r3, r2, r3
 285 001c 5B88     		ldrh	r3, [r3, #2]
 286 001e 002B     		cmp	r3, #0
 287 0020 61D1     		bne	.L32
 288 0022 3B68     		ldr	r3, [r7]
 289 0024 002B     		cmp	r3, #0
ARM GAS  C:\Users\SONG_J~1\AppData\Local\Temp\cc6u7OFB.s 			page 6


 290 0026 25D1     		bne	.L24
 291 0028 0120     		movs	r0, #1
 292 002a FFF7FEFF 		bl	lwm2m_malloc
 293 002e 0300     		movs	r3, r0
 294 0030 7B62     		str	r3, [r7, #36]
 295 0032 7B6A     		ldr	r3, [r7, #36]
 296 0034 002B     		cmp	r3, #0
 297 0036 01D1     		bne	.L25
 298 0038 8423     		movs	r3, #132
 299 003a 5EE0     		b	.L31
 300              	.L25:
 301 003c 7B6A     		ldr	r3, [r7, #36]
 302 003e 0022     		movs	r2, #0
 303 0040 1A70     		strb	r2, [r3]
 304 0042 FB6A     		ldr	r3, [r7, #44]
 305 0044 1B01     		lsls	r3, r3, #4
 306 0046 7A68     		ldr	r2, [r7, #4]
 307 0048 D318     		adds	r3, r2, r3
 308 004a 0022     		movs	r2, #0
 309 004c 5A80     		strh	r2, [r3, #2]
 310 004e FB6A     		ldr	r3, [r7, #44]
 311 0050 1B01     		lsls	r3, r3, #4
 312 0052 7A68     		ldr	r2, [r7, #4]
 313 0054 D318     		adds	r3, r2, r3
 314 0056 0522     		movs	r2, #5
 315 0058 1A70     		strb	r2, [r3]
 316 005a FB6A     		ldr	r3, [r7, #44]
 317 005c 1B01     		lsls	r3, r3, #4
 318 005e 7A68     		ldr	r2, [r7, #4]
 319 0060 D318     		adds	r3, r2, r3
 320 0062 7A6A     		ldr	r2, [r7, #36]
 321 0064 DA60     		str	r2, [r3, #12]
 322 0066 FB6A     		ldr	r3, [r7, #44]
 323 0068 1B01     		lsls	r3, r3, #4
 324 006a 7A68     		ldr	r2, [r7, #4]
 325 006c D318     		adds	r3, r2, r3
 326 006e 0122     		movs	r2, #1
 327 0070 9A60     		str	r2, [r3, #8]
 328 0072 3AE0     		b	.L29
 329              	.L24:
 330 0074 FB68     		ldr	r3, [r7, #12]
 331 0076 9B68     		ldr	r3, [r3, #8]
 332 0078 1022     		movs	r2, #16
 333 007a BA18     		adds	r2, r7, r2
 334 007c 1100     		movs	r1, r2
 335 007e 1800     		movs	r0, r3
 336 0080 FFF7FEFF 		bl	atiny_dequeue_rpt_data
 337 0084 0300     		movs	r3, r0
 338 0086 BB62     		str	r3, [r7, #40]
 339 0088 BB6A     		ldr	r3, [r7, #40]
 340 008a 002B     		cmp	r3, #0
 341 008c 01D0     		beq	.L28
 342 008e 8423     		movs	r3, #132
 343 0090 33E0     		b	.L31
 344              	.L28:
 345 0092 FB6A     		ldr	r3, [r7, #44]
 346 0094 1B01     		lsls	r3, r3, #4
ARM GAS  C:\Users\SONG_J~1\AppData\Local\Temp\cc6u7OFB.s 			page 7


 347 0096 7A68     		ldr	r2, [r7, #4]
 348 0098 D318     		adds	r3, r2, r3
 349 009a 0022     		movs	r2, #0
 350 009c 5A80     		strh	r2, [r3, #2]
 351 009e FB6A     		ldr	r3, [r7, #44]
 352 00a0 1B01     		lsls	r3, r3, #4
 353 00a2 7A68     		ldr	r2, [r7, #4]
 354 00a4 D318     		adds	r3, r2, r3
 355 00a6 0522     		movs	r2, #5
 356 00a8 1A70     		strb	r2, [r3]
 357 00aa FB6A     		ldr	r3, [r7, #44]
 358 00ac 1B01     		lsls	r3, r3, #4
 359 00ae 7A68     		ldr	r2, [r7, #4]
 360 00b0 D318     		adds	r3, r2, r3
 361 00b2 1020     		movs	r0, #16
 362 00b4 3A18     		adds	r2, r7, r0
 363 00b6 D268     		ldr	r2, [r2, #12]
 364 00b8 DA60     		str	r2, [r3, #12]
 365 00ba 3B18     		adds	r3, r7, r0
 366 00bc 9968     		ldr	r1, [r3, #8]
 367 00be FB6A     		ldr	r3, [r7, #44]
 368 00c0 1B01     		lsls	r3, r3, #4
 369 00c2 7A68     		ldr	r2, [r7, #4]
 370 00c4 D318     		adds	r3, r2, r3
 371 00c6 0A00     		movs	r2, r1
 372 00c8 9A60     		str	r2, [r3, #8]
 373 00ca 3B18     		adds	r3, r7, r0
 374 00cc 1B78     		ldrb	r3, [r3]
 375 00ce 1A00     		movs	r2, r3
 376 00d0 3B68     		ldr	r3, [r7]
 377 00d2 1A60     		str	r2, [r3]
 378 00d4 3B18     		adds	r3, r7, r0
 379 00d6 5A68     		ldr	r2, [r3, #4]
 380 00d8 3B68     		ldr	r3, [r7]
 381 00da 5A60     		str	r2, [r3, #4]
 382 00dc 3B18     		adds	r3, r7, r0
 383 00de 1A69     		ldr	r2, [r3, #16]
 384 00e0 3B68     		ldr	r3, [r7]
 385 00e2 9A60     		str	r2, [r3, #8]
 386 00e4 01E0     		b	.L29
 387              	.L32:
 388 00e6 8423     		movs	r3, #132
 389 00e8 07E0     		b	.L31
 390              	.L29:
 391 00ea FB6A     		ldr	r3, [r7, #44]
 392 00ec 0133     		adds	r3, r3, #1
 393 00ee FB62     		str	r3, [r7, #44]
 394              	.L21:
 395 00f0 FA6A     		ldr	r2, [r7, #44]
 396 00f2 BB68     		ldr	r3, [r7, #8]
 397 00f4 9A42     		cmp	r2, r3
 398 00f6 8DDB     		blt	.L30
 399 00f8 4523     		movs	r3, #69
 400              	.L31:
 401 00fa 1800     		movs	r0, r3
 402 00fc BD46     		mov	sp, r7
 403 00fe 0CB0     		add	sp, sp, #48
ARM GAS  C:\Users\SONG_J~1\AppData\Local\Temp\cc6u7OFB.s 			page 8


 404              		@ sp needed
 405 0100 80BD     		pop	{r7, pc}
 407              		.section	.text.prv_destroy_data_buf,"ax",%progbits
 408              		.align	1
 409              		.syntax unified
 410              		.code	16
 411              		.thumb_func
 412              		.fpu softvfp
 414              	prv_destroy_data_buf:
 415              		@ args = 0, pretend = 0, frame = 16
 416              		@ frame_needed = 1, uses_anonymous_args = 0
 417 0000 80B5     		push	{r7, lr}
 418 0002 84B0     		sub	sp, sp, #16
 419 0004 00AF     		add	r7, sp, #0
 420 0006 7860     		str	r0, [r7, #4]
 421 0008 3960     		str	r1, [r7]
 422 000a 0023     		movs	r3, #0
 423 000c FB60     		str	r3, [r7, #12]
 424 000e 26E0     		b	.L34
 425              	.L39:
 426 0010 FB68     		ldr	r3, [r7, #12]
 427 0012 1B01     		lsls	r3, r3, #4
 428 0014 3A68     		ldr	r2, [r7]
 429 0016 D318     		adds	r3, r2, r3
 430 0018 5B88     		ldrh	r3, [r3, #2]
 431 001a 002B     		cmp	r3, #0
 432 001c 00D0     		beq	.L36
 433 001e 1BE0     		b	.L38
 434              	.L36:
 435 0020 FB68     		ldr	r3, [r7, #12]
 436 0022 1B01     		lsls	r3, r3, #4
 437 0024 3A68     		ldr	r2, [r7]
 438 0026 D318     		adds	r3, r2, r3
 439 0028 DB68     		ldr	r3, [r3, #12]
 440 002a 002B     		cmp	r3, #0
 441 002c 13D0     		beq	.L40
 442 002e FB68     		ldr	r3, [r7, #12]
 443 0030 1B01     		lsls	r3, r3, #4
 444 0032 3A68     		ldr	r2, [r7]
 445 0034 D318     		adds	r3, r2, r3
 446 0036 DB68     		ldr	r3, [r3, #12]
 447 0038 1800     		movs	r0, r3
 448 003a FFF7FEFF 		bl	lwm2m_free
 449 003e FB68     		ldr	r3, [r7, #12]
 450 0040 1B01     		lsls	r3, r3, #4
 451 0042 3A68     		ldr	r2, [r7]
 452 0044 D318     		adds	r3, r2, r3
 453 0046 0022     		movs	r2, #0
 454 0048 DA60     		str	r2, [r3, #12]
 455 004a FB68     		ldr	r3, [r7, #12]
 456 004c 1B01     		lsls	r3, r3, #4
 457 004e 3A68     		ldr	r2, [r7]
 458 0050 D318     		adds	r3, r2, r3
 459 0052 0022     		movs	r2, #0
 460 0054 9A60     		str	r2, [r3, #8]
 461              	.L40:
 462 0056 C046     		nop
ARM GAS  C:\Users\SONG_J~1\AppData\Local\Temp\cc6u7OFB.s 			page 9


 463              	.L38:
 464 0058 FB68     		ldr	r3, [r7, #12]
 465 005a 0133     		adds	r3, r3, #1
 466 005c FB60     		str	r3, [r7, #12]
 467              	.L34:
 468 005e FA68     		ldr	r2, [r7, #12]
 469 0060 7B68     		ldr	r3, [r7, #4]
 470 0062 9A42     		cmp	r2, r3
 471 0064 D4DB     		blt	.L39
 472 0066 C046     		nop
 473 0068 BD46     		mov	sp, r7
 474 006a 04B0     		add	sp, sp, #16
 475              		@ sp needed
 476 006c 80BD     		pop	{r7, pc}
 478              		.section	.text.prv_read,"ax",%progbits
 479              		.align	1
 480              		.syntax unified
 481              		.code	16
 482              		.thumb_func
 483              		.fpu softvfp
 485              	prv_read:
 486              		@ args = 4, pretend = 0, frame = 32
 487              		@ frame_needed = 1, uses_anonymous_args = 0
 488 0000 B0B5     		push	{r4, r5, r7, lr}
 489 0002 88B0     		sub	sp, sp, #32
 490 0004 00AF     		add	r7, sp, #0
 491 0006 B960     		str	r1, [r7, #8]
 492 0008 7A60     		str	r2, [r7, #4]
 493 000a 3B60     		str	r3, [r7]
 494 000c 0E21     		movs	r1, #14
 495 000e 7B18     		adds	r3, r7, r1
 496 0010 021C     		adds	r2, r0, #0
 497 0012 1A80     		strh	r2, [r3]
 498 0014 0023     		movs	r3, #0
 499 0016 FB61     		str	r3, [r7, #28]
 500 0018 3B6B     		ldr	r3, [r7, #48]
 501 001a 9A68     		ldr	r2, [r3, #8]
 502 001c 7B18     		adds	r3, r7, r1
 503 001e 1B88     		ldrh	r3, [r3]
 504 0020 1900     		movs	r1, r3
 505 0022 1000     		movs	r0, r2
 506 0024 FFF7FEFF 		bl	lwm2m_list_find
 507 0028 0300     		movs	r3, r0
 508 002a BB61     		str	r3, [r7, #24]
 509 002c BB69     		ldr	r3, [r7, #24]
 510 002e 002B     		cmp	r3, #0
 511 0030 01D1     		bne	.L42
 512 0032 8423     		movs	r3, #132
 513 0034 3EE0     		b	.L43
 514              	.L42:
 515 0036 BB68     		ldr	r3, [r7, #8]
 516 0038 1B68     		ldr	r3, [r3]
 517 003a 002B     		cmp	r3, #0
 518 003c 14D1     		bne	.L44
 519 003e 0120     		movs	r0, #1
 520 0040 FFF7FEFF 		bl	lwm2m_data_new
 521 0044 0200     		movs	r2, r0
ARM GAS  C:\Users\SONG_J~1\AppData\Local\Temp\cc6u7OFB.s 			page 10


 522 0046 7B68     		ldr	r3, [r7, #4]
 523 0048 1A60     		str	r2, [r3]
 524 004a 7B68     		ldr	r3, [r7, #4]
 525 004c 1B68     		ldr	r3, [r3]
 526 004e 002B     		cmp	r3, #0
 527 0050 01D1     		bne	.L45
 528 0052 A023     		movs	r3, #160
 529 0054 2EE0     		b	.L43
 530              	.L45:
 531 0056 BB68     		ldr	r3, [r7, #8]
 532 0058 0122     		movs	r2, #1
 533 005a 1A60     		str	r2, [r3]
 534 005c 7B68     		ldr	r3, [r7, #4]
 535 005e 1B68     		ldr	r3, [r3]
 536 0060 0022     		movs	r2, #0
 537 0062 5A80     		strh	r2, [r3, #2]
 538 0064 0123     		movs	r3, #1
 539 0066 FB61     		str	r3, [r7, #28]
 540              	.L44:
 541 0068 BB68     		ldr	r3, [r7, #8]
 542 006a 1968     		ldr	r1, [r3]
 543 006c 7B68     		ldr	r3, [r7, #4]
 544 006e 1A68     		ldr	r2, [r3]
 545 0070 1725     		movs	r5, #23
 546 0072 7C19     		adds	r4, r7, r5
 547 0074 3B68     		ldr	r3, [r7]
 548 0076 B869     		ldr	r0, [r7, #24]
 549 0078 FFF7FEFF 		bl	prv_read_data
 550 007c 0300     		movs	r3, r0
 551 007e 2370     		strb	r3, [r4]
 552 0080 7B19     		adds	r3, r7, r5
 553 0082 1B78     		ldrb	r3, [r3]
 554 0084 452B     		cmp	r3, #69
 555 0086 12D0     		beq	.L46
 556 0088 BB68     		ldr	r3, [r7, #8]
 557 008a 1A68     		ldr	r2, [r3]
 558 008c 7B68     		ldr	r3, [r7, #4]
 559 008e 1B68     		ldr	r3, [r3]
 560 0090 1900     		movs	r1, r3
 561 0092 1000     		movs	r0, r2
 562 0094 FFF7FEFF 		bl	prv_destroy_data_buf
 563 0098 FB69     		ldr	r3, [r7, #28]
 564 009a 002B     		cmp	r3, #0
 565 009c 07D0     		beq	.L46
 566 009e 7B68     		ldr	r3, [r7, #4]
 567 00a0 1B68     		ldr	r3, [r3]
 568 00a2 1800     		movs	r0, r3
 569 00a4 FFF7FEFF 		bl	lwm2m_free
 570 00a8 7B68     		ldr	r3, [r7, #4]
 571 00aa 0022     		movs	r2, #0
 572 00ac 1A60     		str	r2, [r3]
 573              	.L46:
 574 00ae 1723     		movs	r3, #23
 575 00b0 FB18     		adds	r3, r7, r3
 576 00b2 1B78     		ldrb	r3, [r3]
 577              	.L43:
 578 00b4 1800     		movs	r0, r3
ARM GAS  C:\Users\SONG_J~1\AppData\Local\Temp\cc6u7OFB.s 			page 11


 579 00b6 BD46     		mov	sp, r7
 580 00b8 08B0     		add	sp, sp, #32
 581              		@ sp needed
 582 00ba B0BD     		pop	{r4, r5, r7, pc}
 584              		.section	.text.prv_discover,"ax",%progbits
 585              		.align	1
 586              		.syntax unified
 587              		.code	16
 588              		.thumb_func
 589              		.fpu softvfp
 591              	prv_discover:
 592              		@ args = 0, pretend = 0, frame = 24
 593              		@ frame_needed = 1, uses_anonymous_args = 0
 594 0000 80B5     		push	{r7, lr}
 595 0002 86B0     		sub	sp, sp, #24
 596 0004 00AF     		add	r7, sp, #0
 597 0006 B960     		str	r1, [r7, #8]
 598 0008 7A60     		str	r2, [r7, #4]
 599 000a 3B60     		str	r3, [r7]
 600 000c 0E23     		movs	r3, #14
 601 000e FB18     		adds	r3, r7, r3
 602 0010 021C     		adds	r2, r0, #0
 603 0012 1A80     		strh	r2, [r3]
 604 0014 BB68     		ldr	r3, [r7, #8]
 605 0016 1B68     		ldr	r3, [r3]
 606 0018 002B     		cmp	r3, #0
 607 001a 1DD1     		bne	.L48
 608 001c 0320     		movs	r0, #3
 609 001e FFF7FEFF 		bl	lwm2m_data_new
 610 0022 0200     		movs	r2, r0
 611 0024 7B68     		ldr	r3, [r7, #4]
 612 0026 1A60     		str	r2, [r3]
 613 0028 7B68     		ldr	r3, [r7, #4]
 614 002a 1B68     		ldr	r3, [r3]
 615 002c 002B     		cmp	r3, #0
 616 002e 01D1     		bne	.L49
 617 0030 A023     		movs	r3, #160
 618 0032 29E0     		b	.L50
 619              	.L49:
 620 0034 BB68     		ldr	r3, [r7, #8]
 621 0036 0322     		movs	r2, #3
 622 0038 1A60     		str	r2, [r3]
 623 003a 7B68     		ldr	r3, [r7, #4]
 624 003c 1B68     		ldr	r3, [r3]
 625 003e 0122     		movs	r2, #1
 626 0040 5A80     		strh	r2, [r3, #2]
 627 0042 7B68     		ldr	r3, [r7, #4]
 628 0044 1B68     		ldr	r3, [r3]
 629 0046 1033     		adds	r3, r3, #16
 630 0048 0222     		movs	r2, #2
 631 004a 5A80     		strh	r2, [r3, #2]
 632 004c 7B68     		ldr	r3, [r7, #4]
 633 004e 1B68     		ldr	r3, [r3]
 634 0050 2033     		adds	r3, r3, #32
 635 0052 0322     		movs	r2, #3
 636 0054 5A80     		strh	r2, [r3, #2]
 637 0056 16E0     		b	.L51
ARM GAS  C:\Users\SONG_J~1\AppData\Local\Temp\cc6u7OFB.s 			page 12


 638              	.L48:
 639 0058 0023     		movs	r3, #0
 640 005a 7B61     		str	r3, [r7, #20]
 641 005c 0EE0     		b	.L52
 642              	.L56:
 643 005e 7B68     		ldr	r3, [r7, #4]
 644 0060 1A68     		ldr	r2, [r3]
 645 0062 7B69     		ldr	r3, [r7, #20]
 646 0064 1B01     		lsls	r3, r3, #4
 647 0066 D318     		adds	r3, r2, r3
 648 0068 5B88     		ldrh	r3, [r3, #2]
 649 006a 013B     		subs	r3, r3, #1
 650 006c 022B     		cmp	r3, #2
 651 006e 01D9     		bls	.L58
 652 0070 8423     		movs	r3, #132
 653 0072 09E0     		b	.L50
 654              	.L58:
 655 0074 C046     		nop
 656 0076 7B69     		ldr	r3, [r7, #20]
 657 0078 0133     		adds	r3, r3, #1
 658 007a 7B61     		str	r3, [r7, #20]
 659              	.L52:
 660 007c BB68     		ldr	r3, [r7, #8]
 661 007e 1B68     		ldr	r3, [r3]
 662 0080 7A69     		ldr	r2, [r7, #20]
 663 0082 9A42     		cmp	r2, r3
 664 0084 EBDB     		blt	.L56
 665              	.L51:
 666 0086 4523     		movs	r3, #69
 667              	.L50:
 668 0088 1800     		movs	r0, r3
 669 008a BD46     		mov	sp, r7
 670 008c 06B0     		add	sp, sp, #24
 671              		@ sp needed
 672 008e 80BD     		pop	{r7, pc}
 674              		.section	.text.prv_write,"ax",%progbits
 675              		.align	1
 676              		.syntax unified
 677              		.code	16
 678              		.thumb_func
 679              		.fpu softvfp
 681              	prv_write:
 682              		@ args = 0, pretend = 0, frame = 24
 683              		@ frame_needed = 1, uses_anonymous_args = 0
 684 0000 80B5     		push	{r7, lr}
 685 0002 86B0     		sub	sp, sp, #24
 686 0004 00AF     		add	r7, sp, #0
 687 0006 B960     		str	r1, [r7, #8]
 688 0008 7A60     		str	r2, [r7, #4]
 689 000a 3B60     		str	r3, [r7]
 690 000c 0E21     		movs	r1, #14
 691 000e 7B18     		adds	r3, r7, r1
 692 0010 021C     		adds	r2, r0, #0
 693 0012 1A80     		strh	r2, [r3]
 694 0014 3B68     		ldr	r3, [r7]
 695 0016 9A68     		ldr	r2, [r3, #8]
 696 0018 7B18     		adds	r3, r7, r1
ARM GAS  C:\Users\SONG_J~1\AppData\Local\Temp\cc6u7OFB.s 			page 13


 697 001a 1B88     		ldrh	r3, [r3]
 698 001c 1900     		movs	r1, r3
 699 001e 1000     		movs	r0, r2
 700 0020 FFF7FEFF 		bl	lwm2m_list_find
 701 0024 0300     		movs	r3, r0
 702 0026 3B61     		str	r3, [r7, #16]
 703 0028 3B69     		ldr	r3, [r7, #16]
 704 002a 002B     		cmp	r3, #0
 705 002c 01D1     		bne	.L60
 706 002e 8423     		movs	r3, #132
 707 0030 1FE0     		b	.L61
 708              	.L60:
 709 0032 0023     		movs	r3, #0
 710 0034 7B61     		str	r3, [r7, #20]
 711 0036 17E0     		b	.L62
 712              	.L66:
 713 0038 7B69     		ldr	r3, [r7, #20]
 714 003a 1B01     		lsls	r3, r3, #4
 715 003c 7A68     		ldr	r2, [r7, #4]
 716 003e D318     		adds	r3, r2, r3
 717 0040 5B88     		ldrh	r3, [r3, #2]
 718 0042 002B     		cmp	r3, #0
 719 0044 0BD1     		bne	.L67
 720 0046 7B69     		ldr	r3, [r7, #20]
 721 0048 1B01     		lsls	r3, r3, #4
 722 004a 7A68     		ldr	r2, [r7, #4]
 723 004c D318     		adds	r3, r2, r3
 724 004e D968     		ldr	r1, [r3, #12]
 725 0050 7B68     		ldr	r3, [r7, #4]
 726 0052 9B68     		ldr	r3, [r3, #8]
 727 0054 1A00     		movs	r2, r3
 728 0056 1A20     		movs	r0, #26
 729 0058 FFF7FEFF 		bl	atiny_cmd_ioctl
 730 005c 01E0     		b	.L68
 731              	.L67:
 732 005e 8423     		movs	r3, #132
 733 0060 07E0     		b	.L61
 734              	.L68:
 735 0062 7B69     		ldr	r3, [r7, #20]
 736 0064 0133     		adds	r3, r3, #1
 737 0066 7B61     		str	r3, [r7, #20]
 738              	.L62:
 739 0068 7A69     		ldr	r2, [r7, #20]
 740 006a BB68     		ldr	r3, [r7, #8]
 741 006c 9A42     		cmp	r2, r3
 742 006e E3DB     		blt	.L66
 743 0070 4423     		movs	r3, #68
 744              	.L61:
 745 0072 1800     		movs	r0, r3
 746 0074 BD46     		mov	sp, r7
 747 0076 06B0     		add	sp, sp, #24
 748              		@ sp needed
 749 0078 80BD     		pop	{r7, pc}
 751              		.section	.text.prv_delete,"ax",%progbits
 752              		.align	1
 753              		.syntax unified
 754              		.code	16
ARM GAS  C:\Users\SONG_J~1\AppData\Local\Temp\cc6u7OFB.s 			page 14


 755              		.thumb_func
 756              		.fpu softvfp
 758              	prv_delete:
 759              		@ args = 0, pretend = 0, frame = 24
 760              		@ frame_needed = 1, uses_anonymous_args = 0
 761 0000 90B5     		push	{r4, r7, lr}
 762 0002 87B0     		sub	sp, sp, #28
 763 0004 00AF     		add	r7, sp, #0
 764 0006 0200     		movs	r2, r0
 765 0008 3960     		str	r1, [r7]
 766 000a BB1D     		adds	r3, r7, #6
 767 000c 1A80     		strh	r2, [r3]
 768 000e 3B68     		ldr	r3, [r7]
 769 0010 9868     		ldr	r0, [r3, #8]
 770 0012 1423     		movs	r3, #20
 771 0014 FA18     		adds	r2, r7, r3
 772 0016 BB1D     		adds	r3, r7, #6
 773 0018 1B88     		ldrh	r3, [r3]
 774 001a 1900     		movs	r1, r3
 775 001c FFF7FEFF 		bl	lwm2m_list_remove
 776 0020 0200     		movs	r2, r0
 777 0022 3B68     		ldr	r3, [r7]
 778 0024 9A60     		str	r2, [r3, #8]
 779 0026 7B69     		ldr	r3, [r7, #20]
 780 0028 002B     		cmp	r3, #0
 781 002a 01D1     		bne	.L70
 782 002c 8423     		movs	r3, #132
 783 002e 11E0     		b	.L72
 784              	.L70:
 785 0030 3B68     		ldr	r3, [r7]
 786 0032 9888     		ldrh	r0, [r3, #4]
 787 0034 7B69     		ldr	r3, [r7, #20]
 788 0036 9988     		ldrh	r1, [r3, #4]
 789 0038 0C24     		movs	r4, #12
 790 003a 3B19     		adds	r3, r7, r4
 791 003c 0022     		movs	r2, #0
 792 003e FFF7FEFF 		bl	get_resource_uri
 793 0042 3B19     		adds	r3, r7, r4
 794 0044 1800     		movs	r0, r3
 795 0046 FFF7FEFF 		bl	atiny_rm_rpt_uri
 796 004a 7B69     		ldr	r3, [r7, #20]
 797 004c 1800     		movs	r0, r3
 798 004e FFF7FEFF 		bl	lwm2m_free
 799 0052 4223     		movs	r3, #66
 800              	.L72:
 801 0054 1800     		movs	r0, r3
 802 0056 BD46     		mov	sp, r7
 803 0058 07B0     		add	sp, sp, #28
 804              		@ sp needed
 805 005a 90BD     		pop	{r4, r7, pc}
 807              		.section	.text.prv_create,"ax",%progbits
 808              		.align	1
 809              		.syntax unified
 810              		.code	16
 811              		.thumb_func
 812              		.fpu softvfp
 814              	prv_create:
ARM GAS  C:\Users\SONG_J~1\AppData\Local\Temp\cc6u7OFB.s 			page 15


 815              		@ args = 0, pretend = 0, frame = 40
 816              		@ frame_needed = 1, uses_anonymous_args = 0
 817 0000 F0B5     		push	{r4, r5, r6, r7, lr}
 818 0002 8BB0     		sub	sp, sp, #44
 819 0004 00AF     		add	r7, sp, #0
 820 0006 B960     		str	r1, [r7, #8]
 821 0008 7A60     		str	r2, [r7, #4]
 822 000a 3B60     		str	r3, [r7]
 823 000c 0E23     		movs	r3, #14
 824 000e FB18     		adds	r3, r7, r3
 825 0010 021C     		adds	r2, r0, #0
 826 0012 1A80     		strh	r2, [r3]
 827 0014 2020     		movs	r0, #32
 828 0016 FFF7FEFF 		bl	lwm2m_malloc
 829 001a 0300     		movs	r3, r0
 830 001c 3B62     		str	r3, [r7, #32]
 831 001e 3B6A     		ldr	r3, [r7, #32]
 832 0020 002B     		cmp	r3, #0
 833 0022 01D1     		bne	.L74
 834 0024 A023     		movs	r3, #160
 835 0026 52E0     		b	.L79
 836              	.L74:
 837 0028 3B6A     		ldr	r3, [r7, #32]
 838 002a 2022     		movs	r2, #32
 839 002c 0021     		movs	r1, #0
 840 002e 1800     		movs	r0, r3
 841 0030 FFF7FEFF 		bl	memset
 842 0034 1424     		movs	r4, #20
 843 0036 3A19     		adds	r2, r7, r4
 844 0038 0E23     		movs	r3, #14
 845 003a FB18     		adds	r3, r7, r3
 846 003c 1988     		ldrh	r1, [r3]
 847 003e 1300     		movs	r3, r2
 848 0040 0022     		movs	r2, #0
 849 0042 1320     		movs	r0, #19
 850 0044 FFF7FEFF 		bl	get_resource_uri
 851 0048 3B6A     		ldr	r3, [r7, #32]
 852 004a 0833     		adds	r3, r3, #8
 853 004c 1A00     		movs	r2, r3
 854 004e 3B19     		adds	r3, r7, r4
 855 0050 1100     		movs	r1, r2
 856 0052 1800     		movs	r0, r3
 857 0054 FFF7FEFF 		bl	atiny_add_rpt_uri
 858 0058 0300     		movs	r3, r0
 859 005a FB61     		str	r3, [r7, #28]
 860 005c FB69     		ldr	r3, [r7, #28]
 861 005e 002B     		cmp	r3, #0
 862 0060 05D0     		beq	.L76
 863 0062 3B6A     		ldr	r3, [r7, #32]
 864 0064 1800     		movs	r0, r3
 865 0066 FFF7FEFF 		bl	lwm2m_free
 866 006a 8423     		movs	r3, #132
 867 006c 2FE0     		b	.L79
 868              	.L76:
 869 006e 3B6A     		ldr	r3, [r7, #32]
 870 0070 0E26     		movs	r6, #14
 871 0072 BA19     		adds	r2, r7, r6
ARM GAS  C:\Users\SONG_J~1\AppData\Local\Temp\cc6u7OFB.s 			page 16


 872 0074 1288     		ldrh	r2, [r2]
 873 0076 9A80     		strh	r2, [r3, #4]
 874 0078 3B68     		ldr	r3, [r7]
 875 007a 9B68     		ldr	r3, [r3, #8]
 876 007c 3A6A     		ldr	r2, [r7, #32]
 877 007e 1100     		movs	r1, r2
 878 0080 1800     		movs	r0, r3
 879 0082 FFF7FEFF 		bl	lwm2m_list_add
 880 0086 0200     		movs	r2, r0
 881 0088 3B68     		ldr	r3, [r7]
 882 008a 9A60     		str	r2, [r3, #8]
 883 008c 2723     		movs	r3, #39
 884 008e FC18     		adds	r4, r7, r3
 885 0090 3D68     		ldr	r5, [r7]
 886 0092 7A68     		ldr	r2, [r7, #4]
 887 0094 B968     		ldr	r1, [r7, #8]
 888 0096 BB19     		adds	r3, r7, r6
 889 0098 1888     		ldrh	r0, [r3]
 890 009a 2B00     		movs	r3, r5
 891 009c FFF7FEFF 		bl	prv_write
 892 00a0 0300     		movs	r3, r0
 893 00a2 2370     		strb	r3, [r4]
 894 00a4 2723     		movs	r3, #39
 895 00a6 FB18     		adds	r3, r7, r3
 896 00a8 1B78     		ldrb	r3, [r3]
 897 00aa 442B     		cmp	r3, #68
 898 00ac 08D0     		beq	.L77
 899 00ae 3A68     		ldr	r2, [r7]
 900 00b0 0E23     		movs	r3, #14
 901 00b2 FB18     		adds	r3, r7, r3
 902 00b4 1B88     		ldrh	r3, [r3]
 903 00b6 1100     		movs	r1, r2
 904 00b8 1800     		movs	r0, r3
 905 00ba FFF7FEFF 		bl	prv_delete
 906 00be 03E0     		b	.L78
 907              	.L77:
 908 00c0 2723     		movs	r3, #39
 909 00c2 FB18     		adds	r3, r7, r3
 910 00c4 4122     		movs	r2, #65
 911 00c6 1A70     		strb	r2, [r3]
 912              	.L78:
 913 00c8 2723     		movs	r3, #39
 914 00ca FB18     		adds	r3, r7, r3
 915 00cc 1B78     		ldrb	r3, [r3]
 916              	.L79:
 917 00ce 1800     		movs	r0, r3
 918 00d0 BD46     		mov	sp, r7
 919 00d2 0BB0     		add	sp, sp, #44
 920              		@ sp needed
 921 00d4 F0BD     		pop	{r4, r5, r6, r7, pc}
 923              		.section	.rodata
 924 0017 00       		.align	2
 925              	.LC12:
 926 0018 0D0A2D2D 		.ascii	"\015\012-----------------\015\012Execute on %hu/%d/"
 926      2D2D2D2D 
 926      2D2D2D2D 
 926      2D2D2D2D 
ARM GAS  C:\Users\SONG_J~1\AppData\Local\Temp\cc6u7OFB.s 			page 17


 926      2D2D2D0D 
 927 003f 25640D0A 		.ascii	"%d\015\012 Parameter (%d bytes):\015\012\000"
 927      20506172 
 927      616D6574 
 927      65722028 
 927      25642062 
 928              		.align	2
 929              	.LC14:
 930 005c 2D2D2D2D 		.ascii	"-----------------\015\012\015\012\000"
 930      2D2D2D2D 
 930      2D2D2D2D 
 930      2D2D2D2D 
 930      2D0D0A0D 
 931              		.section	.text.prv_exec,"ax",%progbits
 932              		.align	1
 933              		.syntax unified
 934              		.code	16
 935              		.thumb_func
 936              		.fpu softvfp
 938              	prv_exec:
 939              		@ args = 4, pretend = 0, frame = 16
 940              		@ frame_needed = 1, uses_anonymous_args = 0
 941 0000 B0B5     		push	{r4, r5, r7, lr}
 942 0002 86B0     		sub	sp, sp, #24
 943 0004 02AF     		add	r7, sp, #8
 944 0006 BA60     		str	r2, [r7, #8]
 945 0008 7B60     		str	r3, [r7, #4]
 946 000a 0E24     		movs	r4, #14
 947 000c 3B19     		adds	r3, r7, r4
 948 000e 021C     		adds	r2, r0, #0
 949 0010 1A80     		strh	r2, [r3]
 950 0012 0C23     		movs	r3, #12
 951 0014 FB18     		adds	r3, r7, r3
 952 0016 0A1C     		adds	r2, r1, #0
 953 0018 1A80     		strh	r2, [r3]
 954 001a 3B6A     		ldr	r3, [r7, #32]
 955 001c 9A68     		ldr	r2, [r3, #8]
 956 001e 3B19     		adds	r3, r7, r4
 957 0020 1B88     		ldrh	r3, [r3]
 958 0022 1900     		movs	r1, r3
 959 0024 1000     		movs	r0, r2
 960 0026 FFF7FEFF 		bl	lwm2m_list_find
 961 002a 031E     		subs	r3, r0, #0
 962 002c 01D1     		bne	.L81
 963 002e 8423     		movs	r3, #132
 964 0030 38E0     		b	.L82
 965              	.L81:
 966 0032 0C23     		movs	r3, #12
 967 0034 FB18     		adds	r3, r7, r3
 968 0036 1B88     		ldrh	r3, [r3]
 969 0038 012B     		cmp	r3, #1
 970 003a 0AD0     		beq	.L84
 971 003c 02DC     		bgt	.L85
 972 003e 002B     		cmp	r3, #0
 973 0040 05D0     		beq	.L86
 974 0042 2EE0     		b	.L83
 975              	.L85:
ARM GAS  C:\Users\SONG_J~1\AppData\Local\Temp\cc6u7OFB.s 			page 18


 976 0044 022B     		cmp	r3, #2
 977 0046 06D0     		beq	.L87
 978 0048 032B     		cmp	r3, #3
 979 004a 28D0     		beq	.L88
 980 004c 29E0     		b	.L83
 981              	.L86:
 982 004e 4423     		movs	r3, #68
 983 0050 28E0     		b	.L82
 984              	.L84:
 985 0052 8523     		movs	r3, #133
 986 0054 26E0     		b	.L82
 987              	.L87:
 988 0056 154B     		ldr	r3, .L89
 989 0058 1B68     		ldr	r3, [r3]
 990 005a 9868     		ldr	r0, [r3, #8]
 991 005c 3B6A     		ldr	r3, [r7, #32]
 992 005e 9B88     		ldrh	r3, [r3, #4]
 993 0060 1D00     		movs	r5, r3
 994 0062 0E23     		movs	r3, #14
 995 0064 FB18     		adds	r3, r7, r3
 996 0066 1C88     		ldrh	r4, [r3]
 997 0068 0C23     		movs	r3, #12
 998 006a FB18     		adds	r3, r7, r3
 999 006c 1B88     		ldrh	r3, [r3]
 1000 006e 1049     		ldr	r1, .L89+4
 1001 0070 7A68     		ldr	r2, [r7, #4]
 1002 0072 0192     		str	r2, [sp, #4]
 1003 0074 0093     		str	r3, [sp]
 1004 0076 2300     		movs	r3, r4
 1005 0078 2A00     		movs	r2, r5
 1006 007a FFF7FEFF 		bl	fprintf
 1007 007e 7A68     		ldr	r2, [r7, #4]
 1008 0080 BB68     		ldr	r3, [r7, #8]
 1009 0082 1100     		movs	r1, r2
 1010 0084 1800     		movs	r0, r3
 1011 0086 FFF7FEFF 		bl	prv_output_buffer
 1012 008a 084B     		ldr	r3, .L89
 1013 008c 1B68     		ldr	r3, [r3]
 1014 008e 9B68     		ldr	r3, [r3, #8]
 1015 0090 0848     		ldr	r0, .L89+8
 1016 0092 1522     		movs	r2, #21
 1017 0094 0121     		movs	r1, #1
 1018 0096 FFF7FEFF 		bl	fwrite
 1019 009a 4423     		movs	r3, #68
 1020 009c 02E0     		b	.L82
 1021              	.L88:
 1022 009e 8523     		movs	r3, #133
 1023 00a0 00E0     		b	.L82
 1024              	.L83:
 1025 00a2 8423     		movs	r3, #132
 1026              	.L82:
 1027 00a4 1800     		movs	r0, r3
 1028 00a6 BD46     		mov	sp, r7
 1029 00a8 04B0     		add	sp, sp, #16
 1030              		@ sp needed
 1031 00aa B0BD     		pop	{r4, r5, r7, pc}
 1032              	.L90:
ARM GAS  C:\Users\SONG_J~1\AppData\Local\Temp\cc6u7OFB.s 			page 19


 1033              		.align	2
 1034              	.L89:
 1035 00ac 00000000 		.word	_impure_ptr
 1036 00b0 18000000 		.word	.LC12
 1037 00b4 5C000000 		.word	.LC14
 1039              		.section	.text.display_binary_app_data_object,"ax",%progbits
 1040              		.align	1
 1041              		.global	display_binary_app_data_object
 1042              		.syntax unified
 1043              		.code	16
 1044              		.thumb_func
 1045              		.fpu softvfp
 1047              	display_binary_app_data_object:
 1048              		@ args = 0, pretend = 0, frame = 8
 1049              		@ frame_needed = 1, uses_anonymous_args = 0
 1050 0000 80B5     		push	{r7, lr}
 1051 0002 82B0     		sub	sp, sp, #8
 1052 0004 00AF     		add	r7, sp, #0
 1053 0006 7860     		str	r0, [r7, #4]
 1054 0008 C046     		nop
 1055 000a BD46     		mov	sp, r7
 1056 000c 02B0     		add	sp, sp, #8
 1057              		@ sp needed
 1058 000e 80BD     		pop	{r7, pc}
 1060              		.section	.text.get_binary_app_data_object,"ax",%progbits
 1061              		.align	1
 1062              		.global	get_binary_app_data_object
 1063              		.syntax unified
 1064              		.code	16
 1065              		.thumb_func
 1066              		.fpu softvfp
 1068              	get_binary_app_data_object:
 1069              		@ args = 0, pretend = 0, frame = 32
 1070              		@ frame_needed = 1, uses_anonymous_args = 0
 1071 0000 90B5     		push	{r4, r7, lr}
 1072 0002 89B0     		sub	sp, sp, #36
 1073 0004 00AF     		add	r7, sp, #0
 1074 0006 7860     		str	r0, [r7, #4]
 1075 0008 2C20     		movs	r0, #44
 1076 000a FFF7FEFF 		bl	lwm2m_malloc
 1077 000e 0300     		movs	r3, r0
 1078 0010 BB61     		str	r3, [r7, #24]
 1079 0012 BB69     		ldr	r3, [r7, #24]
 1080 0014 002B     		cmp	r3, #0
 1081 0016 6ED0     		beq	.L93
 1082 0018 0023     		movs	r3, #0
 1083 001a 7B61     		str	r3, [r7, #20]
 1084 001c BB69     		ldr	r3, [r7, #24]
 1085 001e 2C22     		movs	r2, #44
 1086 0020 0021     		movs	r1, #0
 1087 0022 1800     		movs	r0, r3
 1088 0024 FFF7FEFF 		bl	memset
 1089 0028 BB69     		ldr	r3, [r7, #24]
 1090 002a 1322     		movs	r2, #19
 1091 002c 9A80     		strh	r2, [r3, #4]
 1092 002e 0023     		movs	r3, #0
 1093 0030 FB61     		str	r3, [r7, #28]
ARM GAS  C:\Users\SONG_J~1\AppData\Local\Temp\cc6u7OFB.s 			page 20


 1094 0032 3EE0     		b	.L94
 1095              	.L99:
 1096 0034 2020     		movs	r0, #32
 1097 0036 FFF7FEFF 		bl	lwm2m_malloc
 1098 003a 0300     		movs	r3, r0
 1099 003c 3B61     		str	r3, [r7, #16]
 1100 003e 3B69     		ldr	r3, [r7, #16]
 1101 0040 002B     		cmp	r3, #0
 1102 0042 3AD0     		beq	.L102
 1103 0044 3B69     		ldr	r3, [r7, #16]
 1104 0046 2022     		movs	r2, #32
 1105 0048 0021     		movs	r1, #0
 1106 004a 1800     		movs	r0, r3
 1107 004c FFF7FEFF 		bl	memset
 1108 0050 FB69     		ldr	r3, [r7, #28]
 1109 0052 99B2     		uxth	r1, r3
 1110 0054 0824     		movs	r4, #8
 1111 0056 3B19     		adds	r3, r7, r4
 1112 0058 0022     		movs	r2, #0
 1113 005a 1320     		movs	r0, #19
 1114 005c FFF7FEFF 		bl	get_resource_uri
 1115 0060 3B69     		ldr	r3, [r7, #16]
 1116 0062 0833     		adds	r3, r3, #8
 1117 0064 1A00     		movs	r2, r3
 1118 0066 3B19     		adds	r3, r7, r4
 1119 0068 1100     		movs	r1, r2
 1120 006a 1800     		movs	r0, r3
 1121 006c FFF7FEFF 		bl	atiny_add_rpt_uri
 1122 0070 0300     		movs	r3, r0
 1123 0072 7B61     		str	r3, [r7, #20]
 1124 0074 7B69     		ldr	r3, [r7, #20]
 1125 0076 002B     		cmp	r3, #0
 1126 0078 21D1     		bne	.L103
 1127 007a 7B68     		ldr	r3, [r7, #4]
 1128 007c 9B68     		ldr	r3, [r3, #8]
 1129 007e 002B     		cmp	r3, #0
 1130 0080 00D1     		bne	.L98
 1131 0082 0123     		movs	r3, #1
 1132              	.L98:
 1133 0084 0822     		movs	r2, #8
 1134 0086 BA18     		adds	r2, r7, r2
 1135 0088 1900     		movs	r1, r3
 1136 008a 1000     		movs	r0, r2
 1137 008c FFF7FEFF 		bl	atiny_set_max_rpt_cnt
 1138 0090 FB69     		ldr	r3, [r7, #28]
 1139 0092 9AB2     		uxth	r2, r3
 1140 0094 3B69     		ldr	r3, [r7, #16]
 1141 0096 9A80     		strh	r2, [r3, #4]
 1142 0098 BB69     		ldr	r3, [r7, #24]
 1143 009a 9B68     		ldr	r3, [r3, #8]
 1144 009c 3A69     		ldr	r2, [r7, #16]
 1145 009e 1100     		movs	r1, r2
 1146 00a0 1800     		movs	r0, r3
 1147 00a2 FFF7FEFF 		bl	lwm2m_list_add
 1148 00a6 0200     		movs	r2, r0
 1149 00a8 BB69     		ldr	r3, [r7, #24]
 1150 00aa 9A60     		str	r2, [r3, #8]
ARM GAS  C:\Users\SONG_J~1\AppData\Local\Temp\cc6u7OFB.s 			page 21


 1151 00ac FB69     		ldr	r3, [r7, #28]
 1152 00ae 0133     		adds	r3, r3, #1
 1153 00b0 FB61     		str	r3, [r7, #28]
 1154              	.L94:
 1155 00b2 FB69     		ldr	r3, [r7, #28]
 1156 00b4 012B     		cmp	r3, #1
 1157 00b6 BDDD     		ble	.L99
 1158 00b8 02E0     		b	.L96
 1159              	.L102:
 1160 00ba C046     		nop
 1161 00bc 00E0     		b	.L96
 1162              	.L103:
 1163 00be C046     		nop
 1164              	.L96:
 1165 00c0 FB69     		ldr	r3, [r7, #28]
 1166 00c2 012B     		cmp	r3, #1
 1167 00c4 05DC     		bgt	.L100
 1168 00c6 BB69     		ldr	r3, [r7, #24]
 1169 00c8 1800     		movs	r0, r3
 1170 00ca FFF7FEFF 		bl	free_binary_app_data_object
 1171 00ce 0023     		movs	r3, #0
 1172 00d0 12E0     		b	.L101
 1173              	.L100:
 1174 00d2 BB69     		ldr	r3, [r7, #24]
 1175 00d4 0A4A     		ldr	r2, .L104
 1176 00d6 DA60     		str	r2, [r3, #12]
 1177 00d8 BB69     		ldr	r3, [r7, #24]
 1178 00da 0A4A     		ldr	r2, .L104+4
 1179 00dc 5A62     		str	r2, [r3, #36]
 1180 00de BB69     		ldr	r3, [r7, #24]
 1181 00e0 094A     		ldr	r2, .L104+8
 1182 00e2 1A61     		str	r2, [r3, #16]
 1183 00e4 BB69     		ldr	r3, [r7, #24]
 1184 00e6 094A     		ldr	r2, .L104+12
 1185 00e8 5A61     		str	r2, [r3, #20]
 1186 00ea BB69     		ldr	r3, [r7, #24]
 1187 00ec 084A     		ldr	r2, .L104+16
 1188 00ee DA61     		str	r2, [r3, #28]
 1189 00f0 BB69     		ldr	r3, [r7, #24]
 1190 00f2 084A     		ldr	r2, .L104+20
 1191 00f4 1A62     		str	r2, [r3, #32]
 1192              	.L93:
 1193 00f6 BB69     		ldr	r3, [r7, #24]
 1194              	.L101:
 1195 00f8 1800     		movs	r0, r3
 1196 00fa BD46     		mov	sp, r7
 1197 00fc 09B0     		add	sp, sp, #36
 1198              		@ sp needed
 1199 00fe 90BD     		pop	{r4, r7, pc}
 1200              	.L105:
 1201              		.align	2
 1202              	.L104:
 1203 0100 00000000 		.word	prv_read
 1204 0104 00000000 		.word	prv_discover
 1205 0108 00000000 		.word	prv_write
 1206 010c 00000000 		.word	prv_exec
 1207 0110 00000000 		.word	prv_create
ARM GAS  C:\Users\SONG_J~1\AppData\Local\Temp\cc6u7OFB.s 			page 22


 1208 0114 00000000 		.word	prv_delete
 1210              		.section	.text.free_binary_app_data_object_rpt,"ax",%progbits
 1211              		.align	1
 1212              		.syntax unified
 1213              		.code	16
 1214              		.thumb_func
 1215              		.fpu softvfp
 1217              	free_binary_app_data_object_rpt:
 1218              		@ args = 0, pretend = 0, frame = 24
 1219              		@ frame_needed = 1, uses_anonymous_args = 0
 1220 0000 90B5     		push	{r4, r7, lr}
 1221 0002 87B0     		sub	sp, sp, #28
 1222 0004 00AF     		add	r7, sp, #0
 1223 0006 7860     		str	r0, [r7, #4]
 1224 0008 7B68     		ldr	r3, [r7, #4]
 1225 000a 9B68     		ldr	r3, [r3, #8]
 1226 000c 7B61     		str	r3, [r7, #20]
 1227 000e 0FE0     		b	.L107
 1228              	.L108:
 1229 0010 7B68     		ldr	r3, [r7, #4]
 1230 0012 9888     		ldrh	r0, [r3, #4]
 1231 0014 7B69     		ldr	r3, [r7, #20]
 1232 0016 9988     		ldrh	r1, [r3, #4]
 1233 0018 0C24     		movs	r4, #12
 1234 001a 3B19     		adds	r3, r7, r4
 1235 001c 0022     		movs	r2, #0
 1236 001e FFF7FEFF 		bl	get_resource_uri
 1237 0022 3B19     		adds	r3, r7, r4
 1238 0024 1800     		movs	r0, r3
 1239 0026 FFF7FEFF 		bl	atiny_rm_rpt_uri
 1240 002a 7B69     		ldr	r3, [r7, #20]
 1241 002c 1B68     		ldr	r3, [r3]
 1242 002e 7B61     		str	r3, [r7, #20]
 1243              	.L107:
 1244 0030 7B69     		ldr	r3, [r7, #20]
 1245 0032 002B     		cmp	r3, #0
 1246 0034 ECD1     		bne	.L108
 1247 0036 C046     		nop
 1248 0038 BD46     		mov	sp, r7
 1249 003a 07B0     		add	sp, sp, #28
 1250              		@ sp needed
 1251 003c 90BD     		pop	{r4, r7, pc}
 1253              		.section	.text.free_binary_app_data_object,"ax",%progbits
 1254              		.align	1
 1255              		.global	free_binary_app_data_object
 1256              		.syntax unified
 1257              		.code	16
 1258              		.thumb_func
 1259              		.fpu softvfp
 1261              	free_binary_app_data_object:
 1262              		@ args = 0, pretend = 0, frame = 8
 1263              		@ frame_needed = 1, uses_anonymous_args = 0
 1264 0000 80B5     		push	{r7, lr}
 1265 0002 82B0     		sub	sp, sp, #8
 1266 0004 00AF     		add	r7, sp, #0
 1267 0006 7860     		str	r0, [r7, #4]
 1268 0008 7B68     		ldr	r3, [r7, #4]
ARM GAS  C:\Users\SONG_J~1\AppData\Local\Temp\cc6u7OFB.s 			page 23


 1269 000a 1800     		movs	r0, r3
 1270 000c FFF7FEFF 		bl	free_binary_app_data_object_rpt
 1271 0010 7B68     		ldr	r3, [r7, #4]
 1272 0012 9B68     		ldr	r3, [r3, #8]
 1273 0014 1800     		movs	r0, r3
 1274 0016 FFF7FEFF 		bl	lwm2m_list_free
 1275 001a 7B68     		ldr	r3, [r7, #4]
 1276 001c 9B6A     		ldr	r3, [r3, #40]
 1277 001e 002B     		cmp	r3, #0
 1278 0020 07D0     		beq	.L110
 1279 0022 7B68     		ldr	r3, [r7, #4]
 1280 0024 9B6A     		ldr	r3, [r3, #40]
 1281 0026 1800     		movs	r0, r3
 1282 0028 FFF7FEFF 		bl	lwm2m_free
 1283 002c 7B68     		ldr	r3, [r7, #4]
 1284 002e 0022     		movs	r2, #0
 1285 0030 9A62     		str	r2, [r3, #40]
 1286              	.L110:
 1287 0032 7B68     		ldr	r3, [r7, #4]
 1288 0034 1800     		movs	r0, r3
 1289 0036 FFF7FEFF 		bl	lwm2m_free
 1290 003a C046     		nop
 1291 003c BD46     		mov	sp, r7
 1292 003e 02B0     		add	sp, sp, #8
 1293              		@ sp needed
 1294 0040 80BD     		pop	{r7, pc}
 1296              		.section	.text.set_binary_app_data_object_rpt_max_cnt,"ax",%progbits
 1297              		.align	1
 1298              		.global	set_binary_app_data_object_rpt_max_cnt
 1299              		.syntax unified
 1300              		.code	16
 1301              		.thumb_func
 1302              		.fpu softvfp
 1304              	set_binary_app_data_object_rpt_max_cnt:
 1305              		@ args = 0, pretend = 0, frame = 16
 1306              		@ frame_needed = 1, uses_anonymous_args = 0
 1307 0000 80B5     		push	{r7, lr}
 1308 0002 84B0     		sub	sp, sp, #16
 1309 0004 00AF     		add	r7, sp, #0
 1310 0006 7860     		str	r0, [r7, #4]
 1311 0008 0823     		movs	r3, #8
 1312 000a FB18     		adds	r3, r7, r3
 1313 000c 0022     		movs	r2, #0
 1314 000e 0021     		movs	r1, #0
 1315 0010 1320     		movs	r0, #19
 1316 0012 FFF7FEFF 		bl	get_resource_uri
 1317 0016 7B68     		ldr	r3, [r7, #4]
 1318 0018 002B     		cmp	r3, #0
 1319 001a 00D1     		bne	.L112
 1320 001c 0123     		movs	r3, #1
 1321              	.L112:
 1322 001e 0822     		movs	r2, #8
 1323 0020 BA18     		adds	r2, r7, r2
 1324 0022 1900     		movs	r1, r3
 1325 0024 1000     		movs	r0, r2
 1326 0026 FFF7FEFF 		bl	atiny_set_max_rpt_cnt
 1327 002a C046     		nop
ARM GAS  C:\Users\SONG_J~1\AppData\Local\Temp\cc6u7OFB.s 			page 24


 1328 002c BD46     		mov	sp, r7
 1329 002e 04B0     		add	sp, sp, #16
 1330              		@ sp needed
 1331 0030 80BD     		pop	{r7, pc}
 1333              		.ident	"GCC: (GNU Tools for Arm Embedded Processors 7-2017-q4-major) 7.2.1 20170904 (release) [ARM
ARM GAS  C:\Users\SONG_J~1\AppData\Local\Temp\cc6u7OFB.s 			page 25


DEFINED SYMBOLS
                            *ABS*:00000000 object_binary_app_data_container.c
C:\Users\SONG_J~1\AppData\Local\Temp\cc6u7OFB.s:13     .text.get_resource_uri:00000000 $t
C:\Users\SONG_J~1\AppData\Local\Temp\cc6u7OFB.s:19     .text.get_resource_uri:00000000 get_resource_uri
C:\Users\SONG_J~1\AppData\Local\Temp\cc6u7OFB.s:72     .rodata:00000000 $d
C:\Users\SONG_J~1\AppData\Local\Temp\cc6u7OFB.s:88     .text.prv_output_buffer:00000000 $t
C:\Users\SONG_J~1\AppData\Local\Temp\cc6u7OFB.s:94     .text.prv_output_buffer:00000000 prv_output_buffer
C:\Users\SONG_J~1\AppData\Local\Temp\cc6u7OFB.s:253    .text.prv_output_buffer:0000012c $d
C:\Users\SONG_J~1\AppData\Local\Temp\cc6u7OFB.s:261    .text.prv_read_data:00000000 $t
C:\Users\SONG_J~1\AppData\Local\Temp\cc6u7OFB.s:267    .text.prv_read_data:00000000 prv_read_data
C:\Users\SONG_J~1\AppData\Local\Temp\cc6u7OFB.s:408    .text.prv_destroy_data_buf:00000000 $t
C:\Users\SONG_J~1\AppData\Local\Temp\cc6u7OFB.s:414    .text.prv_destroy_data_buf:00000000 prv_destroy_data_buf
C:\Users\SONG_J~1\AppData\Local\Temp\cc6u7OFB.s:479    .text.prv_read:00000000 $t
C:\Users\SONG_J~1\AppData\Local\Temp\cc6u7OFB.s:485    .text.prv_read:00000000 prv_read
C:\Users\SONG_J~1\AppData\Local\Temp\cc6u7OFB.s:585    .text.prv_discover:00000000 $t
C:\Users\SONG_J~1\AppData\Local\Temp\cc6u7OFB.s:591    .text.prv_discover:00000000 prv_discover
C:\Users\SONG_J~1\AppData\Local\Temp\cc6u7OFB.s:675    .text.prv_write:00000000 $t
C:\Users\SONG_J~1\AppData\Local\Temp\cc6u7OFB.s:681    .text.prv_write:00000000 prv_write
C:\Users\SONG_J~1\AppData\Local\Temp\cc6u7OFB.s:752    .text.prv_delete:00000000 $t
C:\Users\SONG_J~1\AppData\Local\Temp\cc6u7OFB.s:758    .text.prv_delete:00000000 prv_delete
C:\Users\SONG_J~1\AppData\Local\Temp\cc6u7OFB.s:808    .text.prv_create:00000000 $t
C:\Users\SONG_J~1\AppData\Local\Temp\cc6u7OFB.s:814    .text.prv_create:00000000 prv_create
C:\Users\SONG_J~1\AppData\Local\Temp\cc6u7OFB.s:932    .text.prv_exec:00000000 $t
C:\Users\SONG_J~1\AppData\Local\Temp\cc6u7OFB.s:938    .text.prv_exec:00000000 prv_exec
C:\Users\SONG_J~1\AppData\Local\Temp\cc6u7OFB.s:1035   .text.prv_exec:000000ac $d
C:\Users\SONG_J~1\AppData\Local\Temp\cc6u7OFB.s:1040   .text.display_binary_app_data_object:00000000 $t
C:\Users\SONG_J~1\AppData\Local\Temp\cc6u7OFB.s:1047   .text.display_binary_app_data_object:00000000 display_binary_app_data_object
C:\Users\SONG_J~1\AppData\Local\Temp\cc6u7OFB.s:1061   .text.get_binary_app_data_object:00000000 $t
C:\Users\SONG_J~1\AppData\Local\Temp\cc6u7OFB.s:1068   .text.get_binary_app_data_object:00000000 get_binary_app_data_object
C:\Users\SONG_J~1\AppData\Local\Temp\cc6u7OFB.s:1261   .text.free_binary_app_data_object:00000000 free_binary_app_data_object
C:\Users\SONG_J~1\AppData\Local\Temp\cc6u7OFB.s:1203   .text.get_binary_app_data_object:00000100 $d
C:\Users\SONG_J~1\AppData\Local\Temp\cc6u7OFB.s:1211   .text.free_binary_app_data_object_rpt:00000000 $t
C:\Users\SONG_J~1\AppData\Local\Temp\cc6u7OFB.s:1217   .text.free_binary_app_data_object_rpt:00000000 free_binary_app_data_object_rpt
C:\Users\SONG_J~1\AppData\Local\Temp\cc6u7OFB.s:1254   .text.free_binary_app_data_object:00000000 $t
C:\Users\SONG_J~1\AppData\Local\Temp\cc6u7OFB.s:1297   .text.set_binary_app_data_object_rpt_max_cnt:00000000 $t
C:\Users\SONG_J~1\AppData\Local\Temp\cc6u7OFB.s:1304   .text.set_binary_app_data_object_rpt_max_cnt:00000000 set_binary_app_data_object_rpt_max_cnt

UNDEFINED SYMBOLS
fwrite
memcpy
fprintf
__locale_ctype_ptr
fputc
_impure_ptr
lwm2m_malloc
atiny_dequeue_rpt_data
lwm2m_free
lwm2m_list_find
lwm2m_data_new
atiny_cmd_ioctl
lwm2m_list_remove
atiny_rm_rpt_uri
memset
atiny_add_rpt_uri
lwm2m_list_add
atiny_set_max_rpt_cnt
lwm2m_list_free
ARM GAS  C:\Users\SONG_J~1\AppData\Local\Temp\cc6u7OFB.s 			page 26


