ARM GAS  C:\Users\SONG_J~1\AppData\Local\Temp\cc4H7J5K.s 			page 1


   1              		.cpu cortex-m0
   2              		.eabi_attribute 20, 1
   3              		.eabi_attribute 21, 1
   4              		.eabi_attribute 23, 3
   5              		.eabi_attribute 24, 1
   6              		.eabi_attribute 25, 1
   7              		.eabi_attribute 26, 1
   8              		.eabi_attribute 30, 6
   9              		.eabi_attribute 34, 0
  10              		.eabi_attribute 18, 4
  11              		.file	"packet.c"
  12              		.section	.rodata
  13              		.align	2
  14              	.LC1:
  15 0000 5B25733A 		.ascii	"[%s:%d] Entering\015\012\000"
  15      25645D20 
  15      456E7465 
  15      72696E67 
  15      0D0A00
  16              		.section	.text.handle_reset,"ax",%progbits
  17              		.align	1
  18              		.syntax unified
  19              		.code	16
  20              		.thumb_func
  21              		.fpu softvfp
  23              	handle_reset:
  24              		@ args = 0, pretend = 0, frame = 16
  25              		@ frame_needed = 1, uses_anonymous_args = 0
  26 0000 80B5     		push	{r7, lr}
  27 0002 84B0     		sub	sp, sp, #16
  28 0004 00AF     		add	r7, sp, #0
  29 0006 F860     		str	r0, [r7, #12]
  30 0008 B960     		str	r1, [r7, #8]
  31 000a 7A60     		str	r2, [r7, #4]
  32 000c 0849     		ldr	r1, .L2
  33 000e 094B     		ldr	r3, .L2+4
  34 0010 8722     		movs	r2, #135
  35 0012 1800     		movs	r0, r3
  36 0014 FFF7FEFF 		bl	atiny_printf
  37 0018 7B68     		ldr	r3, [r7, #4]
  38 001a 1989     		ldrh	r1, [r3, #8]
  39 001c BA68     		ldr	r2, [r7, #8]
  40 001e FB68     		ldr	r3, [r7, #12]
  41 0020 1800     		movs	r0, r3
  42 0022 FFF7FEFF 		bl	observe_cancel
  43 0026 C046     		nop
  44 0028 BD46     		mov	sp, r7
  45 002a 04B0     		add	sp, sp, #16
  46              		@ sp needed
  47 002c 80BD     		pop	{r7, pc}
  48              	.L3:
  49 002e C046     		.align	2
  50              	.L2:
  51 0030 00000000 		.word	__func__.7117
  52 0034 00000000 		.word	.LC1
  54              		.section	.text.handle_request,"ax",%progbits
  55              		.align	1
ARM GAS  C:\Users\SONG_J~1\AppData\Local\Temp\cc4H7J5K.s 			page 2


  56              		.syntax unified
  57              		.code	16
  58              		.thumb_func
  59              		.fpu softvfp
  61              	handle_request:
  62              		@ args = 0, pretend = 0, frame = 32
  63              		@ frame_needed = 1, uses_anonymous_args = 0
  64 0000 B0B5     		push	{r4, r5, r7, lr}
  65 0002 8AB0     		sub	sp, sp, #40
  66 0004 02AF     		add	r7, sp, #8
  67 0006 F860     		str	r0, [r7, #12]
  68 0008 B960     		str	r1, [r7, #8]
  69 000a 7A60     		str	r2, [r7, #4]
  70 000c 3B60     		str	r3, [r7]
  71 000e 1F23     		movs	r3, #31
  72 0010 FB18     		adds	r3, r7, r3
  73 0012 0122     		movs	r2, #1
  74 0014 1A70     		strb	r2, [r3]
  75 0016 2D49     		ldr	r1, .L14
  76 0018 2D4B     		ldr	r3, .L14+4
  77 001a 9422     		movs	r2, #148
  78 001c 1800     		movs	r0, r3
  79 001e FFF7FEFF 		bl	atiny_printf
  80 0022 FB68     		ldr	r3, [r7, #12]
  81 0024 DA68     		ldr	r2, [r3, #12]
  82 0026 7B68     		ldr	r3, [r7, #4]
  83 0028 5B6C     		ldr	r3, [r3, #68]
  84 002a 1900     		movs	r1, r3
  85 002c 1000     		movs	r0, r2
  86 002e FFF7FEFF 		bl	uri_decode
  87 0032 0300     		movs	r3, r0
  88 0034 BB61     		str	r3, [r7, #24]
  89 0036 BB69     		ldr	r3, [r7, #24]
  90 0038 002B     		cmp	r3, #0
  91 003a 01D1     		bne	.L5
  92 003c 8023     		movs	r3, #128
  93 003e 41E0     		b	.L6
  94              	.L5:
  95 0040 BB69     		ldr	r3, [r7, #24]
  96 0042 1B78     		ldrb	r3, [r3]
  97 0044 1A00     		movs	r2, r3
  98 0046 7023     		movs	r3, #112
  99 0048 1340     		ands	r3, r2
 100 004a 18D1     		bne	.L12
 101 004c BA68     		ldr	r2, [r7, #8]
 102 004e FB68     		ldr	r3, [r7, #12]
 103 0050 1100     		movs	r1, r2
 104 0052 1800     		movs	r0, r3
 105 0054 FFF7FEFF 		bl	utils_findServer
 106 0058 0300     		movs	r3, r0
 107 005a 7B61     		str	r3, [r7, #20]
 108 005c 7B69     		ldr	r3, [r7, #20]
 109 005e 002B     		cmp	r3, #0
 110 0060 12D0     		beq	.L13
 111 0062 1F23     		movs	r3, #31
 112 0064 FC18     		adds	r4, r7, r3
 113 0066 7D68     		ldr	r5, [r7, #4]
ARM GAS  C:\Users\SONG_J~1\AppData\Local\Temp\cc4H7J5K.s 			page 3


 114 0068 7A69     		ldr	r2, [r7, #20]
 115 006a B969     		ldr	r1, [r7, #24]
 116 006c F868     		ldr	r0, [r7, #12]
 117 006e 3B68     		ldr	r3, [r7]
 118 0070 0093     		str	r3, [sp]
 119 0072 2B00     		movs	r3, r5
 120 0074 FFF7FEFF 		bl	dm_handleRequest
 121 0078 0300     		movs	r3, r0
 122 007a 2370     		strb	r3, [r4]
 123 007c 04E0     		b	.L13
 124              	.L12:
 125 007e 1F23     		movs	r3, #31
 126 0080 FB18     		adds	r3, r7, r3
 127 0082 0122     		movs	r2, #1
 128 0084 1A70     		strb	r2, [r3]
 129 0086 00E0     		b	.L10
 130              	.L13:
 131 0088 C046     		nop
 132              	.L10:
 133 008a 1F24     		movs	r4, #31
 134 008c 3B19     		adds	r3, r7, r4
 135 008e 1A78     		ldrb	r2, [r3]
 136 0090 3B68     		ldr	r3, [r7]
 137 0092 1100     		movs	r1, r2
 138 0094 1800     		movs	r0, r3
 139 0096 FFF7FEFF 		bl	coap_set_status_code
 140 009a 3B19     		adds	r3, r7, r4
 141 009c 1B78     		ldrb	r3, [r3]
 142 009e 012B     		cmp	r3, #1
 143 00a0 09D9     		bls	.L11
 144 00a2 1F23     		movs	r3, #31
 145 00a4 FB18     		adds	r3, r7, r3
 146 00a6 1B78     		ldrb	r3, [r3]
 147 00a8 5BB2     		sxtb	r3, r3
 148 00aa 002B     		cmp	r3, #0
 149 00ac 03DB     		blt	.L11
 150 00ae 1F23     		movs	r3, #31
 151 00b0 FB18     		adds	r3, r7, r3
 152 00b2 0022     		movs	r2, #0
 153 00b4 1A70     		strb	r2, [r3]
 154              	.L11:
 155 00b6 BB69     		ldr	r3, [r7, #24]
 156 00b8 1800     		movs	r0, r3
 157 00ba FFF7FEFF 		bl	lwm2m_free
 158 00be 1F23     		movs	r3, #31
 159 00c0 FB18     		adds	r3, r7, r3
 160 00c2 1B78     		ldrb	r3, [r3]
 161              	.L6:
 162 00c4 1800     		movs	r0, r3
 163 00c6 BD46     		mov	sp, r7
 164 00c8 08B0     		add	sp, sp, #32
 165              		@ sp needed
 166 00ca B0BD     		pop	{r4, r5, r7, pc}
 167              	.L15:
 168              		.align	2
 169              	.L14:
 170 00cc 00000000 		.word	__func__.7126
ARM GAS  C:\Users\SONG_J~1\AppData\Local\Temp\cc4H7J5K.s 			page 4


 171 00d0 00000000 		.word	.LC1
 173              		.section	.rodata
 174 0013 00       		.align	2
 175              	.LC8:
 176 0014 5B25733A 		.ascii	"[%s:%d] Parsed: ver %u, type %u, tkl %u, code %u.%."
 176      25645D20 
 176      50617273 
 176      65643A20 
 176      76657220 
 177 0047 32752C20 		.ascii	"2u, mid %u, Content type: %d\015\012\000"
 177      6D696420 
 177      25752C20 
 177      436F6E74 
 177      656E7420 
 178 0066 0000     		.align	2
 179              	.LC12:
 180 0068 5B25733A 		.ascii	"[%s:%d] Blockwise: block request %u (%u/%u) @ %u by"
 180      25645D20 
 180      426C6F63 
 180      6B776973 
 180      653A2062 
 181 009b 7465730D 		.ascii	"tes\015\012\000"
 181      0A00
 182 00a1 000000   		.align	2
 183              	.LC14:
 184 00a4 5B25733A 		.ascii	"[%s:%d] Blockwise: block1 request NUM %u (SZX %u/ S"
 184      25645D20 
 184      426C6F63 
 184      6B776973 
 184      653A2062 
 185 00d7 5A58204D 		.ascii	"ZX Max%u) MORE %u\015\012\000"
 185      61782575 
 185      29204D4F 
 185      52452025 
 185      750D0A00 
 186 00eb 00       		.align	2
 187              	.LC16:
 188 00ec 5B25733A 		.ascii	"[%s:%d] Blockwise: unaware resource with payload le"
 188      25645D20 
 188      426C6F63 
 188      6B776973 
 188      653A2075 
 189 011f 6E677468 		.ascii	"ngth %u/%u\015\012\000"
 189      2025752F 
 189      25750D0A 
 189      00
 190              		.align	2
 191              	.LC18:
 192 012c 5B25733A 		.ascii	"[%s:%d] handle_incoming_data(): block_offset >= res"
 192      25645D20 
 192      68616E64 
 192      6C655F69 
 192      6E636F6D 
 193 015f 706F6E73 		.ascii	"ponse->payload_len\015\012\000"
 193      652D3E70 
 193      61796C6F 
 193      61645F6C 
ARM GAS  C:\Users\SONG_J~1\AppData\Local\Temp\cc4H7J5K.s 			page 5


 193      656E0D0A 
 194              		.align	2
 195              	.LC20:
 196 0174 426C6F63 		.ascii	"BlockOutOfScope\000"
 196      6B4F7574 
 196      4F665363 
 196      6F706500 
 197              		.align	2
 198              	.LC22:
 199 0184 5B25733A 		.ascii	"[%s:%d] Blockwise: blockwise resource, new offset %"
 199      25645D20 
 199      426C6F63 
 199      6B776973 
 199      653A2062 
 200 01b7 640D0A00 		.ascii	"d\015\012\000"
 201 01bb 00       		.align	2
 202              	.LC24:
 203 01bc 5B25733A 		.ascii	"[%s:%d] Blockwise: no block option for blockwise re"
 203      25645D20 
 203      426C6F63 
 203      6B776973 
 203      653A206E 
 204 01ef 736F7572 		.ascii	"source, using block size %u\015\012\000"
 204      63652C20 
 204      7573696E 
 204      6720626C 
 204      6F636B20 
 205 020d 000000   		.align	2
 206              	.LC26:
 207 0210 5B25733A 		.ascii	"[%s:%d] Message parsing failed %u.%2u\015\012\000"
 207      25645D20 
 207      4D657373 
 207      61676520 
 207      70617273 
 208              		.align	2
 209              	.LC29:
 210 0238 5B25733A 		.ascii	"[%s:%d] ERROR %u: %s\015\012\000"
 210      25645D20 
 210      4552524F 
 210      52202575 
 210      3A202573 
 211              		.section	.text.lwm2m_handle_packet,"ax",%progbits
 212              		.align	1
 213              		.global	lwm2m_handle_packet
 214              		.syntax unified
 215              		.code	16
 216              		.thumb_func
 217              		.fpu softvfp
 219              	lwm2m_handle_packet:
 220              		@ args = 0, pretend = 0, frame = 88
 221              		@ frame_needed = 1, uses_anonymous_args = 0
 222 0000 F0B5     		push	{r4, r5, r6, r7, lr}
 223 0002 DE46     		mov	lr, fp
 224 0004 5746     		mov	r7, r10
 225 0006 4E46     		mov	r6, r9
 226 0008 4546     		mov	r5, r8
 227 000a E0B5     		push	{r5, r6, r7, lr}
ARM GAS  C:\Users\SONG_J~1\AppData\Local\Temp\cc4H7J5K.s 			page 6


 228 000c 9DB0     		sub	sp, sp, #116
 229 000e 06AF     		add	r7, sp, #24
 230 0010 F861     		str	r0, [r7, #28]
 231 0012 B961     		str	r1, [r7, #24]
 232 0014 7A61     		str	r2, [r7, #20]
 233 0016 3B61     		str	r3, [r7, #16]
 234 0018 4726     		movs	r6, #71
 235 001a 0823     		movs	r3, #8
 236 001c 1C00     		movs	r4, r3
 237 001e 0822     		movs	r2, #8
 238 0020 BA18     		adds	r2, r7, r2
 239 0022 D218     		adds	r2, r2, r3
 240 0024 9319     		adds	r3, r2, r6
 241 0026 0022     		movs	r2, #0
 242 0028 1A70     		strb	r2, [r3]
 243 002a CA49     		ldr	r1, .L59
 244 002c CA4B     		ldr	r3, .L59+4
 245 002e F322     		movs	r2, #243
 246 0030 1800     		movs	r0, r3
 247 0032 FFF7FEFF 		bl	atiny_printf
 248 0036 7B69     		ldr	r3, [r7, #20]
 249 0038 9AB2     		uxth	r2, r3
 250 003a 0821     		movs	r1, #8
 251 003c 8C46     		mov	ip, r1
 252 003e 0823     		movs	r3, #8
 253 0040 9846     		mov	r8, r3
 254 0042 B844     		add	r8, r8, r7
 255 0044 C444     		add	ip, ip, r8
 256 0046 6644     		add	r6, r6, ip
 257 0048 B969     		ldr	r1, [r7, #24]
 258 004a C44B     		ldr	r3, .L59+8
 259 004c 1800     		movs	r0, r3
 260 004e FFF7FEFF 		bl	coap_parse_message
 261 0052 0300     		movs	r3, r0
 262 0054 3370     		strb	r3, [r6]
 263 0056 4726     		movs	r6, #71
 264 0058 2300     		movs	r3, r4
 265 005a 0822     		movs	r2, #8
 266 005c 9446     		mov	ip, r2
 267 005e BC44     		add	ip, ip, r7
 268 0060 6344     		add	r3, r3, ip
 269 0062 9B19     		adds	r3, r3, r6
 270 0064 1B78     		ldrb	r3, [r3]
 271 0066 002B     		cmp	r3, #0
 272 0068 00D0     		beq	.LCB230
 273 006a 7FE3     		b	.L17	@long jump
 274              	.LCB230:
 275 006c BB4B     		ldr	r3, .L59+8
 276 006e 1B79     		ldrb	r3, [r3, #4]
 277 0070 FB60     		str	r3, [r7, #12]
 278 0072 BA4B     		ldr	r3, .L59+8
 279 0074 5B79     		ldrb	r3, [r3, #5]
 280 0076 1E00     		movs	r6, r3
 281 0078 B84B     		ldr	r3, .L59+8
 282 007a 4C22     		movs	r2, #76
 283 007c 9B5C     		ldrb	r3, [r3, r2]
 284 007e 9C46     		mov	ip, r3
ARM GAS  C:\Users\SONG_J~1\AppData\Local\Temp\cc4H7J5K.s 			page 7


 285 0080 B64B     		ldr	r3, .L59+8
 286 0082 9B79     		ldrb	r3, [r3, #6]
 287 0084 5B09     		lsrs	r3, r3, #5
 288 0086 DBB2     		uxtb	r3, r3
 289 0088 9846     		mov	r8, r3
 290 008a B44B     		ldr	r3, .L59+8
 291 008c 9B79     		ldrb	r3, [r3, #6]
 292 008e 1A00     		movs	r2, r3
 293 0090 1F23     		movs	r3, #31
 294 0092 1340     		ands	r3, r2
 295 0094 B14A     		ldr	r2, .L59+8
 296 0096 1289     		ldrh	r2, [r2, #8]
 297 0098 9146     		mov	r9, r2
 298 009a B04A     		ldr	r2, .L59+8
 299 009c 128A     		ldrh	r2, [r2, #16]
 300 009e AD49     		ldr	r1, .L59
 301 00a0 AF48     		ldr	r0, .L59+12
 302 00a2 0592     		str	r2, [sp, #20]
 303 00a4 4A46     		mov	r2, r9
 304 00a6 0492     		str	r2, [sp, #16]
 305 00a8 0393     		str	r3, [sp, #12]
 306 00aa 4246     		mov	r2, r8
 307 00ac 0292     		str	r2, [sp, #8]
 308 00ae 6246     		mov	r2, ip
 309 00b0 0192     		str	r2, [sp, #4]
 310 00b2 0096     		str	r6, [sp]
 311 00b4 FB68     		ldr	r3, [r7, #12]
 312 00b6 F822     		movs	r2, #248
 313 00b8 FFF7FEFF 		bl	atiny_printf
 314 00bc A74B     		ldr	r3, .L59+8
 315 00be 9B79     		ldrb	r3, [r3, #6]
 316 00c0 002B     		cmp	r3, #0
 317 00c2 00D1     		bne	.LCB274
 318 00c4 E5E2     		b	.L18	@long jump
 319              	.LCB274:
 320 00c6 A54B     		ldr	r3, .L59+8
 321 00c8 9B79     		ldrb	r3, [r3, #6]
 322 00ca 042B     		cmp	r3, #4
 323 00cc 00D9     		bls	.LCB278
 324 00ce E0E2     		b	.L18	@long jump
 325              	.LCB278:
 326 00d0 0023     		movs	r3, #0
 327 00d2 FB63     		str	r3, [r7, #60]
 328 00d4 2A23     		movs	r3, #42
 329 00d6 0822     		movs	r2, #8
 330 00d8 9446     		mov	ip, r2
 331 00da 0822     		movs	r2, #8
 332 00dc 9046     		mov	r8, r2
 333 00de B844     		add	r8, r8, r7
 334 00e0 C444     		add	ip, ip, r8
 335 00e2 6344     		add	r3, r3, ip
 336 00e4 8022     		movs	r2, #128
 337 00e6 1A80     		strh	r2, [r3]
 338 00e8 0023     		movs	r3, #0
 339 00ea 7B63     		str	r3, [r7, #52]
 340 00ec 0022     		movs	r2, #0
 341 00ee 0023     		movs	r3, #0
ARM GAS  C:\Users\SONG_J~1\AppData\Local\Temp\cc4H7J5K.s 			page 8


 342 00f0 BA64     		str	r2, [r7, #72]
 343 00f2 FB64     		str	r3, [r7, #76]
 344 00f4 994B     		ldr	r3, .L59+8
 345 00f6 5B79     		ldrb	r3, [r3, #5]
 346 00f8 002B     		cmp	r3, #0
 347 00fa 07D1     		bne	.L19
 348 00fc 974B     		ldr	r3, .L59+8
 349 00fe 1B89     		ldrh	r3, [r3, #8]
 350 0100 9848     		ldr	r0, .L59+16
 351 0102 4522     		movs	r2, #69
 352 0104 0221     		movs	r1, #2
 353 0106 FFF7FEFF 		bl	coap_init_message
 354 010a 0AE0     		b	.L20
 355              	.L19:
 356 010c FB69     		ldr	r3, [r7, #28]
 357 010e 9B8C     		ldrh	r3, [r3, #36]
 358 0110 5A1C     		adds	r2, r3, #1
 359 0112 91B2     		uxth	r1, r2
 360 0114 FA69     		ldr	r2, [r7, #28]
 361 0116 9184     		strh	r1, [r2, #36]
 362 0118 9248     		ldr	r0, .L59+16
 363 011a 4522     		movs	r2, #69
 364 011c 0121     		movs	r1, #1
 365 011e FFF7FEFF 		bl	coap_init_message
 366              	.L20:
 367 0122 8E4B     		ldr	r3, .L59+8
 368 0124 4C22     		movs	r2, #76
 369 0126 9B5C     		ldrb	r3, [r3, r2]
 370 0128 002B     		cmp	r3, #0
 371 012a 08D0     		beq	.L21
 372 012c 8E49     		ldr	r1, .L59+20
 373 012e 8B4B     		ldr	r3, .L59+8
 374 0130 4C22     		movs	r2, #76
 375 0132 9B5C     		ldrb	r3, [r3, r2]
 376 0134 1A00     		movs	r2, r3
 377 0136 8B4B     		ldr	r3, .L59+16
 378 0138 1800     		movs	r0, r3
 379 013a FFF7FEFF 		bl	coap_set_header_token
 380              	.L21:
 381 013e 2A23     		movs	r3, #42
 382 0140 0821     		movs	r1, #8
 383 0142 0822     		movs	r2, #8
 384 0144 BA18     		adds	r2, r7, r2
 385 0146 5218     		adds	r2, r2, r1
 386 0148 D218     		adds	r2, r2, r3
 387 014a 2C23     		movs	r3, #44
 388 014c 0820     		movs	r0, #8
 389 014e 8446     		mov	ip, r0
 390 0150 BC44     		add	ip, ip, r7
 391 0152 6144     		add	r1, r1, ip
 392 0154 C918     		adds	r1, r1, r3
 393 0156 8148     		ldr	r0, .L59+8
 394 0158 2423     		movs	r3, #36
 395 015a 0824     		movs	r4, #8
 396 015c A446     		mov	ip, r4
 397 015e 0824     		movs	r4, #8
 398 0160 A046     		mov	r8, r4
ARM GAS  C:\Users\SONG_J~1\AppData\Local\Temp\cc4H7J5K.s 			page 9


 399 0162 B844     		add	r8, r8, r7
 400 0164 C444     		add	ip, ip, r8
 401 0166 6344     		add	r3, r3, ip
 402 0168 0093     		str	r3, [sp]
 403 016a 1300     		movs	r3, r2
 404 016c 0022     		movs	r2, #0
 405 016e FFF7FEFF 		bl	coap_get_header_block2
 406 0172 031E     		subs	r3, r0, #0
 407 0174 34D0     		beq	.L22
 408 0176 FE6B     		ldr	r6, [r7, #60]
 409 0178 2A23     		movs	r3, #42
 410 017a 0822     		movs	r2, #8
 411 017c 9446     		mov	ip, r2
 412 017e 0822     		movs	r2, #8
 413 0180 9046     		mov	r8, r2
 414 0182 B844     		add	r8, r8, r7
 415 0184 C444     		add	ip, ip, r8
 416 0186 6344     		add	r3, r3, ip
 417 0188 1B88     		ldrh	r3, [r3]
 418 018a 9C46     		mov	ip, r3
 419 018c 7B6B     		ldr	r3, [r7, #52]
 420 018e 8B22     		movs	r2, #139
 421 0190 5200     		lsls	r2, r2, #1
 422 0192 7049     		ldr	r1, .L59
 423 0194 7548     		ldr	r0, .L59+24
 424 0196 0293     		str	r3, [sp, #8]
 425 0198 8023     		movs	r3, #128
 426 019a 0193     		str	r3, [sp, #4]
 427 019c 6346     		mov	r3, ip
 428 019e 0093     		str	r3, [sp]
 429 01a0 3300     		movs	r3, r6
 430 01a2 FFF7FEFF 		bl	atiny_printf
 431 01a6 2A23     		movs	r3, #42
 432 01a8 0822     		movs	r2, #8
 433 01aa 9446     		mov	ip, r2
 434 01ac 0822     		movs	r2, #8
 435 01ae 9046     		mov	r8, r2
 436 01b0 B844     		add	r8, r8, r7
 437 01b2 C444     		add	ip, ip, r8
 438 01b4 6344     		add	r3, r3, ip
 439 01b6 1B88     		ldrh	r3, [r3]
 440 01b8 1A1C     		adds	r2, r3, #0
 441 01ba 93B2     		uxth	r3, r2
 442 01bc 802B     		cmp	r3, #128
 443 01be 01D9     		bls	.L23
 444 01c0 8023     		movs	r3, #128
 445 01c2 1A1C     		adds	r2, r3, #0
 446              	.L23:
 447 01c4 92B2     		uxth	r2, r2
 448 01c6 2A23     		movs	r3, #42
 449 01c8 0821     		movs	r1, #8
 450 01ca 8C46     		mov	ip, r1
 451 01cc 0821     		movs	r1, #8
 452 01ce 8846     		mov	r8, r1
 453 01d0 B844     		add	r8, r8, r7
 454 01d2 C444     		add	ip, ip, r8
 455 01d4 6344     		add	r3, r3, ip
ARM GAS  C:\Users\SONG_J~1\AppData\Local\Temp\cc4H7J5K.s 			page 10


 456 01d6 1A80     		strh	r2, [r3]
 457 01d8 7B6B     		ldr	r3, [r7, #52]
 458 01da BB64     		str	r3, [r7, #72]
 459 01dc 0023     		movs	r3, #0
 460 01de FB64     		str	r3, [r7, #76]
 461              	.L22:
 462 01e0 5E4B     		ldr	r3, .L59+8
 463 01e2 5B7B     		ldrb	r3, [r3, #13]
 464 01e4 1A00     		movs	r2, r3
 465 01e6 0823     		movs	r3, #8
 466 01e8 1340     		ands	r3, r2
 467 01ea 00D1     		bne	.LCB431
 468 01ec F6E0     		b	.L24	@long jump
 469              	.LCB431:
 470 01ee 3A69     		ldr	r2, [r7, #16]
 471 01f0 FB69     		ldr	r3, [r7, #28]
 472 01f2 1100     		movs	r1, r2
 473 01f4 1800     		movs	r0, r3
 474 01f6 FFF7FEFF 		bl	utils_findServer
 475 01fa 0300     		movs	r3, r0
 476 01fc 7B64     		str	r3, [r7, #68]
 477 01fe 7B6C     		ldr	r3, [r7, #68]
 478 0200 002B     		cmp	r3, #0
 479 0202 0AD1     		bne	.L25
 480 0204 4723     		movs	r3, #71
 481 0206 0822     		movs	r2, #8
 482 0208 9446     		mov	ip, r2
 483 020a 0822     		movs	r2, #8
 484 020c 9046     		mov	r8, r2
 485 020e B844     		add	r8, r8, r7
 486 0210 C444     		add	ip, ip, r8
 487 0212 6344     		add	r3, r3, ip
 488 0214 A022     		movs	r2, #160
 489 0216 1A70     		strb	r2, [r3]
 490 0218 E0E0     		b	.L24
 491              	.L25:
 492 021a 0023     		movs	r3, #0
 493 021c BB62     		str	r3, [r7, #40]
 494 021e 1C23     		movs	r3, #28
 495 0220 0826     		movs	r6, #8
 496 0222 3400     		movs	r4, r6
 497 0224 0822     		movs	r2, #8
 498 0226 BA18     		adds	r2, r7, r2
 499 0228 9219     		adds	r2, r2, r6
 500 022a D618     		adds	r6, r2, r3
 501 022c 1F22     		movs	r2, #31
 502 022e 0821     		movs	r1, #8
 503 0230 8C46     		mov	ip, r1
 504 0232 0823     		movs	r3, #8
 505 0234 9846     		mov	r8, r3
 506 0236 B844     		add	r8, r8, r7
 507 0238 C444     		add	ip, ip, r8
 508 023a 6244     		add	r2, r2, ip
 509 023c 2021     		movs	r1, #32
 510 023e 0820     		movs	r0, #8
 511 0240 8446     		mov	ip, r0
 512 0242 0823     		movs	r3, #8
ARM GAS  C:\Users\SONG_J~1\AppData\Local\Temp\cc4H7J5K.s 			page 11


 513 0244 9846     		mov	r8, r3
 514 0246 B844     		add	r8, r8, r7
 515 0248 C444     		add	ip, ip, r8
 516 024a 6144     		add	r1, r1, ip
 517 024c 4348     		ldr	r0, .L59+8
 518 024e 0023     		movs	r3, #0
 519 0250 0093     		str	r3, [sp]
 520 0252 3300     		movs	r3, r6
 521 0254 FFF7FEFF 		bl	coap_get_header_block1
 522 0258 3E6B     		ldr	r6, [r7, #48]
 523 025a 1C23     		movs	r3, #28
 524 025c 0822     		movs	r2, #8
 525 025e 9446     		mov	ip, r2
 526 0260 0822     		movs	r2, #8
 527 0262 9046     		mov	r8, r2
 528 0264 B844     		add	r8, r8, r7
 529 0266 C444     		add	ip, ip, r8
 530 0268 6344     		add	r3, r3, ip
 531 026a 1B88     		ldrh	r3, [r3]
 532 026c 9C46     		mov	ip, r3
 533 026e 1F22     		movs	r2, #31
 534 0270 2300     		movs	r3, r4
 535 0272 1C00     		movs	r4, r3
 536 0274 0821     		movs	r1, #8
 537 0276 7918     		adds	r1, r7, r1
 538 0278 C918     		adds	r1, r1, r3
 539 027a 8B18     		adds	r3, r1, r2
 540 027c 1B78     		ldrb	r3, [r3]
 541 027e 9846     		mov	r8, r3
 542 0280 9B23     		movs	r3, #155
 543 0282 5A00     		lsls	r2, r3, #1
 544 0284 3349     		ldr	r1, .L59
 545 0286 3A48     		ldr	r0, .L59+28
 546 0288 4346     		mov	r3, r8
 547 028a 0293     		str	r3, [sp, #8]
 548 028c 8023     		movs	r3, #128
 549 028e 0193     		str	r3, [sp, #4]
 550 0290 6346     		mov	r3, ip
 551 0292 0093     		str	r3, [sp]
 552 0294 3300     		movs	r3, r6
 553 0296 FFF7FEFF 		bl	atiny_printf
 554 029a 7B6C     		ldr	r3, [r7, #68]
 555 029c 2C20     		movs	r0, #44
 556 029e 8446     		mov	ip, r0
 557 02a0 9C44     		add	ip, ip, r3
 558 02a2 2E4B     		ldr	r3, .L59+8
 559 02a4 1889     		ldrh	r0, [r3, #8]
 560 02a6 8046     		mov	r8, r0
 561 02a8 2C4B     		ldr	r3, .L59+8
 562 02aa 8822     		movs	r2, #136
 563 02ac 9858     		ldr	r0, [r3, r2]
 564 02ae 8146     		mov	r9, r0
 565 02b0 2A4B     		ldr	r3, .L59+8
 566 02b2 8622     		movs	r2, #134
 567 02b4 9B5A     		ldrh	r3, [r3, r2]
 568 02b6 FB60     		str	r3, [r7, #12]
 569 02b8 1C23     		movs	r3, #28
ARM GAS  C:\Users\SONG_J~1\AppData\Local\Temp\cc4H7J5K.s 			page 12


 570 02ba 0822     		movs	r2, #8
 571 02bc 9246     		mov	r10, r2
 572 02be 0822     		movs	r2, #8
 573 02c0 9346     		mov	fp, r2
 574 02c2 BB44     		add	fp, fp, r7
 575 02c4 DA44     		add	r10, r10, fp
 576 02c6 5344     		add	r3, r3, r10
 577 02c8 1B88     		ldrh	r3, [r3]
 578 02ca 3A6B     		ldr	r2, [r7, #48]
 579 02cc 1F21     		movs	r1, #31
 580 02ce 0820     		movs	r0, #8
 581 02d0 8246     		mov	r10, r0
 582 02d2 0820     		movs	r0, #8
 583 02d4 8346     		mov	fp, r0
 584 02d6 BB44     		add	fp, fp, r7
 585 02d8 DA44     		add	r10, r10, fp
 586 02da 5144     		add	r1, r1, r10
 587 02dc 0978     		ldrb	r1, [r1]
 588 02de 481E     		subs	r0, r1, #1
 589 02e0 8141     		sbcs	r1, r1, r0
 590 02e2 C9B2     		uxtb	r1, r1
 591 02e4 4720     		movs	r0, #71
 592 02e6 2600     		movs	r6, r4
 593 02e8 3500     		movs	r5, r6
 594 02ea 0824     		movs	r4, #8
 595 02ec 3C19     		adds	r4, r7, r4
 596 02ee A419     		adds	r4, r4, r6
 597 02f0 2618     		adds	r6, r4, r0
 598 02f2 1420     		movs	r0, #20
 599 02f4 0824     		movs	r4, #8
 600 02f6 A246     		mov	r10, r4
 601 02f8 0824     		movs	r4, #8
 602 02fa A346     		mov	fp, r4
 603 02fc BB44     		add	fp, fp, r7
 604 02fe DA44     		add	r10, r10, fp
 605 0300 5044     		add	r0, r0, r10
 606 0302 0490     		str	r0, [sp, #16]
 607 0304 1820     		movs	r0, #24
 608 0306 0824     		movs	r4, #8
 609 0308 A246     		mov	r10, r4
 610 030a 0824     		movs	r4, #8
 611 030c A346     		mov	fp, r4
 612 030e BB44     		add	fp, fp, r7
 613 0310 DA44     		add	r10, r10, fp
 614 0312 5044     		add	r0, r0, r10
 615 0314 0390     		str	r0, [sp, #12]
 616 0316 0291     		str	r1, [sp, #8]
 617 0318 0192     		str	r2, [sp, #4]
 618 031a 0093     		str	r3, [sp]
 619 031c FB68     		ldr	r3, [r7, #12]
 620 031e 4A46     		mov	r2, r9
 621 0320 4146     		mov	r1, r8
 622 0322 6046     		mov	r0, ip
 623 0324 FFF7FEFF 		bl	coap_block1_handler
 624 0328 0300     		movs	r3, r0
 625 032a 3370     		strb	r3, [r6]
 626 032c 4720     		movs	r0, #71
ARM GAS  C:\Users\SONG_J~1\AppData\Local\Temp\cc4H7J5K.s 			page 13


 627 032e 2B00     		movs	r3, r5
 628 0330 0822     		movs	r2, #8
 629 0332 9446     		mov	ip, r2
 630 0334 BC44     		add	ip, ip, r7
 631 0336 6344     		add	r3, r3, ip
 632 0338 1B18     		adds	r3, r3, r0
 633 033a 1B78     		ldrb	r3, [r3]
 634 033c 002B     		cmp	r3, #0
 635 033e 19D1     		bne	.L26
 636 0340 BA6A     		ldr	r2, [r7, #40]
 637 0342 064B     		ldr	r3, .L59+8
 638 0344 8821     		movs	r1, #136
 639 0346 5A50     		str	r2, [r3, r1]
 640 0348 7B6A     		ldr	r3, [r7, #36]
 641 034a 99B2     		uxth	r1, r3
 642 034c 034B     		ldr	r3, .L59+8
 643 034e 8622     		movs	r2, #134
 644 0350 9952     		strh	r1, [r3, r2]
 645 0352 43E0     		b	.L24
 646              	.L60:
 647              		.align	2
 648              	.L59:
 649 0354 00000000 		.word	__func__.7140
 650 0358 00000000 		.word	.LC1
 651 035c 00000000 		.word	message.7138
 652 0360 14000000 		.word	.LC8
 653 0364 00000000 		.word	response.7139
 654 0368 4D000000 		.word	message.7138+77
 655 036c 68000000 		.word	.LC12
 656 0370 A4000000 		.word	.LC14
 657              	.L26:
 658 0374 4723     		movs	r3, #71
 659 0376 0822     		movs	r2, #8
 660 0378 9446     		mov	ip, r2
 661 037a 0822     		movs	r2, #8
 662 037c 9046     		mov	r8, r2
 663 037e B844     		add	r8, r8, r7
 664 0380 C444     		add	ip, ip, r8
 665 0382 6344     		add	r3, r3, ip
 666 0384 1B78     		ldrb	r3, [r3]
 667 0386 5F2B     		cmp	r3, #95
 668 0388 28D1     		bne	.L24
 669 038a 1C23     		movs	r3, #28
 670 038c 0822     		movs	r2, #8
 671 038e 9446     		mov	ip, r2
 672 0390 0822     		movs	r2, #8
 673 0392 9046     		mov	r8, r2
 674 0394 B844     		add	r8, r8, r7
 675 0396 C444     		add	ip, ip, r8
 676 0398 6344     		add	r3, r3, ip
 677 039a 1B88     		ldrh	r3, [r3]
 678 039c 1A1C     		adds	r2, r3, #0
 679 039e 93B2     		uxth	r3, r2
 680 03a0 802B     		cmp	r3, #128
 681 03a2 01D9     		bls	.L28
 682 03a4 8023     		movs	r3, #128
 683 03a6 1A1C     		adds	r2, r3, #0
ARM GAS  C:\Users\SONG_J~1\AppData\Local\Temp\cc4H7J5K.s 			page 14


 684              	.L28:
 685 03a8 92B2     		uxth	r2, r2
 686 03aa 1C20     		movs	r0, #28
 687 03ac 0826     		movs	r6, #8
 688 03ae 0823     		movs	r3, #8
 689 03b0 FB18     		adds	r3, r7, r3
 690 03b2 9B19     		adds	r3, r3, r6
 691 03b4 1B18     		adds	r3, r3, r0
 692 03b6 1A80     		strh	r2, [r3]
 693 03b8 396B     		ldr	r1, [r7, #48]
 694 03ba 1F23     		movs	r3, #31
 695 03bc 0822     		movs	r2, #8
 696 03be 9446     		mov	ip, r2
 697 03c0 0822     		movs	r2, #8
 698 03c2 9046     		mov	r8, r2
 699 03c4 B844     		add	r8, r8, r7
 700 03c6 C444     		add	ip, ip, r8
 701 03c8 6344     		add	r3, r3, ip
 702 03ca 1A78     		ldrb	r2, [r3]
 703 03cc 0823     		movs	r3, #8
 704 03ce FB18     		adds	r3, r7, r3
 705 03d0 9B19     		adds	r3, r3, r6
 706 03d2 1B18     		adds	r3, r3, r0
 707 03d4 1B88     		ldrh	r3, [r3]
 708 03d6 DA48     		ldr	r0, .L61
 709 03d8 FFF7FEFF 		bl	coap_set_header_block1
 710              	.L24:
 711 03dc 4723     		movs	r3, #71
 712 03de 0822     		movs	r2, #8
 713 03e0 9446     		mov	ip, r2
 714 03e2 0822     		movs	r2, #8
 715 03e4 9046     		mov	r8, r2
 716 03e6 B844     		add	r8, r8, r7
 717 03e8 C444     		add	ip, ip, r8
 718 03ea 6344     		add	r3, r3, ip
 719 03ec 1B78     		ldrb	r3, [r3]
 720 03ee 002B     		cmp	r3, #0
 721 03f0 0ED1     		bne	.L29
 722 03f2 4723     		movs	r3, #71
 723 03f4 0822     		movs	r2, #8
 724 03f6 0821     		movs	r1, #8
 725 03f8 8C46     		mov	ip, r1
 726 03fa BC44     		add	ip, ip, r7
 727 03fc 6244     		add	r2, r2, ip
 728 03fe D618     		adds	r6, r2, r3
 729 0400 CF4B     		ldr	r3, .L61
 730 0402 D04A     		ldr	r2, .L61+4
 731 0404 3969     		ldr	r1, [r7, #16]
 732 0406 F869     		ldr	r0, [r7, #28]
 733 0408 FFF7FEFF 		bl	handle_request
 734 040c 0300     		movs	r3, r0
 735 040e 3370     		strb	r3, [r6]
 736              	.L29:
 737 0410 4723     		movs	r3, #71
 738 0412 0822     		movs	r2, #8
 739 0414 9446     		mov	ip, r2
 740 0416 0822     		movs	r2, #8
ARM GAS  C:\Users\SONG_J~1\AppData\Local\Temp\cc4H7J5K.s 			page 15


 741 0418 9046     		mov	r8, r2
 742 041a B844     		add	r8, r8, r7
 743 041c C444     		add	ip, ip, r8
 744 041e 6344     		add	r3, r3, ip
 745 0420 1B78     		ldrb	r3, [r3]
 746 0422 002B     		cmp	r3, #0
 747 0424 00D0     		beq	.LCB738
 748 0426 07E1     		b	.L30	@long jump
 749              	.LCB738:
 750 0428 C64B     		ldr	r3, .L61+4
 751 042a 1B7B     		ldrb	r3, [r3, #12]
 752 042c 5BB2     		sxtb	r3, r3
 753 042e 002B     		cmp	r3, #0
 754 0430 00DB     		blt	.LCB743
 755 0432 B9E0     		b	.L31	@long jump
 756              	.LCB743:
 757 0434 7B6B     		ldr	r3, [r7, #52]
 758 0436 3B60     		str	r3, [r7]
 759 0438 0023     		movs	r3, #0
 760 043a 7B60     		str	r3, [r7, #4]
 761 043c BB6C     		ldr	r3, [r7, #72]
 762 043e 3A68     		ldr	r2, [r7]
 763 0440 9342     		cmp	r3, r2
 764 0442 69D1     		bne	.L32
 765 0444 FB6C     		ldr	r3, [r7, #76]
 766 0446 7A68     		ldr	r2, [r7, #4]
 767 0448 9342     		cmp	r3, r2
 768 044a 65D1     		bne	.L32
 769 044c BC4B     		ldr	r3, .L61
 770 044e 8622     		movs	r2, #134
 771 0450 9B5A     		ldrh	r3, [r3, r2]
 772 0452 1D00     		movs	r5, r3
 773 0454 2A23     		movs	r3, #42
 774 0456 0822     		movs	r2, #8
 775 0458 9446     		mov	ip, r2
 776 045a 0822     		movs	r2, #8
 777 045c 9046     		mov	r8, r2
 778 045e B844     		add	r8, r8, r7
 779 0460 C444     		add	ip, ip, r8
 780 0462 6344     		add	r3, r3, ip
 781 0464 1B88     		ldrh	r3, [r3]
 782 0466 1C00     		movs	r4, r3
 783 0468 AB23     		movs	r3, #171
 784 046a 5A00     		lsls	r2, r3, #1
 785 046c B649     		ldr	r1, .L61+8
 786 046e B748     		ldr	r0, .L61+12
 787 0470 0094     		str	r4, [sp]
 788 0472 2B00     		movs	r3, r5
 789 0474 FFF7FEFF 		bl	atiny_printf
 790 0478 B24B     		ldr	r3, .L61+4
 791 047a 8622     		movs	r2, #134
 792 047c 9B5A     		ldrh	r3, [r3, r2]
 793 047e 1A00     		movs	r2, r3
 794 0480 7B6B     		ldr	r3, [r7, #52]
 795 0482 9A42     		cmp	r2, r3
 796 0484 11D8     		bhi	.L33
 797 0486 5A23     		movs	r3, #90
ARM GAS  C:\Users\SONG_J~1\AppData\Local\Temp\cc4H7J5K.s 			page 16


 798 0488 FF33     		adds	r3, r3, #255
 799 048a 1A00     		movs	r2, r3
 800 048c AE49     		ldr	r1, .L61+8
 801 048e B04B     		ldr	r3, .L61+16
 802 0490 1800     		movs	r0, r3
 803 0492 FFF7FEFF 		bl	atiny_printf
 804 0496 AA4B     		ldr	r3, .L61
 805 0498 8222     		movs	r2, #130
 806 049a 9A71     		strb	r2, [r3, #6]
 807 049c AD49     		ldr	r1, .L61+20
 808 049e A84B     		ldr	r3, .L61
 809 04a0 0F22     		movs	r2, #15
 810 04a2 1800     		movs	r0, r3
 811 04a4 FFF7FEFF 		bl	coap_set_payload
 812 04a8 A8E0     		b	.L40
 813              	.L33:
 814 04aa F96B     		ldr	r1, [r7, #60]
 815 04ac A44B     		ldr	r3, .L61
 816 04ae 8622     		movs	r2, #134
 817 04b0 9B5A     		ldrh	r3, [r3, r2]
 818 04b2 1A00     		movs	r2, r3
 819 04b4 7B6B     		ldr	r3, [r7, #52]
 820 04b6 D31A     		subs	r3, r2, r3
 821 04b8 2A20     		movs	r0, #42
 822 04ba 0825     		movs	r5, #8
 823 04bc 0822     		movs	r2, #8
 824 04be BA18     		adds	r2, r7, r2
 825 04c0 5219     		adds	r2, r2, r5
 826 04c2 1218     		adds	r2, r2, r0
 827 04c4 1288     		ldrh	r2, [r2]
 828 04c6 9A42     		cmp	r2, r3
 829 04c8 9B41     		sbcs	r3, r3, r3
 830 04ca 5B42     		rsbs	r3, r3, #0
 831 04cc DBB2     		uxtb	r3, r3
 832 04ce 1A00     		movs	r2, r3
 833 04d0 0400     		movs	r4, r0
 834 04d2 0823     		movs	r3, #8
 835 04d4 FB18     		adds	r3, r7, r3
 836 04d6 5B19     		adds	r3, r3, r5
 837 04d8 1B18     		adds	r3, r3, r0
 838 04da 1B88     		ldrh	r3, [r3]
 839 04dc 9848     		ldr	r0, .L61
 840 04de FFF7FEFF 		bl	coap_set_header_block2
 841 04e2 974B     		ldr	r3, .L61
 842 04e4 8822     		movs	r2, #136
 843 04e6 9A58     		ldr	r2, [r3, r2]
 844 04e8 7B6B     		ldr	r3, [r7, #52]
 845 04ea D118     		adds	r1, r2, r3
 846 04ec 2000     		movs	r0, r4
 847 04ee 0823     		movs	r3, #8
 848 04f0 FB18     		adds	r3, r7, r3
 849 04f2 5B19     		adds	r3, r3, r5
 850 04f4 1B18     		adds	r3, r3, r0
 851 04f6 1B88     		ldrh	r3, [r3]
 852 04f8 1800     		movs	r0, r3
 853 04fa 914B     		ldr	r3, .L61
 854 04fc 8622     		movs	r2, #134
ARM GAS  C:\Users\SONG_J~1\AppData\Local\Temp\cc4H7J5K.s 			page 17


 855 04fe 9B5A     		ldrh	r3, [r3, r2]
 856 0500 1A00     		movs	r2, r3
 857 0502 7B6B     		ldr	r3, [r7, #52]
 858 0504 D31A     		subs	r3, r2, r3
 859 0506 0200     		movs	r2, r0
 860 0508 9A42     		cmp	r2, r3
 861 050a 00D9     		bls	.L35
 862 050c 1A00     		movs	r2, r3
 863              	.L35:
 864 050e 8C4B     		ldr	r3, .L61
 865 0510 1800     		movs	r0, r3
 866 0512 FFF7FEFF 		bl	coap_set_payload
 867 0516 71E0     		b	.L40
 868              	.L32:
 869 0518 BC6C     		ldr	r4, [r7, #72]
 870 051a 6823     		movs	r3, #104
 871 051c FF33     		adds	r3, r3, #255
 872 051e 1A00     		movs	r2, r3
 873 0520 8949     		ldr	r1, .L61+8
 874 0522 8D48     		ldr	r0, .L61+24
 875 0524 2300     		movs	r3, r4
 876 0526 FFF7FEFF 		bl	atiny_printf
 877 052a F96B     		ldr	r1, [r7, #60]
 878 052c BB6C     		ldr	r3, [r7, #72]
 879 052e 0133     		adds	r3, r3, #1
 880 0530 10D1     		bne	.L37
 881 0532 FB6C     		ldr	r3, [r7, #76]
 882 0534 0133     		adds	r3, r3, #1
 883 0536 0DD1     		bne	.L37
 884 0538 814B     		ldr	r3, .L61
 885 053a 8622     		movs	r2, #134
 886 053c 9A5A     		ldrh	r2, [r3, r2]
 887 053e 2A23     		movs	r3, #42
 888 0540 0820     		movs	r0, #8
 889 0542 8446     		mov	ip, r0
 890 0544 0820     		movs	r0, #8
 891 0546 8046     		mov	r8, r0
 892 0548 B844     		add	r8, r8, r7
 893 054a C444     		add	ip, ip, r8
 894 054c 6344     		add	r3, r3, ip
 895 054e 1B88     		ldrh	r3, [r3]
 896 0550 9A42     		cmp	r2, r3
 897 0552 01D9     		bls	.L38
 898              	.L37:
 899 0554 0123     		movs	r3, #1
 900 0556 00E0     		b	.L39
 901              	.L38:
 902 0558 0023     		movs	r3, #0
 903              	.L39:
 904 055a DAB2     		uxtb	r2, r3
 905 055c 2A24     		movs	r4, #42
 906 055e 0825     		movs	r5, #8
 907 0560 0823     		movs	r3, #8
 908 0562 FB18     		adds	r3, r7, r3
 909 0564 5B19     		adds	r3, r3, r5
 910 0566 1B19     		adds	r3, r3, r4
 911 0568 1B88     		ldrh	r3, [r3]
ARM GAS  C:\Users\SONG_J~1\AppData\Local\Temp\cc4H7J5K.s 			page 18


 912 056a 7548     		ldr	r0, .L61
 913 056c FFF7FEFF 		bl	coap_set_header_block2
 914 0570 734B     		ldr	r3, .L61
 915 0572 8622     		movs	r2, #134
 916 0574 9A5A     		ldrh	r2, [r3, r2]
 917 0576 0823     		movs	r3, #8
 918 0578 FB18     		adds	r3, r7, r3
 919 057a 5B19     		adds	r3, r3, r5
 920 057c 1B19     		adds	r3, r3, r4
 921 057e 1B88     		ldrh	r3, [r3]
 922 0580 9A42     		cmp	r2, r3
 923 0582 3BD9     		bls	.L40
 924 0584 6E4B     		ldr	r3, .L61
 925 0586 8822     		movs	r2, #136
 926 0588 9958     		ldr	r1, [r3, r2]
 927 058a 2A23     		movs	r3, #42
 928 058c 0822     		movs	r2, #8
 929 058e 9446     		mov	ip, r2
 930 0590 0822     		movs	r2, #8
 931 0592 9046     		mov	r8, r2
 932 0594 B844     		add	r8, r8, r7
 933 0596 C444     		add	ip, ip, r8
 934 0598 6344     		add	r3, r3, ip
 935 059a 1B88     		ldrh	r3, [r3]
 936 059c 1A00     		movs	r2, r3
 937 059e 684B     		ldr	r3, .L61
 938 05a0 1800     		movs	r0, r3
 939 05a2 FFF7FEFF 		bl	coap_set_payload
 940 05a6 29E0     		b	.L40
 941              	.L31:
 942 05a8 BB6C     		ldr	r3, [r7, #72]
 943 05aa FA6C     		ldr	r2, [r7, #76]
 944 05ac 1343     		orrs	r3, r2
 945 05ae 25D0     		beq	.L40
 946 05b0 B723     		movs	r3, #183
 947 05b2 5A00     		lsls	r2, r3, #1
 948 05b4 6449     		ldr	r1, .L61+8
 949 05b6 6948     		ldr	r0, .L61+28
 950 05b8 8023     		movs	r3, #128
 951 05ba FFF7FEFF 		bl	atiny_printf
 952 05be BB6C     		ldr	r3, [r7, #72]
 953 05c0 FA6C     		ldr	r2, [r7, #76]
 954 05c2 1340     		ands	r3, r2
 955 05c4 0133     		adds	r3, r3, #1
 956 05c6 5A1E     		subs	r2, r3, #1
 957 05c8 9341     		sbcs	r3, r3, r2
 958 05ca DBB2     		uxtb	r3, r3
 959 05cc 1A00     		movs	r2, r3
 960 05ce 5C48     		ldr	r0, .L61
 961 05d0 8023     		movs	r3, #128
 962 05d2 0021     		movs	r1, #0
 963 05d4 FFF7FEFF 		bl	coap_set_header_block2
 964 05d8 594B     		ldr	r3, .L61
 965 05da 8822     		movs	r2, #136
 966 05dc 9958     		ldr	r1, [r3, r2]
 967 05de 584B     		ldr	r3, .L61
 968 05e0 8622     		movs	r2, #134
ARM GAS  C:\Users\SONG_J~1\AppData\Local\Temp\cc4H7J5K.s 			page 19


 969 05e2 9B5A     		ldrh	r3, [r3, r2]
 970 05e4 1A1C     		adds	r2, r3, #0
 971 05e6 93B2     		uxth	r3, r2
 972 05e8 802B     		cmp	r3, #128
 973 05ea 01D9     		bls	.L42
 974 05ec 8023     		movs	r3, #128
 975 05ee 1A1C     		adds	r2, r3, #0
 976              	.L42:
 977 05f0 93B2     		uxth	r3, r2
 978 05f2 1A00     		movs	r2, r3
 979 05f4 524B     		ldr	r3, .L61
 980 05f6 1800     		movs	r0, r3
 981 05f8 FFF7FEFF 		bl	coap_set_payload
 982              	.L40:
 983 05fc 4723     		movs	r3, #71
 984 05fe 0822     		movs	r2, #8
 985 0600 0821     		movs	r1, #8
 986 0602 8C46     		mov	ip, r1
 987 0604 BC44     		add	ip, ip, r7
 988 0606 6244     		add	r2, r2, ip
 989 0608 D418     		adds	r4, r2, r3
 990 060a 3A69     		ldr	r2, [r7, #16]
 991 060c 4C49     		ldr	r1, .L61
 992 060e FB69     		ldr	r3, [r7, #28]
 993 0610 1800     		movs	r0, r3
 994 0612 FFF7FEFF 		bl	message_send
 995 0616 0300     		movs	r3, r0
 996 0618 2370     		strb	r3, [r4]
 997 061a 494B     		ldr	r3, .L61
 998 061c 8822     		movs	r2, #136
 999 061e 9B58     		ldr	r3, [r3, r2]
 1000 0620 1800     		movs	r0, r3
 1001 0622 FFF7FEFF 		bl	lwm2m_free
 1002 0626 464B     		ldr	r3, .L61
 1003 0628 8822     		movs	r2, #136
 1004 062a 0021     		movs	r1, #0
 1005 062c 9950     		str	r1, [r3, r2]
 1006 062e 444B     		ldr	r3, .L61
 1007 0630 8622     		movs	r2, #134
 1008 0632 0021     		movs	r1, #0
 1009 0634 9952     		strh	r1, [r3, r2]
 1010 0636 7EE0     		b	.L55
 1011              	.L30:
 1012 0638 4723     		movs	r3, #71
 1013 063a 0822     		movs	r2, #8
 1014 063c 9446     		mov	ip, r2
 1015 063e 0822     		movs	r2, #8
 1016 0640 9046     		mov	r8, r2
 1017 0642 B844     		add	r8, r8, r7
 1018 0644 C444     		add	ip, ip, r8
 1019 0646 6344     		add	r3, r3, ip
 1020 0648 1B78     		ldrb	r3, [r3]
 1021 064a 012B     		cmp	r3, #1
 1022 064c 00D1     		bne	.LCB1028
 1023 064e 72E0     		b	.L55	@long jump
 1024              	.LCB1028:
 1025 0650 4723     		movs	r3, #71
ARM GAS  C:\Users\SONG_J~1\AppData\Local\Temp\cc4H7J5K.s 			page 20


 1026 0652 0822     		movs	r2, #8
 1027 0654 9446     		mov	ip, r2
 1028 0656 0822     		movs	r2, #8
 1029 0658 9046     		mov	r8, r2
 1030 065a B844     		add	r8, r8, r7
 1031 065c C444     		add	ip, ip, r8
 1032 065e 6344     		add	r3, r3, ip
 1033 0660 1A78     		ldrb	r2, [r3]
 1034 0662 374B     		ldr	r3, .L61
 1035 0664 1100     		movs	r1, r2
 1036 0666 1800     		movs	r0, r3
 1037 0668 FFF7FEFF 		bl	coap_set_status_code
 1038 066c 0300     		movs	r3, r0
 1039 066e 012B     		cmp	r3, #1
 1040 0670 61D1     		bne	.L55
 1041 0672 4723     		movs	r3, #71
 1042 0674 0822     		movs	r2, #8
 1043 0676 0821     		movs	r1, #8
 1044 0678 8C46     		mov	ip, r1
 1045 067a BC44     		add	ip, ip, r7
 1046 067c 6244     		add	r2, r2, ip
 1047 067e D418     		adds	r4, r2, r3
 1048 0680 3A69     		ldr	r2, [r7, #16]
 1049 0682 2F49     		ldr	r1, .L61
 1050 0684 FB69     		ldr	r3, [r7, #28]
 1051 0686 1800     		movs	r0, r3
 1052 0688 FFF7FEFF 		bl	message_send
 1053 068c 0300     		movs	r3, r0
 1054 068e 2370     		strb	r3, [r4]
 1055 0690 51E0     		b	.L55
 1056              	.L18:
 1057 0692 2C4B     		ldr	r3, .L61+4
 1058 0694 5B79     		ldrb	r3, [r3, #5]
 1059 0696 022B     		cmp	r3, #2
 1060 0698 46D0     		beq	.L46
 1061 069a 02DC     		bgt	.L47
 1062 069c 002B     		cmp	r3, #0
 1063 069e 4CDB     		blt	.L56
 1064 06a0 02E0     		b	.L54
 1065              	.L47:
 1066 06a2 032B     		cmp	r3, #3
 1067 06a4 33D0     		beq	.L49
 1068 06a6 48E0     		b	.L56
 1069              	.L54:
 1070 06a8 3325     		movs	r5, #51
 1071 06aa 0826     		movs	r6, #8
 1072 06ac 0823     		movs	r3, #8
 1073 06ae FB18     		adds	r3, r7, r3
 1074 06b0 9B19     		adds	r3, r3, r6
 1075 06b2 5C19     		adds	r4, r3, r5
 1076 06b4 224B     		ldr	r3, .L61
 1077 06b6 234A     		ldr	r2, .L61+4
 1078 06b8 3969     		ldr	r1, [r7, #16]
 1079 06ba F869     		ldr	r0, [r7, #28]
 1080 06bc FFF7FEFF 		bl	transaction_handleResponse
 1081 06c0 0300     		movs	r3, r0
 1082 06c2 2370     		strb	r3, [r4]
ARM GAS  C:\Users\SONG_J~1\AppData\Local\Temp\cc4H7J5K.s 			page 21


 1083 06c4 0823     		movs	r3, #8
 1084 06c6 FB18     		adds	r3, r7, r3
 1085 06c8 9B19     		adds	r3, r3, r6
 1086 06ca 5B19     		adds	r3, r3, r5
 1087 06cc 1B78     		ldrb	r3, [r3]
 1088 06ce 0122     		movs	r2, #1
 1089 06d0 5340     		eors	r3, r2
 1090 06d2 DBB2     		uxtb	r3, r3
 1091 06d4 002B     		cmp	r3, #0
 1092 06d6 43D0     		beq	.L57
 1093 06d8 1A4B     		ldr	r3, .L61+4
 1094 06da 5B79     		ldrb	r3, [r3, #5]
 1095 06dc 002B     		cmp	r3, #0
 1096 06de 3FD1     		bne	.L57
 1097 06e0 184B     		ldr	r3, .L61+4
 1098 06e2 1B89     		ldrh	r3, [r3, #8]
 1099 06e4 1648     		ldr	r0, .L61
 1100 06e6 0022     		movs	r2, #0
 1101 06e8 0221     		movs	r1, #2
 1102 06ea FFF7FEFF 		bl	coap_init_message
 1103 06ee 4723     		movs	r3, #71
 1104 06f0 0822     		movs	r2, #8
 1105 06f2 0821     		movs	r1, #8
 1106 06f4 8C46     		mov	ip, r1
 1107 06f6 BC44     		add	ip, ip, r7
 1108 06f8 6244     		add	r2, r2, ip
 1109 06fa D418     		adds	r4, r2, r3
 1110 06fc 3A69     		ldr	r2, [r7, #16]
 1111 06fe 1049     		ldr	r1, .L61
 1112 0700 FB69     		ldr	r3, [r7, #28]
 1113 0702 1800     		movs	r0, r3
 1114 0704 FFF7FEFF 		bl	message_send
 1115 0708 0300     		movs	r3, r0
 1116 070a 2370     		strb	r3, [r4]
 1117 070c 28E0     		b	.L57
 1118              	.L49:
 1119 070e 0D4A     		ldr	r2, .L61+4
 1120 0710 3969     		ldr	r1, [r7, #16]
 1121 0712 FB69     		ldr	r3, [r7, #28]
 1122 0714 1800     		movs	r0, r3
 1123 0716 FFF7FEFF 		bl	handle_reset
 1124 071a 0A4A     		ldr	r2, .L61+4
 1125 071c 3969     		ldr	r1, [r7, #16]
 1126 071e F869     		ldr	r0, [r7, #28]
 1127 0720 0023     		movs	r3, #0
 1128 0722 FFF7FEFF 		bl	transaction_handleResponse
 1129 0726 1CE0     		b	.L44
 1130              	.L46:
 1131 0728 064A     		ldr	r2, .L61+4
 1132 072a 3969     		ldr	r1, [r7, #16]
 1133 072c F869     		ldr	r0, [r7, #28]
 1134 072e 0023     		movs	r3, #0
 1135 0730 FFF7FEFF 		bl	transaction_handleResponse
 1136 0734 15E0     		b	.L44
 1137              	.L55:
 1138 0736 C046     		nop
 1139 0738 13E0     		b	.L44
ARM GAS  C:\Users\SONG_J~1\AppData\Local\Temp\cc4H7J5K.s 			page 22


 1140              	.L56:
 1141 073a C046     		nop
 1142 073c 11E0     		b	.L44
 1143              	.L62:
 1144 073e C046     		.align	2
 1145              	.L61:
 1146 0740 00000000 		.word	response.7139
 1147 0744 00000000 		.word	message.7138
 1148 0748 00000000 		.word	__func__.7140
 1149 074c EC000000 		.word	.LC16
 1150 0750 2C010000 		.word	.LC18
 1151 0754 74010000 		.word	.LC20
 1152 0758 84010000 		.word	.LC22
 1153 075c BC010000 		.word	.LC24
 1154              	.L57:
 1155 0760 C046     		nop
 1156              	.L44:
 1157 0762 414B     		ldr	r3, .L63
 1158 0764 1800     		movs	r0, r3
 1159 0766 FFF7FEFF 		bl	coap_free_header
 1160 076a 18E0     		b	.L51
 1161              	.L17:
 1162 076c 4722     		movs	r2, #71
 1163 076e 0821     		movs	r1, #8
 1164 0770 0823     		movs	r3, #8
 1165 0772 FB18     		adds	r3, r7, r3
 1166 0774 5B18     		adds	r3, r3, r1
 1167 0776 9B18     		adds	r3, r3, r2
 1168 0778 1B78     		ldrb	r3, [r3]
 1169 077a 5B09     		lsrs	r3, r3, #5
 1170 077c DBB2     		uxtb	r3, r3
 1171 077e 1C00     		movs	r4, r3
 1172 0780 0823     		movs	r3, #8
 1173 0782 FB18     		adds	r3, r7, r3
 1174 0784 5B18     		adds	r3, r3, r1
 1175 0786 9B18     		adds	r3, r3, r2
 1176 0788 1B78     		ldrb	r3, [r3]
 1177 078a 1F22     		movs	r2, #31
 1178 078c 1340     		ands	r3, r2
 1179 078e AE22     		movs	r2, #174
 1180 0790 FF32     		adds	r2, r2, #255
 1181 0792 3649     		ldr	r1, .L63+4
 1182 0794 3648     		ldr	r0, .L63+8
 1183 0796 0093     		str	r3, [sp]
 1184 0798 2300     		movs	r3, r4
 1185 079a FFF7FEFF 		bl	atiny_printf
 1186              	.L51:
 1187 079e 4723     		movs	r3, #71
 1188 07a0 0822     		movs	r2, #8
 1189 07a2 9446     		mov	ip, r2
 1190 07a4 0822     		movs	r2, #8
 1191 07a6 9046     		mov	r8, r2
 1192 07a8 B844     		add	r8, r8, r7
 1193 07aa C444     		add	ip, ip, r8
 1194 07ac 6344     		add	r3, r3, ip
 1195 07ae 1B78     		ldrb	r3, [r3]
 1196 07b0 002B     		cmp	r3, #0
ARM GAS  C:\Users\SONG_J~1\AppData\Local\Temp\cc4H7J5K.s 			page 23


 1197 07b2 4FD0     		beq	.L58
 1198 07b4 4723     		movs	r3, #71
 1199 07b6 0822     		movs	r2, #8
 1200 07b8 9446     		mov	ip, r2
 1201 07ba 0822     		movs	r2, #8
 1202 07bc 9046     		mov	r8, r2
 1203 07be B844     		add	r8, r8, r7
 1204 07c0 C444     		add	ip, ip, r8
 1205 07c2 6344     		add	r3, r3, ip
 1206 07c4 1B78     		ldrb	r3, [r3]
 1207 07c6 012B     		cmp	r3, #1
 1208 07c8 44D0     		beq	.L58
 1209 07ca 4725     		movs	r5, #71
 1210 07cc 0826     		movs	r6, #8
 1211 07ce 0823     		movs	r3, #8
 1212 07d0 FB18     		adds	r3, r7, r3
 1213 07d2 9B19     		adds	r3, r3, r6
 1214 07d4 5B19     		adds	r3, r3, r5
 1215 07d6 1C78     		ldrb	r4, [r3]
 1216 07d8 264B     		ldr	r3, .L63+12
 1217 07da 1B68     		ldr	r3, [r3]
 1218 07dc D922     		movs	r2, #217
 1219 07de 5200     		lsls	r2, r2, #1
 1220 07e0 2249     		ldr	r1, .L63+4
 1221 07e2 2548     		ldr	r0, .L63+16
 1222 07e4 0093     		str	r3, [sp]
 1223 07e6 2300     		movs	r3, r4
 1224 07e8 FFF7FEFF 		bl	atiny_printf
 1225 07ec 0823     		movs	r3, #8
 1226 07ee FB18     		adds	r3, r7, r3
 1227 07f0 9B19     		adds	r3, r3, r6
 1228 07f2 5B19     		adds	r3, r3, r5
 1229 07f4 1B78     		ldrb	r3, [r3]
 1230 07f6 BF2B     		cmp	r3, #191
 1231 07f8 09D9     		bls	.L53
 1232 07fa 4723     		movs	r3, #71
 1233 07fc 0822     		movs	r2, #8
 1234 07fe 9446     		mov	ip, r2
 1235 0800 0822     		movs	r2, #8
 1236 0802 9046     		mov	r8, r2
 1237 0804 B844     		add	r8, r8, r7
 1238 0806 C444     		add	ip, ip, r8
 1239 0808 6344     		add	r3, r3, ip
 1240 080a A022     		movs	r2, #160
 1241 080c 1A70     		strb	r2, [r3]
 1242              	.L53:
 1243 080e 164B     		ldr	r3, .L63
 1244 0810 1989     		ldrh	r1, [r3, #8]
 1245 0812 4723     		movs	r3, #71
 1246 0814 0822     		movs	r2, #8
 1247 0816 9446     		mov	ip, r2
 1248 0818 0822     		movs	r2, #8
 1249 081a 9046     		mov	r8, r2
 1250 081c B844     		add	r8, r8, r7
 1251 081e C444     		add	ip, ip, r8
 1252 0820 6344     		add	r3, r3, ip
 1253 0822 1A78     		ldrb	r2, [r3]
ARM GAS  C:\Users\SONG_J~1\AppData\Local\Temp\cc4H7J5K.s 			page 24


 1254 0824 1048     		ldr	r0, .L63
 1255 0826 0B00     		movs	r3, r1
 1256 0828 0221     		movs	r1, #2
 1257 082a FFF7FEFF 		bl	coap_init_message
 1258 082e 114B     		ldr	r3, .L63+12
 1259 0830 1C68     		ldr	r4, [r3]
 1260 0832 104B     		ldr	r3, .L63+12
 1261 0834 1B68     		ldr	r3, [r3]
 1262 0836 1800     		movs	r0, r3
 1263 0838 FFF7FEFF 		bl	strlen
 1264 083c 0200     		movs	r2, r0
 1265 083e 0A4B     		ldr	r3, .L63
 1266 0840 2100     		movs	r1, r4
 1267 0842 1800     		movs	r0, r3
 1268 0844 FFF7FEFF 		bl	coap_set_payload
 1269 0848 3A69     		ldr	r2, [r7, #16]
 1270 084a 0749     		ldr	r1, .L63
 1271 084c FB69     		ldr	r3, [r7, #28]
 1272 084e 1800     		movs	r0, r3
 1273 0850 FFF7FEFF 		bl	message_send
 1274              	.L58:
 1275 0854 C046     		nop
 1276 0856 BD46     		mov	sp, r7
 1277 0858 17B0     		add	sp, sp, #92
 1278              		@ sp needed
 1279 085a 3CBC     		pop	{r2, r3, r4, r5}
 1280 085c 9046     		mov	r8, r2
 1281 085e 9946     		mov	r9, r3
 1282 0860 A246     		mov	r10, r4
 1283 0862 AB46     		mov	fp, r5
 1284 0864 F0BD     		pop	{r4, r5, r6, r7, pc}
 1285              	.L64:
 1286 0866 C046     		.align	2
 1287              	.L63:
 1288 0868 00000000 		.word	message.7138
 1289 086c 00000000 		.word	__func__.7140
 1290 0870 10020000 		.word	.LC26
 1291 0874 00000000 		.word	coap_error_message
 1292 0878 38020000 		.word	.LC29
 1294              		.section	.rodata
 1295 024f 00       		.align	2
 1296              	.LC33:
 1297 0250 5B25733A 		.ascii	"[%s:%d] Size to allocate: %d\015\012\000"
 1297      25645D20 
 1297      53697A65 
 1297      20746F20 
 1297      616C6C6F 
 1298 026f 00       		.align	2
 1299              	.LC35:
 1300 0270 5B25733A 		.ascii	"[%s:%d] coap_serialize_message() returned %d\015\012"
 1300      25645D20 
 1300      636F6170 
 1300      5F736572 
 1300      69616C69 
 1301 029e 00       		.ascii	"\000"
 1302              		.section	.text.message_send,"ax",%progbits
 1303              		.align	1
ARM GAS  C:\Users\SONG_J~1\AppData\Local\Temp\cc4H7J5K.s 			page 25


 1304              		.global	message_send
 1305              		.syntax unified
 1306              		.code	16
 1307              		.thumb_func
 1308              		.fpu softvfp
 1310              	message_send:
 1311              		@ args = 0, pretend = 0, frame = 32
 1312              		@ frame_needed = 1, uses_anonymous_args = 0
 1313 0000 90B5     		push	{r4, r7, lr}
 1314 0002 89B0     		sub	sp, sp, #36
 1315 0004 00AF     		add	r7, sp, #0
 1316 0006 F860     		str	r0, [r7, #12]
 1317 0008 B960     		str	r1, [r7, #8]
 1318 000a 7A60     		str	r2, [r7, #4]
 1319 000c 1F23     		movs	r3, #31
 1320 000e FB18     		adds	r3, r7, r3
 1321 0010 A022     		movs	r2, #160
 1322 0012 1A70     		strb	r2, [r3]
 1323 0014 0023     		movs	r3, #0
 1324 0016 BB61     		str	r3, [r7, #24]
 1325 0018 E523     		movs	r3, #229
 1326 001a 5A00     		lsls	r2, r3, #1
 1327 001c 2949     		ldr	r1, .L70
 1328 001e 2A4B     		ldr	r3, .L70+4
 1329 0020 1800     		movs	r0, r3
 1330 0022 FFF7FEFF 		bl	atiny_printf
 1331 0026 BB68     		ldr	r3, [r7, #8]
 1332 0028 1800     		movs	r0, r3
 1333 002a FFF7FEFF 		bl	coap_serialize_get_size
 1334 002e 0300     		movs	r3, r0
 1335 0030 7B61     		str	r3, [r7, #20]
 1336 0032 7C69     		ldr	r4, [r7, #20]
 1337 0034 E623     		movs	r3, #230
 1338 0036 5A00     		lsls	r2, r3, #1
 1339 0038 2249     		ldr	r1, .L70
 1340 003a 2448     		ldr	r0, .L70+8
 1341 003c 2300     		movs	r3, r4
 1342 003e FFF7FEFF 		bl	atiny_printf
 1343 0042 7B69     		ldr	r3, [r7, #20]
 1344 0044 002B     		cmp	r3, #0
 1345 0046 01D1     		bne	.L66
 1346 0048 A023     		movs	r3, #160
 1347 004a 36E0     		b	.L67
 1348              	.L66:
 1349 004c 7B69     		ldr	r3, [r7, #20]
 1350 004e 1800     		movs	r0, r3
 1351 0050 FFF7FEFF 		bl	lwm2m_malloc
 1352 0054 0300     		movs	r3, r0
 1353 0056 3B61     		str	r3, [r7, #16]
 1354 0058 3B69     		ldr	r3, [r7, #16]
 1355 005a 002B     		cmp	r3, #0
 1356 005c 2AD0     		beq	.L68
 1357 005e 3A69     		ldr	r2, [r7, #16]
 1358 0060 BB68     		ldr	r3, [r7, #8]
 1359 0062 1100     		movs	r1, r2
 1360 0064 1800     		movs	r0, r3
 1361 0066 FFF7FEFF 		bl	coap_serialize_message
ARM GAS  C:\Users\SONG_J~1\AppData\Local\Temp\cc4H7J5K.s 			page 26


 1362 006a 0300     		movs	r3, r0
 1363 006c BB61     		str	r3, [r7, #24]
 1364 006e BC69     		ldr	r4, [r7, #24]
 1365 0070 D423     		movs	r3, #212
 1366 0072 FF33     		adds	r3, r3, #255
 1367 0074 1A00     		movs	r2, r3
 1368 0076 1349     		ldr	r1, .L70
 1369 0078 1548     		ldr	r0, .L70+12
 1370 007a 2300     		movs	r3, r4
 1371 007c FFF7FEFF 		bl	atiny_printf
 1372 0080 BB69     		ldr	r3, [r7, #24]
 1373 0082 002B     		cmp	r3, #0
 1374 0084 12D0     		beq	.L69
 1375 0086 FB68     		ldr	r3, [r7, #12]
 1376 0088 DB6A     		ldr	r3, [r3, #44]
 1377 008a 1F22     		movs	r2, #31
 1378 008c BC18     		adds	r4, r7, r2
 1379 008e BA69     		ldr	r2, [r7, #24]
 1380 0090 3969     		ldr	r1, [r7, #16]
 1381 0092 7868     		ldr	r0, [r7, #4]
 1382 0094 FFF7FEFF 		bl	lwm2m_buffer_send
 1383 0098 0300     		movs	r3, r0
 1384 009a 2370     		strb	r3, [r4]
 1385 009c 0D4B     		ldr	r3, .L70+16
 1386 009e 1B68     		ldr	r3, [r3]
 1387 00a0 D868     		ldr	r0, [r3, #12]
 1388 00a2 BA69     		ldr	r2, [r7, #24]
 1389 00a4 3969     		ldr	r1, [r7, #16]
 1390 00a6 0023     		movs	r3, #0
 1391 00a8 FFF7FEFF 		bl	output_buffer
 1392              	.L69:
 1393 00ac 3B69     		ldr	r3, [r7, #16]
 1394 00ae 1800     		movs	r0, r3
 1395 00b0 FFF7FEFF 		bl	lwm2m_free
 1396              	.L68:
 1397 00b4 1F23     		movs	r3, #31
 1398 00b6 FB18     		adds	r3, r7, r3
 1399 00b8 1B78     		ldrb	r3, [r3]
 1400              	.L67:
 1401 00ba 1800     		movs	r0, r3
 1402 00bc BD46     		mov	sp, r7
 1403 00be 09B0     		add	sp, sp, #36
 1404              		@ sp needed
 1405 00c0 90BD     		pop	{r4, r7, pc}
 1406              	.L71:
 1407 00c2 C046     		.align	2
 1408              	.L70:
 1409 00c4 00000000 		.word	__func__.7167
 1410 00c8 00000000 		.word	.LC1
 1411 00cc 50020000 		.word	.LC33
 1412 00d0 70020000 		.word	.LC35
 1413 00d4 00000000 		.word	_impure_ptr
 1415              		.section	.rodata.__func__.7117,"a",%progbits
 1416              		.align	2
 1419              	__func__.7117:
 1420 0000 68616E64 		.ascii	"handle_reset\000"
 1420      6C655F72 
ARM GAS  C:\Users\SONG_J~1\AppData\Local\Temp\cc4H7J5K.s 			page 27


 1420      65736574 
 1420      00
 1421              		.section	.rodata.__func__.7126,"a",%progbits
 1422              		.align	2
 1425              	__func__.7126:
 1426 0000 68616E64 		.ascii	"handle_request\000"
 1426      6C655F72 
 1426      65717565 
 1426      737400
 1427              		.section	.rodata.__func__.7140,"a",%progbits
 1428              		.align	2
 1431              	__func__.7140:
 1432 0000 6C776D32 		.ascii	"lwm2m_handle_packet\000"
 1432      6D5F6861 
 1432      6E646C65 
 1432      5F706163 
 1432      6B657400 
 1433              		.section	.bss.message.7138,"aw",%nobits
 1434              		.align	2
 1437              	message.7138:
 1438 0000 00000000 		.space	140
 1438      00000000 
 1438      00000000 
 1438      00000000 
 1438      00000000 
 1439              		.section	.bss.response.7139,"aw",%nobits
 1440              		.align	2
 1443              	response.7139:
 1444 0000 00000000 		.space	140
 1444      00000000 
 1444      00000000 
 1444      00000000 
 1444      00000000 
 1445              		.section	.rodata.__func__.7167,"a",%progbits
 1446              		.align	2
 1449              	__func__.7167:
 1450 0000 6D657373 		.ascii	"message_send\000"
 1450      6167655F 
 1450      73656E64 
 1450      00
 1451              		.ident	"GCC: (GNU Tools for Arm Embedded Processors 7-2017-q4-major) 7.2.1 20170904 (release) [ARM
ARM GAS  C:\Users\SONG_J~1\AppData\Local\Temp\cc4H7J5K.s 			page 28


DEFINED SYMBOLS
                            *ABS*:00000000 packet.c
C:\Users\SONG_J~1\AppData\Local\Temp\cc4H7J5K.s:13     .rodata:00000000 $d
C:\Users\SONG_J~1\AppData\Local\Temp\cc4H7J5K.s:17     .text.handle_reset:00000000 $t
C:\Users\SONG_J~1\AppData\Local\Temp\cc4H7J5K.s:23     .text.handle_reset:00000000 handle_reset
C:\Users\SONG_J~1\AppData\Local\Temp\cc4H7J5K.s:51     .text.handle_reset:00000030 $d
C:\Users\SONG_J~1\AppData\Local\Temp\cc4H7J5K.s:1419   .rodata.__func__.7117:00000000 __func__.7117
C:\Users\SONG_J~1\AppData\Local\Temp\cc4H7J5K.s:55     .text.handle_request:00000000 $t
C:\Users\SONG_J~1\AppData\Local\Temp\cc4H7J5K.s:61     .text.handle_request:00000000 handle_request
C:\Users\SONG_J~1\AppData\Local\Temp\cc4H7J5K.s:170    .text.handle_request:000000cc $d
C:\Users\SONG_J~1\AppData\Local\Temp\cc4H7J5K.s:1425   .rodata.__func__.7126:00000000 __func__.7126
C:\Users\SONG_J~1\AppData\Local\Temp\cc4H7J5K.s:212    .text.lwm2m_handle_packet:00000000 $t
C:\Users\SONG_J~1\AppData\Local\Temp\cc4H7J5K.s:219    .text.lwm2m_handle_packet:00000000 lwm2m_handle_packet
C:\Users\SONG_J~1\AppData\Local\Temp\cc4H7J5K.s:649    .text.lwm2m_handle_packet:00000354 $d
C:\Users\SONG_J~1\AppData\Local\Temp\cc4H7J5K.s:1431   .rodata.__func__.7140:00000000 __func__.7140
C:\Users\SONG_J~1\AppData\Local\Temp\cc4H7J5K.s:1437   .bss.message.7138:00000000 message.7138
C:\Users\SONG_J~1\AppData\Local\Temp\cc4H7J5K.s:1443   .bss.response.7139:00000000 response.7139
C:\Users\SONG_J~1\AppData\Local\Temp\cc4H7J5K.s:658    .text.lwm2m_handle_packet:00000374 $t
C:\Users\SONG_J~1\AppData\Local\Temp\cc4H7J5K.s:1310   .text.message_send:00000000 message_send
C:\Users\SONG_J~1\AppData\Local\Temp\cc4H7J5K.s:1146   .text.lwm2m_handle_packet:00000740 $d
C:\Users\SONG_J~1\AppData\Local\Temp\cc4H7J5K.s:1155   .text.lwm2m_handle_packet:00000760 $t
C:\Users\SONG_J~1\AppData\Local\Temp\cc4H7J5K.s:1288   .text.lwm2m_handle_packet:00000868 $d
C:\Users\SONG_J~1\AppData\Local\Temp\cc4H7J5K.s:1303   .text.message_send:00000000 $t
C:\Users\SONG_J~1\AppData\Local\Temp\cc4H7J5K.s:1409   .text.message_send:000000c4 $d
C:\Users\SONG_J~1\AppData\Local\Temp\cc4H7J5K.s:1449   .rodata.__func__.7167:00000000 __func__.7167
C:\Users\SONG_J~1\AppData\Local\Temp\cc4H7J5K.s:1416   .rodata.__func__.7117:00000000 $d
C:\Users\SONG_J~1\AppData\Local\Temp\cc4H7J5K.s:1422   .rodata.__func__.7126:00000000 $d
C:\Users\SONG_J~1\AppData\Local\Temp\cc4H7J5K.s:1428   .rodata.__func__.7140:00000000 $d
C:\Users\SONG_J~1\AppData\Local\Temp\cc4H7J5K.s:1434   .bss.message.7138:00000000 $d
C:\Users\SONG_J~1\AppData\Local\Temp\cc4H7J5K.s:1440   .bss.response.7139:00000000 $d
C:\Users\SONG_J~1\AppData\Local\Temp\cc4H7J5K.s:1446   .rodata.__func__.7167:00000000 $d

UNDEFINED SYMBOLS
atiny_printf
observe_cancel
uri_decode
utils_findServer
dm_handleRequest
coap_set_status_code
lwm2m_free
coap_parse_message
coap_init_message
coap_set_header_token
coap_get_header_block2
coap_get_header_block1
coap_block1_handler
coap_set_header_block1
coap_set_payload
coap_set_header_block2
transaction_handleResponse
coap_free_header
strlen
coap_error_message
coap_serialize_get_size
lwm2m_malloc
coap_serialize_message
lwm2m_buffer_send
ARM GAS  C:\Users\SONG_J~1\AppData\Local\Temp\cc4H7J5K.s 			page 29


output_buffer
_impure_ptr
