ARM GAS  C:\Users\SONG_J~1\AppData\Local\Temp\ccRONJ24.s 			page 1


   1              		.cpu cortex-m0
   2              		.eabi_attribute 20, 1
   3              		.eabi_attribute 21, 1
   4              		.eabi_attribute 23, 3
   5              		.eabi_attribute 24, 1
   6              		.eabi_attribute 25, 1
   7              		.eabi_attribute 26, 1
   8              		.eabi_attribute 30, 6
   9              		.eabi_attribute 34, 0
  10              		.eabi_attribute 18, 4
  11              		.file	"sys_init.c"
  12              		.section	.text.hw_init,"ax",%progbits
  13              		.align	1
  14              		.global	hw_init
  15              		.syntax unified
  16              		.code	16
  17              		.thumb_func
  18              		.fpu softvfp
  20              	hw_init:
  21              		@ args = 0, pretend = 0, frame = 0
  22              		@ frame_needed = 1, uses_anonymous_args = 0
  23 0000 80B5     		push	{r7, lr}
  24 0002 00AF     		add	r7, sp, #0
  25 0004 FFF7FEFF 		bl	hw_timer_init
  26 0008 FFF7FEFF 		bl	nrf_mem_init
  27 000c FFF7FEFF 		bl	hw_uart_init
  28 0010 C046     		nop
  29 0012 BD46     		mov	sp, r7
  30              		@ sp needed
  31 0014 80BD     		pop	{r7, pc}
  33              		.section	.text.atiny_usleep,"ax",%progbits
  34              		.align	1
  35              		.global	atiny_usleep
  36              		.syntax unified
  37              		.code	16
  38              		.thumb_func
  39              		.fpu softvfp
  41              	atiny_usleep:
  42              		@ args = 0, pretend = 0, frame = 16
  43              		@ frame_needed = 1, uses_anonymous_args = 0
  44 0000 80B5     		push	{r7, lr}
  45 0002 84B0     		sub	sp, sp, #16
  46 0004 00AF     		add	r7, sp, #0
  47 0006 7860     		str	r0, [r7, #4]
  48 0008 7B68     		ldr	r3, [r7, #4]
  49 000a FB60     		str	r3, [r7, #12]
  50 000c FB68     		ldr	r3, [r7, #12]
  51 000e 1800     		movs	r0, r3
  52              		.syntax divided
  53              	@ 166 "../components/drivers_nrf/delay/nrf_delay.h" 1
  54              		.syntax unified
  55              	1:
  56 0010 0138     	 SUBS r0, r0, #1
  57 0012 C046     	 NOP
  58 0014 C046     	 NOP
  59 0016 C046     	 NOP
  60 0018 C046     	 NOP
ARM GAS  C:\Users\SONG_J~1\AppData\Local\Temp\ccRONJ24.s 			page 2


  61 001a C046     	 NOP
  62 001c C046     	 NOP
  63 001e C046     	 NOP
  64 0020 C046     	 NOP
  65 0022 C046     	 NOP
  66 0024 C046     	 NOP
  67 0026 C046     	 NOP
  68 0028 C046     	 NOP
  69 002a F1D1     	 BNE 1b
  70              	.syntax divided
  71              	
  72              	@ 0 "" 2
  73              		.thumb
  74              		.syntax unified
  75 002c C046     		nop
  76 002e BD46     		mov	sp, r7
  77 0030 04B0     		add	sp, sp, #16
  78              		@ sp needed
  79 0032 80BD     		pop	{r7, pc}
  81              		.section	.text.atiny_random,"ax",%progbits
  82              		.align	1
  83              		.global	atiny_random
  84              		.syntax unified
  85              		.code	16
  86              		.thumb_func
  87              		.fpu softvfp
  89              	atiny_random:
  90              		@ args = 0, pretend = 0, frame = 8
  91              		@ frame_needed = 1, uses_anonymous_args = 0
  92 0000 80B5     		push	{r7, lr}
  93 0002 82B0     		sub	sp, sp, #8
  94 0004 00AF     		add	r7, sp, #0
  95 0006 7860     		str	r0, [r7, #4]
  96 0008 3960     		str	r1, [r7]
  97 000a 054B     		ldr	r3, .L5
  98 000c 1A68     		ldr	r2, [r3]
  99 000e 511C     		adds	r1, r2, #1
 100 0010 034B     		ldr	r3, .L5
 101 0012 1960     		str	r1, [r3]
 102 0014 1300     		movs	r3, r2
 103 0016 1800     		movs	r0, r3
 104 0018 BD46     		mov	sp, r7
 105 001a 02B0     		add	sp, sp, #8
 106              		@ sp needed
 107 001c 80BD     		pop	{r7, pc}
 108              	.L6:
 109 001e C046     		.align	2
 110              	.L5:
 111 0020 00000000 		.word	i.7345
 113              		.section	.text.atiny_reboot,"ax",%progbits
 114              		.align	1
 115              		.global	atiny_reboot
 116              		.syntax unified
 117              		.code	16
 118              		.thumb_func
 119              		.fpu softvfp
 121              	atiny_reboot:
ARM GAS  C:\Users\SONG_J~1\AppData\Local\Temp\ccRONJ24.s 			page 3


 122              		@ args = 0, pretend = 0, frame = 0
 123              		@ frame_needed = 1, uses_anonymous_args = 0
 124 0000 80B5     		push	{r7, lr}
 125 0002 00AF     		add	r7, sp, #0
 126 0004 C046     		nop
 127 0006 BD46     		mov	sp, r7
 128              		@ sp needed
 129 0008 80BD     		pop	{r7, pc}
 131              		.section	.bss.i.7345,"aw",%nobits
 132              		.align	2
 135              	i.7345:
 136 0000 00000000 		.space	4
 137              		.ident	"GCC: (GNU Tools for Arm Embedded Processors 7-2017-q4-major) 7.2.1 20170904 (release) [ARM
ARM GAS  C:\Users\SONG_J~1\AppData\Local\Temp\ccRONJ24.s 			page 4


DEFINED SYMBOLS
                            *ABS*:00000000 sys_init.c
C:\Users\SONG_J~1\AppData\Local\Temp\ccRONJ24.s:13     .text.hw_init:00000000 $t
C:\Users\SONG_J~1\AppData\Local\Temp\ccRONJ24.s:20     .text.hw_init:00000000 hw_init
C:\Users\SONG_J~1\AppData\Local\Temp\ccRONJ24.s:34     .text.atiny_usleep:00000000 $t
C:\Users\SONG_J~1\AppData\Local\Temp\ccRONJ24.s:41     .text.atiny_usleep:00000000 atiny_usleep
C:\Users\SONG_J~1\AppData\Local\Temp\ccRONJ24.s:82     .text.atiny_random:00000000 $t
C:\Users\SONG_J~1\AppData\Local\Temp\ccRONJ24.s:89     .text.atiny_random:00000000 atiny_random
C:\Users\SONG_J~1\AppData\Local\Temp\ccRONJ24.s:111    .text.atiny_random:00000020 $d
C:\Users\SONG_J~1\AppData\Local\Temp\ccRONJ24.s:135    .bss.i.7345:00000000 i.7345
C:\Users\SONG_J~1\AppData\Local\Temp\ccRONJ24.s:114    .text.atiny_reboot:00000000 $t
C:\Users\SONG_J~1\AppData\Local\Temp\ccRONJ24.s:121    .text.atiny_reboot:00000000 atiny_reboot
C:\Users\SONG_J~1\AppData\Local\Temp\ccRONJ24.s:132    .bss.i.7345:00000000 $d

UNDEFINED SYMBOLS
hw_timer_init
nrf_mem_init
hw_uart_init
