ARM GAS  C:\Users\SONG_J~1\AppData\Local\Temp\cc0hT8Yf.s 			page 1


   1              		.cpu cortex-m0
   2              		.eabi_attribute 20, 1
   3              		.eabi_attribute 21, 1
   4              		.eabi_attribute 23, 3
   5              		.eabi_attribute 24, 1
   6              		.eabi_attribute 25, 1
   7              		.eabi_attribute 26, 1
   8              		.eabi_attribute 30, 6
   9              		.eabi_attribute 34, 0
  10              		.eabi_attribute 18, 4
  11              		.file	"tlv.c"
  12              		.global	__aeabi_dcmplt
  13              		.global	__aeabi_dcmpgt
  14              		.global	__aeabi_d2f
  15              		.section	.text.prv_encodeFloat,"ax",%progbits
  16              		.align	1
  17              		.syntax unified
  18              		.code	16
  19              		.thumb_func
  20              		.fpu softvfp
  22              	prv_encodeFloat:
  23              		@ args = 0, pretend = 0, frame = 24
  24              		@ frame_needed = 1, uses_anonymous_args = 0
  25 0000 90B5     		push	{r4, r7, lr}
  26 0002 87B0     		sub	sp, sp, #28
  27 0004 00AF     		add	r7, sp, #0
  28 0006 B860     		str	r0, [r7, #8]
  29 0008 F960     		str	r1, [r7, #12]
  30 000a 7A60     		str	r2, [r7, #4]
  31 000c 0023     		movs	r3, #0
  32 000e 7B61     		str	r3, [r7, #20]
  33 0010 B868     		ldr	r0, [r7, #8]
  34 0012 F968     		ldr	r1, [r7, #12]
  35 0014 E022     		movs	r2, #224
  36 0016 1206     		lsls	r2, r2, #24
  37 0018 164B     		ldr	r3, .L8
  38 001a FFF7FEFF 		bl	__aeabi_dcmplt
  39 001e 031E     		subs	r3, r0, #0
  40 0020 08D1     		bne	.L2
  41 0022 B868     		ldr	r0, [r7, #8]
  42 0024 F968     		ldr	r1, [r7, #12]
  43 0026 E022     		movs	r2, #224
  44 0028 1206     		lsls	r2, r2, #24
  45 002a 134B     		ldr	r3, .L8+4
  46 002c FFF7FEFF 		bl	__aeabi_dcmpgt
  47 0030 031E     		subs	r3, r0, #0
  48 0032 09D0     		beq	.L7
  49              	.L2:
  50 0034 0823     		movs	r3, #8
  51 0036 7B61     		str	r3, [r7, #20]
  52 0038 0823     		movs	r3, #8
  53 003a F918     		adds	r1, r7, r3
  54 003c 7B68     		ldr	r3, [r7, #4]
  55 003e 0822     		movs	r2, #8
  56 0040 1800     		movs	r0, r3
  57 0042 FFF7FEFF 		bl	utils_copyValue
  58 0046 10E0     		b	.L5
ARM GAS  C:\Users\SONG_J~1\AppData\Local\Temp\cc0hT8Yf.s 			page 2


  59              	.L7:
  60 0048 0423     		movs	r3, #4
  61 004a 7B61     		str	r3, [r7, #20]
  62 004c BB68     		ldr	r3, [r7, #8]
  63 004e FC68     		ldr	r4, [r7, #12]
  64 0050 1800     		movs	r0, r3
  65 0052 2100     		movs	r1, r4
  66 0054 FFF7FEFF 		bl	__aeabi_d2f
  67 0058 031C     		adds	r3, r0, #0
  68 005a 3B61     		str	r3, [r7, #16]
  69 005c 1023     		movs	r3, #16
  70 005e F918     		adds	r1, r7, r3
  71 0060 7B68     		ldr	r3, [r7, #4]
  72 0062 0422     		movs	r2, #4
  73 0064 1800     		movs	r0, r3
  74 0066 FFF7FEFF 		bl	utils_copyValue
  75              	.L5:
  76 006a 7B69     		ldr	r3, [r7, #20]
  77 006c 1800     		movs	r0, r3
  78 006e BD46     		mov	sp, r7
  79 0070 07B0     		add	sp, sp, #28
  80              		@ sp needed
  81 0072 90BD     		pop	{r4, r7, pc}
  82              	.L9:
  83              		.align	2
  84              	.L8:
  85 0074 FFFFEFC7 		.word	-940572673
  86 0078 FFFFEF47 		.word	1206910975
  88              		.section	.text.prv_encodeInt,"ax",%progbits
  89              		.align	1
  90              		.syntax unified
  91              		.code	16
  92              		.thumb_func
  93              		.fpu softvfp
  95              	prv_encodeInt:
  96              		@ args = 0, pretend = 0, frame = 32
  97              		@ frame_needed = 1, uses_anonymous_args = 0
  98 0000 90B5     		push	{r4, r7, lr}
  99 0002 89B0     		sub	sp, sp, #36
 100 0004 00AF     		add	r7, sp, #0
 101 0006 B860     		str	r0, [r7, #8]
 102 0008 F960     		str	r1, [r7, #12]
 103 000a 7A60     		str	r2, [r7, #4]
 104 000c 0023     		movs	r3, #0
 105 000e FB61     		str	r3, [r7, #28]
 106 0010 BB68     		ldr	r3, [r7, #8]
 107 0012 FC68     		ldr	r4, [r7, #12]
 108 0014 621C     		adds	r2, r4, #1
 109 0016 12DB     		blt	.L11
 110 0018 621C     		adds	r2, r4, #1
 111 001a 01D1     		bne	.L22
 112 001c 8033     		adds	r3, r3, #128
 113 001e 0ED3     		bcc	.L11
 114              	.L22:
 115 0020 BB68     		ldr	r3, [r7, #8]
 116 0022 FC68     		ldr	r4, [r7, #12]
 117 0024 002C     		cmp	r4, #0
ARM GAS  C:\Users\SONG_J~1\AppData\Local\Temp\cc0hT8Yf.s 			page 3


 118 0026 0ADC     		bgt	.L11
 119 0028 01D1     		bne	.L23
 120 002a 7F2B     		cmp	r3, #127
 121 002c 07D8     		bhi	.L11
 122              	.L23:
 123 002e 0123     		movs	r3, #1
 124 0030 FB61     		str	r3, [r7, #28]
 125 0032 BB68     		ldr	r3, [r7, #8]
 126 0034 FC68     		ldr	r4, [r7, #12]
 127 0036 DAB2     		uxtb	r2, r3
 128 0038 7B68     		ldr	r3, [r7, #4]
 129 003a 1A70     		strb	r2, [r3]
 130 003c 4EE0     		b	.L14
 131              	.L11:
 132 003e BB68     		ldr	r3, [r7, #8]
 133 0040 FC68     		ldr	r4, [r7, #12]
 134 0042 621C     		adds	r2, r4, #1
 135 0044 22DB     		blt	.L15
 136 0046 621C     		adds	r2, r4, #1
 137 0048 02D1     		bne	.L24
 138 004a 274A     		ldr	r2, .L28
 139 004c 9342     		cmp	r3, r2
 140 004e 1DD3     		bcc	.L15
 141              	.L24:
 142 0050 BB68     		ldr	r3, [r7, #8]
 143 0052 FC68     		ldr	r4, [r7, #12]
 144 0054 002C     		cmp	r4, #0
 145 0056 19DC     		bgt	.L15
 146 0058 02D1     		bne	.L25
 147 005a 244A     		ldr	r2, .L28+4
 148 005c 9342     		cmp	r3, r2
 149 005e 15D8     		bhi	.L15
 150              	.L25:
 151 0060 BB68     		ldr	r3, [r7, #8]
 152 0062 FC68     		ldr	r4, [r7, #12]
 153 0064 1A21     		movs	r1, #26
 154 0066 7A18     		adds	r2, r7, r1
 155 0068 1380     		strh	r3, [r2]
 156 006a 0223     		movs	r3, #2
 157 006c FB61     		str	r3, [r7, #28]
 158 006e 7B18     		adds	r3, r7, r1
 159 0070 0022     		movs	r2, #0
 160 0072 9B5E     		ldrsh	r3, [r3, r2]
 161 0074 1B12     		asrs	r3, r3, #8
 162 0076 1BB2     		sxth	r3, r3
 163 0078 DAB2     		uxtb	r2, r3
 164 007a 7B68     		ldr	r3, [r7, #4]
 165 007c 1A70     		strb	r2, [r3]
 166 007e 7B68     		ldr	r3, [r7, #4]
 167 0080 0133     		adds	r3, r3, #1
 168 0082 7A18     		adds	r2, r7, r1
 169 0084 1288     		ldrh	r2, [r2]
 170 0086 D2B2     		uxtb	r2, r2
 171 0088 1A70     		strb	r2, [r3]
 172 008a 27E0     		b	.L14
 173              	.L15:
 174 008c BB68     		ldr	r3, [r7, #8]
ARM GAS  C:\Users\SONG_J~1\AppData\Local\Temp\cc0hT8Yf.s 			page 4


 175 008e FC68     		ldr	r4, [r7, #12]
 176 0090 621C     		adds	r2, r4, #1
 177 0092 1ADB     		blt	.L18
 178 0094 621C     		adds	r2, r4, #1
 179 0096 03D1     		bne	.L26
 180 0098 8022     		movs	r2, #128
 181 009a 1206     		lsls	r2, r2, #24
 182 009c 9342     		cmp	r3, r2
 183 009e 14D3     		bcc	.L18
 184              	.L26:
 185 00a0 BB68     		ldr	r3, [r7, #8]
 186 00a2 FC68     		ldr	r4, [r7, #12]
 187 00a4 002C     		cmp	r4, #0
 188 00a6 10DC     		bgt	.L18
 189 00a8 02D1     		bne	.L27
 190 00aa 114A     		ldr	r2, .L28+8
 191 00ac 9342     		cmp	r3, r2
 192 00ae 0CD8     		bhi	.L18
 193              	.L27:
 194 00b0 BB68     		ldr	r3, [r7, #8]
 195 00b2 FC68     		ldr	r4, [r7, #12]
 196 00b4 7B61     		str	r3, [r7, #20]
 197 00b6 0423     		movs	r3, #4
 198 00b8 FB61     		str	r3, [r7, #28]
 199 00ba FA69     		ldr	r2, [r7, #28]
 200 00bc 1423     		movs	r3, #20
 201 00be F918     		adds	r1, r7, r3
 202 00c0 7B68     		ldr	r3, [r7, #4]
 203 00c2 1800     		movs	r0, r3
 204 00c4 FFF7FEFF 		bl	utils_copyValue
 205 00c8 08E0     		b	.L14
 206              	.L18:
 207 00ca 0823     		movs	r3, #8
 208 00cc FB61     		str	r3, [r7, #28]
 209 00ce FA69     		ldr	r2, [r7, #28]
 210 00d0 0823     		movs	r3, #8
 211 00d2 F918     		adds	r1, r7, r3
 212 00d4 7B68     		ldr	r3, [r7, #4]
 213 00d6 1800     		movs	r0, r3
 214 00d8 FFF7FEFF 		bl	utils_copyValue
 215              	.L14:
 216 00dc FB69     		ldr	r3, [r7, #28]
 217 00de 1800     		movs	r0, r3
 218 00e0 BD46     		mov	sp, r7
 219 00e2 09B0     		add	sp, sp, #36
 220              		@ sp needed
 221 00e4 90BD     		pop	{r4, r7, pc}
 222              	.L29:
 223 00e6 C046     		.align	2
 224              	.L28:
 225 00e8 0080FFFF 		.word	-32768
 226 00ec FF7F0000 		.word	32767
 227 00f0 FFFFFF7F 		.word	2147483647
 229              		.section	.text.prv_getHeaderType,"ax",%progbits
 230              		.align	1
 231              		.syntax unified
 232              		.code	16
ARM GAS  C:\Users\SONG_J~1\AppData\Local\Temp\cc0hT8Yf.s 			page 5


 233              		.thumb_func
 234              		.fpu softvfp
 236              	prv_getHeaderType:
 237              		@ args = 0, pretend = 0, frame = 8
 238              		@ frame_needed = 1, uses_anonymous_args = 0
 239 0000 80B5     		push	{r7, lr}
 240 0002 82B0     		sub	sp, sp, #8
 241 0004 00AF     		add	r7, sp, #0
 242 0006 0200     		movs	r2, r0
 243 0008 FB1D     		adds	r3, r7, #7
 244 000a 1A70     		strb	r2, [r3]
 245 000c FB1D     		adds	r3, r7, #7
 246 000e 1B78     		ldrb	r3, [r3]
 247 0010 092B     		cmp	r3, #9
 248 0012 0CD8     		bhi	.L31
 249 0014 9A00     		lsls	r2, r3, #2
 250 0016 084B     		ldr	r3, .L38
 251 0018 D318     		adds	r3, r2, r3
 252 001a 1B68     		ldr	r3, [r3]
 253 001c 9F46     		mov	pc, r3
 254              		.section	.rodata.prv_getHeaderType,"a",%progbits
 255              		.align	2
 256              	.L33:
 257 0000 2E000000 		.word	.L31
 258 0004 1E000000 		.word	.L32
 259 0008 22000000 		.word	.L34
 260 000c 26000000 		.word	.L35
 261 0010 2A000000 		.word	.L36
 262 0014 2A000000 		.word	.L36
 263 0018 2A000000 		.word	.L36
 264 001c 2A000000 		.word	.L36
 265 0020 2A000000 		.word	.L36
 266 0024 2A000000 		.word	.L36
 267              		.section	.text.prv_getHeaderType
 268              	.L32:
 269 001e 1023     		movs	r3, #16
 270 0020 06E0     		b	.L37
 271              	.L34:
 272 0022 0023     		movs	r3, #0
 273 0024 04E0     		b	.L37
 274              	.L35:
 275 0026 8023     		movs	r3, #128
 276 0028 02E0     		b	.L37
 277              	.L36:
 278 002a C023     		movs	r3, #192
 279 002c 00E0     		b	.L37
 280              	.L31:
 281 002e FF23     		movs	r3, #255
 282              	.L37:
 283 0030 1800     		movs	r0, r3
 284 0032 BD46     		mov	sp, r7
 285 0034 02B0     		add	sp, sp, #8
 286              		@ sp needed
 287 0036 80BD     		pop	{r7, pc}
 288              	.L39:
 289              		.align	2
 290              	.L38:
ARM GAS  C:\Users\SONG_J~1\AppData\Local\Temp\cc0hT8Yf.s 			page 6


 291 0038 00000000 		.word	.L33
 293              		.section	.text.prv_getDataType,"ax",%progbits
 294              		.align	1
 295              		.syntax unified
 296              		.code	16
 297              		.thumb_func
 298              		.fpu softvfp
 300              	prv_getDataType:
 301              		@ args = 0, pretend = 0, frame = 8
 302              		@ frame_needed = 1, uses_anonymous_args = 0
 303 0000 80B5     		push	{r7, lr}
 304 0002 82B0     		sub	sp, sp, #8
 305 0004 00AF     		add	r7, sp, #0
 306 0006 0200     		movs	r2, r0
 307 0008 FB1D     		adds	r3, r7, #7
 308 000a 1A70     		strb	r2, [r3]
 309 000c FB1D     		adds	r3, r7, #7
 310 000e 1B78     		ldrb	r3, [r3]
 311 0010 402B     		cmp	r3, #64
 312 0012 10D0     		beq	.L42
 313 0014 04DC     		bgt	.L43
 314 0016 002B     		cmp	r3, #0
 315 0018 09D0     		beq	.L44
 316 001a 102B     		cmp	r3, #16
 317 001c 05D0     		beq	.L45
 318 001e 0CE0     		b	.L41
 319              	.L43:
 320 0020 802B     		cmp	r3, #128
 321 0022 06D0     		beq	.L46
 322 0024 C02B     		cmp	r3, #192
 323 0026 06D0     		beq	.L42
 324 0028 07E0     		b	.L41
 325              	.L45:
 326 002a 0123     		movs	r3, #1
 327 002c 06E0     		b	.L47
 328              	.L44:
 329 002e 0223     		movs	r3, #2
 330 0030 04E0     		b	.L47
 331              	.L46:
 332 0032 0323     		movs	r3, #3
 333 0034 02E0     		b	.L47
 334              	.L42:
 335 0036 0523     		movs	r3, #5
 336 0038 00E0     		b	.L47
 337              	.L41:
 338 003a 0023     		movs	r3, #0
 339              	.L47:
 340 003c 1800     		movs	r0, r3
 341 003e BD46     		mov	sp, r7
 342 0040 02B0     		add	sp, sp, #8
 343              		@ sp needed
 344 0042 80BD     		pop	{r7, pc}
 346              		.section	.text.prv_getHeaderLength,"ax",%progbits
 347              		.align	1
 348              		.syntax unified
 349              		.code	16
 350              		.thumb_func
ARM GAS  C:\Users\SONG_J~1\AppData\Local\Temp\cc0hT8Yf.s 			page 7


 351              		.fpu softvfp
 353              	prv_getHeaderLength:
 354              		@ args = 0, pretend = 0, frame = 16
 355              		@ frame_needed = 1, uses_anonymous_args = 0
 356 0000 80B5     		push	{r7, lr}
 357 0002 84B0     		sub	sp, sp, #16
 358 0004 00AF     		add	r7, sp, #0
 359 0006 0200     		movs	r2, r0
 360 0008 3960     		str	r1, [r7]
 361 000a BB1D     		adds	r3, r7, #6
 362 000c 1A80     		strh	r2, [r3]
 363 000e 0223     		movs	r3, #2
 364 0010 FB60     		str	r3, [r7, #12]
 365 0012 BB1D     		adds	r3, r7, #6
 366 0014 1B88     		ldrh	r3, [r3]
 367 0016 FF2B     		cmp	r3, #255
 368 0018 02D9     		bls	.L49
 369 001a FB68     		ldr	r3, [r7, #12]
 370 001c 0133     		adds	r3, r3, #1
 371 001e FB60     		str	r3, [r7, #12]
 372              	.L49:
 373 0020 3B68     		ldr	r3, [r7]
 374 0022 0C4A     		ldr	r2, .L54
 375 0024 9342     		cmp	r3, r2
 376 0026 03D9     		bls	.L50
 377 0028 FB68     		ldr	r3, [r7, #12]
 378 002a 0333     		adds	r3, r3, #3
 379 002c FB60     		str	r3, [r7, #12]
 380 002e 0CE0     		b	.L51
 381              	.L50:
 382 0030 3B68     		ldr	r3, [r7]
 383 0032 FF2B     		cmp	r3, #255
 384 0034 03D9     		bls	.L52
 385 0036 FB68     		ldr	r3, [r7, #12]
 386 0038 0233     		adds	r3, r3, #2
 387 003a FB60     		str	r3, [r7, #12]
 388 003c 05E0     		b	.L51
 389              	.L52:
 390 003e 3B68     		ldr	r3, [r7]
 391 0040 072B     		cmp	r3, #7
 392 0042 02D9     		bls	.L51
 393 0044 FB68     		ldr	r3, [r7, #12]
 394 0046 0133     		adds	r3, r3, #1
 395 0048 FB60     		str	r3, [r7, #12]
 396              	.L51:
 397 004a FB68     		ldr	r3, [r7, #12]
 398 004c 1800     		movs	r0, r3
 399 004e BD46     		mov	sp, r7
 400 0050 04B0     		add	sp, sp, #16
 401              		@ sp needed
 402 0052 80BD     		pop	{r7, pc}
 403              	.L55:
 404              		.align	2
 405              	.L54:
 406 0054 FFFF0000 		.word	65535
 408              		.section	.text.prv_createHeader,"ax",%progbits
 409              		.align	1
ARM GAS  C:\Users\SONG_J~1\AppData\Local\Temp\cc0hT8Yf.s 			page 8


 410              		.syntax unified
 411              		.code	16
 412              		.thumb_func
 413              		.fpu softvfp
 415              	prv_createHeader:
 416              		@ args = 4, pretend = 0, frame = 24
 417              		@ frame_needed = 1, uses_anonymous_args = 0
 418 0000 90B5     		push	{r4, r7, lr}
 419 0002 87B0     		sub	sp, sp, #28
 420 0004 00AF     		add	r7, sp, #0
 421 0006 7860     		str	r0, [r7, #4]
 422 0008 0C00     		movs	r4, r1
 423 000a 1000     		movs	r0, r2
 424 000c 1900     		movs	r1, r3
 425 000e FB1C     		adds	r3, r7, #3
 426 0010 221C     		adds	r2, r4, #0
 427 0012 1A70     		strb	r2, [r3]
 428 0014 BB1C     		adds	r3, r7, #2
 429 0016 021C     		adds	r2, r0, #0
 430 0018 1A70     		strb	r2, [r3]
 431 001a 3B00     		movs	r3, r7
 432 001c 0A1C     		adds	r2, r1, #0
 433 001e 1A80     		strh	r2, [r3]
 434 0020 BA6A     		ldr	r2, [r7, #40]
 435 0022 3B00     		movs	r3, r7
 436 0024 1B88     		ldrh	r3, [r3]
 437 0026 1100     		movs	r1, r2
 438 0028 1800     		movs	r0, r3
 439 002a FFF7FEFF 		bl	prv_getHeaderLength
 440 002e 0300     		movs	r3, r0
 441 0030 FB60     		str	r3, [r7, #12]
 442 0032 FB1C     		adds	r3, r7, #3
 443 0034 1B78     		ldrb	r3, [r3]
 444 0036 002B     		cmp	r3, #0
 445 0038 04D0     		beq	.L57
 446 003a 1323     		movs	r3, #19
 447 003c FB18     		adds	r3, r7, r3
 448 003e 4022     		movs	r2, #64
 449 0040 1A70     		strb	r2, [r3]
 450 0042 08E0     		b	.L58
 451              	.L57:
 452 0044 1323     		movs	r3, #19
 453 0046 FC18     		adds	r4, r7, r3
 454 0048 BB1C     		adds	r3, r7, #2
 455 004a 1B78     		ldrb	r3, [r3]
 456 004c 1800     		movs	r0, r3
 457 004e FFF7FEFF 		bl	prv_getHeaderType
 458 0052 0300     		movs	r3, r0
 459 0054 2370     		strb	r3, [r4]
 460              	.L58:
 461 0056 7B68     		ldr	r3, [r7, #4]
 462 0058 0022     		movs	r2, #0
 463 005a 1A70     		strb	r2, [r3]
 464 005c 7B68     		ldr	r3, [r7, #4]
 465 005e 1B78     		ldrb	r3, [r3]
 466 0060 5AB2     		sxtb	r2, r3
 467 0062 1323     		movs	r3, #19
ARM GAS  C:\Users\SONG_J~1\AppData\Local\Temp\cc0hT8Yf.s 			page 9


 468 0064 FB18     		adds	r3, r7, r3
 469 0066 1B78     		ldrb	r3, [r3]
 470 0068 5BB2     		sxtb	r3, r3
 471 006a 3F21     		movs	r1, #63
 472 006c 8B43     		bics	r3, r1
 473 006e 5BB2     		sxtb	r3, r3
 474 0070 1343     		orrs	r3, r2
 475 0072 5BB2     		sxtb	r3, r3
 476 0074 DAB2     		uxtb	r2, r3
 477 0076 7B68     		ldr	r3, [r7, #4]
 478 0078 1A70     		strb	r2, [r3]
 479 007a 3B00     		movs	r3, r7
 480 007c 1B88     		ldrh	r3, [r3]
 481 007e FF2B     		cmp	r3, #255
 482 0080 17D9     		bls	.L59
 483 0082 7B68     		ldr	r3, [r7, #4]
 484 0084 1B78     		ldrb	r3, [r3]
 485 0086 2022     		movs	r2, #32
 486 0088 1343     		orrs	r3, r2
 487 008a DAB2     		uxtb	r2, r3
 488 008c 7B68     		ldr	r3, [r7, #4]
 489 008e 1A70     		strb	r2, [r3]
 490 0090 3B00     		movs	r3, r7
 491 0092 1B88     		ldrh	r3, [r3]
 492 0094 1B0A     		lsrs	r3, r3, #8
 493 0096 9AB2     		uxth	r2, r3
 494 0098 7B68     		ldr	r3, [r7, #4]
 495 009a 0133     		adds	r3, r3, #1
 496 009c D2B2     		uxtb	r2, r2
 497 009e 1A70     		strb	r2, [r3]
 498 00a0 7B68     		ldr	r3, [r7, #4]
 499 00a2 0233     		adds	r3, r3, #2
 500 00a4 3A00     		movs	r2, r7
 501 00a6 1288     		ldrh	r2, [r2]
 502 00a8 D2B2     		uxtb	r2, r2
 503 00aa 1A70     		strb	r2, [r3]
 504 00ac 0323     		movs	r3, #3
 505 00ae 7B61     		str	r3, [r7, #20]
 506 00b0 07E0     		b	.L60
 507              	.L59:
 508 00b2 7B68     		ldr	r3, [r7, #4]
 509 00b4 0133     		adds	r3, r3, #1
 510 00b6 3A00     		movs	r2, r7
 511 00b8 1288     		ldrh	r2, [r2]
 512 00ba D2B2     		uxtb	r2, r2
 513 00bc 1A70     		strb	r2, [r3]
 514 00be 0223     		movs	r3, #2
 515 00c0 7B61     		str	r3, [r7, #20]
 516              	.L60:
 517 00c2 BB6A     		ldr	r3, [r7, #40]
 518 00c4 072B     		cmp	r3, #7
 519 00c6 08D8     		bhi	.L61
 520 00c8 7B68     		ldr	r3, [r7, #4]
 521 00ca 1A78     		ldrb	r2, [r3]
 522 00cc BB6A     		ldr	r3, [r7, #40]
 523 00ce DBB2     		uxtb	r3, r3
 524 00d0 D318     		adds	r3, r2, r3
ARM GAS  C:\Users\SONG_J~1\AppData\Local\Temp\cc0hT8Yf.s 			page 10


 525 00d2 DAB2     		uxtb	r2, r3
 526 00d4 7B68     		ldr	r3, [r7, #4]
 527 00d6 1A70     		strb	r2, [r3]
 528 00d8 4BE0     		b	.L62
 529              	.L61:
 530 00da BB6A     		ldr	r3, [r7, #40]
 531 00dc FF2B     		cmp	r3, #255
 532 00de 0DD8     		bhi	.L63
 533 00e0 7B68     		ldr	r3, [r7, #4]
 534 00e2 1B78     		ldrb	r3, [r3]
 535 00e4 0822     		movs	r2, #8
 536 00e6 1343     		orrs	r3, r2
 537 00e8 DAB2     		uxtb	r2, r3
 538 00ea 7B68     		ldr	r3, [r7, #4]
 539 00ec 1A70     		strb	r2, [r3]
 540 00ee 7B69     		ldr	r3, [r7, #20]
 541 00f0 7A68     		ldr	r2, [r7, #4]
 542 00f2 D318     		adds	r3, r2, r3
 543 00f4 BA6A     		ldr	r2, [r7, #40]
 544 00f6 D2B2     		uxtb	r2, r2
 545 00f8 1A70     		strb	r2, [r3]
 546 00fa 3AE0     		b	.L62
 547              	.L63:
 548 00fc BB6A     		ldr	r3, [r7, #40]
 549 00fe 1F4A     		ldr	r2, .L66
 550 0100 9342     		cmp	r3, r2
 551 0102 15D8     		bhi	.L64
 552 0104 7B68     		ldr	r3, [r7, #4]
 553 0106 1B78     		ldrb	r3, [r3]
 554 0108 1022     		movs	r2, #16
 555 010a 1343     		orrs	r3, r2
 556 010c DAB2     		uxtb	r2, r3
 557 010e 7B68     		ldr	r3, [r7, #4]
 558 0110 1A70     		strb	r2, [r3]
 559 0112 BB6A     		ldr	r3, [r7, #40]
 560 0114 190A     		lsrs	r1, r3, #8
 561 0116 7B69     		ldr	r3, [r7, #20]
 562 0118 7A68     		ldr	r2, [r7, #4]
 563 011a D318     		adds	r3, r2, r3
 564 011c CAB2     		uxtb	r2, r1
 565 011e 1A70     		strb	r2, [r3]
 566 0120 7B69     		ldr	r3, [r7, #20]
 567 0122 0133     		adds	r3, r3, #1
 568 0124 7A68     		ldr	r2, [r7, #4]
 569 0126 D318     		adds	r3, r2, r3
 570 0128 BA6A     		ldr	r2, [r7, #40]
 571 012a D2B2     		uxtb	r2, r2
 572 012c 1A70     		strb	r2, [r3]
 573 012e 20E0     		b	.L62
 574              	.L64:
 575 0130 BB6A     		ldr	r3, [r7, #40]
 576 0132 134A     		ldr	r2, .L66+4
 577 0134 9342     		cmp	r3, r2
 578 0136 1CD8     		bhi	.L62
 579 0138 7B68     		ldr	r3, [r7, #4]
 580 013a 1B78     		ldrb	r3, [r3]
 581 013c 1822     		movs	r2, #24
ARM GAS  C:\Users\SONG_J~1\AppData\Local\Temp\cc0hT8Yf.s 			page 11


 582 013e 1343     		orrs	r3, r2
 583 0140 DAB2     		uxtb	r2, r3
 584 0142 7B68     		ldr	r3, [r7, #4]
 585 0144 1A70     		strb	r2, [r3]
 586 0146 BB6A     		ldr	r3, [r7, #40]
 587 0148 190C     		lsrs	r1, r3, #16
 588 014a 7B69     		ldr	r3, [r7, #20]
 589 014c 7A68     		ldr	r2, [r7, #4]
 590 014e D318     		adds	r3, r2, r3
 591 0150 CAB2     		uxtb	r2, r1
 592 0152 1A70     		strb	r2, [r3]
 593 0154 BB6A     		ldr	r3, [r7, #40]
 594 0156 190A     		lsrs	r1, r3, #8
 595 0158 7B69     		ldr	r3, [r7, #20]
 596 015a 0133     		adds	r3, r3, #1
 597 015c 7A68     		ldr	r2, [r7, #4]
 598 015e D318     		adds	r3, r2, r3
 599 0160 CAB2     		uxtb	r2, r1
 600 0162 1A70     		strb	r2, [r3]
 601 0164 7B69     		ldr	r3, [r7, #20]
 602 0166 0233     		adds	r3, r3, #2
 603 0168 7A68     		ldr	r2, [r7, #4]
 604 016a D318     		adds	r3, r2, r3
 605 016c BA6A     		ldr	r2, [r7, #40]
 606 016e D2B2     		uxtb	r2, r2
 607 0170 1A70     		strb	r2, [r3]
 608              	.L62:
 609 0172 FB68     		ldr	r3, [r7, #12]
 610 0174 1800     		movs	r0, r3
 611 0176 BD46     		mov	sp, r7
 612 0178 07B0     		add	sp, sp, #28
 613              		@ sp needed
 614 017a 90BD     		pop	{r4, r7, pc}
 615              	.L67:
 616              		.align	2
 617              	.L66:
 618 017c FFFF0000 		.word	65535
 619 0180 FFFFFF00 		.word	16777215
 621              		.section	.rodata
 622              		.align	2
 623              	.LC2:
 624 0000 5B25733A 		.ascii	"[%s:%d] buffer_len: %d\015\012\000"
 624      25645D20 
 624      62756666 
 624      65725F6C 
 624      656E3A20 
 625              		.section	.text.lwm2m_decode_TLV,"ax",%progbits
 626              		.align	1
 627              		.global	lwm2m_decode_TLV
 628              		.syntax unified
 629              		.code	16
 630              		.thumb_func
 631              		.fpu softvfp
 633              	lwm2m_decode_TLV:
 634              		@ args = 8, pretend = 0, frame = 16
 635              		@ frame_needed = 1, uses_anonymous_args = 0
 636 0000 80B5     		push	{r7, lr}
ARM GAS  C:\Users\SONG_J~1\AppData\Local\Temp\cc0hT8Yf.s 			page 12


 637 0002 84B0     		sub	sp, sp, #16
 638 0004 00AF     		add	r7, sp, #0
 639 0006 F860     		str	r0, [r7, #12]
 640 0008 B960     		str	r1, [r7, #8]
 641 000a 7A60     		str	r2, [r7, #4]
 642 000c 3B60     		str	r3, [r7]
 643 000e BB68     		ldr	r3, [r7, #8]
 644 0010 6249     		ldr	r1, .L85
 645 0012 6348     		ldr	r0, .L85+4
 646 0014 F822     		movs	r2, #248
 647 0016 FFF7FEFF 		bl	atiny_printf
 648 001a BB68     		ldr	r3, [r7, #8]
 649 001c 012B     		cmp	r3, #1
 650 001e 01D8     		bhi	.L69
 651 0020 0023     		movs	r3, #0
 652 0022 B6E0     		b	.L70
 653              	.L69:
 654 0024 BB69     		ldr	r3, [r7, #24]
 655 0026 0222     		movs	r2, #2
 656 0028 1A60     		str	r2, [r3]
 657 002a FB68     		ldr	r3, [r7, #12]
 658 002c 1B78     		ldrb	r3, [r3]
 659 002e 3F22     		movs	r2, #63
 660 0030 9343     		bics	r3, r2
 661 0032 DBB2     		uxtb	r3, r3
 662 0034 1800     		movs	r0, r3
 663 0036 FFF7FEFF 		bl	prv_getDataType
 664 003a 0300     		movs	r3, r0
 665 003c 1A00     		movs	r2, r3
 666 003e 7B68     		ldr	r3, [r7, #4]
 667 0040 1A70     		strb	r2, [r3]
 668 0042 FB68     		ldr	r3, [r7, #12]
 669 0044 1B78     		ldrb	r3, [r3]
 670 0046 1A00     		movs	r2, r3
 671 0048 2023     		movs	r3, #32
 672 004a 1340     		ands	r3, r2
 673 004c 18D0     		beq	.L71
 674 004e BB68     		ldr	r3, [r7, #8]
 675 0050 022B     		cmp	r3, #2
 676 0052 01D8     		bhi	.L72
 677 0054 0023     		movs	r3, #0
 678 0056 9CE0     		b	.L70
 679              	.L72:
 680 0058 BB69     		ldr	r3, [r7, #24]
 681 005a 1B68     		ldr	r3, [r3]
 682 005c 5A1C     		adds	r2, r3, #1
 683 005e BB69     		ldr	r3, [r7, #24]
 684 0060 1A60     		str	r2, [r3]
 685 0062 FB68     		ldr	r3, [r7, #12]
 686 0064 0133     		adds	r3, r3, #1
 687 0066 1B78     		ldrb	r3, [r3]
 688 0068 9BB2     		uxth	r3, r3
 689 006a 1B02     		lsls	r3, r3, #8
 690 006c 9AB2     		uxth	r2, r3
 691 006e FB68     		ldr	r3, [r7, #12]
 692 0070 0233     		adds	r3, r3, #2
 693 0072 1B78     		ldrb	r3, [r3]
ARM GAS  C:\Users\SONG_J~1\AppData\Local\Temp\cc0hT8Yf.s 			page 13


 694 0074 9BB2     		uxth	r3, r3
 695 0076 D318     		adds	r3, r2, r3
 696 0078 9AB2     		uxth	r2, r3
 697 007a 3B68     		ldr	r3, [r7]
 698 007c 1A80     		strh	r2, [r3]
 699 007e 05E0     		b	.L73
 700              	.L71:
 701 0080 FB68     		ldr	r3, [r7, #12]
 702 0082 0133     		adds	r3, r3, #1
 703 0084 1B78     		ldrb	r3, [r3]
 704 0086 9AB2     		uxth	r2, r3
 705 0088 3B68     		ldr	r3, [r7]
 706 008a 1A80     		strh	r2, [r3]
 707              	.L73:
 708 008c FB68     		ldr	r3, [r7, #12]
 709 008e 1B78     		ldrb	r3, [r3]
 710 0090 1A00     		movs	r2, r3
 711 0092 1823     		movs	r3, #24
 712 0094 1340     		ands	r3, r2
 713 0096 082B     		cmp	r3, #8
 714 0098 10D0     		beq	.L75
 715 009a 02DC     		bgt	.L76
 716 009c 002B     		cmp	r3, #0
 717 009e 05D0     		beq	.L77
 718 00a0 66E0     		b	.L74
 719              	.L76:
 720 00a2 102B     		cmp	r3, #16
 721 00a4 20D0     		beq	.L78
 722 00a6 182B     		cmp	r3, #24
 723 00a8 3CD0     		beq	.L79
 724 00aa 61E0     		b	.L74
 725              	.L77:
 726 00ac FB68     		ldr	r3, [r7, #12]
 727 00ae 1B78     		ldrb	r3, [r3]
 728 00b0 1A00     		movs	r2, r3
 729 00b2 0723     		movs	r3, #7
 730 00b4 1A40     		ands	r2, r3
 731 00b6 FB69     		ldr	r3, [r7, #28]
 732 00b8 1A60     		str	r2, [r3]
 733 00ba 5BE0     		b	.L80
 734              	.L75:
 735 00bc BB69     		ldr	r3, [r7, #24]
 736 00be 1B68     		ldr	r3, [r3]
 737 00c0 0133     		adds	r3, r3, #1
 738 00c2 BA68     		ldr	r2, [r7, #8]
 739 00c4 9A42     		cmp	r2, r3
 740 00c6 01D2     		bcs	.L81
 741 00c8 0023     		movs	r3, #0
 742 00ca 62E0     		b	.L70
 743              	.L81:
 744 00cc BB69     		ldr	r3, [r7, #24]
 745 00ce 1B68     		ldr	r3, [r3]
 746 00d0 FA68     		ldr	r2, [r7, #12]
 747 00d2 D318     		adds	r3, r2, r3
 748 00d4 1B78     		ldrb	r3, [r3]
 749 00d6 1A00     		movs	r2, r3
 750 00d8 FB69     		ldr	r3, [r7, #28]
ARM GAS  C:\Users\SONG_J~1\AppData\Local\Temp\cc0hT8Yf.s 			page 14


 751 00da 1A60     		str	r2, [r3]
 752 00dc BB69     		ldr	r3, [r7, #24]
 753 00de 1B68     		ldr	r3, [r3]
 754 00e0 5A1C     		adds	r2, r3, #1
 755 00e2 BB69     		ldr	r3, [r7, #24]
 756 00e4 1A60     		str	r2, [r3]
 757 00e6 45E0     		b	.L80
 758              	.L78:
 759 00e8 BB69     		ldr	r3, [r7, #24]
 760 00ea 1B68     		ldr	r3, [r3]
 761 00ec 0233     		adds	r3, r3, #2
 762 00ee BA68     		ldr	r2, [r7, #8]
 763 00f0 9A42     		cmp	r2, r3
 764 00f2 01D2     		bcs	.L82
 765 00f4 0023     		movs	r3, #0
 766 00f6 4CE0     		b	.L70
 767              	.L82:
 768 00f8 BB69     		ldr	r3, [r7, #24]
 769 00fa 1B68     		ldr	r3, [r3]
 770 00fc FA68     		ldr	r2, [r7, #12]
 771 00fe D318     		adds	r3, r2, r3
 772 0100 1B78     		ldrb	r3, [r3]
 773 0102 1A02     		lsls	r2, r3, #8
 774 0104 BB69     		ldr	r3, [r7, #24]
 775 0106 1B68     		ldr	r3, [r3]
 776 0108 0133     		adds	r3, r3, #1
 777 010a F968     		ldr	r1, [r7, #12]
 778 010c CB18     		adds	r3, r1, r3
 779 010e 1B78     		ldrb	r3, [r3]
 780 0110 D318     		adds	r3, r2, r3
 781 0112 1A00     		movs	r2, r3
 782 0114 FB69     		ldr	r3, [r7, #28]
 783 0116 1A60     		str	r2, [r3]
 784 0118 BB69     		ldr	r3, [r7, #24]
 785 011a 1B68     		ldr	r3, [r3]
 786 011c 9A1C     		adds	r2, r3, #2
 787 011e BB69     		ldr	r3, [r7, #24]
 788 0120 1A60     		str	r2, [r3]
 789 0122 27E0     		b	.L80
 790              	.L79:
 791 0124 BB69     		ldr	r3, [r7, #24]
 792 0126 1B68     		ldr	r3, [r3]
 793 0128 0333     		adds	r3, r3, #3
 794 012a BA68     		ldr	r2, [r7, #8]
 795 012c 9A42     		cmp	r2, r3
 796 012e 01D2     		bcs	.L83
 797 0130 0023     		movs	r3, #0
 798 0132 2EE0     		b	.L70
 799              	.L83:
 800 0134 BB69     		ldr	r3, [r7, #24]
 801 0136 1B68     		ldr	r3, [r3]
 802 0138 FA68     		ldr	r2, [r7, #12]
 803 013a D318     		adds	r3, r2, r3
 804 013c 1B78     		ldrb	r3, [r3]
 805 013e 1A04     		lsls	r2, r3, #16
 806 0140 BB69     		ldr	r3, [r7, #24]
 807 0142 1B68     		ldr	r3, [r3]
ARM GAS  C:\Users\SONG_J~1\AppData\Local\Temp\cc0hT8Yf.s 			page 15


 808 0144 0133     		adds	r3, r3, #1
 809 0146 F968     		ldr	r1, [r7, #12]
 810 0148 CB18     		adds	r3, r1, r3
 811 014a 1B78     		ldrb	r3, [r3]
 812 014c 1B02     		lsls	r3, r3, #8
 813 014e D218     		adds	r2, r2, r3
 814 0150 BB69     		ldr	r3, [r7, #24]
 815 0152 1B68     		ldr	r3, [r3]
 816 0154 0233     		adds	r3, r3, #2
 817 0156 F968     		ldr	r1, [r7, #12]
 818 0158 CB18     		adds	r3, r1, r3
 819 015a 1B78     		ldrb	r3, [r3]
 820 015c D318     		adds	r3, r2, r3
 821 015e 1A00     		movs	r2, r3
 822 0160 FB69     		ldr	r3, [r7, #28]
 823 0162 1A60     		str	r2, [r3]
 824 0164 BB69     		ldr	r3, [r7, #24]
 825 0166 1B68     		ldr	r3, [r3]
 826 0168 DA1C     		adds	r2, r3, #3
 827 016a BB69     		ldr	r3, [r7, #24]
 828 016c 1A60     		str	r2, [r3]
 829 016e 01E0     		b	.L80
 830              	.L74:
 831 0170 0023     		movs	r3, #0
 832 0172 0EE0     		b	.L70
 833              	.L80:
 834 0174 BB69     		ldr	r3, [r7, #24]
 835 0176 1A68     		ldr	r2, [r3]
 836 0178 FB69     		ldr	r3, [r7, #28]
 837 017a 1B68     		ldr	r3, [r3]
 838 017c D318     		adds	r3, r2, r3
 839 017e BA68     		ldr	r2, [r7, #8]
 840 0180 9A42     		cmp	r2, r3
 841 0182 01D2     		bcs	.L84
 842 0184 0023     		movs	r3, #0
 843 0186 04E0     		b	.L70
 844              	.L84:
 845 0188 BB69     		ldr	r3, [r7, #24]
 846 018a 1A68     		ldr	r2, [r3]
 847 018c FB69     		ldr	r3, [r7, #28]
 848 018e 1B68     		ldr	r3, [r3]
 849 0190 D318     		adds	r3, r2, r3
 850              	.L70:
 851 0192 1800     		movs	r0, r3
 852 0194 BD46     		mov	sp, r7
 853 0196 04B0     		add	sp, sp, #16
 854              		@ sp needed
 855 0198 80BD     		pop	{r7, pc}
 856              	.L86:
 857 019a C046     		.align	2
 858              	.L85:
 859 019c 00000000 		.word	__func__.7123
 860 01a0 00000000 		.word	.LC2
 862              		.section	.rodata
 863 0019 000000   		.align	2
 864              	.LC5:
 865 001c 5B25733A 		.ascii	"[%s:%d] bufferLen: %d\015\012\000"
ARM GAS  C:\Users\SONG_J~1\AppData\Local\Temp\cc0hT8Yf.s 			page 16


 865      25645D20 
 865      62756666 
 865      65724C65 
 865      6E3A2025 
 866              		.section	.text.tlv_parse,"ax",%progbits
 867              		.align	1
 868              		.global	tlv_parse
 869              		.syntax unified
 870              		.code	16
 871              		.thumb_func
 872              		.fpu softvfp
 874              	tlv_parse:
 875              		@ args = 0, pretend = 0, frame = 48
 876              		@ frame_needed = 1, uses_anonymous_args = 0
 877 0000 90B5     		push	{r4, r7, lr}
 878 0002 8FB0     		sub	sp, sp, #60
 879 0004 02AF     		add	r7, sp, #8
 880 0006 F860     		str	r0, [r7, #12]
 881 0008 B960     		str	r1, [r7, #8]
 882 000a 7A60     		str	r2, [r7, #4]
 883 000c 0023     		movs	r3, #0
 884 000e FB62     		str	r3, [r7, #44]
 885 0010 0023     		movs	r3, #0
 886 0012 BB62     		str	r3, [r7, #40]
 887 0014 BC68     		ldr	r4, [r7, #8]
 888 0016 9E23     		movs	r3, #158
 889 0018 5A00     		lsls	r2, r3, #1
 890 001a 5349     		ldr	r1, .L98
 891 001c 5348     		ldr	r0, .L98+4
 892 001e 2300     		movs	r3, r4
 893 0020 FFF7FEFF 		bl	atiny_printf
 894 0024 7B68     		ldr	r3, [r7, #4]
 895 0026 0022     		movs	r2, #0
 896 0028 1A60     		str	r2, [r3]
 897 002a 7EE0     		b	.L88
 898              	.L96:
 899 002c BB6A     		ldr	r3, [r7, #40]
 900 002e 0133     		adds	r3, r3, #1
 901 0030 1800     		movs	r0, r3
 902 0032 FFF7FEFF 		bl	lwm2m_data_new
 903 0036 0300     		movs	r3, r0
 904 0038 3B62     		str	r3, [r7, #32]
 905 003a BB6A     		ldr	r3, [r7, #40]
 906 003c 002B     		cmp	r3, #0
 907 003e 18DD     		ble	.L89
 908 0040 3B6A     		ldr	r3, [r7, #32]
 909 0042 002B     		cmp	r3, #0
 910 0044 08D1     		bne	.L90
 911 0046 7B68     		ldr	r3, [r7, #4]
 912 0048 1A68     		ldr	r2, [r3]
 913 004a BB6A     		ldr	r3, [r7, #40]
 914 004c 1100     		movs	r1, r2
 915 004e 1800     		movs	r0, r3
 916 0050 FFF7FEFF 		bl	lwm2m_data_free
 917 0054 0023     		movs	r3, #0
 918 0056 82E0     		b	.L97
 919              	.L90:
ARM GAS  C:\Users\SONG_J~1\AppData\Local\Temp\cc0hT8Yf.s 			page 17


 920 0058 7B68     		ldr	r3, [r7, #4]
 921 005a 1968     		ldr	r1, [r3]
 922 005c BB6A     		ldr	r3, [r7, #40]
 923 005e 1A01     		lsls	r2, r3, #4
 924 0060 3B6A     		ldr	r3, [r7, #32]
 925 0062 1800     		movs	r0, r3
 926 0064 FFF7FEFF 		bl	memcpy
 927 0068 7B68     		ldr	r3, [r7, #4]
 928 006a 1B68     		ldr	r3, [r3]
 929 006c 1800     		movs	r0, r3
 930 006e FFF7FEFF 		bl	lwm2m_free
 931              	.L89:
 932 0072 7B68     		ldr	r3, [r7, #4]
 933 0074 3A6A     		ldr	r2, [r7, #32]
 934 0076 1A60     		str	r2, [r3]
 935 0078 7B68     		ldr	r3, [r7, #4]
 936 007a 1A68     		ldr	r2, [r3]
 937 007c BB6A     		ldr	r3, [r7, #40]
 938 007e 1B01     		lsls	r3, r3, #4
 939 0080 D318     		adds	r3, r2, r3
 940 0082 1F21     		movs	r1, #31
 941 0084 7A18     		adds	r2, r7, r1
 942 0086 1278     		ldrb	r2, [r2]
 943 0088 1A70     		strb	r2, [r3]
 944 008a 7B68     		ldr	r3, [r7, #4]
 945 008c 1A68     		ldr	r2, [r3]
 946 008e BB6A     		ldr	r3, [r7, #40]
 947 0090 1B01     		lsls	r3, r3, #4
 948 0092 D318     		adds	r3, r2, r3
 949 0094 1C22     		movs	r2, #28
 950 0096 BA18     		adds	r2, r7, r2
 951 0098 1288     		ldrh	r2, [r2]
 952 009a 5A80     		strh	r2, [r3, #2]
 953 009c 7B18     		adds	r3, r7, r1
 954 009e 1B78     		ldrb	r3, [r3]
 955 00a0 022B     		cmp	r3, #2
 956 00a2 04D0     		beq	.L92
 957 00a4 1F23     		movs	r3, #31
 958 00a6 FB18     		adds	r3, r7, r3
 959 00a8 1B78     		ldrb	r3, [r3]
 960 00aa 032B     		cmp	r3, #3
 961 00ac 28D1     		bne	.L93
 962              	.L92:
 963 00ae FA6A     		ldr	r2, [r7, #44]
 964 00b0 BB69     		ldr	r3, [r7, #24]
 965 00b2 D318     		adds	r3, r2, r3
 966 00b4 FA68     		ldr	r2, [r7, #12]
 967 00b6 D018     		adds	r0, r2, r3
 968 00b8 7969     		ldr	r1, [r7, #20]
 969 00ba 7B68     		ldr	r3, [r7, #4]
 970 00bc 1A68     		ldr	r2, [r3]
 971 00be BB6A     		ldr	r3, [r7, #40]
 972 00c0 1B01     		lsls	r3, r3, #4
 973 00c2 D318     		adds	r3, r2, r3
 974 00c4 0C33     		adds	r3, r3, #12
 975 00c6 1A00     		movs	r2, r3
 976 00c8 FFF7FEFF 		bl	tlv_parse
ARM GAS  C:\Users\SONG_J~1\AppData\Local\Temp\cc0hT8Yf.s 			page 18


 977 00cc 0100     		movs	r1, r0
 978 00ce 7B68     		ldr	r3, [r7, #4]
 979 00d0 1A68     		ldr	r2, [r3]
 980 00d2 BB6A     		ldr	r3, [r7, #40]
 981 00d4 1B01     		lsls	r3, r3, #4
 982 00d6 D318     		adds	r3, r2, r3
 983 00d8 0A00     		movs	r2, r1
 984 00da 9A60     		str	r2, [r3, #8]
 985 00dc 7B68     		ldr	r3, [r7, #4]
 986 00de 1A68     		ldr	r2, [r3]
 987 00e0 BB6A     		ldr	r3, [r7, #40]
 988 00e2 1B01     		lsls	r3, r3, #4
 989 00e4 D318     		adds	r3, r2, r3
 990 00e6 9B68     		ldr	r3, [r3, #8]
 991 00e8 002B     		cmp	r3, #0
 992 00ea 17D1     		bne	.L95
 993 00ec BB6A     		ldr	r3, [r7, #40]
 994 00ee 5A1C     		adds	r2, r3, #1
 995 00f0 7B68     		ldr	r3, [r7, #4]
 996 00f2 1B68     		ldr	r3, [r3]
 997 00f4 1900     		movs	r1, r3
 998 00f6 1000     		movs	r0, r2
 999 00f8 FFF7FEFF 		bl	lwm2m_data_free
 1000 00fc 0023     		movs	r3, #0
 1001 00fe 2EE0     		b	.L97
 1002              	.L93:
 1003 0100 FA6A     		ldr	r2, [r7, #44]
 1004 0102 BB69     		ldr	r3, [r7, #24]
 1005 0104 D318     		adds	r3, r2, r3
 1006 0106 FA68     		ldr	r2, [r7, #12]
 1007 0108 D018     		adds	r0, r2, r3
 1008 010a 7969     		ldr	r1, [r7, #20]
 1009 010c 7B68     		ldr	r3, [r7, #4]
 1010 010e 1A68     		ldr	r2, [r3]
 1011 0110 BB6A     		ldr	r3, [r7, #40]
 1012 0112 1B01     		lsls	r3, r3, #4
 1013 0114 D318     		adds	r3, r2, r3
 1014 0116 1A00     		movs	r2, r3
 1015 0118 FFF7FEFF 		bl	lwm2m_data_encode_opaque
 1016              	.L95:
 1017 011c BB6A     		ldr	r3, [r7, #40]
 1018 011e 0133     		adds	r3, r3, #1
 1019 0120 BB62     		str	r3, [r7, #40]
 1020 0122 FA6A     		ldr	r2, [r7, #44]
 1021 0124 7B6A     		ldr	r3, [r7, #36]
 1022 0126 D318     		adds	r3, r2, r3
 1023 0128 FB62     		str	r3, [r7, #44]
 1024              	.L88:
 1025 012a FB6A     		ldr	r3, [r7, #44]
 1026 012c FA68     		ldr	r2, [r7, #12]
 1027 012e D018     		adds	r0, r2, r3
 1028 0130 FB6A     		ldr	r3, [r7, #44]
 1029 0132 BA68     		ldr	r2, [r7, #8]
 1030 0134 D11A     		subs	r1, r2, r3
 1031 0136 1C23     		movs	r3, #28
 1032 0138 FC18     		adds	r4, r7, r3
 1033 013a 1F23     		movs	r3, #31
ARM GAS  C:\Users\SONG_J~1\AppData\Local\Temp\cc0hT8Yf.s 			page 19


 1034 013c FA18     		adds	r2, r7, r3
 1035 013e 1423     		movs	r3, #20
 1036 0140 FB18     		adds	r3, r7, r3
 1037 0142 0193     		str	r3, [sp, #4]
 1038 0144 1823     		movs	r3, #24
 1039 0146 FB18     		adds	r3, r7, r3
 1040 0148 0093     		str	r3, [sp]
 1041 014a 2300     		movs	r3, r4
 1042 014c FFF7FEFF 		bl	lwm2m_decode_TLV
 1043 0150 0300     		movs	r3, r0
 1044 0152 7B62     		str	r3, [r7, #36]
 1045 0154 7B6A     		ldr	r3, [r7, #36]
 1046 0156 002B     		cmp	r3, #0
 1047 0158 00D0     		beq	.LCB1104
 1048 015a 67E7     		b	.L96	@long jump
 1049              	.LCB1104:
 1050 015c BB6A     		ldr	r3, [r7, #40]
 1051              	.L97:
 1052 015e 1800     		movs	r0, r3
 1053 0160 BD46     		mov	sp, r7
 1054 0162 0DB0     		add	sp, sp, #52
 1055              		@ sp needed
 1056 0164 90BD     		pop	{r4, r7, pc}
 1057              	.L99:
 1058 0166 C046     		.align	2
 1059              	.L98:
 1060 0168 00000000 		.word	__func__.7142
 1061 016c 1C000000 		.word	.LC5
 1063              		.section	.text.prv_getLength,"ax",%progbits
 1064              		.align	1
 1065              		.syntax unified
 1066              		.code	16
 1067              		.thumb_func
 1068              		.fpu softvfp
 1070              	prv_getLength:
 1071              		@ args = 0, pretend = 0, frame = 40
 1072              		@ frame_needed = 1, uses_anonymous_args = 0
 1073 0000 90B5     		push	{r4, r7, lr}
 1074 0002 8BB0     		sub	sp, sp, #44
 1075 0004 00AF     		add	r7, sp, #0
 1076 0006 7860     		str	r0, [r7, #4]
 1077 0008 3960     		str	r1, [r7]
 1078 000a 0023     		movs	r3, #0
 1079 000c 7B62     		str	r3, [r7, #36]
 1080 000e 0023     		movs	r3, #0
 1081 0010 3B62     		str	r3, [r7, #32]
 1082 0012 C3E0     		b	.L101
 1083              	.L118:
 1084 0014 3B6A     		ldr	r3, [r7, #32]
 1085 0016 1B01     		lsls	r3, r3, #4
 1086 0018 3A68     		ldr	r2, [r7]
 1087 001a D318     		adds	r3, r2, r3
 1088 001c 1B78     		ldrb	r3, [r3]
 1089 001e 092B     		cmp	r3, #9
 1090 0020 00D9     		bls	.LCB1150
 1091 0022 B4E0     		b	.L102	@long jump
 1092              	.LCB1150:
ARM GAS  C:\Users\SONG_J~1\AppData\Local\Temp\cc0hT8Yf.s 			page 20


 1093 0024 9A00     		lsls	r2, r3, #2
 1094 0026 644B     		ldr	r3, .L121
 1095 0028 D318     		adds	r3, r2, r3
 1096 002a 1B68     		ldr	r3, [r3]
 1097 002c 9F46     		mov	pc, r3
 1098              		.section	.rodata.prv_getLength,"a",%progbits
 1099              		.align	2
 1100              	.L104:
 1101 0000 8E010000 		.word	.L102
 1102 0004 8E010000 		.word	.L102
 1103 0008 2E000000 		.word	.L103
 1104 000c 2E000000 		.word	.L103
 1105 0010 7E000000 		.word	.L105
 1106 0014 7E000000 		.word	.L105
 1107 0018 B0000000 		.word	.L106
 1108 001c F0000000 		.word	.L107
 1109 0020 52010000 		.word	.L108
 1110 0024 70010000 		.word	.L109
 1111              		.section	.text.prv_getLength
 1112              	.L103:
 1113 002e 3B6A     		ldr	r3, [r7, #32]
 1114 0030 1B01     		lsls	r3, r3, #4
 1115 0032 3A68     		ldr	r2, [r7]
 1116 0034 D318     		adds	r3, r2, r3
 1117 0036 9B68     		ldr	r3, [r3, #8]
 1118 0038 1800     		movs	r0, r3
 1119 003a 3B6A     		ldr	r3, [r7, #32]
 1120 003c 1B01     		lsls	r3, r3, #4
 1121 003e 3A68     		ldr	r2, [r7]
 1122 0040 D318     		adds	r3, r2, r3
 1123 0042 DB68     		ldr	r3, [r3, #12]
 1124 0044 1900     		movs	r1, r3
 1125 0046 FFF7DBFF 		bl	prv_getLength
 1126 004a 0300     		movs	r3, r0
 1127 004c 7B61     		str	r3, [r7, #20]
 1128 004e 7B69     		ldr	r3, [r7, #20]
 1129 0050 0133     		adds	r3, r3, #1
 1130 0052 03D1     		bne	.L110
 1131 0054 0123     		movs	r3, #1
 1132 0056 5B42     		rsbs	r3, r3, #0
 1133 0058 7B62     		str	r3, [r7, #36]
 1134 005a 9CE0     		b	.L112
 1135              	.L110:
 1136 005c 3B6A     		ldr	r3, [r7, #32]
 1137 005e 1B01     		lsls	r3, r3, #4
 1138 0060 3A68     		ldr	r2, [r7]
 1139 0062 D318     		adds	r3, r2, r3
 1140 0064 5B88     		ldrh	r3, [r3, #2]
 1141 0066 7A69     		ldr	r2, [r7, #20]
 1142 0068 1100     		movs	r1, r2
 1143 006a 1800     		movs	r0, r3
 1144 006c FFF7FEFF 		bl	prv_getHeaderLength
 1145 0070 0200     		movs	r2, r0
 1146 0072 7B69     		ldr	r3, [r7, #20]
 1147 0074 D318     		adds	r3, r2, r3
 1148 0076 7A6A     		ldr	r2, [r7, #36]
 1149 0078 D318     		adds	r3, r2, r3
ARM GAS  C:\Users\SONG_J~1\AppData\Local\Temp\cc0hT8Yf.s 			page 21


 1150 007a 7B62     		str	r3, [r7, #36]
 1151 007c 8BE0     		b	.L112
 1152              	.L105:
 1153 007e 3B6A     		ldr	r3, [r7, #32]
 1154 0080 1B01     		lsls	r3, r3, #4
 1155 0082 3A68     		ldr	r2, [r7]
 1156 0084 D318     		adds	r3, r2, r3
 1157 0086 5888     		ldrh	r0, [r3, #2]
 1158 0088 3B6A     		ldr	r3, [r7, #32]
 1159 008a 1B01     		lsls	r3, r3, #4
 1160 008c 3A68     		ldr	r2, [r7]
 1161 008e D318     		adds	r3, r2, r3
 1162 0090 9B68     		ldr	r3, [r3, #8]
 1163 0092 1900     		movs	r1, r3
 1164 0094 FFF7FEFF 		bl	prv_getHeaderLength
 1165 0098 0300     		movs	r3, r0
 1166 009a 1900     		movs	r1, r3
 1167 009c 3B6A     		ldr	r3, [r7, #32]
 1168 009e 1B01     		lsls	r3, r3, #4
 1169 00a0 3A68     		ldr	r2, [r7]
 1170 00a2 D318     		adds	r3, r2, r3
 1171 00a4 9B68     		ldr	r3, [r3, #8]
 1172 00a6 CA18     		adds	r2, r1, r3
 1173 00a8 7B6A     		ldr	r3, [r7, #36]
 1174 00aa D318     		adds	r3, r2, r3
 1175 00ac 7B62     		str	r3, [r7, #36]
 1176 00ae 72E0     		b	.L112
 1177              	.L106:
 1178 00b0 3B6A     		ldr	r3, [r7, #32]
 1179 00b2 1B01     		lsls	r3, r3, #4
 1180 00b4 3A68     		ldr	r2, [r7]
 1181 00b6 D318     		adds	r3, r2, r3
 1182 00b8 DC68     		ldr	r4, [r3, #12]
 1183 00ba 9B68     		ldr	r3, [r3, #8]
 1184 00bc 0C22     		movs	r2, #12
 1185 00be BA18     		adds	r2, r7, r2
 1186 00c0 1800     		movs	r0, r3
 1187 00c2 2100     		movs	r1, r4
 1188 00c4 FFF7FEFF 		bl	prv_encodeInt
 1189 00c8 0300     		movs	r3, r0
 1190 00ca BB61     		str	r3, [r7, #24]
 1191 00cc 3B6A     		ldr	r3, [r7, #32]
 1192 00ce 1B01     		lsls	r3, r3, #4
 1193 00d0 3A68     		ldr	r2, [r7]
 1194 00d2 D318     		adds	r3, r2, r3
 1195 00d4 5B88     		ldrh	r3, [r3, #2]
 1196 00d6 BA69     		ldr	r2, [r7, #24]
 1197 00d8 1100     		movs	r1, r2
 1198 00da 1800     		movs	r0, r3
 1199 00dc FFF7FEFF 		bl	prv_getHeaderLength
 1200 00e0 0300     		movs	r3, r0
 1201 00e2 1A00     		movs	r2, r3
 1202 00e4 BB69     		ldr	r3, [r7, #24]
 1203 00e6 D218     		adds	r2, r2, r3
 1204 00e8 7B6A     		ldr	r3, [r7, #36]
 1205 00ea D318     		adds	r3, r2, r3
 1206 00ec 7B62     		str	r3, [r7, #36]
ARM GAS  C:\Users\SONG_J~1\AppData\Local\Temp\cc0hT8Yf.s 			page 22


 1207 00ee 52E0     		b	.L112
 1208              	.L107:
 1209 00f0 3B6A     		ldr	r3, [r7, #32]
 1210 00f2 1B01     		lsls	r3, r3, #4
 1211 00f4 3A68     		ldr	r2, [r7]
 1212 00f6 D318     		adds	r3, r2, r3
 1213 00f8 9868     		ldr	r0, [r3, #8]
 1214 00fa D968     		ldr	r1, [r3, #12]
 1215 00fc E022     		movs	r2, #224
 1216 00fe 1206     		lsls	r2, r2, #24
 1217 0100 2E4B     		ldr	r3, .L121+4
 1218 0102 FFF7FEFF 		bl	__aeabi_dcmplt
 1219 0106 031E     		subs	r3, r0, #0
 1220 0108 0CD1     		bne	.L113
 1221 010a 3B6A     		ldr	r3, [r7, #32]
 1222 010c 1B01     		lsls	r3, r3, #4
 1223 010e 3A68     		ldr	r2, [r7]
 1224 0110 D318     		adds	r3, r2, r3
 1225 0112 9868     		ldr	r0, [r3, #8]
 1226 0114 D968     		ldr	r1, [r3, #12]
 1227 0116 E022     		movs	r2, #224
 1228 0118 1206     		lsls	r2, r2, #24
 1229 011a 294B     		ldr	r3, .L121+8
 1230 011c FFF7FEFF 		bl	__aeabi_dcmpgt
 1231 0120 031E     		subs	r3, r0, #0
 1232 0122 02D0     		beq	.L120
 1233              	.L113:
 1234 0124 0823     		movs	r3, #8
 1235 0126 FB61     		str	r3, [r7, #28]
 1236 0128 01E0     		b	.L116
 1237              	.L120:
 1238 012a 0423     		movs	r3, #4
 1239 012c FB61     		str	r3, [r7, #28]
 1240              	.L116:
 1241 012e 3B6A     		ldr	r3, [r7, #32]
 1242 0130 1B01     		lsls	r3, r3, #4
 1243 0132 3A68     		ldr	r2, [r7]
 1244 0134 D318     		adds	r3, r2, r3
 1245 0136 5B88     		ldrh	r3, [r3, #2]
 1246 0138 FA69     		ldr	r2, [r7, #28]
 1247 013a 1100     		movs	r1, r2
 1248 013c 1800     		movs	r0, r3
 1249 013e FFF7FEFF 		bl	prv_getHeaderLength
 1250 0142 0300     		movs	r3, r0
 1251 0144 1A00     		movs	r2, r3
 1252 0146 FB69     		ldr	r3, [r7, #28]
 1253 0148 D218     		adds	r2, r2, r3
 1254 014a 7B6A     		ldr	r3, [r7, #36]
 1255 014c D318     		adds	r3, r2, r3
 1256 014e 7B62     		str	r3, [r7, #36]
 1257 0150 21E0     		b	.L112
 1258              	.L108:
 1259 0152 3B6A     		ldr	r3, [r7, #32]
 1260 0154 1B01     		lsls	r3, r3, #4
 1261 0156 3A68     		ldr	r2, [r7]
 1262 0158 D318     		adds	r3, r2, r3
 1263 015a 5B88     		ldrh	r3, [r3, #2]
ARM GAS  C:\Users\SONG_J~1\AppData\Local\Temp\cc0hT8Yf.s 			page 23


 1264 015c 0121     		movs	r1, #1
 1265 015e 1800     		movs	r0, r3
 1266 0160 FFF7FEFF 		bl	prv_getHeaderLength
 1267 0164 0300     		movs	r3, r0
 1268 0166 0133     		adds	r3, r3, #1
 1269 0168 7A6A     		ldr	r2, [r7, #36]
 1270 016a D318     		adds	r3, r2, r3
 1271 016c 7B62     		str	r3, [r7, #36]
 1272 016e 12E0     		b	.L112
 1273              	.L109:
 1274 0170 3B6A     		ldr	r3, [r7, #32]
 1275 0172 1B01     		lsls	r3, r3, #4
 1276 0174 3A68     		ldr	r2, [r7]
 1277 0176 D318     		adds	r3, r2, r3
 1278 0178 5B88     		ldrh	r3, [r3, #2]
 1279 017a 0421     		movs	r1, #4
 1280 017c 1800     		movs	r0, r3
 1281 017e FFF7FEFF 		bl	prv_getHeaderLength
 1282 0182 0300     		movs	r3, r0
 1283 0184 0433     		adds	r3, r3, #4
 1284 0186 7A6A     		ldr	r2, [r7, #36]
 1285 0188 D318     		adds	r3, r2, r3
 1286 018a 7B62     		str	r3, [r7, #36]
 1287 018c 03E0     		b	.L112
 1288              	.L102:
 1289 018e 0123     		movs	r3, #1
 1290 0190 5B42     		rsbs	r3, r3, #0
 1291 0192 7B62     		str	r3, [r7, #36]
 1292 0194 C046     		nop
 1293              	.L112:
 1294 0196 3B6A     		ldr	r3, [r7, #32]
 1295 0198 0133     		adds	r3, r3, #1
 1296 019a 3B62     		str	r3, [r7, #32]
 1297              	.L101:
 1298 019c 3A6A     		ldr	r2, [r7, #32]
 1299 019e 7B68     		ldr	r3, [r7, #4]
 1300 01a0 9A42     		cmp	r2, r3
 1301 01a2 03DA     		bge	.L117
 1302 01a4 7B6A     		ldr	r3, [r7, #36]
 1303 01a6 0133     		adds	r3, r3, #1
 1304 01a8 00D0     		beq	.LCB1371
 1305 01aa 33E7     		b	.L118	@long jump
 1306              	.LCB1371:
 1307              	.L117:
 1308 01ac 7B6A     		ldr	r3, [r7, #36]
 1309 01ae 1800     		movs	r0, r3
 1310 01b0 BD46     		mov	sp, r7
 1311 01b2 0BB0     		add	sp, sp, #44
 1312              		@ sp needed
 1313 01b4 90BD     		pop	{r4, r7, pc}
 1314              	.L122:
 1315 01b6 C046     		.align	2
 1316              	.L121:
 1317 01b8 00000000 		.word	.L104
 1318 01bc FFFFEFC7 		.word	-940572673
 1319 01c0 FFFFEF47 		.word	1206910975
 1321              		.section	.rodata
ARM GAS  C:\Users\SONG_J~1\AppData\Local\Temp\cc0hT8Yf.s 			page 24


 1322              		.align	2
 1323              	.LC8:
 1324 0034 74727565 		.ascii	"true\000"
 1324      00
 1325 0039 000000   		.align	2
 1326              	.LC10:
 1327 003c 66616C73 		.ascii	"false\000"
 1327      6500
 1328 0042 0000     		.align	2
 1329              	.LC13:
 1330 0044 5B25733A 		.ascii	"[%s:%d] isResourceInstance: %s, size: %d\015\012\000"
 1330      25645D20 
 1330      69735265 
 1330      736F7572 
 1330      6365496E 
 1331 006f 00       		.align	2
 1332              	.LC16:
 1333 0070 5B25733A 		.ascii	"[%s:%d] returning %u\015\012\000"
 1333      25645D20 
 1333      72657475 
 1333      726E696E 
 1333      67202575 
 1334              		.section	.text.tlv_serialize,"ax",%progbits
 1335              		.align	1
 1336              		.global	tlv_serialize
 1337              		.syntax unified
 1338              		.code	16
 1339              		.thumb_func
 1340              		.fpu softvfp
 1342              	tlv_serialize:
 1343              		@ args = 0, pretend = 0, frame = 88
 1344              		@ frame_needed = 1, uses_anonymous_args = 0
 1345 0000 B0B5     		push	{r4, r5, r7, lr}
 1346 0002 98B0     		sub	sp, sp, #96
 1347 0004 02AF     		add	r7, sp, #8
 1348 0006 B960     		str	r1, [r7, #8]
 1349 0008 7A60     		str	r2, [r7, #4]
 1350 000a 3B60     		str	r3, [r7]
 1351 000c 0F21     		movs	r1, #15
 1352 000e 7B18     		adds	r3, r7, r1
 1353 0010 021C     		adds	r2, r0, #0
 1354 0012 1A70     		strb	r2, [r3]
 1355 0014 7B18     		adds	r3, r7, r1
 1356 0016 1B78     		ldrb	r3, [r3]
 1357 0018 002B     		cmp	r3, #0
 1358 001a 01D0     		beq	.L124
 1359 001c E24B     		ldr	r3, .L148
 1360 001e 00E0     		b	.L125
 1361              	.L124:
 1362 0020 E24B     		ldr	r3, .L148+4
 1363              	.L125:
 1364 0022 E422     		movs	r2, #228
 1365 0024 5400     		lsls	r4, r2, #1
 1366 0026 E249     		ldr	r1, .L148+8
 1367 0028 E248     		ldr	r0, .L148+12
 1368 002a BA68     		ldr	r2, [r7, #8]
 1369 002c 0092     		str	r2, [sp]
ARM GAS  C:\Users\SONG_J~1\AppData\Local\Temp\cc0hT8Yf.s 			page 25


 1370 002e 2200     		movs	r2, r4
 1371 0030 FFF7FEFF 		bl	atiny_printf
 1372 0034 3B68     		ldr	r3, [r7]
 1373 0036 0022     		movs	r2, #0
 1374 0038 1A60     		str	r2, [r3]
 1375 003a 7A68     		ldr	r2, [r7, #4]
 1376 003c BB68     		ldr	r3, [r7, #8]
 1377 003e 1100     		movs	r1, r2
 1378 0040 1800     		movs	r0, r3
 1379 0042 FFF7FEFF 		bl	prv_getLength
 1380 0046 0300     		movs	r3, r0
 1381 0048 7B65     		str	r3, [r7, #84]
 1382 004a 7B6D     		ldr	r3, [r7, #84]
 1383 004c 002B     		cmp	r3, #0
 1384 004e 01DC     		bgt	.L126
 1385 0050 7B6D     		ldr	r3, [r7, #84]
 1386 0052 D3E1     		b	.L127
 1387              	.L126:
 1388 0054 7B6D     		ldr	r3, [r7, #84]
 1389 0056 1800     		movs	r0, r3
 1390 0058 FFF7FEFF 		bl	lwm2m_malloc
 1391 005c 0200     		movs	r2, r0
 1392 005e 3B68     		ldr	r3, [r7]
 1393 0060 1A60     		str	r2, [r3]
 1394 0062 3B68     		ldr	r3, [r7]
 1395 0064 1B68     		ldr	r3, [r3]
 1396 0066 002B     		cmp	r3, #0
 1397 0068 01D1     		bne	.L128
 1398 006a 0023     		movs	r3, #0
 1399 006c C6E1     		b	.L127
 1400              	.L128:
 1401 006e 0023     		movs	r3, #0
 1402 0070 3B65     		str	r3, [r7, #80]
 1403 0072 0023     		movs	r3, #0
 1404 0074 FB64     		str	r3, [r7, #76]
 1405 0076 A5E1     		b	.L129
 1406              	.L145:
 1407 0078 4B23     		movs	r3, #75
 1408 007a FB18     		adds	r3, r7, r3
 1409 007c 0F22     		movs	r2, #15
 1410 007e BA18     		adds	r2, r7, r2
 1411 0080 1278     		ldrb	r2, [r2]
 1412 0082 1A70     		strb	r2, [r3]
 1413 0084 FB6C     		ldr	r3, [r7, #76]
 1414 0086 1B01     		lsls	r3, r3, #4
 1415 0088 7A68     		ldr	r2, [r7, #4]
 1416 008a D318     		adds	r3, r2, r3
 1417 008c 1B78     		ldrb	r3, [r3]
 1418 008e 092B     		cmp	r3, #9
 1419 0090 00D9     		bls	.LCB1482
 1420 0092 84E1     		b	.L130	@long jump
 1421              	.LCB1482:
 1422 0094 9A00     		lsls	r2, r3, #2
 1423 0096 C84B     		ldr	r3, .L148+16
 1424 0098 D318     		adds	r3, r2, r3
 1425 009a 1B68     		ldr	r3, [r3]
 1426 009c 9F46     		mov	pc, r3
ARM GAS  C:\Users\SONG_J~1\AppData\Local\Temp\cc0hT8Yf.s 			page 26


 1427              		.section	.rodata.tlv_serialize,"a",%progbits
 1428              		.align	2
 1429              	.L132:
 1430 0000 9E030000 		.word	.L130
 1431 0004 9E030000 		.word	.L130
 1432 0008 A6000000 		.word	.L131
 1433 000c 9E000000 		.word	.L133
 1434 0010 EC010000 		.word	.L134
 1435 0014 EC010000 		.word	.L134
 1436 0018 62020000 		.word	.L135
 1437 001c D4020000 		.word	.L136
 1438 0020 46030000 		.word	.L137
 1439 0024 46010000 		.word	.L138
 1440              		.section	.text.tlv_serialize
 1441              	.L133:
 1442 009e 4B23     		movs	r3, #75
 1443 00a0 FB18     		adds	r3, r7, r3
 1444 00a2 0122     		movs	r2, #1
 1445 00a4 1A70     		strb	r2, [r3]
 1446              	.L131:
 1447 00a6 FB6C     		ldr	r3, [r7, #76]
 1448 00a8 1B01     		lsls	r3, r3, #4
 1449 00aa 7A68     		ldr	r2, [r7, #4]
 1450 00ac D318     		adds	r3, r2, r3
 1451 00ae 9B68     		ldr	r3, [r3, #8]
 1452 00b0 1C00     		movs	r4, r3
 1453 00b2 FB6C     		ldr	r3, [r7, #76]
 1454 00b4 1B01     		lsls	r3, r3, #4
 1455 00b6 7A68     		ldr	r2, [r7, #4]
 1456 00b8 D318     		adds	r3, r2, r3
 1457 00ba DA68     		ldr	r2, [r3, #12]
 1458 00bc 2823     		movs	r3, #40
 1459 00be F918     		adds	r1, r7, r3
 1460 00c0 4B23     		movs	r3, #75
 1461 00c2 FB18     		adds	r3, r7, r3
 1462 00c4 1878     		ldrb	r0, [r3]
 1463 00c6 0B00     		movs	r3, r1
 1464 00c8 2100     		movs	r1, r4
 1465 00ca FFF7FEFF 		bl	tlv_serialize
 1466 00ce 0300     		movs	r3, r0
 1467 00d0 3B63     		str	r3, [r7, #48]
 1468 00d2 3B6B     		ldr	r3, [r7, #48]
 1469 00d4 002B     		cmp	r3, #0
 1470 00d6 03DA     		bge	.L139
 1471 00d8 0123     		movs	r3, #1
 1472 00da 5B42     		rsbs	r3, r3, #0
 1473 00dc 7B65     		str	r3, [r7, #84]
 1474 00de 6DE1     		b	.L147
 1475              	.L139:
 1476 00e0 3B6B     		ldr	r3, [r7, #48]
 1477 00e2 FB62     		str	r3, [r7, #44]
 1478 00e4 3B68     		ldr	r3, [r7]
 1479 00e6 1A68     		ldr	r2, [r3]
 1480 00e8 3B6D     		ldr	r3, [r7, #80]
 1481 00ea D018     		adds	r0, r2, r3
 1482 00ec FB6C     		ldr	r3, [r7, #76]
 1483 00ee 1B01     		lsls	r3, r3, #4
ARM GAS  C:\Users\SONG_J~1\AppData\Local\Temp\cc0hT8Yf.s 			page 27


 1484 00f0 7A68     		ldr	r2, [r7, #4]
 1485 00f2 D318     		adds	r3, r2, r3
 1486 00f4 1978     		ldrb	r1, [r3]
 1487 00f6 FB6C     		ldr	r3, [r7, #76]
 1488 00f8 1B01     		lsls	r3, r3, #4
 1489 00fa 7A68     		ldr	r2, [r7, #4]
 1490 00fc D318     		adds	r3, r2, r3
 1491 00fe 5A88     		ldrh	r2, [r3, #2]
 1492 0100 FB6A     		ldr	r3, [r7, #44]
 1493 0102 0093     		str	r3, [sp]
 1494 0104 1300     		movs	r3, r2
 1495 0106 0A00     		movs	r2, r1
 1496 0108 0021     		movs	r1, #0
 1497 010a FFF7FEFF 		bl	prv_createHeader
 1498 010e 0300     		movs	r3, r0
 1499 0110 FB63     		str	r3, [r7, #60]
 1500 0112 3A6D     		ldr	r2, [r7, #80]
 1501 0114 FB6B     		ldr	r3, [r7, #60]
 1502 0116 D318     		adds	r3, r2, r3
 1503 0118 3B65     		str	r3, [r7, #80]
 1504 011a FB6A     		ldr	r3, [r7, #44]
 1505 011c 002B     		cmp	r3, #0
 1506 011e 00D1     		bne	.LCB1561
 1507 0120 4CE1     		b	.L147	@long jump
 1508              	.LCB1561:
 1509 0122 3B68     		ldr	r3, [r7]
 1510 0124 1A68     		ldr	r2, [r3]
 1511 0126 3B6D     		ldr	r3, [r7, #80]
 1512 0128 D318     		adds	r3, r2, r3
 1513 012a B96A     		ldr	r1, [r7, #40]
 1514 012c FA6A     		ldr	r2, [r7, #44]
 1515 012e 1800     		movs	r0, r3
 1516 0130 FFF7FEFF 		bl	memcpy
 1517 0134 3A6D     		ldr	r2, [r7, #80]
 1518 0136 FB6A     		ldr	r3, [r7, #44]
 1519 0138 D318     		adds	r3, r2, r3
 1520 013a 3B65     		str	r3, [r7, #80]
 1521 013c BB6A     		ldr	r3, [r7, #40]
 1522 013e 1800     		movs	r0, r3
 1523 0140 FFF7FEFF 		bl	lwm2m_free
 1524 0144 3AE1     		b	.L147
 1525              	.L138:
 1526 0146 FB6C     		ldr	r3, [r7, #76]
 1527 0148 1B01     		lsls	r3, r3, #4
 1528 014a 7A68     		ldr	r2, [r7, #4]
 1529 014c D318     		adds	r3, r2, r3
 1530 014e 1B89     		ldrh	r3, [r3, #8]
 1531 0150 3B64     		str	r3, [r7, #64]
 1532 0152 3B6C     		ldr	r3, [r7, #64]
 1533 0154 1B04     		lsls	r3, r3, #16
 1534 0156 3B64     		str	r3, [r7, #64]
 1535 0158 FB6C     		ldr	r3, [r7, #76]
 1536 015a 1B01     		lsls	r3, r3, #4
 1537 015c 7A68     		ldr	r2, [r7, #4]
 1538 015e D318     		adds	r3, r2, r3
 1539 0160 5B89     		ldrh	r3, [r3, #10]
 1540 0162 1A00     		movs	r2, r3
ARM GAS  C:\Users\SONG_J~1\AppData\Local\Temp\cc0hT8Yf.s 			page 28


 1541 0164 3B6C     		ldr	r3, [r7, #64]
 1542 0166 1343     		orrs	r3, r2
 1543 0168 3B64     		str	r3, [r7, #64]
 1544 016a 0323     		movs	r3, #3
 1545 016c 7B64     		str	r3, [r7, #68]
 1546 016e 0DE0     		b	.L142
 1547              	.L143:
 1548 0170 3B6C     		ldr	r3, [r7, #64]
 1549 0172 D9B2     		uxtb	r1, r3
 1550 0174 2423     		movs	r3, #36
 1551 0176 FA18     		adds	r2, r7, r3
 1552 0178 7B6C     		ldr	r3, [r7, #68]
 1553 017a D318     		adds	r3, r2, r3
 1554 017c 0A1C     		adds	r2, r1, #0
 1555 017e 1A70     		strb	r2, [r3]
 1556 0180 3B6C     		ldr	r3, [r7, #64]
 1557 0182 1B0A     		lsrs	r3, r3, #8
 1558 0184 3B64     		str	r3, [r7, #64]
 1559 0186 7B6C     		ldr	r3, [r7, #68]
 1560 0188 013B     		subs	r3, r3, #1
 1561 018a 7B64     		str	r3, [r7, #68]
 1562              	.L142:
 1563 018c 7B6C     		ldr	r3, [r7, #68]
 1564 018e 002B     		cmp	r3, #0
 1565 0190 EEDA     		bge	.L143
 1566 0192 3B68     		ldr	r3, [r7]
 1567 0194 1A68     		ldr	r2, [r3]
 1568 0196 3B6D     		ldr	r3, [r7, #80]
 1569 0198 D018     		adds	r0, r2, r3
 1570 019a FB6C     		ldr	r3, [r7, #76]
 1571 019c 1B01     		lsls	r3, r3, #4
 1572 019e 7A68     		ldr	r2, [r7, #4]
 1573 01a0 D318     		adds	r3, r2, r3
 1574 01a2 1C78     		ldrb	r4, [r3]
 1575 01a4 FB6C     		ldr	r3, [r7, #76]
 1576 01a6 1B01     		lsls	r3, r3, #4
 1577 01a8 7A68     		ldr	r2, [r7, #4]
 1578 01aa D318     		adds	r3, r2, r3
 1579 01ac 5A88     		ldrh	r2, [r3, #2]
 1580 01ae 4B23     		movs	r3, #75
 1581 01b0 FB18     		adds	r3, r7, r3
 1582 01b2 1978     		ldrb	r1, [r3]
 1583 01b4 0423     		movs	r3, #4
 1584 01b6 0093     		str	r3, [sp]
 1585 01b8 1300     		movs	r3, r2
 1586 01ba 2200     		movs	r2, r4
 1587 01bc FFF7FEFF 		bl	prv_createHeader
 1588 01c0 0300     		movs	r3, r0
 1589 01c2 FB63     		str	r3, [r7, #60]
 1590 01c4 3A6D     		ldr	r2, [r7, #80]
 1591 01c6 FB6B     		ldr	r3, [r7, #60]
 1592 01c8 D318     		adds	r3, r2, r3
 1593 01ca 3B65     		str	r3, [r7, #80]
 1594 01cc 3B68     		ldr	r3, [r7]
 1595 01ce 1A68     		ldr	r2, [r3]
 1596 01d0 3B6D     		ldr	r3, [r7, #80]
 1597 01d2 D218     		adds	r2, r2, r3
ARM GAS  C:\Users\SONG_J~1\AppData\Local\Temp\cc0hT8Yf.s 			page 29


 1598 01d4 2423     		movs	r3, #36
 1599 01d6 FB18     		adds	r3, r7, r3
 1600 01d8 1000     		movs	r0, r2
 1601 01da 1900     		movs	r1, r3
 1602 01dc 0423     		movs	r3, #4
 1603 01de 1A00     		movs	r2, r3
 1604 01e0 FFF7FEFF 		bl	memcpy
 1605 01e4 3B6D     		ldr	r3, [r7, #80]
 1606 01e6 0433     		adds	r3, r3, #4
 1607 01e8 3B65     		str	r3, [r7, #80]
 1608 01ea E8E0     		b	.L141
 1609              	.L134:
 1610 01ec 3B68     		ldr	r3, [r7]
 1611 01ee 1A68     		ldr	r2, [r3]
 1612 01f0 3B6D     		ldr	r3, [r7, #80]
 1613 01f2 D018     		adds	r0, r2, r3
 1614 01f4 FB6C     		ldr	r3, [r7, #76]
 1615 01f6 1B01     		lsls	r3, r3, #4
 1616 01f8 7A68     		ldr	r2, [r7, #4]
 1617 01fa D318     		adds	r3, r2, r3
 1618 01fc 1C78     		ldrb	r4, [r3]
 1619 01fe FB6C     		ldr	r3, [r7, #76]
 1620 0200 1B01     		lsls	r3, r3, #4
 1621 0202 7A68     		ldr	r2, [r7, #4]
 1622 0204 D318     		adds	r3, r2, r3
 1623 0206 5D88     		ldrh	r5, [r3, #2]
 1624 0208 FB6C     		ldr	r3, [r7, #76]
 1625 020a 1B01     		lsls	r3, r3, #4
 1626 020c 7A68     		ldr	r2, [r7, #4]
 1627 020e D318     		adds	r3, r2, r3
 1628 0210 9B68     		ldr	r3, [r3, #8]
 1629 0212 4B22     		movs	r2, #75
 1630 0214 BA18     		adds	r2, r7, r2
 1631 0216 1178     		ldrb	r1, [r2]
 1632 0218 0093     		str	r3, [sp]
 1633 021a 2B00     		movs	r3, r5
 1634 021c 2200     		movs	r2, r4
 1635 021e FFF7FEFF 		bl	prv_createHeader
 1636 0222 0300     		movs	r3, r0
 1637 0224 FB63     		str	r3, [r7, #60]
 1638 0226 3A6D     		ldr	r2, [r7, #80]
 1639 0228 FB6B     		ldr	r3, [r7, #60]
 1640 022a D318     		adds	r3, r2, r3
 1641 022c 3B65     		str	r3, [r7, #80]
 1642 022e 3B68     		ldr	r3, [r7]
 1643 0230 1A68     		ldr	r2, [r3]
 1644 0232 3B6D     		ldr	r3, [r7, #80]
 1645 0234 D018     		adds	r0, r2, r3
 1646 0236 FB6C     		ldr	r3, [r7, #76]
 1647 0238 1B01     		lsls	r3, r3, #4
 1648 023a 7A68     		ldr	r2, [r7, #4]
 1649 023c D318     		adds	r3, r2, r3
 1650 023e D968     		ldr	r1, [r3, #12]
 1651 0240 FB6C     		ldr	r3, [r7, #76]
 1652 0242 1B01     		lsls	r3, r3, #4
 1653 0244 7A68     		ldr	r2, [r7, #4]
 1654 0246 D318     		adds	r3, r2, r3
ARM GAS  C:\Users\SONG_J~1\AppData\Local\Temp\cc0hT8Yf.s 			page 30


 1655 0248 9B68     		ldr	r3, [r3, #8]
 1656 024a 1A00     		movs	r2, r3
 1657 024c FFF7FEFF 		bl	memcpy
 1658 0250 FB6C     		ldr	r3, [r7, #76]
 1659 0252 1B01     		lsls	r3, r3, #4
 1660 0254 7A68     		ldr	r2, [r7, #4]
 1661 0256 D318     		adds	r3, r2, r3
 1662 0258 9A68     		ldr	r2, [r3, #8]
 1663 025a 3B6D     		ldr	r3, [r7, #80]
 1664 025c D318     		adds	r3, r2, r3
 1665 025e 3B65     		str	r3, [r7, #80]
 1666 0260 ADE0     		b	.L141
 1667              	.L135:
 1668 0262 FB6C     		ldr	r3, [r7, #76]
 1669 0264 1B01     		lsls	r3, r3, #4
 1670 0266 7A68     		ldr	r2, [r7, #4]
 1671 0268 D318     		adds	r3, r2, r3
 1672 026a DC68     		ldr	r4, [r3, #12]
 1673 026c 9B68     		ldr	r3, [r3, #8]
 1674 026e 1C25     		movs	r5, #28
 1675 0270 7A19     		adds	r2, r7, r5
 1676 0272 1800     		movs	r0, r3
 1677 0274 2100     		movs	r1, r4
 1678 0276 FFF7FEFF 		bl	prv_encodeInt
 1679 027a 0300     		movs	r3, r0
 1680 027c 7B63     		str	r3, [r7, #52]
 1681 027e 3B68     		ldr	r3, [r7]
 1682 0280 1A68     		ldr	r2, [r3]
 1683 0282 3B6D     		ldr	r3, [r7, #80]
 1684 0284 D018     		adds	r0, r2, r3
 1685 0286 FB6C     		ldr	r3, [r7, #76]
 1686 0288 1B01     		lsls	r3, r3, #4
 1687 028a 7A68     		ldr	r2, [r7, #4]
 1688 028c D318     		adds	r3, r2, r3
 1689 028e 1C78     		ldrb	r4, [r3]
 1690 0290 FB6C     		ldr	r3, [r7, #76]
 1691 0292 1B01     		lsls	r3, r3, #4
 1692 0294 7A68     		ldr	r2, [r7, #4]
 1693 0296 D318     		adds	r3, r2, r3
 1694 0298 5A88     		ldrh	r2, [r3, #2]
 1695 029a 4B23     		movs	r3, #75
 1696 029c FB18     		adds	r3, r7, r3
 1697 029e 1978     		ldrb	r1, [r3]
 1698 02a0 7B6B     		ldr	r3, [r7, #52]
 1699 02a2 0093     		str	r3, [sp]
 1700 02a4 1300     		movs	r3, r2
 1701 02a6 2200     		movs	r2, r4
 1702 02a8 FFF7FEFF 		bl	prv_createHeader
 1703 02ac 0300     		movs	r3, r0
 1704 02ae FB63     		str	r3, [r7, #60]
 1705 02b0 3A6D     		ldr	r2, [r7, #80]
 1706 02b2 FB6B     		ldr	r3, [r7, #60]
 1707 02b4 D318     		adds	r3, r2, r3
 1708 02b6 3B65     		str	r3, [r7, #80]
 1709 02b8 3B68     		ldr	r3, [r7]
 1710 02ba 1A68     		ldr	r2, [r3]
 1711 02bc 3B6D     		ldr	r3, [r7, #80]
ARM GAS  C:\Users\SONG_J~1\AppData\Local\Temp\cc0hT8Yf.s 			page 31


 1712 02be D318     		adds	r3, r2, r3
 1713 02c0 7A6B     		ldr	r2, [r7, #52]
 1714 02c2 7919     		adds	r1, r7, r5
 1715 02c4 1800     		movs	r0, r3
 1716 02c6 FFF7FEFF 		bl	memcpy
 1717 02ca 3A6D     		ldr	r2, [r7, #80]
 1718 02cc 7B6B     		ldr	r3, [r7, #52]
 1719 02ce D318     		adds	r3, r2, r3
 1720 02d0 3B65     		str	r3, [r7, #80]
 1721 02d2 74E0     		b	.L141
 1722              	.L136:
 1723 02d4 FB6C     		ldr	r3, [r7, #76]
 1724 02d6 1B01     		lsls	r3, r3, #4
 1725 02d8 7A68     		ldr	r2, [r7, #4]
 1726 02da D318     		adds	r3, r2, r3
 1727 02dc DC68     		ldr	r4, [r3, #12]
 1728 02de 9B68     		ldr	r3, [r3, #8]
 1729 02e0 1425     		movs	r5, #20
 1730 02e2 7A19     		adds	r2, r7, r5
 1731 02e4 1800     		movs	r0, r3
 1732 02e6 2100     		movs	r1, r4
 1733 02e8 FFF7FEFF 		bl	prv_encodeFloat
 1734 02ec 0300     		movs	r3, r0
 1735 02ee BB63     		str	r3, [r7, #56]
 1736 02f0 3B68     		ldr	r3, [r7]
 1737 02f2 1A68     		ldr	r2, [r3]
 1738 02f4 3B6D     		ldr	r3, [r7, #80]
 1739 02f6 D018     		adds	r0, r2, r3
 1740 02f8 FB6C     		ldr	r3, [r7, #76]
 1741 02fa 1B01     		lsls	r3, r3, #4
 1742 02fc 7A68     		ldr	r2, [r7, #4]
 1743 02fe D318     		adds	r3, r2, r3
 1744 0300 1C78     		ldrb	r4, [r3]
 1745 0302 FB6C     		ldr	r3, [r7, #76]
 1746 0304 1B01     		lsls	r3, r3, #4
 1747 0306 7A68     		ldr	r2, [r7, #4]
 1748 0308 D318     		adds	r3, r2, r3
 1749 030a 5A88     		ldrh	r2, [r3, #2]
 1750 030c 4B23     		movs	r3, #75
 1751 030e FB18     		adds	r3, r7, r3
 1752 0310 1978     		ldrb	r1, [r3]
 1753 0312 BB6B     		ldr	r3, [r7, #56]
 1754 0314 0093     		str	r3, [sp]
 1755 0316 1300     		movs	r3, r2
 1756 0318 2200     		movs	r2, r4
 1757 031a FFF7FEFF 		bl	prv_createHeader
 1758 031e 0300     		movs	r3, r0
 1759 0320 FB63     		str	r3, [r7, #60]
 1760 0322 3A6D     		ldr	r2, [r7, #80]
 1761 0324 FB6B     		ldr	r3, [r7, #60]
 1762 0326 D318     		adds	r3, r2, r3
 1763 0328 3B65     		str	r3, [r7, #80]
 1764 032a 3B68     		ldr	r3, [r7]
 1765 032c 1A68     		ldr	r2, [r3]
 1766 032e 3B6D     		ldr	r3, [r7, #80]
 1767 0330 D318     		adds	r3, r2, r3
 1768 0332 BA6B     		ldr	r2, [r7, #56]
ARM GAS  C:\Users\SONG_J~1\AppData\Local\Temp\cc0hT8Yf.s 			page 32


 1769 0334 7919     		adds	r1, r7, r5
 1770 0336 1800     		movs	r0, r3
 1771 0338 FFF7FEFF 		bl	memcpy
 1772 033c 3A6D     		ldr	r2, [r7, #80]
 1773 033e BB6B     		ldr	r3, [r7, #56]
 1774 0340 D318     		adds	r3, r2, r3
 1775 0342 3B65     		str	r3, [r7, #80]
 1776 0344 3BE0     		b	.L141
 1777              	.L137:
 1778 0346 3B68     		ldr	r3, [r7]
 1779 0348 1A68     		ldr	r2, [r3]
 1780 034a 3B6D     		ldr	r3, [r7, #80]
 1781 034c D018     		adds	r0, r2, r3
 1782 034e FB6C     		ldr	r3, [r7, #76]
 1783 0350 1B01     		lsls	r3, r3, #4
 1784 0352 7A68     		ldr	r2, [r7, #4]
 1785 0354 D318     		adds	r3, r2, r3
 1786 0356 1C78     		ldrb	r4, [r3]
 1787 0358 FB6C     		ldr	r3, [r7, #76]
 1788 035a 1B01     		lsls	r3, r3, #4
 1789 035c 7A68     		ldr	r2, [r7, #4]
 1790 035e D318     		adds	r3, r2, r3
 1791 0360 5A88     		ldrh	r2, [r3, #2]
 1792 0362 4B23     		movs	r3, #75
 1793 0364 FB18     		adds	r3, r7, r3
 1794 0366 1978     		ldrb	r1, [r3]
 1795 0368 0123     		movs	r3, #1
 1796 036a 0093     		str	r3, [sp]
 1797 036c 1300     		movs	r3, r2
 1798 036e 2200     		movs	r2, r4
 1799 0370 FFF7FEFF 		bl	prv_createHeader
 1800 0374 0300     		movs	r3, r0
 1801 0376 FB63     		str	r3, [r7, #60]
 1802 0378 3A6D     		ldr	r2, [r7, #80]
 1803 037a FB6B     		ldr	r3, [r7, #60]
 1804 037c D318     		adds	r3, r2, r3
 1805 037e 3B65     		str	r3, [r7, #80]
 1806 0380 FB6C     		ldr	r3, [r7, #76]
 1807 0382 1B01     		lsls	r3, r3, #4
 1808 0384 7A68     		ldr	r2, [r7, #4]
 1809 0386 D318     		adds	r3, r2, r3
 1810 0388 197A     		ldrb	r1, [r3, #8]
 1811 038a 3B68     		ldr	r3, [r7]
 1812 038c 1A68     		ldr	r2, [r3]
 1813 038e 3B6D     		ldr	r3, [r7, #80]
 1814 0390 D318     		adds	r3, r2, r3
 1815 0392 0A00     		movs	r2, r1
 1816 0394 1A70     		strb	r2, [r3]
 1817 0396 3B6D     		ldr	r3, [r7, #80]
 1818 0398 0133     		adds	r3, r3, #1
 1819 039a 3B65     		str	r3, [r7, #80]
 1820 039c 0FE0     		b	.L141
 1821              	.L130:
 1822 039e 0123     		movs	r3, #1
 1823 03a0 5B42     		rsbs	r3, r3, #0
 1824 03a2 7B65     		str	r3, [r7, #84]
 1825 03a4 0BE0     		b	.L141
ARM GAS  C:\Users\SONG_J~1\AppData\Local\Temp\cc0hT8Yf.s 			page 33


 1826              	.L149:
 1827 03a6 C046     		.align	2
 1828              	.L148:
 1829 03a8 34000000 		.word	.LC8
 1830 03ac 3C000000 		.word	.LC10
 1831 03b0 00000000 		.word	__func__.7179
 1832 03b4 44000000 		.word	.LC13
 1833 03b8 00000000 		.word	.L132
 1834              	.L147:
 1835 03bc C046     		nop
 1836              	.L141:
 1837 03be FB6C     		ldr	r3, [r7, #76]
 1838 03c0 0133     		adds	r3, r3, #1
 1839 03c2 FB64     		str	r3, [r7, #76]
 1840              	.L129:
 1841 03c4 FA6C     		ldr	r2, [r7, #76]
 1842 03c6 BB68     		ldr	r3, [r7, #8]
 1843 03c8 9A42     		cmp	r2, r3
 1844 03ca 03DA     		bge	.L144
 1845 03cc 7B6D     		ldr	r3, [r7, #84]
 1846 03ce 002B     		cmp	r3, #0
 1847 03d0 00D0     		beq	.LCB1921
 1848 03d2 51E6     		b	.L145	@long jump
 1849              	.LCB1921:
 1850              	.L144:
 1851 03d4 7B6D     		ldr	r3, [r7, #84]
 1852 03d6 002B     		cmp	r3, #0
 1853 03d8 07DA     		bge	.L146
 1854 03da 3B68     		ldr	r3, [r7]
 1855 03dc 1B68     		ldr	r3, [r3]
 1856 03de 1800     		movs	r0, r3
 1857 03e0 FFF7FEFF 		bl	lwm2m_free
 1858 03e4 3B68     		ldr	r3, [r7]
 1859 03e6 0022     		movs	r2, #0
 1860 03e8 1A60     		str	r2, [r3]
 1861              	.L146:
 1862 03ea 7C6D     		ldr	r4, [r7, #84]
 1863 03ec 9023     		movs	r3, #144
 1864 03ee 9A00     		lsls	r2, r3, #2
 1865 03f0 0449     		ldr	r1, .L150
 1866 03f2 0548     		ldr	r0, .L150+4
 1867 03f4 2300     		movs	r3, r4
 1868 03f6 FFF7FEFF 		bl	atiny_printf
 1869 03fa 7B6D     		ldr	r3, [r7, #84]
 1870              	.L127:
 1871 03fc 1800     		movs	r0, r3
 1872 03fe BD46     		mov	sp, r7
 1873 0400 16B0     		add	sp, sp, #88
 1874              		@ sp needed
 1875 0402 B0BD     		pop	{r4, r5, r7, pc}
 1876              	.L151:
 1877              		.align	2
 1878              	.L150:
 1879 0404 00000000 		.word	__func__.7179
 1880 0408 70000000 		.word	.LC16
 1882              		.section	.rodata.__func__.7123,"a",%progbits
 1883              		.align	2
ARM GAS  C:\Users\SONG_J~1\AppData\Local\Temp\cc0hT8Yf.s 			page 34


 1886              	__func__.7123:
 1887 0000 6C776D32 		.ascii	"lwm2m_decode_TLV\000"
 1887      6D5F6465 
 1887      636F6465 
 1887      5F544C56 
 1887      00
 1888              		.section	.rodata.__func__.7142,"a",%progbits
 1889              		.align	2
 1892              	__func__.7142:
 1893 0000 746C765F 		.ascii	"tlv_parse\000"
 1893      70617273 
 1893      6500
 1894              		.section	.rodata.__func__.7179,"a",%progbits
 1895              		.align	2
 1898              	__func__.7179:
 1899 0000 746C765F 		.ascii	"tlv_serialize\000"
 1899      73657269 
 1899      616C697A 
 1899      6500
 1900              		.ident	"GCC: (GNU Tools for Arm Embedded Processors 7-2017-q4-major) 7.2.1 20170904 (release) [ARM
ARM GAS  C:\Users\SONG_J~1\AppData\Local\Temp\cc0hT8Yf.s 			page 35


DEFINED SYMBOLS
                            *ABS*:00000000 tlv.c
C:\Users\SONG_J~1\AppData\Local\Temp\cc0hT8Yf.s:16     .text.prv_encodeFloat:00000000 $t
C:\Users\SONG_J~1\AppData\Local\Temp\cc0hT8Yf.s:22     .text.prv_encodeFloat:00000000 prv_encodeFloat
C:\Users\SONG_J~1\AppData\Local\Temp\cc0hT8Yf.s:85     .text.prv_encodeFloat:00000074 $d
C:\Users\SONG_J~1\AppData\Local\Temp\cc0hT8Yf.s:89     .text.prv_encodeInt:00000000 $t
C:\Users\SONG_J~1\AppData\Local\Temp\cc0hT8Yf.s:95     .text.prv_encodeInt:00000000 prv_encodeInt
C:\Users\SONG_J~1\AppData\Local\Temp\cc0hT8Yf.s:225    .text.prv_encodeInt:000000e8 $d
C:\Users\SONG_J~1\AppData\Local\Temp\cc0hT8Yf.s:230    .text.prv_getHeaderType:00000000 $t
C:\Users\SONG_J~1\AppData\Local\Temp\cc0hT8Yf.s:236    .text.prv_getHeaderType:00000000 prv_getHeaderType
C:\Users\SONG_J~1\AppData\Local\Temp\cc0hT8Yf.s:255    .rodata.prv_getHeaderType:00000000 $d
C:\Users\SONG_J~1\AppData\Local\Temp\cc0hT8Yf.s:291    .text.prv_getHeaderType:00000038 $d
C:\Users\SONG_J~1\AppData\Local\Temp\cc0hT8Yf.s:294    .text.prv_getDataType:00000000 $t
C:\Users\SONG_J~1\AppData\Local\Temp\cc0hT8Yf.s:300    .text.prv_getDataType:00000000 prv_getDataType
C:\Users\SONG_J~1\AppData\Local\Temp\cc0hT8Yf.s:347    .text.prv_getHeaderLength:00000000 $t
C:\Users\SONG_J~1\AppData\Local\Temp\cc0hT8Yf.s:353    .text.prv_getHeaderLength:00000000 prv_getHeaderLength
C:\Users\SONG_J~1\AppData\Local\Temp\cc0hT8Yf.s:406    .text.prv_getHeaderLength:00000054 $d
C:\Users\SONG_J~1\AppData\Local\Temp\cc0hT8Yf.s:409    .text.prv_createHeader:00000000 $t
C:\Users\SONG_J~1\AppData\Local\Temp\cc0hT8Yf.s:415    .text.prv_createHeader:00000000 prv_createHeader
C:\Users\SONG_J~1\AppData\Local\Temp\cc0hT8Yf.s:618    .text.prv_createHeader:0000017c $d
C:\Users\SONG_J~1\AppData\Local\Temp\cc0hT8Yf.s:622    .rodata:00000000 $d
C:\Users\SONG_J~1\AppData\Local\Temp\cc0hT8Yf.s:626    .text.lwm2m_decode_TLV:00000000 $t
C:\Users\SONG_J~1\AppData\Local\Temp\cc0hT8Yf.s:633    .text.lwm2m_decode_TLV:00000000 lwm2m_decode_TLV
C:\Users\SONG_J~1\AppData\Local\Temp\cc0hT8Yf.s:859    .text.lwm2m_decode_TLV:0000019c $d
C:\Users\SONG_J~1\AppData\Local\Temp\cc0hT8Yf.s:1886   .rodata.__func__.7123:00000000 __func__.7123
C:\Users\SONG_J~1\AppData\Local\Temp\cc0hT8Yf.s:867    .text.tlv_parse:00000000 $t
C:\Users\SONG_J~1\AppData\Local\Temp\cc0hT8Yf.s:874    .text.tlv_parse:00000000 tlv_parse
C:\Users\SONG_J~1\AppData\Local\Temp\cc0hT8Yf.s:1060   .text.tlv_parse:00000168 $d
C:\Users\SONG_J~1\AppData\Local\Temp\cc0hT8Yf.s:1892   .rodata.__func__.7142:00000000 __func__.7142
C:\Users\SONG_J~1\AppData\Local\Temp\cc0hT8Yf.s:1064   .text.prv_getLength:00000000 $t
C:\Users\SONG_J~1\AppData\Local\Temp\cc0hT8Yf.s:1070   .text.prv_getLength:00000000 prv_getLength
C:\Users\SONG_J~1\AppData\Local\Temp\cc0hT8Yf.s:1099   .rodata.prv_getLength:00000000 $d
C:\Users\SONG_J~1\AppData\Local\Temp\cc0hT8Yf.s:1317   .text.prv_getLength:000001b8 $d
C:\Users\SONG_J~1\AppData\Local\Temp\cc0hT8Yf.s:1335   .text.tlv_serialize:00000000 $t
C:\Users\SONG_J~1\AppData\Local\Temp\cc0hT8Yf.s:1342   .text.tlv_serialize:00000000 tlv_serialize
C:\Users\SONG_J~1\AppData\Local\Temp\cc0hT8Yf.s:1428   .rodata.tlv_serialize:00000000 $d
C:\Users\SONG_J~1\AppData\Local\Temp\cc0hT8Yf.s:1829   .text.tlv_serialize:000003a8 $d
C:\Users\SONG_J~1\AppData\Local\Temp\cc0hT8Yf.s:1898   .rodata.__func__.7179:00000000 __func__.7179
C:\Users\SONG_J~1\AppData\Local\Temp\cc0hT8Yf.s:1835   .text.tlv_serialize:000003bc $t
C:\Users\SONG_J~1\AppData\Local\Temp\cc0hT8Yf.s:1879   .text.tlv_serialize:00000404 $d
C:\Users\SONG_J~1\AppData\Local\Temp\cc0hT8Yf.s:1883   .rodata.__func__.7123:00000000 $d
C:\Users\SONG_J~1\AppData\Local\Temp\cc0hT8Yf.s:1889   .rodata.__func__.7142:00000000 $d
C:\Users\SONG_J~1\AppData\Local\Temp\cc0hT8Yf.s:1895   .rodata.__func__.7179:00000000 $d

UNDEFINED SYMBOLS
__aeabi_dcmplt
__aeabi_dcmpgt
__aeabi_d2f
utils_copyValue
atiny_printf
lwm2m_data_new
lwm2m_data_free
memcpy
lwm2m_free
lwm2m_data_encode_opaque
lwm2m_malloc
