ARM GAS  C:\Users\SONG_J~1\AppData\Local\Temp\ccDdGNnB.s 			page 1


   1              		.cpu cortex-m0
   2              		.eabi_attribute 20, 1
   3              		.eabi_attribute 21, 1
   4              		.eabi_attribute 23, 3
   5              		.eabi_attribute 24, 1
   6              		.eabi_attribute 25, 1
   7              		.eabi_attribute 26, 1
   8              		.eabi_attribute 30, 6
   9              		.eabi_attribute 34, 0
  10              		.eabi_attribute 18, 4
  11              		.file	"utils.c"
  12              		.section	.text.utils_textToInt,"ax",%progbits
  13              		.align	1
  14              		.global	utils_textToInt
  15              		.syntax unified
  16              		.code	16
  17              		.thumb_func
  18              		.fpu softvfp
  20              	utils_textToInt:
  21              		@ args = 0, pretend = 0, frame = 40
  22              		@ frame_needed = 1, uses_anonymous_args = 0
  23 0000 F0B5     		push	{r4, r5, r6, r7, lr}
  24 0002 8BB0     		sub	sp, sp, #44
  25 0004 00AF     		add	r7, sp, #0
  26 0006 7861     		str	r0, [r7, #20]
  27 0008 3961     		str	r1, [r7, #16]
  28 000a FA60     		str	r2, [r7, #12]
  29 000c 0023     		movs	r3, #0
  30 000e 0024     		movs	r4, #0
  31 0010 3B62     		str	r3, [r7, #32]
  32 0012 7C62     		str	r4, [r7, #36]
  33 0014 0123     		movs	r3, #1
  34 0016 FB61     		str	r3, [r7, #28]
  35 0018 0023     		movs	r3, #0
  36 001a BB61     		str	r3, [r7, #24]
  37 001c 3B69     		ldr	r3, [r7, #16]
  38 001e 002B     		cmp	r3, #0
  39 0020 01D1     		bne	.L2
  40 0022 0023     		movs	r3, #0
  41 0024 67E0     		b	.L3
  42              	.L2:
  43 0026 7B69     		ldr	r3, [r7, #20]
  44 0028 1B78     		ldrb	r3, [r3]
  45 002a 2D2B     		cmp	r3, #45
  46 002c 45D1     		bne	.L5
  47 002e 0123     		movs	r3, #1
  48 0030 5B42     		rsbs	r3, r3, #0
  49 0032 FB61     		str	r3, [r7, #28]
  50 0034 0123     		movs	r3, #1
  51 0036 BB61     		str	r3, [r7, #24]
  52 0038 3FE0     		b	.L5
  53              	.L9:
  54 003a BB69     		ldr	r3, [r7, #24]
  55 003c 7A69     		ldr	r2, [r7, #20]
  56 003e D318     		adds	r3, r2, r3
  57 0040 1B78     		ldrb	r3, [r3]
  58 0042 2F2B     		cmp	r3, #47
ARM GAS  C:\Users\SONG_J~1\AppData\Local\Temp\ccDdGNnB.s 			page 2


  59 0044 37D9     		bls	.L6
  60 0046 BB69     		ldr	r3, [r7, #24]
  61 0048 7A69     		ldr	r2, [r7, #20]
  62 004a D318     		adds	r3, r2, r3
  63 004c 1B78     		ldrb	r3, [r3]
  64 004e 392B     		cmp	r3, #57
  65 0050 31D8     		bhi	.L6
  66 0052 7B6A     		ldr	r3, [r7, #36]
  67 0054 2A4A     		ldr	r2, .L15
  68 0056 9342     		cmp	r3, r2
  69 0058 07D8     		bhi	.L14
  70 005a 7B6A     		ldr	r3, [r7, #36]
  71 005c 284A     		ldr	r2, .L15
  72 005e 9342     		cmp	r3, r2
  73 0060 05D1     		bne	.L7
  74 0062 3B6A     		ldr	r3, [r7, #32]
  75 0064 274A     		ldr	r2, .L15+4
  76 0066 9342     		cmp	r3, r2
  77 0068 01D9     		bls	.L7
  78              	.L14:
  79 006a 0023     		movs	r3, #0
  80 006c 43E0     		b	.L3
  81              	.L7:
  82 006e 396A     		ldr	r1, [r7, #32]
  83 0070 7A6A     		ldr	r2, [r7, #36]
  84 0072 0B00     		movs	r3, r1
  85 0074 1400     		movs	r4, r2
  86 0076 980F     		lsrs	r0, r3, #30
  87 0078 A600     		lsls	r6, r4, #2
  88 007a 0643     		orrs	r6, r0
  89 007c 9D00     		lsls	r5, r3, #2
  90 007e 0B00     		movs	r3, r1
  91 0080 1400     		movs	r4, r2
  92 0082 5B19     		adds	r3, r3, r5
  93 0084 7441     		adcs	r4, r4, r6
  94 0086 DB18     		adds	r3, r3, r3
  95 0088 6441     		adcs	r4, r4, r4
  96 008a 3B62     		str	r3, [r7, #32]
  97 008c 7C62     		str	r4, [r7, #36]
  98 008e BB69     		ldr	r3, [r7, #24]
  99 0090 7A69     		ldr	r2, [r7, #20]
 100 0092 D318     		adds	r3, r2, r3
 101 0094 1B78     		ldrb	r3, [r3]
 102 0096 303B     		subs	r3, r3, #48
 103 0098 3B60     		str	r3, [r7]
 104 009a DB17     		asrs	r3, r3, #31
 105 009c 7B60     		str	r3, [r7, #4]
 106 009e 3B6A     		ldr	r3, [r7, #32]
 107 00a0 7C6A     		ldr	r4, [r7, #36]
 108 00a2 3968     		ldr	r1, [r7]
 109 00a4 7A68     		ldr	r2, [r7, #4]
 110 00a6 5B18     		adds	r3, r3, r1
 111 00a8 5441     		adcs	r4, r4, r2
 112 00aa 3B62     		str	r3, [r7, #32]
 113 00ac 7C62     		str	r4, [r7, #36]
 114 00ae BB69     		ldr	r3, [r7, #24]
 115 00b0 0133     		adds	r3, r3, #1
ARM GAS  C:\Users\SONG_J~1\AppData\Local\Temp\ccDdGNnB.s 			page 3


 116 00b2 BB61     		str	r3, [r7, #24]
 117 00b4 01E0     		b	.L5
 118              	.L6:
 119 00b6 0023     		movs	r3, #0
 120 00b8 1DE0     		b	.L3
 121              	.L5:
 122 00ba BA69     		ldr	r2, [r7, #24]
 123 00bc 3B69     		ldr	r3, [r7, #16]
 124 00be 9A42     		cmp	r2, r3
 125 00c0 BBDB     		blt	.L9
 126 00c2 3B6A     		ldr	r3, [r7, #32]
 127 00c4 7C6A     		ldr	r4, [r7, #36]
 128 00c6 002C     		cmp	r4, #0
 129 00c8 01DA     		bge	.L10
 130 00ca 0023     		movs	r3, #0
 131 00cc 13E0     		b	.L3
 132              	.L10:
 133 00ce FB69     		ldr	r3, [r7, #28]
 134 00d0 0133     		adds	r3, r3, #1
 135 00d2 0AD1     		bne	.L12
 136 00d4 3B6A     		ldr	r3, [r7, #32]
 137 00d6 7C6A     		ldr	r4, [r7, #36]
 138 00d8 0022     		movs	r2, #0
 139 00da 5942     		rsbs	r1, r3, #0
 140 00dc A241     		sbcs	r2, r4
 141 00de 0B00     		movs	r3, r1
 142 00e0 1400     		movs	r4, r2
 143 00e2 FA68     		ldr	r2, [r7, #12]
 144 00e4 1360     		str	r3, [r2]
 145 00e6 5460     		str	r4, [r2, #4]
 146 00e8 04E0     		b	.L13
 147              	.L12:
 148 00ea 3B6A     		ldr	r3, [r7, #32]
 149 00ec 7C6A     		ldr	r4, [r7, #36]
 150 00ee FA68     		ldr	r2, [r7, #12]
 151 00f0 1360     		str	r3, [r2]
 152 00f2 5460     		str	r4, [r2, #4]
 153              	.L13:
 154 00f4 0123     		movs	r3, #1
 155              	.L3:
 156 00f6 1800     		movs	r0, r3
 157 00f8 BD46     		mov	sp, r7
 158 00fa 0BB0     		add	sp, sp, #44
 159              		@ sp needed
 160 00fc F0BD     		pop	{r4, r5, r6, r7, pc}
 161              	.L16:
 162 00fe C046     		.align	2
 163              	.L15:
 164 0100 99999919 		.word	429496729
 165 0104 99999999 		.word	-1717986919
 167              		.global	__aeabi_dcmpgt
 168              		.global	__aeabi_dmul
 169              		.global	__aeabi_i2d
 170              		.global	__aeabi_dadd
 171              		.global	__aeabi_ddiv
 172              		.section	.text.utils_textToFloat,"ax",%progbits
 173              		.align	1
ARM GAS  C:\Users\SONG_J~1\AppData\Local\Temp\ccDdGNnB.s 			page 4


 174              		.global	utils_textToFloat
 175              		.syntax unified
 176              		.code	16
 177              		.thumb_func
 178              		.fpu softvfp
 180              	utils_textToFloat:
 181              		@ args = 0, pretend = 0, frame = 40
 182              		@ frame_needed = 1, uses_anonymous_args = 0
 183 0000 90B5     		push	{r4, r7, lr}
 184 0002 8BB0     		sub	sp, sp, #44
 185 0004 00AF     		add	r7, sp, #0
 186 0006 F860     		str	r0, [r7, #12]
 187 0008 B960     		str	r1, [r7, #8]
 188 000a 7A60     		str	r2, [r7, #4]
 189 000c BB68     		ldr	r3, [r7, #8]
 190 000e 002B     		cmp	r3, #0
 191 0010 01D1     		bne	.L18
 192 0012 0023     		movs	r3, #0
 193 0014 BAE0     		b	.L19
 194              	.L18:
 195 0016 FB68     		ldr	r3, [r7, #12]
 196 0018 1B78     		ldrb	r3, [r3]
 197 001a 2D2B     		cmp	r3, #45
 198 001c 05D1     		bne	.L20
 199 001e 0123     		movs	r3, #1
 200 0020 5B42     		rsbs	r3, r3, #0
 201 0022 FB61     		str	r3, [r7, #28]
 202 0024 0123     		movs	r3, #1
 203 0026 BB61     		str	r3, [r7, #24]
 204 0028 03E0     		b	.L21
 205              	.L20:
 206 002a 0123     		movs	r3, #1
 207 002c FB61     		str	r3, [r7, #28]
 208 002e 0023     		movs	r3, #0
 209 0030 BB61     		str	r3, [r7, #24]
 210              	.L21:
 211 0032 0023     		movs	r3, #0
 212 0034 0024     		movs	r4, #0
 213 0036 3B62     		str	r3, [r7, #32]
 214 0038 7C62     		str	r4, [r7, #36]
 215 003a 39E0     		b	.L22
 216              	.L27:
 217 003c BB69     		ldr	r3, [r7, #24]
 218 003e FA68     		ldr	r2, [r7, #12]
 219 0040 D318     		adds	r3, r2, r3
 220 0042 1B78     		ldrb	r3, [r3]
 221 0044 2F2B     		cmp	r3, #47
 222 0046 31D9     		bls	.L23
 223 0048 BB69     		ldr	r3, [r7, #24]
 224 004a FA68     		ldr	r2, [r7, #12]
 225 004c D318     		adds	r3, r2, r3
 226 004e 1B78     		ldrb	r3, [r3]
 227 0050 392B     		cmp	r3, #57
 228 0052 2BD8     		bhi	.L23
 229 0054 4F4A     		ldr	r2, .L39
 230 0056 504B     		ldr	r3, .L39+4
 231 0058 386A     		ldr	r0, [r7, #32]
ARM GAS  C:\Users\SONG_J~1\AppData\Local\Temp\ccDdGNnB.s 			page 5


 232 005a 796A     		ldr	r1, [r7, #36]
 233 005c FFF7FEFF 		bl	__aeabi_dcmpgt
 234 0060 031E     		subs	r3, r0, #0
 235 0062 01D0     		beq	.L37
 236 0064 0023     		movs	r3, #0
 237 0066 91E0     		b	.L19
 238              	.L37:
 239 0068 0022     		movs	r2, #0
 240 006a 4C4B     		ldr	r3, .L39+8
 241 006c 386A     		ldr	r0, [r7, #32]
 242 006e 796A     		ldr	r1, [r7, #36]
 243 0070 FFF7FEFF 		bl	__aeabi_dmul
 244 0074 0300     		movs	r3, r0
 245 0076 0C00     		movs	r4, r1
 246 0078 3B62     		str	r3, [r7, #32]
 247 007a 7C62     		str	r4, [r7, #36]
 248 007c BB69     		ldr	r3, [r7, #24]
 249 007e FA68     		ldr	r2, [r7, #12]
 250 0080 D318     		adds	r3, r2, r3
 251 0082 1B78     		ldrb	r3, [r3]
 252 0084 303B     		subs	r3, r3, #48
 253 0086 1800     		movs	r0, r3
 254 0088 FFF7FEFF 		bl	__aeabi_i2d
 255 008c 0300     		movs	r3, r0
 256 008e 0C00     		movs	r4, r1
 257 0090 1A00     		movs	r2, r3
 258 0092 2300     		movs	r3, r4
 259 0094 386A     		ldr	r0, [r7, #32]
 260 0096 796A     		ldr	r1, [r7, #36]
 261 0098 FFF7FEFF 		bl	__aeabi_dadd
 262 009c 0300     		movs	r3, r0
 263 009e 0C00     		movs	r4, r1
 264 00a0 3B62     		str	r3, [r7, #32]
 265 00a2 7C62     		str	r4, [r7, #36]
 266 00a4 BB69     		ldr	r3, [r7, #24]
 267 00a6 0133     		adds	r3, r3, #1
 268 00a8 BB61     		str	r3, [r7, #24]
 269 00aa 01E0     		b	.L22
 270              	.L23:
 271 00ac 0023     		movs	r3, #0
 272 00ae 6DE0     		b	.L19
 273              	.L22:
 274 00b0 BA69     		ldr	r2, [r7, #24]
 275 00b2 BB68     		ldr	r3, [r7, #8]
 276 00b4 9A42     		cmp	r2, r3
 277 00b6 05DA     		bge	.L26
 278 00b8 BB69     		ldr	r3, [r7, #24]
 279 00ba FA68     		ldr	r2, [r7, #12]
 280 00bc D318     		adds	r3, r2, r3
 281 00be 1B78     		ldrb	r3, [r3]
 282 00c0 2E2B     		cmp	r3, #46
 283 00c2 BBD1     		bne	.L27
 284              	.L26:
 285 00c4 BB69     		ldr	r3, [r7, #24]
 286 00c6 FA68     		ldr	r2, [r7, #12]
 287 00c8 D318     		adds	r3, r2, r3
 288 00ca 1B78     		ldrb	r3, [r3]
ARM GAS  C:\Users\SONG_J~1\AppData\Local\Temp\ccDdGNnB.s 			page 6


 289 00cc 2E2B     		cmp	r3, #46
 290 00ce 50D1     		bne	.L28
 291 00d0 BB69     		ldr	r3, [r7, #24]
 292 00d2 0133     		adds	r3, r3, #1
 293 00d4 BB61     		str	r3, [r7, #24]
 294 00d6 BA69     		ldr	r2, [r7, #24]
 295 00d8 BB68     		ldr	r3, [r7, #8]
 296 00da 9A42     		cmp	r2, r3
 297 00dc 01D1     		bne	.L29
 298 00de 0023     		movs	r3, #0
 299 00e0 54E0     		b	.L19
 300              	.L29:
 301 00e2 2F4B     		ldr	r3, .L39+12
 302 00e4 2F4C     		ldr	r4, .L39+16
 303 00e6 3B61     		str	r3, [r7, #16]
 304 00e8 7C61     		str	r4, [r7, #20]
 305 00ea 3EE0     		b	.L30
 306              	.L34:
 307 00ec BB69     		ldr	r3, [r7, #24]
 308 00ee FA68     		ldr	r2, [r7, #12]
 309 00f0 D318     		adds	r3, r2, r3
 310 00f2 1B78     		ldrb	r3, [r3]
 311 00f4 2F2B     		cmp	r3, #47
 312 00f6 36D9     		bls	.L31
 313 00f8 BB69     		ldr	r3, [r7, #24]
 314 00fa FA68     		ldr	r2, [r7, #12]
 315 00fc D318     		adds	r3, r2, r3
 316 00fe 1B78     		ldrb	r3, [r3]
 317 0100 392B     		cmp	r3, #57
 318 0102 30D8     		bhi	.L31
 319 0104 0122     		movs	r2, #1
 320 0106 5242     		rsbs	r2, r2, #0
 321 0108 274B     		ldr	r3, .L39+20
 322 010a 386A     		ldr	r0, [r7, #32]
 323 010c 796A     		ldr	r1, [r7, #36]
 324 010e FFF7FEFF 		bl	__aeabi_dcmpgt
 325 0112 031E     		subs	r3, r0, #0
 326 0114 01D0     		beq	.L38
 327 0116 0023     		movs	r3, #0
 328 0118 38E0     		b	.L19
 329              	.L38:
 330 011a BB69     		ldr	r3, [r7, #24]
 331 011c FA68     		ldr	r2, [r7, #12]
 332 011e D318     		adds	r3, r2, r3
 333 0120 1B78     		ldrb	r3, [r3]
 334 0122 303B     		subs	r3, r3, #48
 335 0124 1800     		movs	r0, r3
 336 0126 FFF7FEFF 		bl	__aeabi_i2d
 337 012a 3A69     		ldr	r2, [r7, #16]
 338 012c 7B69     		ldr	r3, [r7, #20]
 339 012e FFF7FEFF 		bl	__aeabi_dmul
 340 0132 0300     		movs	r3, r0
 341 0134 0C00     		movs	r4, r1
 342 0136 1A00     		movs	r2, r3
 343 0138 2300     		movs	r3, r4
 344 013a 386A     		ldr	r0, [r7, #32]
 345 013c 796A     		ldr	r1, [r7, #36]
ARM GAS  C:\Users\SONG_J~1\AppData\Local\Temp\ccDdGNnB.s 			page 7


 346 013e FFF7FEFF 		bl	__aeabi_dadd
 347 0142 0300     		movs	r3, r0
 348 0144 0C00     		movs	r4, r1
 349 0146 3B62     		str	r3, [r7, #32]
 350 0148 7C62     		str	r4, [r7, #36]
 351 014a 0022     		movs	r2, #0
 352 014c 134B     		ldr	r3, .L39+8
 353 014e 3869     		ldr	r0, [r7, #16]
 354 0150 7969     		ldr	r1, [r7, #20]
 355 0152 FFF7FEFF 		bl	__aeabi_ddiv
 356 0156 0300     		movs	r3, r0
 357 0158 0C00     		movs	r4, r1
 358 015a 3B61     		str	r3, [r7, #16]
 359 015c 7C61     		str	r4, [r7, #20]
 360 015e BB69     		ldr	r3, [r7, #24]
 361 0160 0133     		adds	r3, r3, #1
 362 0162 BB61     		str	r3, [r7, #24]
 363 0164 01E0     		b	.L30
 364              	.L31:
 365 0166 0023     		movs	r3, #0
 366 0168 10E0     		b	.L19
 367              	.L30:
 368 016a BA69     		ldr	r2, [r7, #24]
 369 016c BB68     		ldr	r3, [r7, #8]
 370 016e 9A42     		cmp	r2, r3
 371 0170 BCDB     		blt	.L34
 372              	.L28:
 373 0172 F869     		ldr	r0, [r7, #28]
 374 0174 FFF7FEFF 		bl	__aeabi_i2d
 375 0178 3A6A     		ldr	r2, [r7, #32]
 376 017a 7B6A     		ldr	r3, [r7, #36]
 377 017c FFF7FEFF 		bl	__aeabi_dmul
 378 0180 0300     		movs	r3, r0
 379 0182 0C00     		movs	r4, r1
 380 0184 7A68     		ldr	r2, [r7, #4]
 381 0186 1360     		str	r3, [r2]
 382 0188 5460     		str	r4, [r2, #4]
 383 018a 0123     		movs	r3, #1
 384              	.L19:
 385 018c 1800     		movs	r0, r3
 386 018e BD46     		mov	sp, r7
 387 0190 0BB0     		add	sp, sp, #44
 388              		@ sp needed
 389 0192 90BD     		pop	{r4, r7, pc}
 390              	.L40:
 391              		.align	2
 392              	.L39:
 393 0194 99999999 		.word	-1717986919
 394 0198 9999B97F 		.word	2142869913
 395 019c 00002440 		.word	1076101120
 396 01a0 9A999999 		.word	-1717986918
 397 01a4 9999B93F 		.word	1069128089
 398 01a8 FFFFEF7F 		.word	2146435071
 400              		.global	__aeabi_ldivmod
 401              		.section	.text.utils_intToText,"ax",%progbits
 402              		.align	1
 403              		.global	utils_intToText
ARM GAS  C:\Users\SONG_J~1\AppData\Local\Temp\ccDdGNnB.s 			page 8


 404              		.syntax unified
 405              		.code	16
 406              		.thumb_func
 407              		.fpu softvfp
 409              	utils_intToText:
 410              		@ args = 0, pretend = 0, frame = 32
 411              		@ frame_needed = 1, uses_anonymous_args = 0
 412 0000 90B5     		push	{r4, r7, lr}
 413 0002 89B0     		sub	sp, sp, #36
 414 0004 00AF     		add	r7, sp, #0
 415 0006 B860     		str	r0, [r7, #8]
 416 0008 F960     		str	r1, [r7, #12]
 417 000a 7A60     		str	r2, [r7, #4]
 418 000c 3B60     		str	r3, [r7]
 419 000e FB68     		ldr	r3, [r7, #12]
 420 0010 002B     		cmp	r3, #0
 421 0012 0BDA     		bge	.L42
 422 0014 1B23     		movs	r3, #27
 423 0016 FB18     		adds	r3, r7, r3
 424 0018 0122     		movs	r2, #1
 425 001a 1A70     		strb	r2, [r3]
 426 001c B968     		ldr	r1, [r7, #8]
 427 001e FA68     		ldr	r2, [r7, #12]
 428 0020 0024     		movs	r4, #0
 429 0022 4B42     		rsbs	r3, r1, #0
 430 0024 9441     		sbcs	r4, r2
 431 0026 BB60     		str	r3, [r7, #8]
 432 0028 FC60     		str	r4, [r7, #12]
 433 002a 03E0     		b	.L44
 434              	.L42:
 435 002c 1B23     		movs	r3, #27
 436 002e FB18     		adds	r3, r7, r3
 437 0030 0022     		movs	r2, #0
 438 0032 1A70     		strb	r2, [r3]
 439              	.L44:
 440 0034 3B68     		ldr	r3, [r7]
 441 0036 013B     		subs	r3, r3, #1
 442 0038 FB61     		str	r3, [r7, #28]
 443              	.L46:
 444 003a B868     		ldr	r0, [r7, #8]
 445 003c F968     		ldr	r1, [r7, #12]
 446 003e 0A22     		movs	r2, #10
 447 0040 0023     		movs	r3, #0
 448 0042 FFF7FEFF 		bl	__aeabi_ldivmod
 449 0046 1C00     		movs	r4, r3
 450 0048 1300     		movs	r3, r2
 451 004a DAB2     		uxtb	r2, r3
 452 004c FB69     		ldr	r3, [r7, #28]
 453 004e 7968     		ldr	r1, [r7, #4]
 454 0050 CB18     		adds	r3, r1, r3
 455 0052 3032     		adds	r2, r2, #48
 456 0054 D2B2     		uxtb	r2, r2
 457 0056 1A70     		strb	r2, [r3]
 458 0058 B868     		ldr	r0, [r7, #8]
 459 005a F968     		ldr	r1, [r7, #12]
 460 005c 0A22     		movs	r2, #10
 461 005e 0023     		movs	r3, #0
ARM GAS  C:\Users\SONG_J~1\AppData\Local\Temp\ccDdGNnB.s 			page 9


 462 0060 FFF7FEFF 		bl	__aeabi_ldivmod
 463 0064 0300     		movs	r3, r0
 464 0066 0C00     		movs	r4, r1
 465 0068 BB60     		str	r3, [r7, #8]
 466 006a FC60     		str	r4, [r7, #12]
 467 006c FB69     		ldr	r3, [r7, #28]
 468 006e 013B     		subs	r3, r3, #1
 469 0070 FB61     		str	r3, [r7, #28]
 470 0072 FB69     		ldr	r3, [r7, #28]
 471 0074 002B     		cmp	r3, #0
 472 0076 08DB     		blt	.L45
 473 0078 FB68     		ldr	r3, [r7, #12]
 474 007a 002B     		cmp	r3, #0
 475 007c DDDC     		bgt	.L46
 476 007e FB68     		ldr	r3, [r7, #12]
 477 0080 002B     		cmp	r3, #0
 478 0082 02D1     		bne	.L45
 479 0084 BB68     		ldr	r3, [r7, #8]
 480 0086 002B     		cmp	r3, #0
 481 0088 D7D1     		bne	.L46
 482              	.L45:
 483 008a FB68     		ldr	r3, [r7, #12]
 484 008c 002B     		cmp	r3, #0
 485 008e 05DC     		bgt	.L55
 486 0090 FB68     		ldr	r3, [r7, #12]
 487 0092 002B     		cmp	r3, #0
 488 0094 04D1     		bne	.L48
 489 0096 BB68     		ldr	r3, [r7, #8]
 490 0098 002B     		cmp	r3, #0
 491 009a 01D0     		beq	.L48
 492              	.L55:
 493 009c 0023     		movs	r3, #0
 494 009e 23E0     		b	.L50
 495              	.L48:
 496 00a0 1B23     		movs	r3, #27
 497 00a2 FB18     		adds	r3, r7, r3
 498 00a4 1B78     		ldrb	r3, [r3]
 499 00a6 002B     		cmp	r3, #0
 500 00a8 0AD0     		beq	.L51
 501 00aa FB69     		ldr	r3, [r7, #28]
 502 00ac 002B     		cmp	r3, #0
 503 00ae 01D1     		bne	.L52
 504 00b0 0023     		movs	r3, #0
 505 00b2 19E0     		b	.L50
 506              	.L52:
 507 00b4 FB69     		ldr	r3, [r7, #28]
 508 00b6 7A68     		ldr	r2, [r7, #4]
 509 00b8 D318     		adds	r3, r2, r3
 510 00ba 2D22     		movs	r2, #45
 511 00bc 1A70     		strb	r2, [r3]
 512 00be 02E0     		b	.L53
 513              	.L51:
 514 00c0 FB69     		ldr	r3, [r7, #28]
 515 00c2 0133     		adds	r3, r3, #1
 516 00c4 FB61     		str	r3, [r7, #28]
 517              	.L53:
 518 00c6 FB69     		ldr	r3, [r7, #28]
ARM GAS  C:\Users\SONG_J~1\AppData\Local\Temp\ccDdGNnB.s 			page 10


 519 00c8 3A68     		ldr	r2, [r7]
 520 00ca D31A     		subs	r3, r2, r3
 521 00cc 7B61     		str	r3, [r7, #20]
 522 00ce 7A69     		ldr	r2, [r7, #20]
 523 00d0 3B68     		ldr	r3, [r7]
 524 00d2 9A42     		cmp	r2, r3
 525 00d4 07D2     		bcs	.L54
 526 00d6 FB69     		ldr	r3, [r7, #28]
 527 00d8 7A68     		ldr	r2, [r7, #4]
 528 00da D118     		adds	r1, r2, r3
 529 00dc 7A69     		ldr	r2, [r7, #20]
 530 00de 7B68     		ldr	r3, [r7, #4]
 531 00e0 1800     		movs	r0, r3
 532 00e2 FFF7FEFF 		bl	memmove
 533              	.L54:
 534 00e6 7B69     		ldr	r3, [r7, #20]
 535              	.L50:
 536 00e8 1800     		movs	r0, r3
 537 00ea BD46     		mov	sp, r7
 538 00ec 09B0     		add	sp, sp, #36
 539              		@ sp needed
 540 00ee 90BD     		pop	{r4, r7, pc}
 542              		.global	__aeabi_dcmple
 543              		.global	__aeabi_dcmpge
 544              		.global	__aeabi_d2lz
 545              		.global	__aeabi_l2d
 546              		.global	__aeabi_dsub
 547              		.global	__aeabi_dcmplt
 548              		.section	.text.utils_floatToText,"ax",%progbits
 549              		.align	1
 550              		.global	utils_floatToText
 551              		.syntax unified
 552              		.code	16
 553              		.thumb_func
 554              		.fpu softvfp
 556              	utils_floatToText:
 557              		@ args = 0, pretend = 0, frame = 48
 558              		@ frame_needed = 1, uses_anonymous_args = 0
 559 0000 B0B5     		push	{r4, r5, r7, lr}
 560 0002 8CB0     		sub	sp, sp, #48
 561 0004 00AF     		add	r7, sp, #0
 562 0006 B860     		str	r0, [r7, #8]
 563 0008 F960     		str	r1, [r7, #12]
 564 000a 7A60     		str	r2, [r7, #4]
 565 000c 3B60     		str	r3, [r7]
 566 000e 0022     		movs	r2, #0
 567 0010 724B     		ldr	r3, .L81
 568 0012 B868     		ldr	r0, [r7, #8]
 569 0014 F968     		ldr	r1, [r7, #12]
 570 0016 FFF7FEFF 		bl	__aeabi_dcmple
 571 001a 031E     		subs	r3, r0, #0
 572 001c 07D1     		bne	.L57
 573 001e 0022     		movs	r2, #0
 574 0020 6F4B     		ldr	r3, .L81+4
 575 0022 B868     		ldr	r0, [r7, #8]
 576 0024 F968     		ldr	r1, [r7, #12]
 577 0026 FFF7FEFF 		bl	__aeabi_dcmpge
ARM GAS  C:\Users\SONG_J~1\AppData\Local\Temp\ccDdGNnB.s 			page 11


 578 002a 031E     		subs	r3, r0, #0
 579 002c 01D0     		beq	.L79
 580              	.L57:
 581 002e 0023     		movs	r3, #0
 582 0030 D0E0     		b	.L60
 583              	.L79:
 584 0032 B868     		ldr	r0, [r7, #8]
 585 0034 F968     		ldr	r1, [r7, #12]
 586 0036 FFF7FEFF 		bl	__aeabi_d2lz
 587 003a 0300     		movs	r3, r0
 588 003c 0C00     		movs	r4, r1
 589 003e 3B61     		str	r3, [r7, #16]
 590 0040 7C61     		str	r4, [r7, #20]
 591 0042 3869     		ldr	r0, [r7, #16]
 592 0044 7969     		ldr	r1, [r7, #20]
 593 0046 FFF7FEFF 		bl	__aeabi_l2d
 594 004a 0300     		movs	r3, r0
 595 004c 0C00     		movs	r4, r1
 596 004e 1A00     		movs	r2, r3
 597 0050 2300     		movs	r3, r4
 598 0052 B868     		ldr	r0, [r7, #8]
 599 0054 F968     		ldr	r1, [r7, #12]
 600 0056 FFF7FEFF 		bl	__aeabi_dsub
 601 005a 0300     		movs	r3, r0
 602 005c 0C00     		movs	r4, r1
 603 005e 3B62     		str	r3, [r7, #32]
 604 0060 7C62     		str	r4, [r7, #36]
 605 0062 0022     		movs	r2, #0
 606 0064 0023     		movs	r3, #0
 607 0066 386A     		ldr	r0, [r7, #32]
 608 0068 796A     		ldr	r1, [r7, #36]
 609 006a FFF7FEFF 		bl	__aeabi_dcmplt
 610 006e 031E     		subs	r3, r0, #0
 611 0070 0AD0     		beq	.L80
 612 0072 3A6A     		ldr	r2, [r7, #32]
 613 0074 7B6A     		ldr	r3, [r7, #36]
 614 0076 0020     		movs	r0, #0
 615 0078 5A49     		ldr	r1, .L81+8
 616 007a FFF7FEFF 		bl	__aeabi_dsub
 617 007e 0300     		movs	r3, r0
 618 0080 0C00     		movs	r4, r1
 619 0082 3B62     		str	r3, [r7, #32]
 620 0084 7C62     		str	r4, [r7, #36]
 621 0086 09E0     		b	.L63
 622              	.L80:
 623 0088 0022     		movs	r2, #0
 624 008a 564B     		ldr	r3, .L81+8
 625 008c 386A     		ldr	r0, [r7, #32]
 626 008e 796A     		ldr	r1, [r7, #36]
 627 0090 FFF7FEFF 		bl	__aeabi_dadd
 628 0094 0300     		movs	r3, r0
 629 0096 0C00     		movs	r4, r1
 630 0098 3B62     		str	r3, [r7, #32]
 631 009a 7C62     		str	r4, [r7, #36]
 632              	.L63:
 633 009c 8022     		movs	r2, #128
 634 009e 9205     		lsls	r2, r2, #22
ARM GAS  C:\Users\SONG_J~1\AppData\Local\Temp\ccDdGNnB.s 			page 12


 635 00a0 504B     		ldr	r3, .L81+8
 636 00a2 386A     		ldr	r0, [r7, #32]
 637 00a4 796A     		ldr	r1, [r7, #36]
 638 00a6 FFF7FEFF 		bl	__aeabi_dcmple
 639 00aa 031E     		subs	r3, r0, #0
 640 00ac 03D0     		beq	.L64
 641 00ae 0023     		movs	r3, #0
 642 00b0 0024     		movs	r4, #0
 643 00b2 3B62     		str	r3, [r7, #32]
 644 00b4 7C62     		str	r4, [r7, #36]
 645              	.L64:
 646 00b6 3B69     		ldr	r3, [r7, #16]
 647 00b8 7A69     		ldr	r2, [r7, #20]
 648 00ba 1343     		orrs	r3, r2
 649 00bc 16D1     		bne	.L66
 650 00be 0022     		movs	r2, #0
 651 00c0 0023     		movs	r3, #0
 652 00c2 B868     		ldr	r0, [r7, #8]
 653 00c4 F968     		ldr	r1, [r7, #12]
 654 00c6 FFF7FEFF 		bl	__aeabi_dcmplt
 655 00ca 031E     		subs	r3, r0, #0
 656 00cc 0ED0     		beq	.L66
 657 00ce 3B68     		ldr	r3, [r7]
 658 00d0 032B     		cmp	r3, #3
 659 00d2 01D8     		bhi	.L68
 660 00d4 0023     		movs	r3, #0
 661 00d6 7DE0     		b	.L60
 662              	.L68:
 663 00d8 7B68     		ldr	r3, [r7, #4]
 664 00da 2D22     		movs	r2, #45
 665 00dc 1A70     		strb	r2, [r3]
 666 00de 7B68     		ldr	r3, [r7, #4]
 667 00e0 0133     		adds	r3, r3, #1
 668 00e2 3022     		movs	r2, #48
 669 00e4 1A70     		strb	r2, [r3]
 670 00e6 0223     		movs	r3, #2
 671 00e8 FB62     		str	r3, [r7, #44]
 672 00ea 0CE0     		b	.L69
 673              	.L66:
 674 00ec 3B68     		ldr	r3, [r7]
 675 00ee 7A68     		ldr	r2, [r7, #4]
 676 00f0 3869     		ldr	r0, [r7, #16]
 677 00f2 7969     		ldr	r1, [r7, #20]
 678 00f4 FFF7FEFF 		bl	utils_intToText
 679 00f8 0300     		movs	r3, r0
 680 00fa FB62     		str	r3, [r7, #44]
 681 00fc FB6A     		ldr	r3, [r7, #44]
 682 00fe 002B     		cmp	r3, #0
 683 0100 01D1     		bne	.L69
 684 0102 0023     		movs	r3, #0
 685 0104 66E0     		b	.L60
 686              	.L69:
 687 0106 0023     		movs	r3, #0
 688 0108 BB62     		str	r3, [r7, #40]
 689 010a 0022     		movs	r2, #0
 690 010c FA23     		movs	r3, #250
 691 010e 9B05     		lsls	r3, r3, #22
ARM GAS  C:\Users\SONG_J~1\AppData\Local\Temp\ccDdGNnB.s 			page 13


 692 0110 386A     		ldr	r0, [r7, #32]
 693 0112 796A     		ldr	r1, [r7, #36]
 694 0114 FFF7FEFF 		bl	__aeabi_dcmpge
 695 0118 031E     		subs	r3, r0, #0
 696 011a 58D0     		beq	.L70
 697 011c 3B68     		ldr	r3, [r7]
 698 011e 013B     		subs	r3, r3, #1
 699 0120 FA6A     		ldr	r2, [r7, #44]
 700 0122 9A42     		cmp	r2, r3
 701 0124 01D3     		bcc	.L72
 702 0126 0023     		movs	r3, #0
 703 0128 54E0     		b	.L60
 704              	.L72:
 705 012a 0023     		movs	r3, #0
 706 012c FA24     		movs	r4, #250
 707 012e A405     		lsls	r4, r4, #22
 708 0130 BB61     		str	r3, [r7, #24]
 709 0132 FC61     		str	r4, [r7, #28]
 710              	.L73:
 711 0134 0022     		movs	r2, #0
 712 0136 2C4B     		ldr	r3, .L81+12
 713 0138 386A     		ldr	r0, [r7, #32]
 714 013a 796A     		ldr	r1, [r7, #36]
 715 013c FFF7FEFF 		bl	__aeabi_dmul
 716 0140 0300     		movs	r3, r0
 717 0142 0C00     		movs	r4, r1
 718 0144 3B62     		str	r3, [r7, #32]
 719 0146 7C62     		str	r4, [r7, #36]
 720 0148 0022     		movs	r2, #0
 721 014a 274B     		ldr	r3, .L81+12
 722 014c B869     		ldr	r0, [r7, #24]
 723 014e F969     		ldr	r1, [r7, #28]
 724 0150 FFF7FEFF 		bl	__aeabi_dmul
 725 0154 0300     		movs	r3, r0
 726 0156 0C00     		movs	r4, r1
 727 0158 BB61     		str	r3, [r7, #24]
 728 015a FC61     		str	r4, [r7, #28]
 729 015c 386A     		ldr	r0, [r7, #32]
 730 015e 796A     		ldr	r1, [r7, #36]
 731 0160 FFF7FEFF 		bl	__aeabi_d2lz
 732 0164 0300     		movs	r3, r0
 733 0166 0C00     		movs	r4, r1
 734 0168 1800     		movs	r0, r3
 735 016a 2100     		movs	r1, r4
 736 016c FFF7FEFF 		bl	__aeabi_l2d
 737 0170 0300     		movs	r3, r0
 738 0172 0C00     		movs	r4, r1
 739 0174 1A00     		movs	r2, r3
 740 0176 2300     		movs	r3, r4
 741 0178 386A     		ldr	r0, [r7, #32]
 742 017a 796A     		ldr	r1, [r7, #36]
 743 017c FFF7FEFF 		bl	__aeabi_dsub
 744 0180 0300     		movs	r3, r0
 745 0182 0C00     		movs	r4, r1
 746 0184 1A00     		movs	r2, r3
 747 0186 2300     		movs	r3, r4
 748 0188 B869     		ldr	r0, [r7, #24]
ARM GAS  C:\Users\SONG_J~1\AppData\Local\Temp\ccDdGNnB.s 			page 14


 749 018a F969     		ldr	r1, [r7, #28]
 750 018c FFF7FEFF 		bl	__aeabi_dcmplt
 751 0190 031E     		subs	r3, r0, #0
 752 0192 CFD1     		bne	.L73
 753 0194 386A     		ldr	r0, [r7, #32]
 754 0196 796A     		ldr	r1, [r7, #36]
 755 0198 FFF7FEFF 		bl	__aeabi_d2lz
 756 019c 0400     		movs	r4, r0
 757 019e 0D00     		movs	r5, r1
 758 01a0 7A68     		ldr	r2, [r7, #4]
 759 01a2 FB6A     		ldr	r3, [r7, #44]
 760 01a4 D118     		adds	r1, r2, r3
 761 01a6 3A68     		ldr	r2, [r7]
 762 01a8 FB6A     		ldr	r3, [r7, #44]
 763 01aa D31A     		subs	r3, r2, r3
 764 01ac 0A00     		movs	r2, r1
 765 01ae 2000     		movs	r0, r4
 766 01b0 2900     		movs	r1, r5
 767 01b2 FFF7FEFF 		bl	utils_intToText
 768 01b6 0300     		movs	r3, r0
 769 01b8 BB62     		str	r3, [r7, #40]
 770 01ba BB6A     		ldr	r3, [r7, #40]
 771 01bc 012B     		cmp	r3, #1
 772 01be 01D8     		bhi	.L74
 773 01c0 0023     		movs	r3, #0
 774 01c2 07E0     		b	.L60
 775              	.L74:
 776 01c4 7A68     		ldr	r2, [r7, #4]
 777 01c6 FB6A     		ldr	r3, [r7, #44]
 778 01c8 D318     		adds	r3, r2, r3
 779 01ca 2E22     		movs	r2, #46
 780 01cc 1A70     		strb	r2, [r3]
 781              	.L70:
 782 01ce FA6A     		ldr	r2, [r7, #44]
 783 01d0 BB6A     		ldr	r3, [r7, #40]
 784 01d2 D318     		adds	r3, r2, r3
 785              	.L60:
 786 01d4 1800     		movs	r0, r3
 787 01d6 BD46     		mov	sp, r7
 788 01d8 0CB0     		add	sp, sp, #48
 789              		@ sp needed
 790 01da B0BD     		pop	{r4, r5, r7, pc}
 791              	.L82:
 792              		.align	2
 793              	.L81:
 794 01dc 0000E0C3 		.word	-1008730112
 795 01e0 0000E043 		.word	1138753536
 796 01e4 0000F03F 		.word	1072693248
 797 01e8 00002440 		.word	1076101120
 799              		.section	.text.utils_stringToBinding,"ax",%progbits
 800              		.align	1
 801              		.global	utils_stringToBinding
 802              		.syntax unified
 803              		.code	16
 804              		.thumb_func
 805              		.fpu softvfp
 807              	utils_stringToBinding:
ARM GAS  C:\Users\SONG_J~1\AppData\Local\Temp\ccDdGNnB.s 			page 15


 808              		@ args = 0, pretend = 0, frame = 8
 809              		@ frame_needed = 1, uses_anonymous_args = 0
 810 0000 80B5     		push	{r7, lr}
 811 0002 82B0     		sub	sp, sp, #8
 812 0004 00AF     		add	r7, sp, #0
 813 0006 7860     		str	r0, [r7, #4]
 814 0008 3960     		str	r1, [r7]
 815 000a 3B68     		ldr	r3, [r7]
 816 000c 002B     		cmp	r3, #0
 817 000e 01D1     		bne	.L84
 818 0010 0023     		movs	r3, #0
 819 0012 3DE0     		b	.L85
 820              	.L84:
 821 0014 7B68     		ldr	r3, [r7, #4]
 822 0016 1B78     		ldrb	r3, [r3]
 823 0018 532B     		cmp	r3, #83
 824 001a 27D0     		beq	.L87
 825 001c 552B     		cmp	r3, #85
 826 001e 00D0     		beq	.L88
 827 0020 35E0     		b	.L98
 828              	.L88:
 829 0022 3B68     		ldr	r3, [r7]
 830 0024 022B     		cmp	r3, #2
 831 0026 06D0     		beq	.L90
 832 0028 032B     		cmp	r3, #3
 833 002a 11D0     		beq	.L91
 834 002c 012B     		cmp	r3, #1
 835 002e 00D0     		beq	.L92
 836 0030 1BE0     		b	.L96
 837              	.L92:
 838 0032 0123     		movs	r3, #1
 839 0034 2CE0     		b	.L85
 840              	.L90:
 841 0036 7B68     		ldr	r3, [r7, #4]
 842 0038 0133     		adds	r3, r3, #1
 843 003a 1B78     		ldrb	r3, [r3]
 844 003c 512B     		cmp	r3, #81
 845 003e 03D0     		beq	.L94
 846 0040 532B     		cmp	r3, #83
 847 0042 03D0     		beq	.L95
 848 0044 C046     		nop
 849 0046 10E0     		b	.L96
 850              	.L94:
 851 0048 0223     		movs	r3, #2
 852 004a 21E0     		b	.L85
 853              	.L95:
 854 004c 0523     		movs	r3, #5
 855 004e 1FE0     		b	.L85
 856              	.L91:
 857 0050 7B68     		ldr	r3, [r7, #4]
 858 0052 0133     		adds	r3, r3, #1
 859 0054 1B78     		ldrb	r3, [r3]
 860 0056 512B     		cmp	r3, #81
 861 0058 06D1     		bne	.L105
 862 005a 7B68     		ldr	r3, [r7, #4]
 863 005c 0233     		adds	r3, r3, #2
 864 005e 1B78     		ldrb	r3, [r3]
ARM GAS  C:\Users\SONG_J~1\AppData\Local\Temp\ccDdGNnB.s 			page 16


 865 0060 532B     		cmp	r3, #83
 866 0062 01D1     		bne	.L105
 867 0064 0623     		movs	r3, #6
 868 0066 13E0     		b	.L85
 869              	.L105:
 870 0068 C046     		nop
 871              	.L96:
 872 006a 10E0     		b	.L98
 873              	.L87:
 874 006c 3B68     		ldr	r3, [r7]
 875 006e 012B     		cmp	r3, #1
 876 0070 02D0     		beq	.L100
 877 0072 022B     		cmp	r3, #2
 878 0074 02D0     		beq	.L101
 879 0076 09E0     		b	.L103
 880              	.L100:
 881 0078 0323     		movs	r3, #3
 882 007a 09E0     		b	.L85
 883              	.L101:
 884 007c 7B68     		ldr	r3, [r7, #4]
 885 007e 0133     		adds	r3, r3, #1
 886 0080 1B78     		ldrb	r3, [r3]
 887 0082 512B     		cmp	r3, #81
 888 0084 01D1     		bne	.L106
 889 0086 0423     		movs	r3, #4
 890 0088 02E0     		b	.L85
 891              	.L106:
 892 008a C046     		nop
 893              	.L103:
 894 008c C046     		nop
 895              	.L98:
 896 008e 0023     		movs	r3, #0
 897              	.L85:
 898 0090 1800     		movs	r0, r3
 899 0092 BD46     		mov	sp, r7
 900 0094 02B0     		add	sp, sp, #8
 901              		@ sp needed
 902 0096 80BD     		pop	{r7, pc}
 904              		.section	.text.utils_convertMediaType,"ax",%progbits
 905              		.align	1
 906              		.global	utils_convertMediaType
 907              		.syntax unified
 908              		.code	16
 909              		.thumb_func
 910              		.fpu softvfp
 912              	utils_convertMediaType:
 913              		@ args = 0, pretend = 0, frame = 8
 914              		@ frame_needed = 1, uses_anonymous_args = 0
 915 0000 80B5     		push	{r7, lr}
 916 0002 82B0     		sub	sp, sp, #8
 917 0004 00AF     		add	r7, sp, #0
 918 0006 0200     		movs	r2, r0
 919 0008 BB1D     		adds	r3, r7, #6
 920 000a 1A80     		strh	r2, [r3]
 921 000c BB1D     		adds	r3, r7, #6
 922 000e 1B88     		ldrh	r3, [r3]
 923 0010 144A     		ldr	r2, .L118
ARM GAS  C:\Users\SONG_J~1\AppData\Local\Temp\ccDdGNnB.s 			page 17


 924 0012 9342     		cmp	r3, r2
 925 0014 17D0     		beq	.L109
 926 0016 134A     		ldr	r2, .L118
 927 0018 9342     		cmp	r3, r2
 928 001a 06DC     		bgt	.L110
 929 001c 282B     		cmp	r3, #40
 930 001e 1AD0     		beq	.L111
 931 0020 2A2B     		cmp	r3, #42
 932 0022 0ED0     		beq	.L112
 933 0024 002B     		cmp	r3, #0
 934 0026 0AD0     		beq	.L113
 935 0028 17E0     		b	.L108
 936              	.L110:
 937 002a 0F4A     		ldr	r2, .L118+4
 938 002c 9342     		cmp	r3, r2
 939 002e 0CD0     		beq	.L114
 940 0030 0E4A     		ldr	r2, .L118+8
 941 0032 9342     		cmp	r3, r2
 942 0034 0DD0     		beq	.L115
 943 0036 0E4A     		ldr	r2, .L118+12
 944 0038 9342     		cmp	r3, r2
 945 003a 08D0     		beq	.L116
 946 003c 0DE0     		b	.L108
 947              	.L113:
 948 003e 0023     		movs	r3, #0
 949 0040 0CE0     		b	.L117
 950              	.L112:
 951 0042 2A23     		movs	r3, #42
 952 0044 0AE0     		b	.L117
 953              	.L109:
 954 0046 074B     		ldr	r3, .L118
 955 0048 08E0     		b	.L117
 956              	.L114:
 957 004a 074B     		ldr	r3, .L118+4
 958 004c 06E0     		b	.L117
 959              	.L116:
 960 004e 084B     		ldr	r3, .L118+12
 961 0050 04E0     		b	.L117
 962              	.L115:
 963 0052 064B     		ldr	r3, .L118+8
 964 0054 02E0     		b	.L117
 965              	.L111:
 966 0056 2823     		movs	r3, #40
 967 0058 00E0     		b	.L117
 968              	.L108:
 969 005a 0023     		movs	r3, #0
 970              	.L117:
 971 005c 1800     		movs	r0, r3
 972 005e BD46     		mov	sp, r7
 973 0060 02B0     		add	sp, sp, #8
 974              		@ sp needed
 975 0062 80BD     		pop	{r7, pc}
 976              	.L119:
 977              		.align	2
 978              	.L118:
 979 0064 06060000 		.word	1542
 980 0068 162D0000 		.word	11542
ARM GAS  C:\Users\SONG_J~1\AppData\Local\Temp\ccDdGNnB.s 			page 18


 981 006c 172D0000 		.word	11543
 982 0070 07060000 		.word	1543
 984              		.section	.text.utils_findServer,"ax",%progbits
 985              		.align	1
 986              		.global	utils_findServer
 987              		.syntax unified
 988              		.code	16
 989              		.thumb_func
 990              		.fpu softvfp
 992              	utils_findServer:
 993              		@ args = 0, pretend = 0, frame = 16
 994              		@ frame_needed = 1, uses_anonymous_args = 0
 995 0000 80B5     		push	{r7, lr}
 996 0002 84B0     		sub	sp, sp, #16
 997 0004 00AF     		add	r7, sp, #0
 998 0006 7860     		str	r0, [r7, #4]
 999 0008 3960     		str	r1, [r7]
 1000 000a 7B68     		ldr	r3, [r7, #4]
 1001 000c 5B69     		ldr	r3, [r3, #20]
 1002 000e FB60     		str	r3, [r7, #12]
 1003 0010 02E0     		b	.L121
 1004              	.L123:
 1005 0012 FB68     		ldr	r3, [r7, #12]
 1006 0014 1B68     		ldr	r3, [r3]
 1007 0016 FB60     		str	r3, [r7, #12]
 1008              	.L121:
 1009 0018 FB68     		ldr	r3, [r7, #12]
 1010 001a 002B     		cmp	r3, #0
 1011 001c 0ED0     		beq	.L122
 1012 001e FB68     		ldr	r3, [r7, #12]
 1013 0020 D869     		ldr	r0, [r3, #28]
 1014 0022 7B68     		ldr	r3, [r7, #4]
 1015 0024 DA6A     		ldr	r2, [r3, #44]
 1016 0026 3B68     		ldr	r3, [r7]
 1017 0028 1900     		movs	r1, r3
 1018 002a FFF7FEFF 		bl	lwm2m_session_is_equal
 1019 002e 0300     		movs	r3, r0
 1020 0030 1A00     		movs	r2, r3
 1021 0032 0123     		movs	r3, #1
 1022 0034 5340     		eors	r3, r2
 1023 0036 DBB2     		uxtb	r3, r3
 1024 0038 002B     		cmp	r3, #0
 1025 003a EAD1     		bne	.L123
 1026              	.L122:
 1027 003c FB68     		ldr	r3, [r7, #12]
 1028 003e 1800     		movs	r0, r3
 1029 0040 BD46     		mov	sp, r7
 1030 0042 04B0     		add	sp, sp, #16
 1031              		@ sp needed
 1032 0044 80BD     		pop	{r7, pc}
 1034              		.section	.text.utils_isAltPathValid,"ax",%progbits
 1035              		.align	1
 1036              		.global	utils_isAltPathValid
 1037              		.syntax unified
 1038              		.code	16
 1039              		.thumb_func
 1040              		.fpu softvfp
ARM GAS  C:\Users\SONG_J~1\AppData\Local\Temp\ccDdGNnB.s 			page 19


 1042              	utils_isAltPathValid:
 1043              		@ args = 0, pretend = 0, frame = 16
 1044              		@ frame_needed = 1, uses_anonymous_args = 0
 1045 0000 80B5     		push	{r7, lr}
 1046 0002 84B0     		sub	sp, sp, #16
 1047 0004 00AF     		add	r7, sp, #0
 1048 0006 7860     		str	r0, [r7, #4]
 1049 0008 7B68     		ldr	r3, [r7, #4]
 1050 000a 002B     		cmp	r3, #0
 1051 000c 01D1     		bne	.L126
 1052 000e 0023     		movs	r3, #0
 1053 0010 5EE0     		b	.L127
 1054              	.L126:
 1055 0012 7B68     		ldr	r3, [r7, #4]
 1056 0014 1B78     		ldrb	r3, [r3]
 1057 0016 2F2B     		cmp	r3, #47
 1058 0018 01D0     		beq	.L128
 1059 001a 0023     		movs	r3, #0
 1060 001c 58E0     		b	.L127
 1061              	.L128:
 1062 001e 0123     		movs	r3, #1
 1063 0020 FB60     		str	r3, [r7, #12]
 1064 0022 4EE0     		b	.L129
 1065              	.L135:
 1066 0024 FB68     		ldr	r3, [r7, #12]
 1067 0026 7A68     		ldr	r2, [r7, #4]
 1068 0028 D318     		adds	r3, r2, r3
 1069 002a 1B78     		ldrb	r3, [r3]
 1070 002c 2F2B     		cmp	r3, #47
 1071 002e 01D1     		bne	.L130
 1072 0030 0023     		movs	r3, #0
 1073 0032 4DE0     		b	.L127
 1074              	.L130:
 1075 0034 FB68     		ldr	r3, [r7, #12]
 1076 0036 7A68     		ldr	r2, [r7, #4]
 1077 0038 D318     		adds	r3, r2, r3
 1078 003a 1B78     		ldrb	r3, [r3]
 1079 003c 402B     		cmp	r3, #64
 1080 003e 05D9     		bls	.L131
 1081 0040 FB68     		ldr	r3, [r7, #12]
 1082 0042 7A68     		ldr	r2, [r7, #4]
 1083 0044 D318     		adds	r3, r2, r3
 1084 0046 1B78     		ldrb	r3, [r3]
 1085 0048 5A2B     		cmp	r3, #90
 1086 004a 37D9     		bls	.L132
 1087              	.L131:
 1088 004c FB68     		ldr	r3, [r7, #12]
 1089 004e 7A68     		ldr	r2, [r7, #4]
 1090 0050 D318     		adds	r3, r2, r3
 1091 0052 1B78     		ldrb	r3, [r3]
 1092 0054 602B     		cmp	r3, #96
 1093 0056 05D9     		bls	.L133
 1094 0058 FB68     		ldr	r3, [r7, #12]
 1095 005a 7A68     		ldr	r2, [r7, #4]
 1096 005c D318     		adds	r3, r2, r3
 1097 005e 1B78     		ldrb	r3, [r3]
 1098 0060 7A2B     		cmp	r3, #122
ARM GAS  C:\Users\SONG_J~1\AppData\Local\Temp\ccDdGNnB.s 			page 20


 1099 0062 2BD9     		bls	.L132
 1100              	.L133:
 1101 0064 FB68     		ldr	r3, [r7, #12]
 1102 0066 7A68     		ldr	r2, [r7, #4]
 1103 0068 D318     		adds	r3, r2, r3
 1104 006a 1B78     		ldrb	r3, [r3]
 1105 006c 2F2B     		cmp	r3, #47
 1106 006e 05D9     		bls	.L134
 1107 0070 FB68     		ldr	r3, [r7, #12]
 1108 0072 7A68     		ldr	r2, [r7, #4]
 1109 0074 D318     		adds	r3, r2, r3
 1110 0076 1B78     		ldrb	r3, [r3]
 1111 0078 392B     		cmp	r3, #57
 1112 007a 1FD9     		bls	.L132
 1113              	.L134:
 1114 007c FB68     		ldr	r3, [r7, #12]
 1115 007e 7A68     		ldr	r2, [r7, #4]
 1116 0080 D318     		adds	r3, r2, r3
 1117 0082 1B78     		ldrb	r3, [r3]
 1118 0084 2D2B     		cmp	r3, #45
 1119 0086 19D0     		beq	.L132
 1120 0088 FB68     		ldr	r3, [r7, #12]
 1121 008a 7A68     		ldr	r2, [r7, #4]
 1122 008c D318     		adds	r3, r2, r3
 1123 008e 1B78     		ldrb	r3, [r3]
 1124 0090 2E2B     		cmp	r3, #46
 1125 0092 13D0     		beq	.L132
 1126 0094 FB68     		ldr	r3, [r7, #12]
 1127 0096 7A68     		ldr	r2, [r7, #4]
 1128 0098 D318     		adds	r3, r2, r3
 1129 009a 1B78     		ldrb	r3, [r3]
 1130 009c 5F2B     		cmp	r3, #95
 1131 009e 0DD0     		beq	.L132
 1132 00a0 FB68     		ldr	r3, [r7, #12]
 1133 00a2 7A68     		ldr	r2, [r7, #4]
 1134 00a4 D318     		adds	r3, r2, r3
 1135 00a6 1B78     		ldrb	r3, [r3]
 1136 00a8 7E2B     		cmp	r3, #126
 1137 00aa 07D0     		beq	.L132
 1138 00ac FB68     		ldr	r3, [r7, #12]
 1139 00ae 7A68     		ldr	r2, [r7, #4]
 1140 00b0 D318     		adds	r3, r2, r3
 1141 00b2 1B78     		ldrb	r3, [r3]
 1142 00b4 252B     		cmp	r3, #37
 1143 00b6 01D0     		beq	.L132
 1144 00b8 0023     		movs	r3, #0
 1145 00ba 09E0     		b	.L127
 1146              	.L132:
 1147 00bc FB68     		ldr	r3, [r7, #12]
 1148 00be 0133     		adds	r3, r3, #1
 1149 00c0 FB60     		str	r3, [r7, #12]
 1150              	.L129:
 1151 00c2 FB68     		ldr	r3, [r7, #12]
 1152 00c4 7A68     		ldr	r2, [r7, #4]
 1153 00c6 D318     		adds	r3, r2, r3
 1154 00c8 1B78     		ldrb	r3, [r3]
 1155 00ca 002B     		cmp	r3, #0
ARM GAS  C:\Users\SONG_J~1\AppData\Local\Temp\ccDdGNnB.s 			page 21


 1156 00cc AAD1     		bne	.L135
 1157 00ce 0123     		movs	r3, #1
 1158              	.L127:
 1159 00d0 1800     		movs	r0, r3
 1160 00d2 BD46     		mov	sp, r7
 1161 00d4 04B0     		add	sp, sp, #16
 1162              		@ sp needed
 1163 00d6 80BD     		pop	{r7, pc}
 1165              		.section	.text.utils_stringCopy,"ax",%progbits
 1166              		.align	1
 1167              		.global	utils_stringCopy
 1168              		.syntax unified
 1169              		.code	16
 1170              		.thumb_func
 1171              		.fpu softvfp
 1173              	utils_stringCopy:
 1174              		@ args = 0, pretend = 0, frame = 24
 1175              		@ frame_needed = 1, uses_anonymous_args = 0
 1176 0000 80B5     		push	{r7, lr}
 1177 0002 86B0     		sub	sp, sp, #24
 1178 0004 00AF     		add	r7, sp, #0
 1179 0006 F860     		str	r0, [r7, #12]
 1180 0008 B960     		str	r1, [r7, #8]
 1181 000a 7A60     		str	r2, [r7, #4]
 1182 000c 0023     		movs	r3, #0
 1183 000e 7B61     		str	r3, [r7, #20]
 1184 0010 0AE0     		b	.L137
 1185              	.L139:
 1186 0012 7A68     		ldr	r2, [r7, #4]
 1187 0014 7B69     		ldr	r3, [r7, #20]
 1188 0016 D218     		adds	r2, r2, r3
 1189 0018 F968     		ldr	r1, [r7, #12]
 1190 001a 7B69     		ldr	r3, [r7, #20]
 1191 001c CB18     		adds	r3, r1, r3
 1192 001e 1278     		ldrb	r2, [r2]
 1193 0020 1A70     		strb	r2, [r3]
 1194 0022 7B69     		ldr	r3, [r7, #20]
 1195 0024 0133     		adds	r3, r3, #1
 1196 0026 7B61     		str	r3, [r7, #20]
 1197              	.L137:
 1198 0028 7A69     		ldr	r2, [r7, #20]
 1199 002a BB68     		ldr	r3, [r7, #8]
 1200 002c 9A42     		cmp	r2, r3
 1201 002e 05D2     		bcs	.L138
 1202 0030 7A68     		ldr	r2, [r7, #4]
 1203 0032 7B69     		ldr	r3, [r7, #20]
 1204 0034 D318     		adds	r3, r2, r3
 1205 0036 1B78     		ldrb	r3, [r3]
 1206 0038 002B     		cmp	r3, #0
 1207 003a EAD1     		bne	.L139
 1208              	.L138:
 1209 003c 7A69     		ldr	r2, [r7, #20]
 1210 003e BB68     		ldr	r3, [r7, #8]
 1211 0040 9A42     		cmp	r2, r3
 1212 0042 02D1     		bne	.L140
 1213 0044 0123     		movs	r3, #1
 1214 0046 5B42     		rsbs	r3, r3, #0
ARM GAS  C:\Users\SONG_J~1\AppData\Local\Temp\ccDdGNnB.s 			page 22


 1215 0048 05E0     		b	.L141
 1216              	.L140:
 1217 004a FA68     		ldr	r2, [r7, #12]
 1218 004c 7B69     		ldr	r3, [r7, #20]
 1219 004e D318     		adds	r3, r2, r3
 1220 0050 0022     		movs	r2, #0
 1221 0052 1A70     		strb	r2, [r3]
 1222 0054 7B69     		ldr	r3, [r7, #20]
 1223              	.L141:
 1224 0056 1800     		movs	r0, r3
 1225 0058 BD46     		mov	sp, r7
 1226 005a 06B0     		add	sp, sp, #24
 1227              		@ sp needed
 1228 005c 80BD     		pop	{r7, pc}
 1230              		.section	.text.utils_copyValue,"ax",%progbits
 1231              		.align	1
 1232              		.global	utils_copyValue
 1233              		.syntax unified
 1234              		.code	16
 1235              		.thumb_func
 1236              		.fpu softvfp
 1238              	utils_copyValue:
 1239              		@ args = 0, pretend = 0, frame = 24
 1240              		@ frame_needed = 1, uses_anonymous_args = 0
 1241 0000 80B5     		push	{r7, lr}
 1242 0002 86B0     		sub	sp, sp, #24
 1243 0004 00AF     		add	r7, sp, #0
 1244 0006 F860     		str	r0, [r7, #12]
 1245 0008 B960     		str	r1, [r7, #8]
 1246 000a 7A60     		str	r2, [r7, #4]
 1247 000c 0023     		movs	r3, #0
 1248 000e 7B61     		str	r3, [r7, #20]
 1249 0010 0DE0     		b	.L143
 1250              	.L144:
 1251 0012 7A68     		ldr	r2, [r7, #4]
 1252 0014 7B69     		ldr	r3, [r7, #20]
 1253 0016 D31A     		subs	r3, r2, r3
 1254 0018 013B     		subs	r3, r3, #1
 1255 001a BA68     		ldr	r2, [r7, #8]
 1256 001c D218     		adds	r2, r2, r3
 1257 001e F968     		ldr	r1, [r7, #12]
 1258 0020 7B69     		ldr	r3, [r7, #20]
 1259 0022 CB18     		adds	r3, r1, r3
 1260 0024 1278     		ldrb	r2, [r2]
 1261 0026 1A70     		strb	r2, [r3]
 1262 0028 7B69     		ldr	r3, [r7, #20]
 1263 002a 0133     		adds	r3, r3, #1
 1264 002c 7B61     		str	r3, [r7, #20]
 1265              	.L143:
 1266 002e 7A69     		ldr	r2, [r7, #20]
 1267 0030 7B68     		ldr	r3, [r7, #4]
 1268 0032 9A42     		cmp	r2, r3
 1269 0034 EDD3     		bcc	.L144
 1270 0036 C046     		nop
 1271 0038 BD46     		mov	sp, r7
 1272 003a 06B0     		add	sp, sp, #24
 1273              		@ sp needed
ARM GAS  C:\Users\SONG_J~1\AppData\Local\Temp\ccDdGNnB.s 			page 23


 1274 003c 80BD     		pop	{r7, pc}
 1276              		.section	.data.b64Alphabet,"aw",%progbits
 1277              		.align	2
 1280              	b64Alphabet:
 1281 0000 41       		.byte	65
 1282 0001 42       		.byte	66
 1283 0002 43       		.byte	67
 1284 0003 44       		.byte	68
 1285 0004 45       		.byte	69
 1286 0005 46       		.byte	70
 1287 0006 47       		.byte	71
 1288 0007 48       		.byte	72
 1289 0008 49       		.byte	73
 1290 0009 4A       		.byte	74
 1291 000a 4B       		.byte	75
 1292 000b 4C       		.byte	76
 1293 000c 4D       		.byte	77
 1294 000d 4E       		.byte	78
 1295 000e 4F       		.byte	79
 1296 000f 50       		.byte	80
 1297 0010 51       		.byte	81
 1298 0011 52       		.byte	82
 1299 0012 53       		.byte	83
 1300 0013 54       		.byte	84
 1301 0014 55       		.byte	85
 1302 0015 56       		.byte	86
 1303 0016 57       		.byte	87
 1304 0017 58       		.byte	88
 1305 0018 59       		.byte	89
 1306 0019 5A       		.byte	90
 1307 001a 61       		.byte	97
 1308 001b 62       		.byte	98
 1309 001c 63       		.byte	99
 1310 001d 64       		.byte	100
 1311 001e 65       		.byte	101
 1312 001f 66       		.byte	102
 1313 0020 67       		.byte	103
 1314 0021 68       		.byte	104
 1315 0022 69       		.byte	105
 1316 0023 6A       		.byte	106
 1317 0024 6B       		.byte	107
 1318 0025 6C       		.byte	108
 1319 0026 6D       		.byte	109
 1320 0027 6E       		.byte	110
 1321 0028 6F       		.byte	111
 1322 0029 70       		.byte	112
 1323 002a 71       		.byte	113
 1324 002b 72       		.byte	114
 1325 002c 73       		.byte	115
 1326 002d 74       		.byte	116
 1327 002e 75       		.byte	117
 1328 002f 76       		.byte	118
 1329 0030 77       		.byte	119
 1330 0031 78       		.byte	120
 1331 0032 79       		.byte	121
 1332 0033 7A       		.byte	122
 1333 0034 30       		.byte	48
ARM GAS  C:\Users\SONG_J~1\AppData\Local\Temp\ccDdGNnB.s 			page 24


 1334 0035 31       		.byte	49
 1335 0036 32       		.byte	50
 1336 0037 33       		.byte	51
 1337 0038 34       		.byte	52
 1338 0039 35       		.byte	53
 1339 003a 36       		.byte	54
 1340 003b 37       		.byte	55
 1341 003c 38       		.byte	56
 1342 003d 39       		.byte	57
 1343 003e 2B       		.byte	43
 1344 003f 2F       		.byte	47
 1345              		.section	.text.prv_encodeBlock,"ax",%progbits
 1346              		.align	1
 1347              		.syntax unified
 1348              		.code	16
 1349              		.thumb_func
 1350              		.fpu softvfp
 1352              	prv_encodeBlock:
 1353              		@ args = 0, pretend = 0, frame = 8
 1354              		@ frame_needed = 1, uses_anonymous_args = 0
 1355 0000 80B5     		push	{r7, lr}
 1356 0002 82B0     		sub	sp, sp, #8
 1357 0004 00AF     		add	r7, sp, #0
 1358 0006 7860     		str	r0, [r7, #4]
 1359 0008 3960     		str	r1, [r7]
 1360 000a 7B68     		ldr	r3, [r7, #4]
 1361 000c 1B78     		ldrb	r3, [r3]
 1362 000e 9B08     		lsrs	r3, r3, #2
 1363 0010 DBB2     		uxtb	r3, r3
 1364 0012 1A00     		movs	r2, r3
 1365 0014 194B     		ldr	r3, .L146
 1366 0016 9A5C     		ldrb	r2, [r3, r2]
 1367 0018 3B68     		ldr	r3, [r7]
 1368 001a 1A70     		strb	r2, [r3]
 1369 001c 7B68     		ldr	r3, [r7, #4]
 1370 001e 1B78     		ldrb	r3, [r3]
 1371 0020 1B01     		lsls	r3, r3, #4
 1372 0022 3022     		movs	r2, #48
 1373 0024 1340     		ands	r3, r2
 1374 0026 7A68     		ldr	r2, [r7, #4]
 1375 0028 0132     		adds	r2, r2, #1
 1376 002a 1278     		ldrb	r2, [r2]
 1377 002c 1209     		lsrs	r2, r2, #4
 1378 002e D2B2     		uxtb	r2, r2
 1379 0030 1A43     		orrs	r2, r3
 1380 0032 3B68     		ldr	r3, [r7]
 1381 0034 0133     		adds	r3, r3, #1
 1382 0036 1149     		ldr	r1, .L146
 1383 0038 8A5C     		ldrb	r2, [r1, r2]
 1384 003a 1A70     		strb	r2, [r3]
 1385 003c 7B68     		ldr	r3, [r7, #4]
 1386 003e 0133     		adds	r3, r3, #1
 1387 0040 1B78     		ldrb	r3, [r3]
 1388 0042 9B00     		lsls	r3, r3, #2
 1389 0044 3C22     		movs	r2, #60
 1390 0046 1340     		ands	r3, r2
 1391 0048 7A68     		ldr	r2, [r7, #4]
ARM GAS  C:\Users\SONG_J~1\AppData\Local\Temp\ccDdGNnB.s 			page 25


 1392 004a 0232     		adds	r2, r2, #2
 1393 004c 1278     		ldrb	r2, [r2]
 1394 004e 9209     		lsrs	r2, r2, #6
 1395 0050 D2B2     		uxtb	r2, r2
 1396 0052 1A43     		orrs	r2, r3
 1397 0054 3B68     		ldr	r3, [r7]
 1398 0056 0233     		adds	r3, r3, #2
 1399 0058 0849     		ldr	r1, .L146
 1400 005a 8A5C     		ldrb	r2, [r1, r2]
 1401 005c 1A70     		strb	r2, [r3]
 1402 005e 7B68     		ldr	r3, [r7, #4]
 1403 0060 0233     		adds	r3, r3, #2
 1404 0062 1B78     		ldrb	r3, [r3]
 1405 0064 1A00     		movs	r2, r3
 1406 0066 3F23     		movs	r3, #63
 1407 0068 1A40     		ands	r2, r3
 1408 006a 3B68     		ldr	r3, [r7]
 1409 006c 0333     		adds	r3, r3, #3
 1410 006e 0349     		ldr	r1, .L146
 1411 0070 8A5C     		ldrb	r2, [r1, r2]
 1412 0072 1A70     		strb	r2, [r3]
 1413 0074 C046     		nop
 1414 0076 BD46     		mov	sp, r7
 1415 0078 02B0     		add	sp, sp, #8
 1416              		@ sp needed
 1417 007a 80BD     		pop	{r7, pc}
 1418              	.L147:
 1419              		.align	2
 1420              	.L146:
 1421 007c 00000000 		.word	b64Alphabet
 1423              		.global	__aeabi_uidiv
 1424              		.global	__aeabi_uidivmod
 1425              		.section	.text.utils_base64GetSize,"ax",%progbits
 1426              		.align	1
 1427              		.global	utils_base64GetSize
 1428              		.syntax unified
 1429              		.code	16
 1430              		.thumb_func
 1431              		.fpu softvfp
 1433              	utils_base64GetSize:
 1434              		@ args = 0, pretend = 0, frame = 16
 1435              		@ frame_needed = 1, uses_anonymous_args = 0
 1436 0000 80B5     		push	{r7, lr}
 1437 0002 84B0     		sub	sp, sp, #16
 1438 0004 00AF     		add	r7, sp, #0
 1439 0006 7860     		str	r0, [r7, #4]
 1440 0008 7B68     		ldr	r3, [r7, #4]
 1441 000a 0321     		movs	r1, #3
 1442 000c 1800     		movs	r0, r3
 1443 000e FFF7FEFF 		bl	__aeabi_uidiv
 1444 0012 0300     		movs	r3, r0
 1445 0014 9B00     		lsls	r3, r3, #2
 1446 0016 FB60     		str	r3, [r7, #12]
 1447 0018 7B68     		ldr	r3, [r7, #4]
 1448 001a 0321     		movs	r1, #3
 1449 001c 1800     		movs	r0, r3
 1450 001e FFF7FEFF 		bl	__aeabi_uidivmod
ARM GAS  C:\Users\SONG_J~1\AppData\Local\Temp\ccDdGNnB.s 			page 26


 1451 0022 0B1E     		subs	r3, r1, #0
 1452 0024 02D0     		beq	.L149
 1453 0026 FB68     		ldr	r3, [r7, #12]
 1454 0028 0433     		adds	r3, r3, #4
 1455 002a FB60     		str	r3, [r7, #12]
 1456              	.L149:
 1457 002c FB68     		ldr	r3, [r7, #12]
 1458 002e 1800     		movs	r0, r3
 1459 0030 BD46     		mov	sp, r7
 1460 0032 04B0     		add	sp, sp, #16
 1461              		@ sp needed
 1462 0034 80BD     		pop	{r7, pc}
 1464              		.section	.text.utils_base64Encode,"ax",%progbits
 1465              		.align	1
 1466              		.global	utils_base64Encode
 1467              		.syntax unified
 1468              		.code	16
 1469              		.thumb_func
 1470              		.fpu softvfp
 1472              	utils_base64Encode:
 1473              		@ args = 0, pretend = 0, frame = 32
 1474              		@ frame_needed = 1, uses_anonymous_args = 0
 1475 0000 80B5     		push	{r7, lr}
 1476 0002 88B0     		sub	sp, sp, #32
 1477 0004 00AF     		add	r7, sp, #0
 1478 0006 F860     		str	r0, [r7, #12]
 1479 0008 B960     		str	r1, [r7, #8]
 1480 000a 7A60     		str	r2, [r7, #4]
 1481 000c 3B60     		str	r3, [r7]
 1482 000e BB68     		ldr	r3, [r7, #8]
 1483 0010 1800     		movs	r0, r3
 1484 0012 FFF7FEFF 		bl	utils_base64GetSize
 1485 0016 0300     		movs	r3, r0
 1486 0018 7B61     		str	r3, [r7, #20]
 1487 001a 7A69     		ldr	r2, [r7, #20]
 1488 001c 3B68     		ldr	r3, [r7]
 1489 001e 9A42     		cmp	r2, r3
 1490 0020 01D9     		bls	.L152
 1491 0022 0023     		movs	r3, #0
 1492 0024 85E0     		b	.L153
 1493              	.L152:
 1494 0026 0023     		movs	r3, #0
 1495 0028 FB61     		str	r3, [r7, #28]
 1496 002a 0023     		movs	r3, #0
 1497 002c BB61     		str	r3, [r7, #24]
 1498 002e 7AE0     		b	.L154
 1499              	.L160:
 1500 0030 BA68     		ldr	r2, [r7, #8]
 1501 0032 FB69     		ldr	r3, [r7, #28]
 1502 0034 D31A     		subs	r3, r2, r3
 1503 0036 012B     		cmp	r3, #1
 1504 0038 03D0     		beq	.L156
 1505 003a 6DD3     		bcc	.L162
 1506 003c 022B     		cmp	r3, #2
 1507 003e 28D0     		beq	.L158
 1508 0040 60E0     		b	.L161
 1509              	.L156:
ARM GAS  C:\Users\SONG_J~1\AppData\Local\Temp\ccDdGNnB.s 			page 27


 1510 0042 FA68     		ldr	r2, [r7, #12]
 1511 0044 FB69     		ldr	r3, [r7, #28]
 1512 0046 D318     		adds	r3, r2, r3
 1513 0048 1B78     		ldrb	r3, [r3]
 1514 004a 9B08     		lsrs	r3, r3, #2
 1515 004c DBB2     		uxtb	r3, r3
 1516 004e 1900     		movs	r1, r3
 1517 0050 7A68     		ldr	r2, [r7, #4]
 1518 0052 BB69     		ldr	r3, [r7, #24]
 1519 0054 D318     		adds	r3, r2, r3
 1520 0056 394A     		ldr	r2, .L163
 1521 0058 525C     		ldrb	r2, [r2, r1]
 1522 005a 1A70     		strb	r2, [r3]
 1523 005c FA68     		ldr	r2, [r7, #12]
 1524 005e FB69     		ldr	r3, [r7, #28]
 1525 0060 D318     		adds	r3, r2, r3
 1526 0062 1B78     		ldrb	r3, [r3]
 1527 0064 1B01     		lsls	r3, r3, #4
 1528 0066 3022     		movs	r2, #48
 1529 0068 1A40     		ands	r2, r3
 1530 006a BB69     		ldr	r3, [r7, #24]
 1531 006c 0133     		adds	r3, r3, #1
 1532 006e 7968     		ldr	r1, [r7, #4]
 1533 0070 CB18     		adds	r3, r1, r3
 1534 0072 3249     		ldr	r1, .L163
 1535 0074 8A5C     		ldrb	r2, [r1, r2]
 1536 0076 1A70     		strb	r2, [r3]
 1537 0078 BB69     		ldr	r3, [r7, #24]
 1538 007a 0233     		adds	r3, r3, #2
 1539 007c 7A68     		ldr	r2, [r7, #4]
 1540 007e D318     		adds	r3, r2, r3
 1541 0080 3D22     		movs	r2, #61
 1542 0082 1A70     		strb	r2, [r3]
 1543 0084 BB69     		ldr	r3, [r7, #24]
 1544 0086 0333     		adds	r3, r3, #3
 1545 0088 7A68     		ldr	r2, [r7, #4]
 1546 008a D318     		adds	r3, r2, r3
 1547 008c 3D22     		movs	r2, #61
 1548 008e 1A70     		strb	r2, [r3]
 1549 0090 43E0     		b	.L159
 1550              	.L158:
 1551 0092 FA68     		ldr	r2, [r7, #12]
 1552 0094 FB69     		ldr	r3, [r7, #28]
 1553 0096 D318     		adds	r3, r2, r3
 1554 0098 1B78     		ldrb	r3, [r3]
 1555 009a 9B08     		lsrs	r3, r3, #2
 1556 009c DBB2     		uxtb	r3, r3
 1557 009e 1900     		movs	r1, r3
 1558 00a0 7A68     		ldr	r2, [r7, #4]
 1559 00a2 BB69     		ldr	r3, [r7, #24]
 1560 00a4 D318     		adds	r3, r2, r3
 1561 00a6 254A     		ldr	r2, .L163
 1562 00a8 525C     		ldrb	r2, [r2, r1]
 1563 00aa 1A70     		strb	r2, [r3]
 1564 00ac FA68     		ldr	r2, [r7, #12]
 1565 00ae FB69     		ldr	r3, [r7, #28]
 1566 00b0 D318     		adds	r3, r2, r3
ARM GAS  C:\Users\SONG_J~1\AppData\Local\Temp\ccDdGNnB.s 			page 28


 1567 00b2 1B78     		ldrb	r3, [r3]
 1568 00b4 1B01     		lsls	r3, r3, #4
 1569 00b6 3022     		movs	r2, #48
 1570 00b8 1340     		ands	r3, r2
 1571 00ba FA69     		ldr	r2, [r7, #28]
 1572 00bc 0132     		adds	r2, r2, #1
 1573 00be F968     		ldr	r1, [r7, #12]
 1574 00c0 8A18     		adds	r2, r1, r2
 1575 00c2 1278     		ldrb	r2, [r2]
 1576 00c4 1209     		lsrs	r2, r2, #4
 1577 00c6 D2B2     		uxtb	r2, r2
 1578 00c8 1A43     		orrs	r2, r3
 1579 00ca BB69     		ldr	r3, [r7, #24]
 1580 00cc 0133     		adds	r3, r3, #1
 1581 00ce 7968     		ldr	r1, [r7, #4]
 1582 00d0 CB18     		adds	r3, r1, r3
 1583 00d2 1A49     		ldr	r1, .L163
 1584 00d4 8A5C     		ldrb	r2, [r1, r2]
 1585 00d6 1A70     		strb	r2, [r3]
 1586 00d8 FB69     		ldr	r3, [r7, #28]
 1587 00da 0133     		adds	r3, r3, #1
 1588 00dc FA68     		ldr	r2, [r7, #12]
 1589 00de D318     		adds	r3, r2, r3
 1590 00e0 1B78     		ldrb	r3, [r3]
 1591 00e2 9B00     		lsls	r3, r3, #2
 1592 00e4 3C22     		movs	r2, #60
 1593 00e6 1A40     		ands	r2, r3
 1594 00e8 BB69     		ldr	r3, [r7, #24]
 1595 00ea 0233     		adds	r3, r3, #2
 1596 00ec 7968     		ldr	r1, [r7, #4]
 1597 00ee CB18     		adds	r3, r1, r3
 1598 00f0 1249     		ldr	r1, .L163
 1599 00f2 8A5C     		ldrb	r2, [r1, r2]
 1600 00f4 1A70     		strb	r2, [r3]
 1601 00f6 BB69     		ldr	r3, [r7, #24]
 1602 00f8 0333     		adds	r3, r3, #3
 1603 00fa 7A68     		ldr	r2, [r7, #4]
 1604 00fc D318     		adds	r3, r2, r3
 1605 00fe 3D22     		movs	r2, #61
 1606 0100 1A70     		strb	r2, [r3]
 1607 0102 0AE0     		b	.L159
 1608              	.L161:
 1609 0104 FA68     		ldr	r2, [r7, #12]
 1610 0106 FB69     		ldr	r3, [r7, #28]
 1611 0108 D018     		adds	r0, r2, r3
 1612 010a 7A68     		ldr	r2, [r7, #4]
 1613 010c BB69     		ldr	r3, [r7, #24]
 1614 010e D318     		adds	r3, r2, r3
 1615 0110 1900     		movs	r1, r3
 1616 0112 FFF7FEFF 		bl	prv_encodeBlock
 1617 0116 00E0     		b	.L159
 1618              	.L162:
 1619 0118 C046     		nop
 1620              	.L159:
 1621 011a FB69     		ldr	r3, [r7, #28]
 1622 011c 0333     		adds	r3, r3, #3
 1623 011e FB61     		str	r3, [r7, #28]
ARM GAS  C:\Users\SONG_J~1\AppData\Local\Temp\ccDdGNnB.s 			page 29


 1624 0120 BB69     		ldr	r3, [r7, #24]
 1625 0122 0433     		adds	r3, r3, #4
 1626 0124 BB61     		str	r3, [r7, #24]
 1627              	.L154:
 1628 0126 FA69     		ldr	r2, [r7, #28]
 1629 0128 BB68     		ldr	r3, [r7, #8]
 1630 012a 9A42     		cmp	r2, r3
 1631 012c 00D2     		bcs	.LCB1632
 1632 012e 7FE7     		b	.L160	@long jump
 1633              	.LCB1632:
 1634 0130 7B69     		ldr	r3, [r7, #20]
 1635              	.L153:
 1636 0132 1800     		movs	r0, r3
 1637 0134 BD46     		mov	sp, r7
 1638 0136 08B0     		add	sp, sp, #32
 1639              		@ sp needed
 1640 0138 80BD     		pop	{r7, pc}
 1641              	.L164:
 1642 013a C046     		.align	2
 1643              	.L163:
 1644 013c 00000000 		.word	b64Alphabet
 1646              		.section	.text.utils_depthToDatatype,"ax",%progbits
 1647              		.align	1
 1648              		.global	utils_depthToDatatype
 1649              		.syntax unified
 1650              		.code	16
 1651              		.thumb_func
 1652              		.fpu softvfp
 1654              	utils_depthToDatatype:
 1655              		@ args = 0, pretend = 0, frame = 8
 1656              		@ frame_needed = 1, uses_anonymous_args = 0
 1657 0000 80B5     		push	{r7, lr}
 1658 0002 82B0     		sub	sp, sp, #8
 1659 0004 00AF     		add	r7, sp, #0
 1660 0006 0200     		movs	r2, r0
 1661 0008 FB1D     		adds	r3, r7, #7
 1662 000a 1A70     		strb	r2, [r3]
 1663 000c FB1D     		adds	r3, r7, #7
 1664 000e 1B78     		ldrb	r3, [r3]
 1665 0010 002B     		cmp	r3, #0
 1666 0012 04D0     		beq	.L167
 1667 0014 012B     		cmp	r3, #1
 1668 0016 04D0     		beq	.L168
 1669 0018 C046     		nop
 1670 001a 0023     		movs	r3, #0
 1671 001c 02E0     		b	.L169
 1672              	.L167:
 1673 001e 0123     		movs	r3, #1
 1674 0020 00E0     		b	.L169
 1675              	.L168:
 1676 0022 0223     		movs	r3, #2
 1677              	.L169:
 1678 0024 1800     		movs	r0, r3
 1679 0026 BD46     		mov	sp, r7
 1680 0028 02B0     		add	sp, sp, #8
 1681              		@ sp needed
 1682 002a 80BD     		pop	{r7, pc}
ARM GAS  C:\Users\SONG_J~1\AppData\Local\Temp\ccDdGNnB.s 			page 30


 1684              		.ident	"GCC: (GNU Tools for Arm Embedded Processors 7-2017-q4-major) 7.2.1 20170904 (release) [ARM
ARM GAS  C:\Users\SONG_J~1\AppData\Local\Temp\ccDdGNnB.s 			page 31


DEFINED SYMBOLS
                            *ABS*:00000000 utils.c
C:\Users\SONG_J~1\AppData\Local\Temp\ccDdGNnB.s:13     .text.utils_textToInt:00000000 $t
C:\Users\SONG_J~1\AppData\Local\Temp\ccDdGNnB.s:20     .text.utils_textToInt:00000000 utils_textToInt
C:\Users\SONG_J~1\AppData\Local\Temp\ccDdGNnB.s:164    .text.utils_textToInt:00000100 $d
C:\Users\SONG_J~1\AppData\Local\Temp\ccDdGNnB.s:173    .text.utils_textToFloat:00000000 $t
C:\Users\SONG_J~1\AppData\Local\Temp\ccDdGNnB.s:180    .text.utils_textToFloat:00000000 utils_textToFloat
C:\Users\SONG_J~1\AppData\Local\Temp\ccDdGNnB.s:393    .text.utils_textToFloat:00000194 $d
C:\Users\SONG_J~1\AppData\Local\Temp\ccDdGNnB.s:402    .text.utils_intToText:00000000 $t
C:\Users\SONG_J~1\AppData\Local\Temp\ccDdGNnB.s:409    .text.utils_intToText:00000000 utils_intToText
C:\Users\SONG_J~1\AppData\Local\Temp\ccDdGNnB.s:549    .text.utils_floatToText:00000000 $t
C:\Users\SONG_J~1\AppData\Local\Temp\ccDdGNnB.s:556    .text.utils_floatToText:00000000 utils_floatToText
C:\Users\SONG_J~1\AppData\Local\Temp\ccDdGNnB.s:794    .text.utils_floatToText:000001dc $d
C:\Users\SONG_J~1\AppData\Local\Temp\ccDdGNnB.s:800    .text.utils_stringToBinding:00000000 $t
C:\Users\SONG_J~1\AppData\Local\Temp\ccDdGNnB.s:807    .text.utils_stringToBinding:00000000 utils_stringToBinding
C:\Users\SONG_J~1\AppData\Local\Temp\ccDdGNnB.s:905    .text.utils_convertMediaType:00000000 $t
C:\Users\SONG_J~1\AppData\Local\Temp\ccDdGNnB.s:912    .text.utils_convertMediaType:00000000 utils_convertMediaType
C:\Users\SONG_J~1\AppData\Local\Temp\ccDdGNnB.s:979    .text.utils_convertMediaType:00000064 $d
C:\Users\SONG_J~1\AppData\Local\Temp\ccDdGNnB.s:985    .text.utils_findServer:00000000 $t
C:\Users\SONG_J~1\AppData\Local\Temp\ccDdGNnB.s:992    .text.utils_findServer:00000000 utils_findServer
C:\Users\SONG_J~1\AppData\Local\Temp\ccDdGNnB.s:1035   .text.utils_isAltPathValid:00000000 $t
C:\Users\SONG_J~1\AppData\Local\Temp\ccDdGNnB.s:1042   .text.utils_isAltPathValid:00000000 utils_isAltPathValid
C:\Users\SONG_J~1\AppData\Local\Temp\ccDdGNnB.s:1166   .text.utils_stringCopy:00000000 $t
C:\Users\SONG_J~1\AppData\Local\Temp\ccDdGNnB.s:1173   .text.utils_stringCopy:00000000 utils_stringCopy
C:\Users\SONG_J~1\AppData\Local\Temp\ccDdGNnB.s:1231   .text.utils_copyValue:00000000 $t
C:\Users\SONG_J~1\AppData\Local\Temp\ccDdGNnB.s:1238   .text.utils_copyValue:00000000 utils_copyValue
C:\Users\SONG_J~1\AppData\Local\Temp\ccDdGNnB.s:1277   .data.b64Alphabet:00000000 $d
C:\Users\SONG_J~1\AppData\Local\Temp\ccDdGNnB.s:1280   .data.b64Alphabet:00000000 b64Alphabet
C:\Users\SONG_J~1\AppData\Local\Temp\ccDdGNnB.s:1346   .text.prv_encodeBlock:00000000 $t
C:\Users\SONG_J~1\AppData\Local\Temp\ccDdGNnB.s:1352   .text.prv_encodeBlock:00000000 prv_encodeBlock
C:\Users\SONG_J~1\AppData\Local\Temp\ccDdGNnB.s:1421   .text.prv_encodeBlock:0000007c $d
C:\Users\SONG_J~1\AppData\Local\Temp\ccDdGNnB.s:1426   .text.utils_base64GetSize:00000000 $t
C:\Users\SONG_J~1\AppData\Local\Temp\ccDdGNnB.s:1433   .text.utils_base64GetSize:00000000 utils_base64GetSize
C:\Users\SONG_J~1\AppData\Local\Temp\ccDdGNnB.s:1465   .text.utils_base64Encode:00000000 $t
C:\Users\SONG_J~1\AppData\Local\Temp\ccDdGNnB.s:1472   .text.utils_base64Encode:00000000 utils_base64Encode
C:\Users\SONG_J~1\AppData\Local\Temp\ccDdGNnB.s:1644   .text.utils_base64Encode:0000013c $d
C:\Users\SONG_J~1\AppData\Local\Temp\ccDdGNnB.s:1647   .text.utils_depthToDatatype:00000000 $t
C:\Users\SONG_J~1\AppData\Local\Temp\ccDdGNnB.s:1654   .text.utils_depthToDatatype:00000000 utils_depthToDatatype

UNDEFINED SYMBOLS
__aeabi_dcmpgt
__aeabi_dmul
__aeabi_i2d
__aeabi_dadd
__aeabi_ddiv
__aeabi_ldivmod
memmove
__aeabi_dcmple
__aeabi_dcmpge
__aeabi_d2lz
__aeabi_l2d
__aeabi_dsub
__aeabi_dcmplt
lwm2m_session_is_equal
__aeabi_uidiv
__aeabi_uidivmod
